depth: 5, iteration: 0, test_RMSE: 1.1266506910324097, erank: 44.446903228759766
depth: 5, iteration: 500, test_RMSE: 1.3821977376937866, erank: 5.082132339477539
depth: 5, iteration: 1000, test_RMSE: 1.3823264837265015, erank: 5.062006950378418
depth: 5, iteration: 1500, test_RMSE: 1.3825985193252563, erank: 5.049457550048828
depth: 5, iteration: 2000, test_RMSE: 1.3827791213989258, erank: 5.040652275085449
depth: 5, iteration: 2500, test_RMSE: 1.3829121589660645, erank: 5.033850193023682
depth: 5, iteration: 3000, test_RMSE: 1.3830167055130005, erank: 5.028274059295654
depth: 5, iteration: 3500, test_RMSE: 1.383102297782898, erank: 5.02353572845459
depth: 5, iteration: 4000, test_RMSE: 1.3835564851760864, erank: 5.019007205963135
depth: 5, iteration: 4500, test_RMSE: 1.382508397102356, erank: 5.017559051513672
depth: 5, iteration: 5000, test_RMSE: 1.3823051452636719, erank: 5.015728950500488
depth: 5, iteration: 5500, test_RMSE: 1.384147047996521, erank: 5.010970592498779
depth: 5, iteration: 6000, test_RMSE: 1.3834370374679565, erank: 5.010327339172363
depth: 5, iteration: 6500, test_RMSE: 1.384334683418274, erank: 5.007875919342041
depth: 5, iteration: 7000, test_RMSE: 1.383080005645752, erank: 5.008395671844482
depth: 5, iteration: 7500, test_RMSE: 1.3834242820739746, erank: 5.006923198699951
depth: 5, iteration: 8000, test_RMSE: 1.3832542896270752, erank: 5.006232738494873
depth: 5, iteration: 8500, test_RMSE: 1.38318932056427, erank: 5.005707740783691
depth: 5, iteration: 9000, test_RMSE: 1.3837963342666626, erank: 5.0040602684021
depth: 5, iteration: 9500, test_RMSE: 1.3833035230636597, erank: 5.00444221496582
depth: 5, iteration: 10000, test_RMSE: 1.3834459781646729, erank: 5.003641128540039
depth: 5, iteration: 10500, test_RMSE: 1.3838587999343872, erank: 5.002031326293945
depth: 5, iteration: 11000, test_RMSE: 1.3832972049713135, erank: 5.00263786315918
depth: 5, iteration: 11500, test_RMSE: 1.3834694623947144, erank: 5.002070426940918
depth: 5, iteration: 12000, test_RMSE: 1.383465051651001, erank: 5.001799583435059
depth: 5, iteration: 12500, test_RMSE: 1.3832992315292358, erank: 5.001562595367432
depth: 5, iteration: 13000, test_RMSE: 1.3831595182418823, erank: 5.002468109130859
depth: 5, iteration: 13500, test_RMSE: 1.3837167024612427, erank: 5.000639915466309
depth: 5, iteration: 14000, test_RMSE: 1.3834290504455566, erank: 5.00058126449585
depth: 5, iteration: 14500, test_RMSE: 1.3839821815490723, erank: 4.999540328979492
depth: 5, iteration: 15000, test_RMSE: 1.3837072849273682, erank: 4.999663352966309
depth: 5, iteration: 15500, test_RMSE: 1.3835902214050293, erank: 5.000094890594482
depth: 5, iteration: 16000, test_RMSE: 1.3836402893066406, erank: 4.999494552612305
depth: 5, iteration: 16500, test_RMSE: 1.383686900138855, erank: 4.999055862426758
depth: 5, iteration: 17000, test_RMSE: 1.383603811264038, erank: 4.998987197875977
depth: 5, iteration: 17500, test_RMSE: 1.3835842609405518, erank: 4.998775482177734
depth: 5, iteration: 18000, test_RMSE: 1.3831580877304077, erank: 4.999478340148926
depth: 5, iteration: 18500, test_RMSE: 1.3829400539398193, erank: 4.999284267425537
depth: 5, iteration: 19000, test_RMSE: 1.3837180137634277, erank: 4.998065948486328
depth: 5, iteration: 19500, test_RMSE: 1.383253812789917, erank: 4.998739719390869
depth: 5, iteration: 20000, test_RMSE: 1.3836064338684082, erank: 4.998086452484131
depth: 5, iteration: 20500, test_RMSE: 1.3832510709762573, erank: 4.9983625411987305
depth: 5, iteration: 21000, test_RMSE: 1.3835034370422363, erank: 4.9981513023376465
depth: 5, iteration: 21500, test_RMSE: 1.3833019733428955, erank: 4.9981279373168945
depth: 5, iteration: 22000, test_RMSE: 1.3827813863754272, erank: 4.998935699462891
depth: 5, iteration: 22500, test_RMSE: 1.3838961124420166, erank: 4.997128009796143
depth: 5, iteration: 23000, test_RMSE: 1.3836040496826172, erank: 4.997391223907471
depth: 5, iteration: 23500, test_RMSE: 1.3830119371414185, erank: 4.998248100280762
depth: 5, iteration: 24000, test_RMSE: 1.3846005201339722, erank: 4.99590539932251
depth: 5, iteration: 24500, test_RMSE: 1.3826799392700195, erank: 4.998622894287109
depth: 5, iteration: 25000, test_RMSE: 1.383551836013794, erank: 4.997040748596191
depth: 5, iteration: 25500, test_RMSE: 1.3836486339569092, erank: 4.997170448303223
depth: 5, iteration: 26000, test_RMSE: 1.3837372064590454, erank: 4.996726989746094
depth: 5, iteration: 26500, test_RMSE: 1.3835008144378662, erank: 4.997147083282471
depth: 5, iteration: 27000, test_RMSE: 1.3825393915176392, erank: 4.998257160186768
depth: 5, iteration: 27500, test_RMSE: 1.3839921951293945, erank: 4.995861053466797
depth: 5, iteration: 28000, test_RMSE: 1.3841854333877563, erank: 4.996179103851318
depth: 5, iteration: 28500, test_RMSE: 1.3836331367492676, erank: 4.99650239944458
depth: 5, iteration: 29000, test_RMSE: 1.3834495544433594, erank: 4.996705532073975
depth: 5, iteration: 29500, test_RMSE: 1.3834588527679443, erank: 4.997087001800537
