depth: 2, iteration: 0, test_RMSE: 1.1255966424942017, erank: 67.1842269897461
depth: 2, iteration: 500, test_RMSE: 1.1961592435836792, erank: 25.058195114135742
depth: 2, iteration: 1000, test_RMSE: 1.1961908340454102, erank: 25.068317413330078
depth: 2, iteration: 1500, test_RMSE: 1.1961908340454102, erank: 25.06829261779785
depth: 2, iteration: 2000, test_RMSE: 1.1961908340454102, erank: 25.068317413330078
depth: 2, iteration: 2500, test_RMSE: 1.1961908340454102, erank: 25.068283081054688
depth: 2, iteration: 3000, test_RMSE: 1.1961908340454102, erank: 25.068286895751953
depth: 2, iteration: 3500, test_RMSE: 1.1961908340454102, erank: 25.06829261779785
depth: 2, iteration: 4000, test_RMSE: 1.1961909532546997, erank: 25.06827735900879
depth: 2, iteration: 4500, test_RMSE: 1.1961908340454102, erank: 25.068330764770508
depth: 2, iteration: 5000, test_RMSE: 1.1961909532546997, erank: 25.068269729614258
depth: 2, iteration: 5500, test_RMSE: 1.1961909532546997, erank: 25.06834602355957
depth: 2, iteration: 6000, test_RMSE: 1.1961909532546997, erank: 25.068359375
depth: 2, iteration: 6500, test_RMSE: 1.1961909532546997, erank: 25.068340301513672
depth: 2, iteration: 7000, test_RMSE: 1.1961908340454102, erank: 25.068370819091797
depth: 2, iteration: 7500, test_RMSE: 1.1961908340454102, erank: 25.068317413330078
depth: 2, iteration: 8000, test_RMSE: 1.196190595626831, erank: 25.068334579467773
depth: 2, iteration: 8500, test_RMSE: 1.1961909532546997, erank: 25.068401336669922
depth: 2, iteration: 9000, test_RMSE: 1.1961884498596191, erank: 25.068603515625
depth: 2, iteration: 9500, test_RMSE: 1.1961826086044312, erank: 25.069116592407227
depth: 2, iteration: 10000, test_RMSE: 1.1961719989776611, erank: 25.07026481628418
depth: 2, iteration: 10500, test_RMSE: 1.1961613893508911, erank: 25.07193946838379
depth: 2, iteration: 11000, test_RMSE: 1.1961177587509155, erank: 25.07577133178711
depth: 2, iteration: 11500, test_RMSE: 1.1960928440093994, erank: 25.07920265197754
depth: 2, iteration: 12000, test_RMSE: 1.1960654258728027, erank: 25.083038330078125
depth: 2, iteration: 12500, test_RMSE: 1.1958863735198975, erank: 25.0948429107666
depth: 2, iteration: 13000, test_RMSE: 1.1960395574569702, erank: 25.08973503112793
depth: 2, iteration: 13500, test_RMSE: 1.1958692073822021, erank: 25.101242065429688
depth: 2, iteration: 14000, test_RMSE: 1.1959075927734375, erank: 25.102155685424805
depth: 2, iteration: 14500, test_RMSE: 1.195702075958252, erank: 25.115039825439453
depth: 2, iteration: 15000, test_RMSE: 1.1957801580429077, erank: 25.11397361755371
depth: 2, iteration: 15500, test_RMSE: 1.1956552267074585, erank: 25.122940063476562
depth: 2, iteration: 16000, test_RMSE: 1.1956050395965576, erank: 25.12833023071289
depth: 2, iteration: 16500, test_RMSE: 1.1955358982086182, erank: 25.13449478149414
depth: 2, iteration: 17000, test_RMSE: 1.1955095529556274, erank: 25.138629913330078
depth: 2, iteration: 17500, test_RMSE: 1.1954727172851562, erank: 25.143217086791992
depth: 2, iteration: 18000, test_RMSE: 1.195407748222351, erank: 25.149044036865234
depth: 2, iteration: 18500, test_RMSE: 1.1952718496322632, erank: 25.158767700195312
depth: 2, iteration: 19000, test_RMSE: 1.195312738418579, erank: 25.159629821777344
depth: 2, iteration: 19500, test_RMSE: 1.1952332258224487, erank: 25.166452407836914
depth: 2, iteration: 20000, test_RMSE: 1.1951818466186523, erank: 25.17182159423828
depth: 2, iteration: 20500, test_RMSE: 1.1951457262039185, erank: 25.17641830444336
depth: 2, iteration: 21000, test_RMSE: 1.1951000690460205, erank: 25.18149757385254
depth: 2, iteration: 21500, test_RMSE: 1.1950650215148926, erank: 25.185941696166992
depth: 2, iteration: 22000, test_RMSE: 1.1950163841247559, erank: 25.19129753112793
depth: 2, iteration: 22500, test_RMSE: 1.1949975490570068, erank: 25.195058822631836
depth: 2, iteration: 23000, test_RMSE: 1.1948875188827515, erank: 25.203428268432617
depth: 2, iteration: 23500, test_RMSE: 1.1948199272155762, erank: 25.209684371948242
depth: 2, iteration: 24000, test_RMSE: 1.194767951965332, erank: 25.215063095092773
depth: 2, iteration: 24500, test_RMSE: 1.1947423219680786, erank: 25.21900177001953
depth: 2, iteration: 25000, test_RMSE: 1.1947238445281982, erank: 25.222915649414062
depth: 2, iteration: 25500, test_RMSE: 1.1945860385894775, erank: 25.232702255249023
depth: 2, iteration: 26000, test_RMSE: 1.1946754455566406, erank: 25.231077194213867
depth: 2, iteration: 26500, test_RMSE: 1.1944942474365234, erank: 25.243087768554688
depth: 2, iteration: 27000, test_RMSE: 1.1944596767425537, erank: 25.24750518798828
depth: 2, iteration: 27500, test_RMSE: 1.1944782733917236, erank: 25.24953269958496
depth: 2, iteration: 28000, test_RMSE: 1.1943387985229492, erank: 25.259300231933594
depth: 2, iteration: 28500, test_RMSE: 1.194315791130066, erank: 25.263486862182617
depth: 2, iteration: 29000, test_RMSE: 1.1942883729934692, erank: 25.26777458190918
depth: 2, iteration: 29500, test_RMSE: 1.194252848625183, erank: 25.27247428894043
