depth: 3, iteration: 0, test_RMSE: 1.1260017156600952, erank: 56.70172119140625
depth: 3, iteration: 500, test_RMSE: 1.353103518486023, erank: 6.260251522064209
depth: 3, iteration: 1000, test_RMSE: 1.355204701423645, erank: 6.146894454956055
depth: 3, iteration: 1500, test_RMSE: 1.3560270071029663, erank: 6.1100335121154785
depth: 3, iteration: 2000, test_RMSE: 1.3564035892486572, erank: 6.095591068267822
depth: 3, iteration: 2500, test_RMSE: 1.3565778732299805, erank: 6.089993953704834
depth: 3, iteration: 3000, test_RMSE: 1.3566583395004272, erank: 6.088021278381348
depth: 3, iteration: 3500, test_RMSE: 1.3566962480545044, erank: 6.087394714355469
depth: 3, iteration: 4000, test_RMSE: 1.3567144870758057, erank: 6.08721399307251
depth: 3, iteration: 4500, test_RMSE: 1.3567228317260742, erank: 6.087159633636475
depth: 3, iteration: 5000, test_RMSE: 1.3567262887954712, erank: 6.087144374847412
depth: 3, iteration: 5500, test_RMSE: 1.3567274808883667, erank: 6.087141513824463
depth: 3, iteration: 6000, test_RMSE: 1.3567266464233398, erank: 6.087146282196045
depth: 3, iteration: 6500, test_RMSE: 1.3566855192184448, erank: 6.0873332023620605
depth: 3, iteration: 7000, test_RMSE: 1.3567070960998535, erank: 6.087446689605713
depth: 3, iteration: 7500, test_RMSE: 1.356218695640564, erank: 6.089458465576172
depth: 3, iteration: 8000, test_RMSE: 1.3571412563323975, erank: 6.086642265319824
depth: 3, iteration: 8500, test_RMSE: 1.3566805124282837, erank: 6.0886640548706055
depth: 3, iteration: 9000, test_RMSE: 1.356527328491211, erank: 6.089717388153076
depth: 3, iteration: 9500, test_RMSE: 1.3565174341201782, erank: 6.090054988861084
depth: 3, iteration: 10000, test_RMSE: 1.356211543083191, erank: 6.091823101043701
depth: 3, iteration: 10500, test_RMSE: 1.356563925743103, erank: 6.0912675857543945
depth: 3, iteration: 11000, test_RMSE: 1.3570815324783325, erank: 6.090142726898193
depth: 3, iteration: 11500, test_RMSE: 1.3562947511672974, erank: 6.093278408050537
depth: 3, iteration: 12000, test_RMSE: 1.3566532135009766, erank: 6.0927205085754395
depth: 3, iteration: 12500, test_RMSE: 1.3564038276672363, erank: 6.094211101531982
depth: 3, iteration: 13000, test_RMSE: 1.356303095817566, erank: 6.0951032638549805
depth: 3, iteration: 13500, test_RMSE: 1.356412410736084, erank: 6.0954976081848145
depth: 3, iteration: 14000, test_RMSE: 1.3563100099563599, erank: 6.096386909484863
depth: 3, iteration: 14500, test_RMSE: 1.3562111854553223, erank: 6.097403049468994
depth: 3, iteration: 15000, test_RMSE: 1.3558025360107422, erank: 6.099221229553223
depth: 3, iteration: 15500, test_RMSE: 1.356068730354309, erank: 6.099041938781738
depth: 3, iteration: 16000, test_RMSE: 1.3560270071029663, erank: 6.099704265594482
depth: 3, iteration: 16500, test_RMSE: 1.3560261726379395, erank: 6.1006293296813965
depth: 3, iteration: 17000, test_RMSE: 1.355566143989563, erank: 6.102565765380859
depth: 3, iteration: 17500, test_RMSE: 1.356048822402954, erank: 6.101844310760498
depth: 3, iteration: 18000, test_RMSE: 1.356022596359253, erank: 6.10254430770874
depth: 3, iteration: 18500, test_RMSE: 1.3559197187423706, erank: 6.103521823883057
depth: 3, iteration: 19000, test_RMSE: 1.3559443950653076, erank: 6.104048252105713
depth: 3, iteration: 19500, test_RMSE: 1.3557522296905518, erank: 6.105530738830566
depth: 3, iteration: 20000, test_RMSE: 1.3557919263839722, erank: 6.106003284454346
depth: 3, iteration: 20500, test_RMSE: 1.35574471950531, erank: 6.106805324554443
depth: 3, iteration: 21000, test_RMSE: 1.3557158708572388, erank: 6.10759973526001
depth: 3, iteration: 21500, test_RMSE: 1.3559406995773315, erank: 6.107626438140869
depth: 3, iteration: 22000, test_RMSE: 1.3559776544570923, erank: 6.1083526611328125
depth: 3, iteration: 22500, test_RMSE: 1.355619192123413, erank: 6.109996318817139
depth: 3, iteration: 23000, test_RMSE: 1.3558255434036255, erank: 6.11020040512085
depth: 3, iteration: 23500, test_RMSE: 1.3555420637130737, erank: 6.111580848693848
depth: 3, iteration: 24000, test_RMSE: 1.3555686473846436, erank: 6.1123809814453125
depth: 3, iteration: 24500, test_RMSE: 1.355631947517395, erank: 6.11304235458374
depth: 3, iteration: 25000, test_RMSE: 1.3554407358169556, erank: 6.114224433898926
depth: 3, iteration: 25500, test_RMSE: 1.355730414390564, erank: 6.113981246948242
depth: 3, iteration: 26000, test_RMSE: 1.3550666570663452, erank: 6.116636753082275
depth: 3, iteration: 26500, test_RMSE: 1.3555150032043457, erank: 6.116196155548096
depth: 3, iteration: 27000, test_RMSE: 1.3553000688552856, erank: 6.117541790008545
depth: 3, iteration: 27500, test_RMSE: 1.355305552482605, erank: 6.118394374847412
depth: 3, iteration: 28000, test_RMSE: 1.3550314903259277, erank: 6.120001792907715
depth: 3, iteration: 28500, test_RMSE: 1.355389952659607, erank: 6.119741439819336
depth: 3, iteration: 29000, test_RMSE: 1.3552206754684448, erank: 6.120853900909424
depth: 3, iteration: 29500, test_RMSE: 1.3550595045089722, erank: 6.122373104095459
