depth: 4, iteration: 0, test_RMSE: 1.1289163827896118, erank: 48.69861602783203
depth: 4, iteration: 500, test_RMSE: 1.3607430458068848, erank: 5.298623085021973
depth: 4, iteration: 1000, test_RMSE: 1.3621996641159058, erank: 5.245150089263916
depth: 4, iteration: 1500, test_RMSE: 1.3628491163253784, erank: 5.21750020980835
depth: 4, iteration: 2000, test_RMSE: 1.3632562160491943, erank: 5.198662757873535
depth: 4, iteration: 2500, test_RMSE: 1.3635447025299072, erank: 5.184624671936035
depth: 4, iteration: 3000, test_RMSE: 1.3637621402740479, erank: 5.173708438873291
depth: 4, iteration: 3500, test_RMSE: 1.3639322519302368, erank: 5.164999961853027
depth: 4, iteration: 4000, test_RMSE: 1.3640685081481934, erank: 5.157950401306152
depth: 4, iteration: 4500, test_RMSE: 1.3641796112060547, erank: 5.152195453643799
depth: 4, iteration: 5000, test_RMSE: 1.3642539978027344, erank: 5.1476335525512695
depth: 4, iteration: 5500, test_RMSE: 1.3643617630004883, erank: 5.144162178039551
depth: 4, iteration: 6000, test_RMSE: 1.3644282817840576, erank: 5.141645908355713
depth: 4, iteration: 6500, test_RMSE: 1.364486575126648, erank: 5.139987468719482
depth: 4, iteration: 7000, test_RMSE: 1.3636932373046875, erank: 5.14017915725708
depth: 4, iteration: 7500, test_RMSE: 1.3651005029678345, erank: 5.137084007263184
depth: 4, iteration: 8000, test_RMSE: 1.364216685295105, erank: 5.137834548950195
depth: 4, iteration: 8500, test_RMSE: 1.3649696111679077, erank: 5.136206150054932
depth: 4, iteration: 9000, test_RMSE: 1.3642377853393555, erank: 5.13706636428833
depth: 4, iteration: 9500, test_RMSE: 1.3647584915161133, erank: 5.136105060577393
depth: 4, iteration: 10000, test_RMSE: 1.364814043045044, erank: 5.135854721069336
depth: 4, iteration: 10500, test_RMSE: 1.364031434059143, erank: 5.137197017669678
depth: 4, iteration: 11000, test_RMSE: 1.364776849746704, erank: 5.136049747467041
depth: 4, iteration: 11500, test_RMSE: 1.3649225234985352, erank: 5.135565280914307
depth: 4, iteration: 12000, test_RMSE: 1.3647358417510986, erank: 5.135796546936035
depth: 4, iteration: 12500, test_RMSE: 1.3646976947784424, erank: 5.136043071746826
depth: 4, iteration: 13000, test_RMSE: 1.3655613660812378, erank: 5.134664058685303
depth: 4, iteration: 13500, test_RMSE: 1.3638026714324951, erank: 5.138058662414551
depth: 4, iteration: 14000, test_RMSE: 1.3644635677337646, erank: 5.136695861816406
depth: 4, iteration: 14500, test_RMSE: 1.3646514415740967, erank: 5.13669490814209
depth: 4, iteration: 15000, test_RMSE: 1.364467740058899, erank: 5.136631965637207
depth: 4, iteration: 15500, test_RMSE: 1.3648145198822021, erank: 5.136250972747803
depth: 4, iteration: 16000, test_RMSE: 1.3647230863571167, erank: 5.136073112487793
depth: 4, iteration: 16500, test_RMSE: 1.3653134107589722, erank: 5.135412693023682
depth: 4, iteration: 17000, test_RMSE: 1.364264726638794, erank: 5.1370530128479
depth: 4, iteration: 17500, test_RMSE: 1.3650987148284912, erank: 5.136348247528076
depth: 4, iteration: 18000, test_RMSE: 1.3645029067993164, erank: 5.13712215423584
depth: 4, iteration: 18500, test_RMSE: 1.36459481716156, erank: 5.137243747711182
depth: 4, iteration: 19000, test_RMSE: 1.365133285522461, erank: 5.136106014251709
depth: 4, iteration: 19500, test_RMSE: 1.3647598028182983, erank: 5.1374125480651855
depth: 4, iteration: 20000, test_RMSE: 1.3644094467163086, erank: 5.137898921966553
depth: 4, iteration: 20500, test_RMSE: 1.364434003829956, erank: 5.137960433959961
depth: 4, iteration: 21000, test_RMSE: 1.3642996549606323, erank: 5.138432025909424
depth: 4, iteration: 21500, test_RMSE: 1.3643971681594849, erank: 5.138230323791504
depth: 4, iteration: 22000, test_RMSE: 1.3643310070037842, erank: 5.138583183288574
depth: 4, iteration: 22500, test_RMSE: 1.3639599084854126, erank: 5.139168739318848
depth: 4, iteration: 23000, test_RMSE: 1.3644208908081055, erank: 5.138706207275391
depth: 4, iteration: 23500, test_RMSE: 1.3640199899673462, erank: 5.139544486999512
depth: 4, iteration: 24000, test_RMSE: 1.3644369840621948, erank: 5.1390061378479
depth: 4, iteration: 24500, test_RMSE: 1.3646554946899414, erank: 5.138750076293945
depth: 4, iteration: 25000, test_RMSE: 1.3650010824203491, erank: 5.138351917266846
depth: 4, iteration: 25500, test_RMSE: 1.3644686937332153, erank: 5.139350891113281
depth: 4, iteration: 26000, test_RMSE: 1.364970088005066, erank: 5.138988018035889
depth: 4, iteration: 26500, test_RMSE: 1.3644362688064575, erank: 5.139882564544678
depth: 4, iteration: 27000, test_RMSE: 1.364058017730713, erank: 5.140079975128174
depth: 4, iteration: 27500, test_RMSE: 1.3651124238967896, erank: 5.139315128326416
depth: 4, iteration: 28000, test_RMSE: 1.3650634288787842, erank: 5.139097690582275
depth: 4, iteration: 28500, test_RMSE: 1.3648710250854492, erank: 5.13935661315918
depth: 4, iteration: 29000, test_RMSE: 1.3648219108581543, erank: 5.139833450317383
depth: 4, iteration: 29500, test_RMSE: 1.3642351627349854, erank: 5.141093730926514
