depth: 5, iteration: 0, test_RMSE: 1.1191182136535645, erank: 43.8277702331543
depth: 5, iteration: 500, test_RMSE: 1.1191182136535645, erank: 43.827816009521484
depth: 5, iteration: 1000, test_RMSE: 1.1191182136535645, erank: 43.8277702331543
depth: 5, iteration: 1500, test_RMSE: 1.1191182136535645, erank: 43.827781677246094
depth: 5, iteration: 2000, test_RMSE: 1.1191182136535645, erank: 43.827823638916016
depth: 5, iteration: 2500, test_RMSE: 1.1191182136535645, erank: 43.82783508300781
depth: 5, iteration: 3000, test_RMSE: 1.1191182136535645, erank: 43.827816009521484
depth: 5, iteration: 3500, test_RMSE: 1.1191182136535645, erank: 43.827762603759766
depth: 5, iteration: 4000, test_RMSE: 1.1191182136535645, erank: 43.82779312133789
depth: 5, iteration: 4500, test_RMSE: 1.1191182136535645, erank: 43.82774353027344
depth: 5, iteration: 5000, test_RMSE: 1.1191182136535645, erank: 43.82770919799805
depth: 5, iteration: 5500, test_RMSE: 1.1191182136535645, erank: 43.82768630981445
depth: 5, iteration: 6000, test_RMSE: 1.1191182136535645, erank: 43.82767105102539
depth: 5, iteration: 6500, test_RMSE: 1.1191182136535645, erank: 43.827606201171875
depth: 5, iteration: 7000, test_RMSE: 1.1191182136535645, erank: 43.82756423950195
depth: 5, iteration: 7500, test_RMSE: 1.1191182136535645, erank: 43.82756423950195
depth: 5, iteration: 8000, test_RMSE: 1.1191182136535645, erank: 43.82749938964844
depth: 5, iteration: 8500, test_RMSE: 1.1191182136535645, erank: 43.82743835449219
depth: 5, iteration: 9000, test_RMSE: 1.1191182136535645, erank: 43.827396392822266
depth: 5, iteration: 9500, test_RMSE: 1.1191182136535645, erank: 43.82731246948242
depth: 5, iteration: 10000, test_RMSE: 1.1191182136535645, erank: 43.8272590637207
depth: 5, iteration: 10500, test_RMSE: 1.1191182136535645, erank: 43.827239990234375
depth: 5, iteration: 11000, test_RMSE: 1.1191182136535645, erank: 43.82716751098633
depth: 5, iteration: 11500, test_RMSE: 1.1191182136535645, erank: 43.827083587646484
depth: 5, iteration: 12000, test_RMSE: 1.1191182136535645, erank: 43.82701110839844
depth: 5, iteration: 12500, test_RMSE: 1.1191182136535645, erank: 43.8269157409668
depth: 5, iteration: 13000, test_RMSE: 1.1191182136535645, erank: 43.82684326171875
depth: 5, iteration: 13500, test_RMSE: 1.1191182136535645, erank: 43.826751708984375
depth: 5, iteration: 14000, test_RMSE: 1.1191182136535645, erank: 43.826602935791016
depth: 5, iteration: 14500, test_RMSE: 1.1191182136535645, erank: 43.8265380859375
depth: 5, iteration: 15000, test_RMSE: 1.1191182136535645, erank: 43.826446533203125
depth: 5, iteration: 15500, test_RMSE: 1.1191182136535645, erank: 43.82632064819336
depth: 5, iteration: 16000, test_RMSE: 1.1191182136535645, erank: 43.82622528076172
depth: 5, iteration: 16500, test_RMSE: 1.1191182136535645, erank: 43.82611083984375
depth: 5, iteration: 17000, test_RMSE: 1.1191182136535645, erank: 43.82597351074219
depth: 5, iteration: 17500, test_RMSE: 1.1191182136535645, erank: 43.82585144042969
depth: 5, iteration: 18000, test_RMSE: 1.1191182136535645, erank: 43.825748443603516
depth: 5, iteration: 18500, test_RMSE: 1.1191182136535645, erank: 43.82557678222656
depth: 5, iteration: 19000, test_RMSE: 1.1191182136535645, erank: 43.825504302978516
depth: 5, iteration: 19500, test_RMSE: 1.1191182136535645, erank: 43.825347900390625
depth: 5, iteration: 20000, test_RMSE: 1.1191182136535645, erank: 43.82521057128906
depth: 5, iteration: 20500, test_RMSE: 1.1191182136535645, erank: 43.825035095214844
depth: 5, iteration: 21000, test_RMSE: 1.1191182136535645, erank: 43.8249397277832
depth: 5, iteration: 21500, test_RMSE: 1.1191182136535645, erank: 43.82478332519531
depth: 5, iteration: 22000, test_RMSE: 1.1191182136535645, erank: 43.8245849609375
depth: 5, iteration: 22500, test_RMSE: 1.1191182136535645, erank: 43.82453536987305
depth: 5, iteration: 23000, test_RMSE: 1.1191182136535645, erank: 43.82436752319336
depth: 5, iteration: 23500, test_RMSE: 1.1191182136535645, erank: 43.824180603027344
depth: 5, iteration: 24000, test_RMSE: 1.1191182136535645, erank: 43.82398986816406
depth: 5, iteration: 24500, test_RMSE: 1.1191182136535645, erank: 43.82378005981445
depth: 5, iteration: 25000, test_RMSE: 1.1191182136535645, erank: 43.82367706298828
depth: 5, iteration: 25500, test_RMSE: 1.1191182136535645, erank: 43.82352066040039
depth: 5, iteration: 26000, test_RMSE: 1.1191182136535645, erank: 43.82332992553711
depth: 5, iteration: 26500, test_RMSE: 1.1191182136535645, erank: 43.8231201171875
depth: 5, iteration: 27000, test_RMSE: 1.1191182136535645, erank: 43.822967529296875
depth: 5, iteration: 27500, test_RMSE: 1.1191182136535645, erank: 43.82279968261719
depth: 5, iteration: 28000, test_RMSE: 1.1191182136535645, erank: 43.822566986083984
depth: 5, iteration: 28500, test_RMSE: 1.1191182136535645, erank: 43.82233810424805
depth: 5, iteration: 29000, test_RMSE: 1.1191182136535645, erank: 43.822235107421875
depth: 5, iteration: 29500, test_RMSE: 1.1191182136535645, erank: 43.821983337402344
depth: 5, iteration: 30000, test_RMSE: 1.1191182136535645, erank: 43.82181930541992
depth: 5, iteration: 30500, test_RMSE: 1.1191182136535645, erank: 43.82151412963867
depth: 5, iteration: 31000, test_RMSE: 1.1191182136535645, erank: 43.821292877197266
depth: 5, iteration: 31500, test_RMSE: 1.1191182136535645, erank: 43.821075439453125
depth: 5, iteration: 32000, test_RMSE: 1.1191182136535645, erank: 43.82084274291992
depth: 5, iteration: 32500, test_RMSE: 1.1191182136535645, erank: 43.820655822753906
depth: 5, iteration: 33000, test_RMSE: 1.1191182136535645, erank: 43.820438385009766
depth: 5, iteration: 33500, test_RMSE: 1.1191182136535645, erank: 43.820186614990234
depth: 5, iteration: 34000, test_RMSE: 1.1191182136535645, erank: 43.81999969482422
depth: 5, iteration: 34500, test_RMSE: 1.1191182136535645, erank: 43.81968688964844
depth: 5, iteration: 35000, test_RMSE: 1.1191182136535645, erank: 43.819435119628906
depth: 5, iteration: 35500, test_RMSE: 1.1191182136535645, erank: 43.8192253112793
depth: 5, iteration: 36000, test_RMSE: 1.1191182136535645, erank: 43.818931579589844
depth: 5, iteration: 36500, test_RMSE: 1.1191182136535645, erank: 43.81868362426758
depth: 5, iteration: 37000, test_RMSE: 1.1191182136535645, erank: 43.81843185424805
depth: 5, iteration: 37500, test_RMSE: 1.1191182136535645, erank: 43.818138122558594
depth: 5, iteration: 38000, test_RMSE: 1.1191182136535645, erank: 43.81789016723633
depth: 5, iteration: 38500, test_RMSE: 1.1191182136535645, erank: 43.817657470703125
depth: 5, iteration: 39000, test_RMSE: 1.1191182136535645, erank: 43.817325592041016
depth: 5, iteration: 39500, test_RMSE: 1.1191182136535645, erank: 43.81709671020508
depth: 5, iteration: 40000, test_RMSE: 1.1191182136535645, erank: 43.81678009033203
depth: 5, iteration: 40500, test_RMSE: 1.1191182136535645, erank: 43.81646728515625
depth: 5, iteration: 41000, test_RMSE: 1.1191182136535645, erank: 43.81623840332031
depth: 5, iteration: 41500, test_RMSE: 1.1191182136535645, erank: 43.815921783447266
depth: 5, iteration: 42000, test_RMSE: 1.1191182136535645, erank: 43.815650939941406
depth: 5, iteration: 42500, test_RMSE: 1.1191182136535645, erank: 43.81534194946289
depth: 5, iteration: 43000, test_RMSE: 1.1191182136535645, erank: 43.81500244140625
depth: 5, iteration: 43500, test_RMSE: 1.1191182136535645, erank: 43.81472396850586
depth: 5, iteration: 44000, test_RMSE: 1.1191182136535645, erank: 43.81439971923828
depth: 5, iteration: 44500, test_RMSE: 1.1191182136535645, erank: 43.81409454345703
depth: 5, iteration: 45000, test_RMSE: 1.1191182136535645, erank: 43.81381607055664
depth: 5, iteration: 45500, test_RMSE: 1.1191182136535645, erank: 43.81345748901367
depth: 5, iteration: 46000, test_RMSE: 1.1191182136535645, erank: 43.81315612792969
depth: 5, iteration: 46500, test_RMSE: 1.1191182136535645, erank: 43.812862396240234
depth: 5, iteration: 47000, test_RMSE: 1.1191182136535645, erank: 43.812530517578125
depth: 5, iteration: 47500, test_RMSE: 1.1191182136535645, erank: 43.81220626831055
depth: 5, iteration: 48000, test_RMSE: 1.1191182136535645, erank: 43.811851501464844
depth: 5, iteration: 48500, test_RMSE: 1.1191182136535645, erank: 43.811485290527344
depth: 5, iteration: 49000, test_RMSE: 1.1191182136535645, erank: 43.811153411865234
depth: 5, iteration: 49500, test_RMSE: 1.1191182136535645, erank: 43.81079864501953
depth: 5, iteration: 50000, test_RMSE: 1.1191182136535645, erank: 43.810447692871094
depth: 5, iteration: 50500, test_RMSE: 1.1191182136535645, erank: 43.81013870239258
depth: 5, iteration: 51000, test_RMSE: 1.1191182136535645, erank: 43.80973815917969
depth: 5, iteration: 51500, test_RMSE: 1.1191182136535645, erank: 43.80935287475586
depth: 5, iteration: 52000, test_RMSE: 1.1191182136535645, erank: 43.80900955200195
depth: 5, iteration: 52500, test_RMSE: 1.1191182136535645, erank: 43.80866622924805
depth: 5, iteration: 53000, test_RMSE: 1.1191182136535645, erank: 43.808258056640625
depth: 5, iteration: 53500, test_RMSE: 1.1191182136535645, erank: 43.8078498840332
depth: 5, iteration: 54000, test_RMSE: 1.1191182136535645, erank: 43.8074951171875
depth: 5, iteration: 54500, test_RMSE: 1.1191182136535645, erank: 43.80710983276367
depth: 5, iteration: 55000, test_RMSE: 1.1191182136535645, erank: 43.806766510009766
depth: 5, iteration: 55500, test_RMSE: 1.1191182136535645, erank: 43.80634689331055
depth: 5, iteration: 56000, test_RMSE: 1.1191182136535645, erank: 43.805938720703125
depth: 5, iteration: 56500, test_RMSE: 1.1191182136535645, erank: 43.80552291870117
depth: 5, iteration: 57000, test_RMSE: 1.1191182136535645, erank: 43.80515670776367
depth: 5, iteration: 57500, test_RMSE: 1.1191182136535645, erank: 43.8046760559082
depth: 5, iteration: 58000, test_RMSE: 1.1191182136535645, erank: 43.8043212890625
depth: 5, iteration: 58500, test_RMSE: 1.1191182136535645, erank: 43.80390167236328
depth: 5, iteration: 59000, test_RMSE: 1.1191182136535645, erank: 43.803497314453125
depth: 5, iteration: 59500, test_RMSE: 1.1191182136535645, erank: 43.803077697753906
depth: 5, iteration: 60000, test_RMSE: 1.1191182136535645, erank: 43.8026008605957
depth: 5, iteration: 60500, test_RMSE: 1.1191182136535645, erank: 43.80220031738281
depth: 5, iteration: 61000, test_RMSE: 1.1191182136535645, erank: 43.801761627197266
depth: 5, iteration: 61500, test_RMSE: 1.1191182136535645, erank: 43.80126190185547
depth: 5, iteration: 62000, test_RMSE: 1.1191182136535645, erank: 43.800865173339844
depth: 5, iteration: 62500, test_RMSE: 1.1191182136535645, erank: 43.80042266845703
depth: 5, iteration: 63000, test_RMSE: 1.1191182136535645, erank: 43.80000686645508
depth: 5, iteration: 63500, test_RMSE: 1.1191182136535645, erank: 43.799537658691406
depth: 5, iteration: 64000, test_RMSE: 1.1191182136535645, erank: 43.79908752441406
depth: 5, iteration: 64500, test_RMSE: 1.1191182136535645, erank: 43.798545837402344
depth: 5, iteration: 65000, test_RMSE: 1.1191182136535645, erank: 43.79814910888672
depth: 5, iteration: 65500, test_RMSE: 1.1191182136535645, erank: 43.79766082763672
depth: 5, iteration: 66000, test_RMSE: 1.1191182136535645, erank: 43.79716873168945
depth: 5, iteration: 66500, test_RMSE: 1.1191182136535645, erank: 43.79670715332031
depth: 5, iteration: 67000, test_RMSE: 1.1191182136535645, erank: 43.79623031616211
depth: 5, iteration: 67500, test_RMSE: 1.1191182136535645, erank: 43.79574966430664
depth: 5, iteration: 68000, test_RMSE: 1.1191182136535645, erank: 43.79524612426758
depth: 5, iteration: 68500, test_RMSE: 1.1191182136535645, erank: 43.794769287109375
depth: 5, iteration: 69000, test_RMSE: 1.1191182136535645, erank: 43.79424285888672
depth: 5, iteration: 69500, test_RMSE: 1.1191182136535645, erank: 43.793731689453125
depth: 5, iteration: 70000, test_RMSE: 1.1191182136535645, erank: 43.79326248168945
depth: 5, iteration: 70500, test_RMSE: 1.1191182136535645, erank: 43.79273986816406
depth: 5, iteration: 71000, test_RMSE: 1.1191182136535645, erank: 43.792236328125
depth: 5, iteration: 71500, test_RMSE: 1.1191182136535645, erank: 43.79167556762695
depth: 5, iteration: 72000, test_RMSE: 1.1191182136535645, erank: 43.791175842285156
depth: 5, iteration: 72500, test_RMSE: 1.1191182136535645, erank: 43.79063034057617
depth: 5, iteration: 73000, test_RMSE: 1.1191182136535645, erank: 43.790130615234375
depth: 5, iteration: 73500, test_RMSE: 1.1191182136535645, erank: 43.78958511352539
depth: 5, iteration: 74000, test_RMSE: 1.1191182136535645, erank: 43.78904342651367
depth: 5, iteration: 74500, test_RMSE: 1.1191182136535645, erank: 43.78852081298828
depth: 5, iteration: 75000, test_RMSE: 1.1191182136535645, erank: 43.78797912597656
depth: 5, iteration: 75500, test_RMSE: 1.1191182136535645, erank: 43.78740310668945
depth: 5, iteration: 76000, test_RMSE: 1.1191182136535645, erank: 43.78691482543945
depth: 5, iteration: 76500, test_RMSE: 1.1191182136535645, erank: 43.78635025024414
depth: 5, iteration: 77000, test_RMSE: 1.1191182136535645, erank: 43.78584671020508
depth: 5, iteration: 77500, test_RMSE: 1.1191182136535645, erank: 43.78524398803711
depth: 5, iteration: 78000, test_RMSE: 1.1191182136535645, erank: 43.784690856933594
depth: 5, iteration: 78500, test_RMSE: 1.1191182136535645, erank: 43.784114837646484
depth: 5, iteration: 79000, test_RMSE: 1.1191182136535645, erank: 43.78355407714844
depth: 5, iteration: 79500, test_RMSE: 1.1191182136535645, erank: 43.783050537109375
depth: 5, iteration: 80000, test_RMSE: 1.1191182136535645, erank: 43.78236389160156
depth: 5, iteration: 80500, test_RMSE: 1.1191182136535645, erank: 43.7818489074707
depth: 5, iteration: 81000, test_RMSE: 1.1191182136535645, erank: 43.78123474121094
depth: 5, iteration: 81500, test_RMSE: 1.1191182136535645, erank: 43.78065490722656
depth: 5, iteration: 82000, test_RMSE: 1.1191182136535645, erank: 43.78005599975586
depth: 5, iteration: 82500, test_RMSE: 1.1191182136535645, erank: 43.779502868652344
depth: 5, iteration: 83000, test_RMSE: 1.1191182136535645, erank: 43.77887725830078
depth: 5, iteration: 83500, test_RMSE: 1.1191182136535645, erank: 43.778228759765625
depth: 5, iteration: 84000, test_RMSE: 1.1191182136535645, erank: 43.777652740478516
depth: 5, iteration: 84500, test_RMSE: 1.1191182136535645, erank: 43.77707290649414
depth: 5, iteration: 85000, test_RMSE: 1.1191182136535645, erank: 43.776424407958984
depth: 5, iteration: 85500, test_RMSE: 1.1191182136535645, erank: 43.775787353515625
depth: 5, iteration: 86000, test_RMSE: 1.1191182136535645, erank: 43.775184631347656
depth: 5, iteration: 86500, test_RMSE: 1.1191182136535645, erank: 43.7745475769043
depth: 5, iteration: 87000, test_RMSE: 1.1191182136535645, erank: 43.773948669433594
depth: 5, iteration: 87500, test_RMSE: 1.1191182136535645, erank: 43.773292541503906
depth: 5, iteration: 88000, test_RMSE: 1.1191182136535645, erank: 43.77267837524414
depth: 5, iteration: 88500, test_RMSE: 1.1191182136535645, erank: 43.77205276489258
depth: 5, iteration: 89000, test_RMSE: 1.1191182136535645, erank: 43.77138137817383
depth: 5, iteration: 89500, test_RMSE: 1.1191182136535645, erank: 43.77071762084961
depth: 5, iteration: 90000, test_RMSE: 1.1191182136535645, erank: 43.77006912231445
depth: 5, iteration: 90500, test_RMSE: 1.1191182136535645, erank: 43.76946258544922
depth: 5, iteration: 91000, test_RMSE: 1.1191182136535645, erank: 43.768741607666016
depth: 5, iteration: 91500, test_RMSE: 1.1191182136535645, erank: 43.768104553222656
depth: 5, iteration: 92000, test_RMSE: 1.1191182136535645, erank: 43.767417907714844
depth: 5, iteration: 92500, test_RMSE: 1.1191182136535645, erank: 43.76675033569336
depth: 5, iteration: 93000, test_RMSE: 1.1191182136535645, erank: 43.766082763671875
depth: 5, iteration: 93500, test_RMSE: 1.1191182136535645, erank: 43.76541519165039
depth: 5, iteration: 94000, test_RMSE: 1.1191182136535645, erank: 43.76473617553711
depth: 5, iteration: 94500, test_RMSE: 1.1191182136535645, erank: 43.7640266418457
depth: 5, iteration: 95000, test_RMSE: 1.1191182136535645, erank: 43.763328552246094
depth: 5, iteration: 95500, test_RMSE: 1.1191182136535645, erank: 43.76262664794922
depth: 5, iteration: 96000, test_RMSE: 1.1191182136535645, erank: 43.76192855834961
depth: 5, iteration: 96500, test_RMSE: 1.1191182136535645, erank: 43.761260986328125
depth: 5, iteration: 97000, test_RMSE: 1.1191182136535645, erank: 43.760528564453125
depth: 5, iteration: 97500, test_RMSE: 1.1191182136535645, erank: 43.759864807128906
depth: 5, iteration: 98000, test_RMSE: 1.1191182136535645, erank: 43.759124755859375
depth: 5, iteration: 98500, test_RMSE: 1.1191182136535645, erank: 43.75840377807617
depth: 5, iteration: 99000, test_RMSE: 1.1191182136535645, erank: 43.75773620605469
depth: 5, iteration: 99500, test_RMSE: 1.1191182136535645, erank: 43.75694274902344
depth: 5, iteration: 100000, test_RMSE: 1.1191182136535645, erank: 43.75623321533203
depth: 5, iteration: 100500, test_RMSE: 1.1191182136535645, erank: 43.755531311035156
depth: 5, iteration: 101000, test_RMSE: 1.1191182136535645, erank: 43.7547721862793
depth: 5, iteration: 101500, test_RMSE: 1.1191182136535645, erank: 43.754066467285156
depth: 5, iteration: 102000, test_RMSE: 1.1191182136535645, erank: 43.75330352783203
depth: 5, iteration: 102500, test_RMSE: 1.1191182136535645, erank: 43.75257110595703
depth: 5, iteration: 103000, test_RMSE: 1.1191182136535645, erank: 43.751808166503906
depth: 5, iteration: 103500, test_RMSE: 1.1191182136535645, erank: 43.75103759765625
depth: 5, iteration: 104000, test_RMSE: 1.1191182136535645, erank: 43.75033187866211
depth: 5, iteration: 104500, test_RMSE: 1.1191182136535645, erank: 43.749515533447266
depth: 5, iteration: 105000, test_RMSE: 1.1191182136535645, erank: 43.74875259399414
depth: 5, iteration: 105500, test_RMSE: 1.1191182136535645, erank: 43.747989654541016
depth: 5, iteration: 106000, test_RMSE: 1.1191182136535645, erank: 43.747188568115234
depth: 5, iteration: 106500, test_RMSE: 1.1191182136535645, erank: 43.74642562866211
depth: 5, iteration: 107000, test_RMSE: 1.1191182136535645, erank: 43.7457160949707
depth: 5, iteration: 107500, test_RMSE: 1.1191182136535645, erank: 43.7448844909668
depth: 5, iteration: 108000, test_RMSE: 1.1191182136535645, erank: 43.74407958984375
depth: 5, iteration: 108500, test_RMSE: 1.1191182136535645, erank: 43.743255615234375
depth: 5, iteration: 109000, test_RMSE: 1.1191182136535645, erank: 43.742454528808594
depth: 5, iteration: 109500, test_RMSE: 1.1191182136535645, erank: 43.74168395996094
depth: 5, iteration: 110000, test_RMSE: 1.1191182136535645, erank: 43.74089813232422
depth: 5, iteration: 110500, test_RMSE: 1.1191182136535645, erank: 43.74009704589844
depth: 5, iteration: 111000, test_RMSE: 1.1191182136535645, erank: 43.73928451538086
depth: 5, iteration: 111500, test_RMSE: 1.1191182136535645, erank: 43.738399505615234
depth: 5, iteration: 112000, test_RMSE: 1.1191182136535645, erank: 43.73762512207031
depth: 5, iteration: 112500, test_RMSE: 1.1191182136535645, erank: 43.736778259277344
depth: 5, iteration: 113000, test_RMSE: 1.1191182136535645, erank: 43.735939025878906
depth: 5, iteration: 113500, test_RMSE: 1.1191182136535645, erank: 43.735103607177734
depth: 5, iteration: 114000, test_RMSE: 1.1191182136535645, erank: 43.73426818847656
depth: 5, iteration: 114500, test_RMSE: 1.1191182136535645, erank: 43.733394622802734
depth: 5, iteration: 115000, test_RMSE: 1.1191182136535645, erank: 43.73255920410156
depth: 5, iteration: 115500, test_RMSE: 1.1191182136535645, erank: 43.731773376464844
depth: 5, iteration: 116000, test_RMSE: 1.1191182136535645, erank: 43.73086929321289
depth: 5, iteration: 116500, test_RMSE: 1.1191182136535645, erank: 43.730037689208984
depth: 5, iteration: 117000, test_RMSE: 1.1191182136535645, erank: 43.7291374206543
depth: 5, iteration: 117500, test_RMSE: 1.1191182136535645, erank: 43.72826385498047
depth: 5, iteration: 118000, test_RMSE: 1.1191182136535645, erank: 43.727386474609375
depth: 5, iteration: 118500, test_RMSE: 1.1191182136535645, erank: 43.72648239135742
depth: 5, iteration: 119000, test_RMSE: 1.1191182136535645, erank: 43.72561264038086
depth: 5, iteration: 119500, test_RMSE: 1.1191182136535645, erank: 43.724727630615234
depth: 5, iteration: 120000, test_RMSE: 1.1191182136535645, erank: 43.723854064941406
depth: 5, iteration: 120500, test_RMSE: 1.1191182136535645, erank: 43.72292709350586
depth: 5, iteration: 121000, test_RMSE: 1.1191182136535645, erank: 43.722068786621094
depth: 5, iteration: 121500, test_RMSE: 1.1191182136535645, erank: 43.72113037109375
depth: 5, iteration: 122000, test_RMSE: 1.1191182136535645, erank: 43.720279693603516
depth: 5, iteration: 122500, test_RMSE: 1.1191182136535645, erank: 43.71932601928711
depth: 5, iteration: 123000, test_RMSE: 1.1191182136535645, erank: 43.718421936035156
depth: 5, iteration: 123500, test_RMSE: 1.1191182136535645, erank: 43.71747589111328
depth: 5, iteration: 124000, test_RMSE: 1.1191182136535645, erank: 43.71657943725586
depth: 5, iteration: 124500, test_RMSE: 1.1191182136535645, erank: 43.71567153930664
depth: 5, iteration: 125000, test_RMSE: 1.1191182136535645, erank: 43.71475601196289
depth: 5, iteration: 125500, test_RMSE: 1.1191182136535645, erank: 43.71379470825195
depth: 5, iteration: 126000, test_RMSE: 1.1191182136535645, erank: 43.71289825439453
depth: 5, iteration: 126500, test_RMSE: 1.1191182136535645, erank: 43.71192932128906
depth: 5, iteration: 127000, test_RMSE: 1.1191182136535645, erank: 43.710968017578125
depth: 5, iteration: 127500, test_RMSE: 1.1191182136535645, erank: 43.71001052856445
depth: 5, iteration: 128000, test_RMSE: 1.1191182136535645, erank: 43.70905303955078
depth: 5, iteration: 128500, test_RMSE: 1.1191182136535645, erank: 43.708126068115234
depth: 5, iteration: 129000, test_RMSE: 1.1191182136535645, erank: 43.707176208496094
depth: 5, iteration: 129500, test_RMSE: 1.1191182136535645, erank: 43.7061882019043
depth: 5, iteration: 130000, test_RMSE: 1.1191182136535645, erank: 43.70521926879883
depth: 5, iteration: 130500, test_RMSE: 1.1191182136535645, erank: 43.70426940917969
depth: 5, iteration: 131000, test_RMSE: 1.1191182136535645, erank: 43.70331954956055
depth: 5, iteration: 131500, test_RMSE: 1.1191182136535645, erank: 43.70235061645508
depth: 5, iteration: 132000, test_RMSE: 1.1191182136535645, erank: 43.70136260986328
depth: 5, iteration: 132500, test_RMSE: 1.1191182136535645, erank: 43.70035171508789
depth: 5, iteration: 133000, test_RMSE: 1.1191182136535645, erank: 43.699371337890625
depth: 5, iteration: 133500, test_RMSE: 1.1191182136535645, erank: 43.69844436645508
depth: 5, iteration: 134000, test_RMSE: 1.1191182136535645, erank: 43.69739532470703
depth: 5, iteration: 134500, test_RMSE: 1.1191182136535645, erank: 43.6963996887207
depth: 5, iteration: 135000, test_RMSE: 1.1191182136535645, erank: 43.695350646972656
depth: 5, iteration: 135500, test_RMSE: 1.1191182136535645, erank: 43.69435119628906
depth: 5, iteration: 136000, test_RMSE: 1.1191182136535645, erank: 43.693382263183594
depth: 5, iteration: 136500, test_RMSE: 1.1191182136535645, erank: 43.6923713684082
depth: 5, iteration: 137000, test_RMSE: 1.1191182136535645, erank: 43.69131851196289
depth: 5, iteration: 137500, test_RMSE: 1.1191182136535645, erank: 43.690372467041016
depth: 5, iteration: 138000, test_RMSE: 1.1191182136535645, erank: 43.68935012817383
depth: 5, iteration: 138500, test_RMSE: 1.1191182136535645, erank: 43.688316345214844
depth: 5, iteration: 139000, test_RMSE: 1.1191182136535645, erank: 43.68723678588867
depth: 5, iteration: 139500, test_RMSE: 1.1191182136535645, erank: 43.68620681762695
depth: 5, iteration: 140000, test_RMSE: 1.1191182136535645, erank: 43.685184478759766
depth: 5, iteration: 140500, test_RMSE: 1.1191182136535645, erank: 43.68414306640625
depth: 5, iteration: 141000, test_RMSE: 1.1191182136535645, erank: 43.683101654052734
depth: 5, iteration: 141500, test_RMSE: 1.1191182136535645, erank: 43.68206024169922
depth: 5, iteration: 142000, test_RMSE: 1.1191182136535645, erank: 43.68099594116211
depth: 5, iteration: 142500, test_RMSE: 1.1191182136535645, erank: 43.679954528808594
depth: 5, iteration: 143000, test_RMSE: 1.1191182136535645, erank: 43.678871154785156
depth: 5, iteration: 143500, test_RMSE: 1.1191182136535645, erank: 43.677833557128906
depth: 5, iteration: 144000, test_RMSE: 1.1191182136535645, erank: 43.67675018310547
depth: 5, iteration: 144500, test_RMSE: 1.1191182136535645, erank: 43.67564392089844
depth: 5, iteration: 145000, test_RMSE: 1.1191182136535645, erank: 43.674564361572266
depth: 5, iteration: 145500, test_RMSE: 1.1191182136535645, erank: 43.67349624633789
depth: 5, iteration: 146000, test_RMSE: 1.1191182136535645, erank: 43.67241668701172
depth: 5, iteration: 146500, test_RMSE: 1.1191182136535645, erank: 43.67128372192383
depth: 5, iteration: 147000, test_RMSE: 1.1191182136535645, erank: 43.67020034790039
depth: 5, iteration: 147500, test_RMSE: 1.1191182136535645, erank: 43.66913986206055
depth: 5, iteration: 148000, test_RMSE: 1.1191182136535645, erank: 43.66802215576172
depth: 5, iteration: 148500, test_RMSE: 1.1191182136535645, erank: 43.66687774658203
depth: 5, iteration: 149000, test_RMSE: 1.1191182136535645, erank: 43.66580581665039
depth: 5, iteration: 149500, test_RMSE: 1.1191182136535645, erank: 43.664710998535156
depth: 5, iteration: 150000, test_RMSE: 1.1191182136535645, erank: 43.663536071777344
depth: 5, iteration: 150500, test_RMSE: 1.1191182136535645, erank: 43.662391662597656
depth: 5, iteration: 151000, test_RMSE: 1.1191182136535645, erank: 43.6612548828125
depth: 5, iteration: 151500, test_RMSE: 1.1191182136535645, erank: 43.6601448059082
depth: 5, iteration: 152000, test_RMSE: 1.1191182136535645, erank: 43.65900802612305
depth: 5, iteration: 152500, test_RMSE: 1.1191182136535645, erank: 43.65786361694336
depth: 5, iteration: 153000, test_RMSE: 1.1191182136535645, erank: 43.6567268371582
depth: 5, iteration: 153500, test_RMSE: 1.1191182136535645, erank: 43.65560531616211
depth: 5, iteration: 154000, test_RMSE: 1.1191182136535645, erank: 43.65446853637695
depth: 5, iteration: 154500, test_RMSE: 1.1191182136535645, erank: 43.65330505371094
depth: 5, iteration: 155000, test_RMSE: 1.1191182136535645, erank: 43.652095794677734
depth: 5, iteration: 155500, test_RMSE: 1.1191182136535645, erank: 43.650909423828125
depth: 5, iteration: 156000, test_RMSE: 1.1191182136535645, erank: 43.64979553222656
depth: 5, iteration: 156500, test_RMSE: 1.1191182136535645, erank: 43.64862823486328
depth: 5, iteration: 157000, test_RMSE: 1.1191182136535645, erank: 43.64742660522461
depth: 5, iteration: 157500, test_RMSE: 1.1191182136535645, erank: 43.64631271362305
depth: 5, iteration: 158000, test_RMSE: 1.1191182136535645, erank: 43.64508056640625
depth: 5, iteration: 158500, test_RMSE: 1.1191182136535645, erank: 43.64388656616211
depth: 5, iteration: 159000, test_RMSE: 1.1191182136535645, erank: 43.6427116394043
depth: 5, iteration: 159500, test_RMSE: 1.1191182136535645, erank: 43.64155578613281
depth: 5, iteration: 160000, test_RMSE: 1.1191182136535645, erank: 43.640296936035156
depth: 5, iteration: 160500, test_RMSE: 1.1191182136535645, erank: 43.639129638671875
depth: 5, iteration: 161000, test_RMSE: 1.1191182136535645, erank: 43.637901306152344
depth: 5, iteration: 161500, test_RMSE: 1.1191182136535645, erank: 43.636695861816406
depth: 5, iteration: 162000, test_RMSE: 1.1191182136535645, erank: 43.63554000854492
depth: 5, iteration: 162500, test_RMSE: 1.1191182136535645, erank: 43.634281158447266
depth: 5, iteration: 163000, test_RMSE: 1.1191182136535645, erank: 43.633056640625
depth: 5, iteration: 163500, test_RMSE: 1.1191182136535645, erank: 43.63178634643555
depth: 5, iteration: 164000, test_RMSE: 1.1191182136535645, erank: 43.630611419677734
depth: 5, iteration: 164500, test_RMSE: 1.1191182136535645, erank: 43.629371643066406
depth: 5, iteration: 165000, test_RMSE: 1.1191182136535645, erank: 43.62812423706055
depth: 5, iteration: 165500, test_RMSE: 1.1191182136535645, erank: 43.62687683105469
depth: 5, iteration: 166000, test_RMSE: 1.1191182136535645, erank: 43.62562942504883
depth: 5, iteration: 166500, test_RMSE: 1.1191182136535645, erank: 43.624359130859375
depth: 5, iteration: 167000, test_RMSE: 1.1191182136535645, erank: 43.623130798339844
depth: 5, iteration: 167500, test_RMSE: 1.1191182136535645, erank: 43.62187194824219
depth: 5, iteration: 168000, test_RMSE: 1.1191182136535645, erank: 43.620635986328125
depth: 5, iteration: 168500, test_RMSE: 1.1191182136535645, erank: 43.619346618652344
depth: 5, iteration: 169000, test_RMSE: 1.1191182136535645, erank: 43.61811828613281
depth: 5, iteration: 169500, test_RMSE: 1.1191182136535645, erank: 43.61682891845703
depth: 5, iteration: 170000, test_RMSE: 1.1191182136535645, erank: 43.61555099487305
depth: 5, iteration: 170500, test_RMSE: 1.1191182136535645, erank: 43.61429214477539
depth: 5, iteration: 171000, test_RMSE: 1.1191182136535645, erank: 43.61296081542969
depth: 5, iteration: 171500, test_RMSE: 1.1191182136535645, erank: 43.611663818359375
depth: 5, iteration: 172000, test_RMSE: 1.1191182136535645, erank: 43.61040115356445
depth: 5, iteration: 172500, test_RMSE: 1.1191182136535645, erank: 43.60911560058594
depth: 5, iteration: 173000, test_RMSE: 1.1191182136535645, erank: 43.607791900634766
depth: 5, iteration: 173500, test_RMSE: 1.1191182136535645, erank: 43.60652542114258
depth: 5, iteration: 174000, test_RMSE: 1.1191182136535645, erank: 43.60520553588867
depth: 5, iteration: 174500, test_RMSE: 1.1191182136535645, erank: 43.603904724121094
depth: 5, iteration: 175000, test_RMSE: 1.1191182136535645, erank: 43.60255432128906
depth: 5, iteration: 175500, test_RMSE: 1.1191182136535645, erank: 43.60126495361328
depth: 5, iteration: 176000, test_RMSE: 1.1191182136535645, erank: 43.599945068359375
depth: 5, iteration: 176500, test_RMSE: 1.1191182136535645, erank: 43.59857177734375
depth: 5, iteration: 177000, test_RMSE: 1.1191182136535645, erank: 43.597293853759766
depth: 5, iteration: 177500, test_RMSE: 1.1191182136535645, erank: 43.59597396850586
depth: 5, iteration: 178000, test_RMSE: 1.1191182136535645, erank: 43.59461212158203
depth: 5, iteration: 178500, test_RMSE: 1.1191182136535645, erank: 43.593257904052734
depth: 5, iteration: 179000, test_RMSE: 1.1191182136535645, erank: 43.5919189453125
depth: 5, iteration: 179500, test_RMSE: 1.1191182136535645, erank: 43.59059143066406
depth: 5, iteration: 180000, test_RMSE: 1.1191182136535645, erank: 43.58924102783203
depth: 5, iteration: 180500, test_RMSE: 1.1191182136535645, erank: 43.587867736816406
depth: 5, iteration: 181000, test_RMSE: 1.1191182136535645, erank: 43.586483001708984
depth: 5, iteration: 181500, test_RMSE: 1.1191182136535645, erank: 43.58515548706055
depth: 5, iteration: 182000, test_RMSE: 1.1191182136535645, erank: 43.5837516784668
depth: 5, iteration: 182500, test_RMSE: 1.1191182136535645, erank: 43.582401275634766
depth: 5, iteration: 183000, test_RMSE: 1.1191182136535645, erank: 43.581016540527344
depth: 5, iteration: 183500, test_RMSE: 1.1191182136535645, erank: 43.57963943481445
depth: 5, iteration: 184000, test_RMSE: 1.1191182136535645, erank: 43.578224182128906
depth: 5, iteration: 184500, test_RMSE: 1.1191182136535645, erank: 43.5768928527832
depth: 5, iteration: 185000, test_RMSE: 1.1191182136535645, erank: 43.57551193237305
depth: 5, iteration: 185500, test_RMSE: 1.1191182136535645, erank: 43.57407760620117
depth: 5, iteration: 186000, test_RMSE: 1.1191182136535645, erank: 43.57272720336914
depth: 5, iteration: 186500, test_RMSE: 1.1191182136535645, erank: 43.571285247802734
depth: 5, iteration: 187000, test_RMSE: 1.1191182136535645, erank: 43.56985092163086
depth: 5, iteration: 187500, test_RMSE: 1.1191182136535645, erank: 43.56842041015625
depth: 5, iteration: 188000, test_RMSE: 1.1191182136535645, erank: 43.56706619262695
depth: 5, iteration: 188500, test_RMSE: 1.1191182136535645, erank: 43.56560516357422
depth: 5, iteration: 189000, test_RMSE: 1.1191182136535645, erank: 43.56415939331055
depth: 5, iteration: 189500, test_RMSE: 1.1191182136535645, erank: 43.56277847290039
depth: 5, iteration: 190000, test_RMSE: 1.1191182136535645, erank: 43.561302185058594
depth: 5, iteration: 190500, test_RMSE: 1.1191182136535645, erank: 43.559879302978516
depth: 5, iteration: 191000, test_RMSE: 1.1191182136535645, erank: 43.558448791503906
depth: 5, iteration: 191500, test_RMSE: 1.1191182136535645, erank: 43.557010650634766
depth: 5, iteration: 192000, test_RMSE: 1.1191182136535645, erank: 43.5555305480957
depth: 5, iteration: 192500, test_RMSE: 1.1191182136535645, erank: 43.55408477783203
depth: 5, iteration: 193000, test_RMSE: 1.1191182136535645, erank: 43.55263137817383
depth: 5, iteration: 193500, test_RMSE: 1.1191182136535645, erank: 43.551177978515625
depth: 5, iteration: 194000, test_RMSE: 1.1191182136535645, erank: 43.549659729003906
depth: 5, iteration: 194500, test_RMSE: 1.1191182136535645, erank: 43.54823684692383
depth: 5, iteration: 195000, test_RMSE: 1.1191182136535645, erank: 43.54670333862305
depth: 5, iteration: 195500, test_RMSE: 1.1191182136535645, erank: 43.545257568359375
depth: 5, iteration: 196000, test_RMSE: 1.1191182136535645, erank: 43.54384994506836
depth: 5, iteration: 196500, test_RMSE: 1.1191182136535645, erank: 43.54233169555664
depth: 5, iteration: 197000, test_RMSE: 1.1191182136535645, erank: 43.540836334228516
depth: 5, iteration: 197500, test_RMSE: 1.1191182136535645, erank: 43.53934097290039
depth: 5, iteration: 198000, test_RMSE: 1.1191182136535645, erank: 43.537845611572266
depth: 5, iteration: 198500, test_RMSE: 1.1191182136535645, erank: 43.53635025024414
depth: 5, iteration: 199000, test_RMSE: 1.1191182136535645, erank: 43.53482437133789
depth: 5, iteration: 199500, test_RMSE: 1.1191182136535645, erank: 43.53335952758789
