depth: 2, iteration: 0, test_RMSE: 1.125270962715149, erank: 66.81195068359375
depth: 2, iteration: 500, test_RMSE: 1.125270962715149, erank: 66.8107681274414
depth: 2, iteration: 1000, test_RMSE: 1.1252710819244385, erank: 66.80879211425781
depth: 2, iteration: 1500, test_RMSE: 1.1252710819244385, erank: 66.8061752319336
depth: 2, iteration: 2000, test_RMSE: 1.1252710819244385, erank: 66.80293273925781
depth: 2, iteration: 2500, test_RMSE: 1.1252710819244385, erank: 66.7990493774414
depth: 2, iteration: 3000, test_RMSE: 1.1252710819244385, erank: 66.79448699951172
depth: 2, iteration: 3500, test_RMSE: 1.1252710819244385, erank: 66.78936004638672
depth: 2, iteration: 4000, test_RMSE: 1.1252710819244385, erank: 66.7834701538086
depth: 2, iteration: 4500, test_RMSE: 1.1252710819244385, erank: 66.7768783569336
depth: 2, iteration: 5000, test_RMSE: 1.1252710819244385, erank: 66.769775390625
depth: 2, iteration: 5500, test_RMSE: 1.1252710819244385, erank: 66.76194763183594
depth: 2, iteration: 6000, test_RMSE: 1.1252710819244385, erank: 66.75344848632812
depth: 2, iteration: 6500, test_RMSE: 1.1252710819244385, erank: 66.7442855834961
depth: 2, iteration: 7000, test_RMSE: 1.1252710819244385, erank: 66.73441314697266
depth: 2, iteration: 7500, test_RMSE: 1.1252710819244385, erank: 66.7238540649414
depth: 2, iteration: 8000, test_RMSE: 1.1252710819244385, erank: 66.71265411376953
depth: 2, iteration: 8500, test_RMSE: 1.1252710819244385, erank: 66.70072937011719
depth: 2, iteration: 9000, test_RMSE: 1.1252710819244385, erank: 66.68816375732422
depth: 2, iteration: 9500, test_RMSE: 1.1252710819244385, erank: 66.67487335205078
depth: 2, iteration: 10000, test_RMSE: 1.1252710819244385, erank: 66.66085052490234
depth: 2, iteration: 10500, test_RMSE: 1.1252710819244385, erank: 66.64613342285156
depth: 2, iteration: 11000, test_RMSE: 1.1252710819244385, erank: 66.63072204589844
depth: 2, iteration: 11500, test_RMSE: 1.125271201133728, erank: 66.6146240234375
depth: 2, iteration: 12000, test_RMSE: 1.125271201133728, erank: 66.5977554321289
depth: 2, iteration: 12500, test_RMSE: 1.125271201133728, erank: 66.58026123046875
depth: 2, iteration: 13000, test_RMSE: 1.125271201133728, erank: 66.56197357177734
depth: 2, iteration: 13500, test_RMSE: 1.125271201133728, erank: 66.54338073730469
depth: 2, iteration: 14000, test_RMSE: 1.125271201133728, erank: 66.52424621582031
depth: 2, iteration: 14500, test_RMSE: 1.1252710819244385, erank: 66.50436401367188
depth: 2, iteration: 15000, test_RMSE: 1.125271201133728, erank: 66.4837875366211
depth: 2, iteration: 15500, test_RMSE: 1.125271201133728, erank: 66.46244812011719
depth: 2, iteration: 16000, test_RMSE: 1.125271201133728, erank: 66.44039154052734
depth: 2, iteration: 16500, test_RMSE: 1.1252713203430176, erank: 66.41771697998047
depth: 2, iteration: 17000, test_RMSE: 1.1252713203430176, erank: 66.39422607421875
depth: 2, iteration: 17500, test_RMSE: 1.1252713203430176, erank: 66.36994934082031
depth: 2, iteration: 18000, test_RMSE: 1.1252713203430176, erank: 66.34500885009766
depth: 2, iteration: 18500, test_RMSE: 1.1252713203430176, erank: 66.31926727294922
depth: 2, iteration: 19000, test_RMSE: 1.1252713203430176, erank: 66.29286193847656
depth: 2, iteration: 19500, test_RMSE: 1.1252713203430176, erank: 66.26561737060547
depth: 2, iteration: 20000, test_RMSE: 1.1252713203430176, erank: 66.2376937866211
depth: 2, iteration: 20500, test_RMSE: 1.1252713203430176, erank: 66.20901489257812
depth: 2, iteration: 21000, test_RMSE: 1.1252713203430176, erank: 66.17951202392578
depth: 2, iteration: 21500, test_RMSE: 1.1252713203430176, erank: 66.1493148803711
depth: 2, iteration: 22000, test_RMSE: 1.1252713203430176, erank: 66.11831665039062
depth: 2, iteration: 22500, test_RMSE: 1.1252713203430176, erank: 66.08651733398438
depth: 2, iteration: 23000, test_RMSE: 1.1252713203430176, erank: 66.05400085449219
depth: 2, iteration: 23500, test_RMSE: 1.1252713203430176, erank: 66.02069091796875
depth: 2, iteration: 24000, test_RMSE: 1.1252713203430176, erank: 65.98656463623047
depth: 2, iteration: 24500, test_RMSE: 1.1252713203430176, erank: 65.95174407958984
depth: 2, iteration: 25000, test_RMSE: 1.1252713203430176, erank: 65.91606140136719
depth: 2, iteration: 25500, test_RMSE: 1.1252713203430176, erank: 65.87964630126953
depth: 2, iteration: 26000, test_RMSE: 1.1252713203430176, erank: 65.8424301147461
depth: 2, iteration: 26500, test_RMSE: 1.1252713203430176, erank: 65.8044204711914
depth: 2, iteration: 27000, test_RMSE: 1.1252713203430176, erank: 65.76561737060547
depth: 2, iteration: 27500, test_RMSE: 1.1252713203430176, erank: 65.72599029541016
depth: 2, iteration: 28000, test_RMSE: 1.1252714395523071, erank: 65.68563842773438
depth: 2, iteration: 28500, test_RMSE: 1.1252714395523071, erank: 65.64437103271484
depth: 2, iteration: 29000, test_RMSE: 1.1252713203430176, erank: 65.60237121582031
depth: 2, iteration: 29500, test_RMSE: 1.1252713203430176, erank: 65.5595932006836
depth: 2, iteration: 30000, test_RMSE: 1.1252713203430176, erank: 65.51602935791016
depth: 2, iteration: 30500, test_RMSE: 1.1252714395523071, erank: 65.47159576416016
depth: 2, iteration: 31000, test_RMSE: 1.1252714395523071, erank: 65.42642974853516
depth: 2, iteration: 31500, test_RMSE: 1.1252714395523071, erank: 65.38037109375
depth: 2, iteration: 32000, test_RMSE: 1.1252713203430176, erank: 65.33352661132812
depth: 2, iteration: 32500, test_RMSE: 1.1252713203430176, erank: 65.28594207763672
depth: 2, iteration: 33000, test_RMSE: 1.1252714395523071, erank: 65.23745727539062
depth: 2, iteration: 33500, test_RMSE: 1.1252714395523071, erank: 65.18820190429688
depth: 2, iteration: 34000, test_RMSE: 1.1252713203430176, erank: 65.13814544677734
depth: 2, iteration: 34500, test_RMSE: 1.1252714395523071, erank: 65.0872573852539
depth: 2, iteration: 35000, test_RMSE: 1.1252713203430176, erank: 65.03553771972656
depth: 2, iteration: 35500, test_RMSE: 1.1252713203430176, erank: 64.98299407958984
depth: 2, iteration: 36000, test_RMSE: 1.1252714395523071, erank: 64.92965698242188
depth: 2, iteration: 36500, test_RMSE: 1.1252714395523071, erank: 64.87553405761719
depth: 2, iteration: 37000, test_RMSE: 1.1252713203430176, erank: 64.82051849365234
depth: 2, iteration: 37500, test_RMSE: 1.1252713203430176, erank: 64.76472473144531
depth: 2, iteration: 38000, test_RMSE: 1.1252713203430176, erank: 64.70805358886719
depth: 2, iteration: 38500, test_RMSE: 1.1252713203430176, erank: 64.65062713623047
depth: 2, iteration: 39000, test_RMSE: 1.1252713203430176, erank: 64.59226989746094
depth: 2, iteration: 39500, test_RMSE: 1.1252713203430176, erank: 64.53315734863281
depth: 2, iteration: 40000, test_RMSE: 1.1252713203430176, erank: 64.47318267822266
depth: 2, iteration: 40500, test_RMSE: 1.1252713203430176, erank: 64.41246032714844
depth: 2, iteration: 41000, test_RMSE: 1.1252713203430176, erank: 64.35081481933594
depth: 2, iteration: 41500, test_RMSE: 1.1252713203430176, erank: 64.28837585449219
depth: 2, iteration: 42000, test_RMSE: 1.1252713203430176, erank: 64.22509765625
depth: 2, iteration: 42500, test_RMSE: 1.1252713203430176, erank: 64.16191864013672
depth: 2, iteration: 43000, test_RMSE: 1.1252713203430176, erank: 64.09785461425781
depth: 2, iteration: 43500, test_RMSE: 1.1252713203430176, erank: 64.03299713134766
depth: 2, iteration: 44000, test_RMSE: 1.1252713203430176, erank: 63.96729278564453
depth: 2, iteration: 44500, test_RMSE: 1.1252713203430176, erank: 63.9007453918457
depth: 2, iteration: 45000, test_RMSE: 1.1252713203430176, erank: 63.833316802978516
depth: 2, iteration: 45500, test_RMSE: 1.1252713203430176, erank: 63.765140533447266
depth: 2, iteration: 46000, test_RMSE: 1.1252713203430176, erank: 63.6960334777832
depth: 2, iteration: 46500, test_RMSE: 1.1252713203430176, erank: 63.626190185546875
depth: 2, iteration: 47000, test_RMSE: 1.1252713203430176, erank: 63.555538177490234
depth: 2, iteration: 47500, test_RMSE: 1.1252713203430176, erank: 63.48396301269531
depth: 2, iteration: 48000, test_RMSE: 1.1252713203430176, erank: 63.41165542602539
depth: 2, iteration: 48500, test_RMSE: 1.1252713203430176, erank: 63.338462829589844
depth: 2, iteration: 49000, test_RMSE: 1.1252713203430176, erank: 63.26445007324219
depth: 2, iteration: 49500, test_RMSE: 1.125271201133728, erank: 63.18962097167969
depth: 2, iteration: 50000, test_RMSE: 1.1252713203430176, erank: 63.11391830444336
depth: 2, iteration: 50500, test_RMSE: 1.125271201133728, erank: 63.03737258911133
depth: 2, iteration: 51000, test_RMSE: 1.125271201133728, erank: 62.960079193115234
depth: 2, iteration: 51500, test_RMSE: 1.125271201133728, erank: 62.88188934326172
depth: 2, iteration: 52000, test_RMSE: 1.1252710819244385, erank: 62.80284118652344
depth: 2, iteration: 52500, test_RMSE: 1.1252710819244385, erank: 62.722991943359375
depth: 2, iteration: 53000, test_RMSE: 1.1252710819244385, erank: 62.64229202270508
depth: 2, iteration: 53500, test_RMSE: 1.1252710819244385, erank: 62.56083297729492
depth: 2, iteration: 54000, test_RMSE: 1.1252710819244385, erank: 62.478546142578125
depth: 2, iteration: 54500, test_RMSE: 1.1252710819244385, erank: 62.39527893066406
depth: 2, iteration: 55000, test_RMSE: 1.1252710819244385, erank: 62.31131362915039
depth: 2, iteration: 55500, test_RMSE: 1.1252710819244385, erank: 62.2264518737793
depth: 2, iteration: 56000, test_RMSE: 1.1252710819244385, erank: 62.14073181152344
depth: 2, iteration: 56500, test_RMSE: 1.1252710819244385, erank: 62.054237365722656
depth: 2, iteration: 57000, test_RMSE: 1.1252710819244385, erank: 61.966835021972656
depth: 2, iteration: 57500, test_RMSE: 1.1252710819244385, erank: 61.878665924072266
depth: 2, iteration: 58000, test_RMSE: 1.1252710819244385, erank: 61.78962707519531
depth: 2, iteration: 58500, test_RMSE: 1.125270962715149, erank: 61.699764251708984
depth: 2, iteration: 59000, test_RMSE: 1.125270962715149, erank: 61.609039306640625
depth: 2, iteration: 59500, test_RMSE: 1.125270962715149, erank: 61.51750946044922
depth: 2, iteration: 60000, test_RMSE: 1.125270962715149, erank: 61.425174713134766
depth: 2, iteration: 60500, test_RMSE: 1.125270962715149, erank: 61.331932067871094
depth: 2, iteration: 61000, test_RMSE: 1.125270962715149, erank: 61.23788833618164
depth: 2, iteration: 61500, test_RMSE: 1.1252708435058594, erank: 61.143062591552734
depth: 2, iteration: 62000, test_RMSE: 1.1252708435058594, erank: 61.04732894897461
depth: 2, iteration: 62500, test_RMSE: 1.1252708435058594, erank: 60.95082473754883
depth: 2, iteration: 63000, test_RMSE: 1.1252708435058594, erank: 60.853477478027344
depth: 2, iteration: 63500, test_RMSE: 1.1252708435058594, erank: 60.75530242919922
depth: 2, iteration: 64000, test_RMSE: 1.1252707242965698, erank: 60.656307220458984
depth: 2, iteration: 64500, test_RMSE: 1.1252707242965698, erank: 60.556373596191406
depth: 2, iteration: 65000, test_RMSE: 1.1252707242965698, erank: 60.45571517944336
depth: 2, iteration: 65500, test_RMSE: 1.1252707242965698, erank: 60.35420608520508
depth: 2, iteration: 66000, test_RMSE: 1.1252707242965698, erank: 60.25189971923828
depth: 2, iteration: 66500, test_RMSE: 1.1252707242965698, erank: 60.14878845214844
depth: 2, iteration: 67000, test_RMSE: 1.1252706050872803, erank: 60.04473876953125
depth: 2, iteration: 67500, test_RMSE: 1.1252706050872803, erank: 59.93992233276367
depth: 2, iteration: 68000, test_RMSE: 1.1252706050872803, erank: 59.834320068359375
depth: 2, iteration: 68500, test_RMSE: 1.1252704858779907, erank: 59.727962493896484
depth: 2, iteration: 69000, test_RMSE: 1.1252704858779907, erank: 59.620662689208984
depth: 2, iteration: 69500, test_RMSE: 1.1252704858779907, erank: 59.51261520385742
depth: 2, iteration: 70000, test_RMSE: 1.1252704858779907, erank: 59.40377426147461
depth: 2, iteration: 70500, test_RMSE: 1.1252704858779907, erank: 59.29411315917969
depth: 2, iteration: 71000, test_RMSE: 1.1252703666687012, erank: 59.18355178833008
depth: 2, iteration: 71500, test_RMSE: 1.1252703666687012, erank: 59.072269439697266
depth: 2, iteration: 72000, test_RMSE: 1.1252702474594116, erank: 58.960208892822266
depth: 2, iteration: 72500, test_RMSE: 1.1252702474594116, erank: 58.847267150878906
depth: 2, iteration: 73000, test_RMSE: 1.1252702474594116, erank: 58.7335090637207
depth: 2, iteration: 73500, test_RMSE: 1.125270128250122, erank: 58.61904525756836
depth: 2, iteration: 74000, test_RMSE: 1.125270128250122, erank: 58.503665924072266
depth: 2, iteration: 74500, test_RMSE: 1.125270128250122, erank: 58.3875617980957
depth: 2, iteration: 75000, test_RMSE: 1.125270128250122, erank: 58.270687103271484
depth: 2, iteration: 75500, test_RMSE: 1.125270128250122, erank: 58.1529426574707
depth: 2, iteration: 76000, test_RMSE: 1.1252700090408325, erank: 58.03438186645508
depth: 2, iteration: 76500, test_RMSE: 1.1252700090408325, erank: 57.91512680053711
depth: 2, iteration: 77000, test_RMSE: 1.125269889831543, erank: 57.79503631591797
depth: 2, iteration: 77500, test_RMSE: 1.125269889831543, erank: 57.67417907714844
depth: 2, iteration: 78000, test_RMSE: 1.1252697706222534, erank: 57.55242156982422
depth: 2, iteration: 78500, test_RMSE: 1.1252697706222534, erank: 57.429988861083984
depth: 2, iteration: 79000, test_RMSE: 1.1252697706222534, erank: 57.30681228637695
depth: 2, iteration: 79500, test_RMSE: 1.1252696514129639, erank: 57.182857513427734
depth: 2, iteration: 80000, test_RMSE: 1.1252696514129639, erank: 57.05802917480469
depth: 2, iteration: 80500, test_RMSE: 1.1252696514129639, erank: 56.932552337646484
depth: 2, iteration: 81000, test_RMSE: 1.1252695322036743, erank: 56.806236267089844
depth: 2, iteration: 81500, test_RMSE: 1.1252695322036743, erank: 56.67912292480469
depth: 2, iteration: 82000, test_RMSE: 1.1252694129943848, erank: 56.55129623413086
depth: 2, iteration: 82500, test_RMSE: 1.1252694129943848, erank: 56.422733306884766
depth: 2, iteration: 83000, test_RMSE: 1.1252692937850952, erank: 56.293312072753906
depth: 2, iteration: 83500, test_RMSE: 1.1252692937850952, erank: 56.1632194519043
depth: 2, iteration: 84000, test_RMSE: 1.1252691745758057, erank: 56.03244400024414
depth: 2, iteration: 84500, test_RMSE: 1.1252691745758057, erank: 55.90079879760742
depth: 2, iteration: 85000, test_RMSE: 1.1252691745758057, erank: 55.76844787597656
depth: 2, iteration: 85500, test_RMSE: 1.1252689361572266, erank: 55.635353088378906
depth: 2, iteration: 86000, test_RMSE: 1.1252689361572266, erank: 55.50149154663086
depth: 2, iteration: 86500, test_RMSE: 1.125268816947937, erank: 55.366920471191406
depth: 2, iteration: 87000, test_RMSE: 1.125268816947937, erank: 55.23159408569336
depth: 2, iteration: 87500, test_RMSE: 1.1252686977386475, erank: 55.09560012817383
depth: 2, iteration: 88000, test_RMSE: 1.1252686977386475, erank: 54.9588737487793
depth: 2, iteration: 88500, test_RMSE: 1.125268578529358, erank: 54.8214111328125
depth: 2, iteration: 89000, test_RMSE: 1.125268578529358, erank: 54.68321990966797
depth: 2, iteration: 89500, test_RMSE: 1.1252684593200684, erank: 54.54441452026367
depth: 2, iteration: 90000, test_RMSE: 1.1252683401107788, erank: 54.40481948852539
depth: 2, iteration: 90500, test_RMSE: 1.1252683401107788, erank: 54.26445007324219
depth: 2, iteration: 91000, test_RMSE: 1.1252682209014893, erank: 54.12343215942383
depth: 2, iteration: 91500, test_RMSE: 1.1252682209014893, erank: 53.981788635253906
depth: 2, iteration: 92000, test_RMSE: 1.1252681016921997, erank: 53.83938980102539
depth: 2, iteration: 92500, test_RMSE: 1.1252679824829102, erank: 53.696285247802734
depth: 2, iteration: 93000, test_RMSE: 1.1252678632736206, erank: 53.552555084228516
depth: 2, iteration: 93500, test_RMSE: 1.125267744064331, erank: 53.408077239990234
depth: 2, iteration: 94000, test_RMSE: 1.125267744064331, erank: 53.2630500793457
depth: 2, iteration: 94500, test_RMSE: 1.125267744064331, erank: 53.117279052734375
depth: 2, iteration: 95000, test_RMSE: 1.1252676248550415, erank: 52.970829010009766
depth: 2, iteration: 95500, test_RMSE: 1.125267505645752, erank: 52.82374954223633
depth: 2, iteration: 96000, test_RMSE: 1.1252673864364624, erank: 52.675987243652344
depth: 2, iteration: 96500, test_RMSE: 1.1252672672271729, erank: 52.52761459350586
depth: 2, iteration: 97000, test_RMSE: 1.1252672672271729, erank: 52.37862777709961
depth: 2, iteration: 97500, test_RMSE: 1.1252671480178833, erank: 52.228912353515625
depth: 2, iteration: 98000, test_RMSE: 1.1252670288085938, erank: 52.07859802246094
depth: 2, iteration: 98500, test_RMSE: 1.1252669095993042, erank: 51.927696228027344
depth: 2, iteration: 99000, test_RMSE: 1.1252667903900146, erank: 51.77622985839844
depth: 2, iteration: 99500, test_RMSE: 1.125266671180725, erank: 51.62395095825195
depth: 2, iteration: 100000, test_RMSE: 1.1252665519714355, erank: 51.471275329589844
depth: 2, iteration: 100500, test_RMSE: 1.125266432762146, erank: 51.317787170410156
depth: 2, iteration: 101000, test_RMSE: 1.1252663135528564, erank: 51.163780212402344
depth: 2, iteration: 101500, test_RMSE: 1.1252663135528564, erank: 51.00930404663086
depth: 2, iteration: 102000, test_RMSE: 1.125266194343567, erank: 50.8541259765625
depth: 2, iteration: 102500, test_RMSE: 1.1252659559249878, erank: 50.69841766357422
depth: 2, iteration: 103000, test_RMSE: 1.1252658367156982, erank: 50.542118072509766
depth: 2, iteration: 103500, test_RMSE: 1.1252657175064087, erank: 50.38521194458008
depth: 2, iteration: 104000, test_RMSE: 1.1252655982971191, erank: 50.227783203125
depth: 2, iteration: 104500, test_RMSE: 1.1252654790878296, erank: 50.06971740722656
depth: 2, iteration: 105000, test_RMSE: 1.12526535987854, erank: 49.91115188598633
depth: 2, iteration: 105500, test_RMSE: 1.1252652406692505, erank: 49.75209426879883
depth: 2, iteration: 106000, test_RMSE: 1.125265121459961, erank: 49.59245300292969
depth: 2, iteration: 106500, test_RMSE: 1.1252650022506714, erank: 49.43229675292969
depth: 2, iteration: 107000, test_RMSE: 1.1252648830413818, erank: 49.27164077758789
depth: 2, iteration: 107500, test_RMSE: 1.1252647638320923, erank: 49.11042404174805
depth: 2, iteration: 108000, test_RMSE: 1.1252645254135132, erank: 48.948734283447266
depth: 2, iteration: 108500, test_RMSE: 1.1252644062042236, erank: 48.78654479980469
depth: 2, iteration: 109000, test_RMSE: 1.125264286994934, erank: 48.623741149902344
depth: 2, iteration: 109500, test_RMSE: 1.125264048576355, erank: 48.46064758300781
depth: 2, iteration: 110000, test_RMSE: 1.1252639293670654, erank: 48.29689407348633
depth: 2, iteration: 110500, test_RMSE: 1.1252638101577759, erank: 48.132774353027344
depth: 2, iteration: 111000, test_RMSE: 1.1252636909484863, erank: 47.9681396484375
depth: 2, iteration: 111500, test_RMSE: 1.1252634525299072, erank: 47.803062438964844
depth: 2, iteration: 112000, test_RMSE: 1.1252633333206177, erank: 47.63772964477539
depth: 2, iteration: 112500, test_RMSE: 1.1252632141113281, erank: 47.4719352722168
depth: 2, iteration: 113000, test_RMSE: 1.125262975692749, erank: 47.30569839477539
depth: 2, iteration: 113500, test_RMSE: 1.1252628564834595, erank: 47.13896942138672
depth: 2, iteration: 114000, test_RMSE: 1.1252626180648804, erank: 46.971832275390625
depth: 2, iteration: 114500, test_RMSE: 1.1252624988555908, erank: 46.80427169799805
depth: 2, iteration: 115000, test_RMSE: 1.1252623796463013, erank: 46.63631820678711
depth: 2, iteration: 115500, test_RMSE: 1.1252620220184326, erank: 46.46800231933594
depth: 2, iteration: 116000, test_RMSE: 1.125261902809143, erank: 46.299278259277344
depth: 2, iteration: 116500, test_RMSE: 1.125261664390564, erank: 46.130104064941406
depth: 2, iteration: 117000, test_RMSE: 1.1252615451812744, erank: 45.9605827331543
depth: 2, iteration: 117500, test_RMSE: 1.1252614259719849, erank: 45.79071807861328
depth: 2, iteration: 118000, test_RMSE: 1.1252611875534058, erank: 45.62051773071289
depth: 2, iteration: 118500, test_RMSE: 1.1252609491348267, erank: 45.44993209838867
depth: 2, iteration: 119000, test_RMSE: 1.1252607107162476, erank: 45.27896499633789
depth: 2, iteration: 119500, test_RMSE: 1.125260591506958, erank: 45.107723236083984
depth: 2, iteration: 120000, test_RMSE: 1.125260353088379, erank: 44.93605041503906
depth: 2, iteration: 120500, test_RMSE: 1.1252601146697998, erank: 44.76420211791992
depth: 2, iteration: 121000, test_RMSE: 1.1252598762512207, erank: 44.592002868652344
depth: 2, iteration: 121500, test_RMSE: 1.1252596378326416, erank: 44.41945266723633
depth: 2, iteration: 122000, test_RMSE: 1.1252593994140625, erank: 44.24662780761719
depth: 2, iteration: 122500, test_RMSE: 1.1252591609954834, erank: 44.07355880737305
depth: 2, iteration: 123000, test_RMSE: 1.1252590417861938, erank: 43.900184631347656
depth: 2, iteration: 123500, test_RMSE: 1.1252586841583252, erank: 43.726593017578125
depth: 2, iteration: 124000, test_RMSE: 1.125258445739746, erank: 43.55268096923828
depth: 2, iteration: 124500, test_RMSE: 1.125258207321167, erank: 43.378543853759766
depth: 2, iteration: 125000, test_RMSE: 1.1252580881118774, erank: 43.204227447509766
depth: 2, iteration: 125500, test_RMSE: 1.1252577304840088, erank: 43.029693603515625
depth: 2, iteration: 126000, test_RMSE: 1.1252574920654297, erank: 42.85486602783203
depth: 2, iteration: 126500, test_RMSE: 1.1252572536468506, erank: 42.679840087890625
depth: 2, iteration: 127000, test_RMSE: 1.125256896018982, erank: 42.50471115112305
depth: 2, iteration: 127500, test_RMSE: 1.1252566576004028, erank: 42.329341888427734
depth: 2, iteration: 128000, test_RMSE: 1.1252564191818237, erank: 42.15378189086914
depth: 2, iteration: 128500, test_RMSE: 1.1252561807632446, erank: 41.97802734375
depth: 2, iteration: 129000, test_RMSE: 1.125255823135376, erank: 41.802154541015625
depth: 2, iteration: 129500, test_RMSE: 1.1252555847167969, erank: 41.62604904174805
depth: 2, iteration: 130000, test_RMSE: 1.1252552270889282, erank: 41.44987869262695
depth: 2, iteration: 130500, test_RMSE: 1.1252549886703491, erank: 41.27359390258789
depth: 2, iteration: 131000, test_RMSE: 1.1252546310424805, erank: 41.097286224365234
depth: 2, iteration: 131500, test_RMSE: 1.1252543926239014, erank: 40.92070007324219
depth: 2, iteration: 132000, test_RMSE: 1.1252540349960327, erank: 40.74395751953125
depth: 2, iteration: 132500, test_RMSE: 1.125253677368164, erank: 40.56730270385742
depth: 2, iteration: 133000, test_RMSE: 1.125253438949585, erank: 40.39046096801758
depth: 2, iteration: 133500, test_RMSE: 1.1252530813217163, erank: 40.21350860595703
depth: 2, iteration: 134000, test_RMSE: 1.1252527236938477, erank: 40.03662109375
depth: 2, iteration: 134500, test_RMSE: 1.125252366065979, erank: 39.859710693359375
depth: 2, iteration: 135000, test_RMSE: 1.1252520084381104, erank: 39.682701110839844
depth: 2, iteration: 135500, test_RMSE: 1.1252516508102417, erank: 39.505523681640625
depth: 2, iteration: 136000, test_RMSE: 1.1252514123916626, erank: 39.328468322753906
depth: 2, iteration: 136500, test_RMSE: 1.125251054763794, erank: 39.15143585205078
depth: 2, iteration: 137000, test_RMSE: 1.1252505779266357, erank: 38.9742317199707
depth: 2, iteration: 137500, test_RMSE: 1.1252503395080566, erank: 38.79718780517578
depth: 2, iteration: 138000, test_RMSE: 1.1252498626708984, erank: 38.62013244628906
depth: 2, iteration: 138500, test_RMSE: 1.1252495050430298, erank: 38.443111419677734
depth: 2, iteration: 139000, test_RMSE: 1.1252491474151611, erank: 38.266109466552734
depth: 2, iteration: 139500, test_RMSE: 1.1252487897872925, erank: 38.089107513427734
depth: 2, iteration: 140000, test_RMSE: 1.1252483129501343, erank: 37.91218185424805
depth: 2, iteration: 140500, test_RMSE: 1.1252479553222656, erank: 37.7353515625
depth: 2, iteration: 141000, test_RMSE: 1.1252474784851074, erank: 37.55862808227539
depth: 2, iteration: 141500, test_RMSE: 1.1252471208572388, erank: 37.38193893432617
depth: 2, iteration: 142000, test_RMSE: 1.1252466440200806, erank: 37.20537185668945
depth: 2, iteration: 142500, test_RMSE: 1.1252461671829224, erank: 37.02879333496094
depth: 2, iteration: 143000, test_RMSE: 1.1252458095550537, erank: 36.85240936279297
depth: 2, iteration: 143500, test_RMSE: 1.1252453327178955, erank: 36.67618179321289
depth: 2, iteration: 144000, test_RMSE: 1.1252448558807373, erank: 36.49997329711914
depth: 2, iteration: 144500, test_RMSE: 1.125244379043579, erank: 36.32402038574219
depth: 2, iteration: 145000, test_RMSE: 1.125243902206421, erank: 36.14824295043945
depth: 2, iteration: 145500, test_RMSE: 1.1252434253692627, erank: 35.97251510620117
depth: 2, iteration: 146000, test_RMSE: 1.1252429485321045, erank: 35.797035217285156
depth: 2, iteration: 146500, test_RMSE: 1.1252424716949463, erank: 35.62166213989258
depth: 2, iteration: 147000, test_RMSE: 1.125241994857788, erank: 35.446571350097656
depth: 2, iteration: 147500, test_RMSE: 1.1252415180206299, erank: 35.2715950012207
depth: 2, iteration: 148000, test_RMSE: 1.1252410411834717, erank: 35.096858978271484
depth: 2, iteration: 148500, test_RMSE: 1.125240445137024, erank: 34.92226028442383
depth: 2, iteration: 149000, test_RMSE: 1.1252399682998657, erank: 34.747989654541016
depth: 2, iteration: 149500, test_RMSE: 1.125239372253418, erank: 34.57389831542969
depth: 2, iteration: 150000, test_RMSE: 1.1252387762069702, erank: 34.40009307861328
depth: 2, iteration: 150500, test_RMSE: 1.125238299369812, erank: 34.22654342651367
depth: 2, iteration: 151000, test_RMSE: 1.1252377033233643, erank: 34.05323791503906
depth: 2, iteration: 151500, test_RMSE: 1.125237226486206, erank: 33.88022994995117
depth: 2, iteration: 152000, test_RMSE: 1.1252366304397583, erank: 33.70735168457031
depth: 2, iteration: 152500, test_RMSE: 1.1252360343933105, erank: 33.534969329833984
depth: 2, iteration: 153000, test_RMSE: 1.1252354383468628, erank: 33.362728118896484
depth: 2, iteration: 153500, test_RMSE: 1.125234842300415, erank: 33.19077682495117
depth: 2, iteration: 154000, test_RMSE: 1.1252341270446777, erank: 33.01919937133789
depth: 2, iteration: 154500, test_RMSE: 1.12523353099823, erank: 32.847877502441406
depth: 2, iteration: 155000, test_RMSE: 1.1252329349517822, erank: 32.6770133972168
depth: 2, iteration: 155500, test_RMSE: 1.1252323389053345, erank: 32.50638198852539
depth: 2, iteration: 156000, test_RMSE: 1.1252316236495972, erank: 32.33619689941406
depth: 2, iteration: 156500, test_RMSE: 1.1252310276031494, erank: 32.16623306274414
depth: 2, iteration: 157000, test_RMSE: 1.125230312347412, erank: 31.99663543701172
depth: 2, iteration: 157500, test_RMSE: 1.1252295970916748, erank: 31.8275089263916
depth: 2, iteration: 158000, test_RMSE: 1.125229001045227, erank: 31.658580780029297
depth: 2, iteration: 158500, test_RMSE: 1.1252281665802002, erank: 31.49024772644043
depth: 2, iteration: 159000, test_RMSE: 1.1252275705337524, erank: 31.322179794311523
depth: 2, iteration: 159500, test_RMSE: 1.1252267360687256, erank: 31.154521942138672
depth: 2, iteration: 160000, test_RMSE: 1.1252261400222778, erank: 30.98731231689453
depth: 2, iteration: 160500, test_RMSE: 1.125225305557251, erank: 30.820419311523438
depth: 2, iteration: 161000, test_RMSE: 1.1252245903015137, erank: 30.65399742126465
depth: 2, iteration: 161500, test_RMSE: 1.1252237558364868, erank: 30.488100051879883
depth: 2, iteration: 162000, test_RMSE: 1.12522292137146, erank: 30.32253074645996
depth: 2, iteration: 162500, test_RMSE: 1.1252222061157227, erank: 30.157455444335938
depth: 2, iteration: 163000, test_RMSE: 1.1252213716506958, erank: 29.992794036865234
depth: 2, iteration: 163500, test_RMSE: 1.125220537185669, erank: 29.828575134277344
depth: 2, iteration: 164000, test_RMSE: 1.125219702720642, erank: 29.664901733398438
depth: 2, iteration: 164500, test_RMSE: 1.1252188682556152, erank: 29.501649856567383
depth: 2, iteration: 165000, test_RMSE: 1.125218152999878, erank: 29.338775634765625
depth: 2, iteration: 165500, test_RMSE: 1.1252171993255615, erank: 29.176490783691406
depth: 2, iteration: 166000, test_RMSE: 1.1252162456512451, erank: 29.01479721069336
depth: 2, iteration: 166500, test_RMSE: 1.1252154111862183, erank: 28.853347778320312
depth: 2, iteration: 167000, test_RMSE: 1.1252144575119019, erank: 28.692617416381836
depth: 2, iteration: 167500, test_RMSE: 1.1252135038375854, erank: 28.532211303710938
depth: 2, iteration: 168000, test_RMSE: 1.1252126693725586, erank: 28.37245750427246
depth: 2, iteration: 168500, test_RMSE: 1.1252117156982422, erank: 28.213117599487305
depth: 2, iteration: 169000, test_RMSE: 1.1252107620239258, erank: 28.05436134338379
depth: 2, iteration: 169500, test_RMSE: 1.1252096891403198, erank: 27.896127700805664
depth: 2, iteration: 170000, test_RMSE: 1.1252087354660034, erank: 27.7384033203125
depth: 2, iteration: 170500, test_RMSE: 1.125207781791687, erank: 27.581180572509766
depth: 2, iteration: 171000, test_RMSE: 1.1252068281173706, erank: 27.42461585998535
depth: 2, iteration: 171500, test_RMSE: 1.1252057552337646, erank: 27.268423080444336
depth: 2, iteration: 172000, test_RMSE: 1.1252046823501587, erank: 27.112979888916016
depth: 2, iteration: 172500, test_RMSE: 1.1252036094665527, erank: 26.95797348022461
depth: 2, iteration: 173000, test_RMSE: 1.1252025365829468, erank: 26.80352020263672
depth: 2, iteration: 173500, test_RMSE: 1.1252014636993408, erank: 26.649696350097656
depth: 2, iteration: 174000, test_RMSE: 1.1252002716064453, erank: 26.49650001525879
depth: 2, iteration: 174500, test_RMSE: 1.1251991987228394, erank: 26.34380340576172
depth: 2, iteration: 175000, test_RMSE: 1.1251980066299438, erank: 26.191701889038086
depth: 2, iteration: 175500, test_RMSE: 1.1251968145370483, erank: 26.040241241455078
depth: 2, iteration: 176000, test_RMSE: 1.1251956224441528, erank: 25.889312744140625
depth: 2, iteration: 176500, test_RMSE: 1.1251944303512573, erank: 25.73891830444336
depth: 2, iteration: 177000, test_RMSE: 1.1251932382583618, erank: 25.58926773071289
depth: 2, iteration: 177500, test_RMSE: 1.1251920461654663, erank: 25.440113067626953
depth: 2, iteration: 178000, test_RMSE: 1.1251907348632812, erank: 25.291715621948242
depth: 2, iteration: 178500, test_RMSE: 1.1251895427703857, erank: 25.143726348876953
depth: 2, iteration: 179000, test_RMSE: 1.1251882314682007, erank: 24.99646759033203
depth: 2, iteration: 179500, test_RMSE: 1.1251869201660156, erank: 24.849821090698242
depth: 2, iteration: 180000, test_RMSE: 1.1251856088638306, erank: 24.703847885131836
depth: 2, iteration: 180500, test_RMSE: 1.125184178352356, erank: 24.55845069885254
depth: 2, iteration: 181000, test_RMSE: 1.125182867050171, erank: 24.413658142089844
depth: 2, iteration: 181500, test_RMSE: 1.1251815557479858, erank: 24.269529342651367
depth: 2, iteration: 182000, test_RMSE: 1.1251800060272217, erank: 24.126062393188477
depth: 2, iteration: 182500, test_RMSE: 1.1251786947250366, erank: 23.98307991027832
depth: 2, iteration: 183000, test_RMSE: 1.125177264213562, erank: 23.840925216674805
depth: 2, iteration: 183500, test_RMSE: 1.1251757144927979, erank: 23.69939613342285
depth: 2, iteration: 184000, test_RMSE: 1.1251742839813232, erank: 23.558429718017578
depth: 2, iteration: 184500, test_RMSE: 1.125172734260559, erank: 23.41813087463379
depth: 2, iteration: 185000, test_RMSE: 1.1251710653305054, erank: 23.2785587310791
depth: 2, iteration: 185500, test_RMSE: 1.1251696348190308, erank: 23.139585494995117
depth: 2, iteration: 186000, test_RMSE: 1.1251680850982666, erank: 23.001327514648438
depth: 2, iteration: 186500, test_RMSE: 1.125166416168213, erank: 22.863672256469727
depth: 2, iteration: 187000, test_RMSE: 1.1251647472381592, erank: 22.726673126220703
depth: 2, iteration: 187500, test_RMSE: 1.1251630783081055, erank: 22.590347290039062
depth: 2, iteration: 188000, test_RMSE: 1.1251614093780518, erank: 22.454761505126953
depth: 2, iteration: 188500, test_RMSE: 1.125159740447998, erank: 22.31978416442871
depth: 2, iteration: 189000, test_RMSE: 1.1251579523086548, erank: 22.18545150756836
depth: 2, iteration: 189500, test_RMSE: 1.125156283378601, erank: 22.05178451538086
depth: 2, iteration: 190000, test_RMSE: 1.1251544952392578, erank: 21.918840408325195
depth: 2, iteration: 190500, test_RMSE: 1.1251527070999146, erank: 21.78654670715332
depth: 2, iteration: 191000, test_RMSE: 1.1251507997512817, erank: 21.654937744140625
depth: 2, iteration: 191500, test_RMSE: 1.1251490116119385, erank: 21.52399444580078
depth: 2, iteration: 192000, test_RMSE: 1.1251472234725952, erank: 21.39375114440918
depth: 2, iteration: 192500, test_RMSE: 1.1251451969146729, erank: 21.26410484313965
depth: 2, iteration: 193000, test_RMSE: 1.12514328956604, erank: 21.135208129882812
depth: 2, iteration: 193500, test_RMSE: 1.1251413822174072, erank: 21.00697135925293
depth: 2, iteration: 194000, test_RMSE: 1.1251393556594849, erank: 20.879520416259766
depth: 2, iteration: 194500, test_RMSE: 1.1251373291015625, erank: 20.752544403076172
depth: 2, iteration: 195000, test_RMSE: 1.1251353025436401, erank: 20.62635040283203
depth: 2, iteration: 195500, test_RMSE: 1.1251331567764282, erank: 20.500957489013672
depth: 2, iteration: 196000, test_RMSE: 1.1251310110092163, erank: 20.376171112060547
depth: 2, iteration: 196500, test_RMSE: 1.125128984451294, erank: 20.252086639404297
depth: 2, iteration: 197000, test_RMSE: 1.1251267194747925, erank: 20.128639221191406
depth: 2, iteration: 197500, test_RMSE: 1.1251245737075806, erank: 20.005813598632812
depth: 2, iteration: 198000, test_RMSE: 1.125122308731079, erank: 19.883813858032227
depth: 2, iteration: 198500, test_RMSE: 1.1251200437545776, erank: 19.76246452331543
depth: 2, iteration: 199000, test_RMSE: 1.1251177787780762, erank: 19.641767501831055
depth: 2, iteration: 199500, test_RMSE: 1.1251155138015747, erank: 19.52175521850586
