depth: 4, iteration: 0, test_RMSE: 1.1285502910614014, erank: 50.54119873046875
depth: 4, iteration: 500, test_RMSE: 1.1285502910614014, erank: 50.54065704345703
depth: 4, iteration: 1000, test_RMSE: 1.1285502910614014, erank: 50.54024887084961
depth: 4, iteration: 1500, test_RMSE: 1.1285502910614014, erank: 50.5396728515625
depth: 4, iteration: 2000, test_RMSE: 1.1285502910614014, erank: 50.539154052734375
depth: 4, iteration: 2500, test_RMSE: 1.1285502910614014, erank: 50.53866958618164
depth: 4, iteration: 3000, test_RMSE: 1.1285502910614014, erank: 50.538116455078125
depth: 4, iteration: 3500, test_RMSE: 1.1285502910614014, erank: 50.53756332397461
depth: 4, iteration: 4000, test_RMSE: 1.1285502910614014, erank: 50.53708267211914
depth: 4, iteration: 4500, test_RMSE: 1.1285502910614014, erank: 50.53645324707031
depth: 4, iteration: 5000, test_RMSE: 1.1285502910614014, erank: 50.535911560058594
depth: 4, iteration: 5500, test_RMSE: 1.1285502910614014, erank: 50.535396575927734
depth: 4, iteration: 6000, test_RMSE: 1.1285502910614014, erank: 50.5348014831543
depth: 4, iteration: 6500, test_RMSE: 1.1285502910614014, erank: 50.53418731689453
depth: 4, iteration: 7000, test_RMSE: 1.1285502910614014, erank: 50.533599853515625
depth: 4, iteration: 7500, test_RMSE: 1.1285502910614014, erank: 50.5330696105957
depth: 4, iteration: 8000, test_RMSE: 1.1285502910614014, erank: 50.53246307373047
depth: 4, iteration: 8500, test_RMSE: 1.1285502910614014, erank: 50.53179168701172
depth: 4, iteration: 9000, test_RMSE: 1.1285502910614014, erank: 50.53118896484375
depth: 4, iteration: 9500, test_RMSE: 1.1285502910614014, erank: 50.530635833740234
depth: 4, iteration: 10000, test_RMSE: 1.1285502910614014, erank: 50.52998352050781
depth: 4, iteration: 10500, test_RMSE: 1.1285502910614014, erank: 50.52933120727539
depth: 4, iteration: 11000, test_RMSE: 1.1285502910614014, erank: 50.52875518798828
depth: 4, iteration: 11500, test_RMSE: 1.1285502910614014, erank: 50.528079986572266
depth: 4, iteration: 12000, test_RMSE: 1.1285502910614014, erank: 50.5274543762207
depth: 4, iteration: 12500, test_RMSE: 1.1285502910614014, erank: 50.52678298950195
depth: 4, iteration: 13000, test_RMSE: 1.1285502910614014, erank: 50.52610397338867
depth: 4, iteration: 13500, test_RMSE: 1.1285502910614014, erank: 50.52544021606445
depth: 4, iteration: 14000, test_RMSE: 1.1285502910614014, erank: 50.524757385253906
depth: 4, iteration: 14500, test_RMSE: 1.1285502910614014, erank: 50.52405548095703
depth: 4, iteration: 15000, test_RMSE: 1.1285502910614014, erank: 50.52336883544922
depth: 4, iteration: 15500, test_RMSE: 1.1285502910614014, erank: 50.52265930175781
depth: 4, iteration: 16000, test_RMSE: 1.1285502910614014, erank: 50.52195739746094
depth: 4, iteration: 16500, test_RMSE: 1.1285502910614014, erank: 50.52124786376953
depth: 4, iteration: 17000, test_RMSE: 1.1285502910614014, erank: 50.52045822143555
depth: 4, iteration: 17500, test_RMSE: 1.1285502910614014, erank: 50.51976776123047
depth: 4, iteration: 18000, test_RMSE: 1.1285502910614014, erank: 50.51900100708008
depth: 4, iteration: 18500, test_RMSE: 1.1285502910614014, erank: 50.5182991027832
depth: 4, iteration: 19000, test_RMSE: 1.1285502910614014, erank: 50.51752853393555
depth: 4, iteration: 19500, test_RMSE: 1.1285502910614014, erank: 50.51680374145508
depth: 4, iteration: 20000, test_RMSE: 1.1285502910614014, erank: 50.51601028442383
depth: 4, iteration: 20500, test_RMSE: 1.1285502910614014, erank: 50.51521682739258
depth: 4, iteration: 21000, test_RMSE: 1.1285502910614014, erank: 50.514434814453125
depth: 4, iteration: 21500, test_RMSE: 1.1285502910614014, erank: 50.5136604309082
depth: 4, iteration: 22000, test_RMSE: 1.1285502910614014, erank: 50.512855529785156
depth: 4, iteration: 22500, test_RMSE: 1.1285502910614014, erank: 50.51205062866211
depth: 4, iteration: 23000, test_RMSE: 1.1285502910614014, erank: 50.51126480102539
depth: 4, iteration: 23500, test_RMSE: 1.128550410270691, erank: 50.510433197021484
depth: 4, iteration: 24000, test_RMSE: 1.128550410270691, erank: 50.509605407714844
depth: 4, iteration: 24500, test_RMSE: 1.128550410270691, erank: 50.50873565673828
depth: 4, iteration: 25000, test_RMSE: 1.1285502910614014, erank: 50.50791931152344
depth: 4, iteration: 25500, test_RMSE: 1.1285502910614014, erank: 50.50708770751953
depth: 4, iteration: 26000, test_RMSE: 1.128550410270691, erank: 50.50624465942383
depth: 4, iteration: 26500, test_RMSE: 1.1285502910614014, erank: 50.50534439086914
depth: 4, iteration: 27000, test_RMSE: 1.1285502910614014, erank: 50.504520416259766
depth: 4, iteration: 27500, test_RMSE: 1.1285502910614014, erank: 50.503658294677734
depth: 4, iteration: 28000, test_RMSE: 1.1285502910614014, erank: 50.50271987915039
depth: 4, iteration: 28500, test_RMSE: 1.128550410270691, erank: 50.50185012817383
depth: 4, iteration: 29000, test_RMSE: 1.128550410270691, erank: 50.50093078613281
depth: 4, iteration: 29500, test_RMSE: 1.1285502910614014, erank: 50.50004196166992
depth: 4, iteration: 30000, test_RMSE: 1.1285502910614014, erank: 50.499114990234375
depth: 4, iteration: 30500, test_RMSE: 1.1285502910614014, erank: 50.49822235107422
depth: 4, iteration: 31000, test_RMSE: 1.128550410270691, erank: 50.49727249145508
depth: 4, iteration: 31500, test_RMSE: 1.1285502910614014, erank: 50.49632263183594
depth: 4, iteration: 32000, test_RMSE: 1.128550410270691, erank: 50.49539566040039
depth: 4, iteration: 32500, test_RMSE: 1.128550410270691, erank: 50.49445724487305
depth: 4, iteration: 33000, test_RMSE: 1.1285502910614014, erank: 50.49348068237305
depth: 4, iteration: 33500, test_RMSE: 1.1285502910614014, erank: 50.49250793457031
depth: 4, iteration: 34000, test_RMSE: 1.128550410270691, erank: 50.49154281616211
depth: 4, iteration: 34500, test_RMSE: 1.1285502910614014, erank: 50.49058151245117
depth: 4, iteration: 35000, test_RMSE: 1.1285502910614014, erank: 50.48954391479492
depth: 4, iteration: 35500, test_RMSE: 1.1285502910614014, erank: 50.488582611083984
depth: 4, iteration: 36000, test_RMSE: 1.128550410270691, erank: 50.487548828125
depth: 4, iteration: 36500, test_RMSE: 1.128550410270691, erank: 50.48654556274414
depth: 4, iteration: 37000, test_RMSE: 1.128550410270691, erank: 50.48552322387695
depth: 4, iteration: 37500, test_RMSE: 1.128550410270691, erank: 50.48448944091797
depth: 4, iteration: 38000, test_RMSE: 1.128550410270691, erank: 50.483455657958984
depth: 4, iteration: 38500, test_RMSE: 1.128550410270691, erank: 50.482421875
depth: 4, iteration: 39000, test_RMSE: 1.128550410270691, erank: 50.481407165527344
depth: 4, iteration: 39500, test_RMSE: 1.128550410270691, erank: 50.48027801513672
depth: 4, iteration: 40000, test_RMSE: 1.128550410270691, erank: 50.47929382324219
depth: 4, iteration: 40500, test_RMSE: 1.128550410270691, erank: 50.47819519042969
depth: 4, iteration: 41000, test_RMSE: 1.128550410270691, erank: 50.477134704589844
depth: 4, iteration: 41500, test_RMSE: 1.128550410270691, erank: 50.47603225708008
depth: 4, iteration: 42000, test_RMSE: 1.128550410270691, erank: 50.47490692138672
depth: 4, iteration: 42500, test_RMSE: 1.128550410270691, erank: 50.47382736206055
depth: 4, iteration: 43000, test_RMSE: 1.128550410270691, erank: 50.47267150878906
depth: 4, iteration: 43500, test_RMSE: 1.128550410270691, erank: 50.471588134765625
depth: 4, iteration: 44000, test_RMSE: 1.128550410270691, erank: 50.470458984375
depth: 4, iteration: 44500, test_RMSE: 1.128550410270691, erank: 50.4693489074707
depth: 4, iteration: 45000, test_RMSE: 1.128550410270691, erank: 50.46819305419922
depth: 4, iteration: 45500, test_RMSE: 1.128550410270691, erank: 50.4670524597168
depth: 4, iteration: 46000, test_RMSE: 1.128550410270691, erank: 50.46592330932617
depth: 4, iteration: 46500, test_RMSE: 1.128550410270691, erank: 50.464778900146484
depth: 4, iteration: 47000, test_RMSE: 1.128550410270691, erank: 50.463584899902344
depth: 4, iteration: 47500, test_RMSE: 1.128550410270691, erank: 50.462432861328125
depth: 4, iteration: 48000, test_RMSE: 1.128550410270691, erank: 50.46128845214844
depth: 4, iteration: 48500, test_RMSE: 1.128550410270691, erank: 50.46006393432617
depth: 4, iteration: 49000, test_RMSE: 1.128550410270691, erank: 50.45888137817383
depth: 4, iteration: 49500, test_RMSE: 1.128550410270691, erank: 50.45766830444336
depth: 4, iteration: 50000, test_RMSE: 1.128550410270691, erank: 50.456478118896484
depth: 4, iteration: 50500, test_RMSE: 1.128550410270691, erank: 50.45524978637695
depth: 4, iteration: 51000, test_RMSE: 1.128550410270691, erank: 50.45404815673828
depth: 4, iteration: 51500, test_RMSE: 1.128550410270691, erank: 50.45278549194336
depth: 4, iteration: 52000, test_RMSE: 1.128550410270691, erank: 50.45151901245117
depth: 4, iteration: 52500, test_RMSE: 1.128550410270691, erank: 50.450321197509766
depth: 4, iteration: 53000, test_RMSE: 1.128550410270691, erank: 50.44902038574219
depth: 4, iteration: 53500, test_RMSE: 1.128550410270691, erank: 50.44781494140625
depth: 4, iteration: 54000, test_RMSE: 1.128550410270691, erank: 50.4465446472168
depth: 4, iteration: 54500, test_RMSE: 1.128550410270691, erank: 50.44526672363281
depth: 4, iteration: 55000, test_RMSE: 1.128550410270691, erank: 50.44400405883789
depth: 4, iteration: 55500, test_RMSE: 1.128550410270691, erank: 50.442718505859375
depth: 4, iteration: 56000, test_RMSE: 1.128550410270691, erank: 50.44134521484375
depth: 4, iteration: 56500, test_RMSE: 1.128550410270691, erank: 50.44008255004883
depth: 4, iteration: 57000, test_RMSE: 1.128550410270691, erank: 50.43879318237305
depth: 4, iteration: 57500, test_RMSE: 1.128550410270691, erank: 50.437461853027344
depth: 4, iteration: 58000, test_RMSE: 1.128550410270691, erank: 50.43611526489258
depth: 4, iteration: 58500, test_RMSE: 1.128550410270691, erank: 50.4348258972168
depth: 4, iteration: 59000, test_RMSE: 1.128550410270691, erank: 50.4334831237793
depth: 4, iteration: 59500, test_RMSE: 1.128550410270691, erank: 50.43208694458008
depth: 4, iteration: 60000, test_RMSE: 1.128550410270691, erank: 50.430763244628906
depth: 4, iteration: 60500, test_RMSE: 1.128550410270691, erank: 50.42939376831055
depth: 4, iteration: 61000, test_RMSE: 1.128550410270691, erank: 50.42805862426758
depth: 4, iteration: 61500, test_RMSE: 1.128550410270691, erank: 50.42668914794922
depth: 4, iteration: 62000, test_RMSE: 1.128550410270691, erank: 50.42526626586914
depth: 4, iteration: 62500, test_RMSE: 1.128550410270691, erank: 50.42389678955078
depth: 4, iteration: 63000, test_RMSE: 1.128550410270691, erank: 50.42251968383789
depth: 4, iteration: 63500, test_RMSE: 1.128550410270691, erank: 50.42109680175781
depth: 4, iteration: 64000, test_RMSE: 1.128550410270691, erank: 50.419654846191406
depth: 4, iteration: 64500, test_RMSE: 1.128550410270691, erank: 50.41824722290039
depth: 4, iteration: 65000, test_RMSE: 1.128550410270691, erank: 50.41679382324219
depth: 4, iteration: 65500, test_RMSE: 1.128550410270691, erank: 50.41535186767578
depth: 4, iteration: 66000, test_RMSE: 1.128550410270691, erank: 50.413917541503906
depth: 4, iteration: 66500, test_RMSE: 1.128550410270691, erank: 50.412479400634766
depth: 4, iteration: 67000, test_RMSE: 1.128550410270691, erank: 50.41102600097656
depth: 4, iteration: 67500, test_RMSE: 1.128550410270691, erank: 50.4095344543457
depth: 4, iteration: 68000, test_RMSE: 1.128550410270691, erank: 50.40806579589844
depth: 4, iteration: 68500, test_RMSE: 1.128550410270691, erank: 50.40657424926758
depth: 4, iteration: 69000, test_RMSE: 1.128550410270691, erank: 50.405120849609375
depth: 4, iteration: 69500, test_RMSE: 1.128550410270691, erank: 50.40363693237305
depth: 4, iteration: 70000, test_RMSE: 1.128550410270691, erank: 50.40210723876953
depth: 4, iteration: 70500, test_RMSE: 1.128550410270691, erank: 50.40062713623047
depth: 4, iteration: 71000, test_RMSE: 1.128550410270691, erank: 50.399078369140625
depth: 4, iteration: 71500, test_RMSE: 1.128550410270691, erank: 50.397586822509766
depth: 4, iteration: 72000, test_RMSE: 1.128550410270691, erank: 50.396053314208984
depth: 4, iteration: 72500, test_RMSE: 1.128550410270691, erank: 50.39451599121094
depth: 4, iteration: 73000, test_RMSE: 1.128550410270691, erank: 50.393001556396484
depth: 4, iteration: 73500, test_RMSE: 1.128550410270691, erank: 50.391414642333984
depth: 4, iteration: 74000, test_RMSE: 1.128550410270691, erank: 50.38987731933594
depth: 4, iteration: 74500, test_RMSE: 1.128550410270691, erank: 50.388301849365234
depth: 4, iteration: 75000, test_RMSE: 1.128550410270691, erank: 50.386741638183594
depth: 4, iteration: 75500, test_RMSE: 1.128550410270691, erank: 50.38520050048828
depth: 4, iteration: 76000, test_RMSE: 1.128550410270691, erank: 50.383628845214844
depth: 4, iteration: 76500, test_RMSE: 1.128550410270691, erank: 50.38201904296875
depth: 4, iteration: 77000, test_RMSE: 1.128550410270691, erank: 50.380409240722656
depth: 4, iteration: 77500, test_RMSE: 1.128550410270691, erank: 50.37876510620117
depth: 4, iteration: 78000, test_RMSE: 1.128550410270691, erank: 50.37718963623047
depth: 4, iteration: 78500, test_RMSE: 1.128550410270691, erank: 50.37555694580078
depth: 4, iteration: 79000, test_RMSE: 1.128550410270691, erank: 50.37393569946289
depth: 4, iteration: 79500, test_RMSE: 1.128550410270691, erank: 50.37225341796875
depth: 4, iteration: 80000, test_RMSE: 1.128550410270691, erank: 50.37065505981445
depth: 4, iteration: 80500, test_RMSE: 1.128550410270691, erank: 50.368961334228516
depth: 4, iteration: 81000, test_RMSE: 1.128550410270691, erank: 50.367305755615234
depth: 4, iteration: 81500, test_RMSE: 1.128550410270691, erank: 50.3656120300293
depth: 4, iteration: 82000, test_RMSE: 1.128550410270691, erank: 50.36397933959961
depth: 4, iteration: 82500, test_RMSE: 1.128550410270691, erank: 50.362300872802734
depth: 4, iteration: 83000, test_RMSE: 1.128550410270691, erank: 50.3606071472168
depth: 4, iteration: 83500, test_RMSE: 1.128550410270691, erank: 50.35893630981445
depth: 4, iteration: 84000, test_RMSE: 1.128550410270691, erank: 50.35721206665039
depth: 4, iteration: 84500, test_RMSE: 1.128550410270691, erank: 50.3554801940918
depth: 4, iteration: 85000, test_RMSE: 1.128550410270691, erank: 50.353759765625
depth: 4, iteration: 85500, test_RMSE: 1.128550410270691, erank: 50.35203552246094
depth: 4, iteration: 86000, test_RMSE: 1.128550410270691, erank: 50.35032653808594
depth: 4, iteration: 86500, test_RMSE: 1.128550410270691, erank: 50.34855270385742
depth: 4, iteration: 87000, test_RMSE: 1.128550410270691, erank: 50.34683609008789
depth: 4, iteration: 87500, test_RMSE: 1.128550410270691, erank: 50.34510803222656
depth: 4, iteration: 88000, test_RMSE: 1.128550410270691, erank: 50.34334182739258
depth: 4, iteration: 88500, test_RMSE: 1.128550410270691, erank: 50.341552734375
depth: 4, iteration: 89000, test_RMSE: 1.128550410270691, erank: 50.33979034423828
depth: 4, iteration: 89500, test_RMSE: 1.128550410270691, erank: 50.338016510009766
depth: 4, iteration: 90000, test_RMSE: 1.128550410270691, erank: 50.33620071411133
depth: 4, iteration: 90500, test_RMSE: 1.128550410270691, erank: 50.33440017700195
depth: 4, iteration: 91000, test_RMSE: 1.128550410270691, erank: 50.33259963989258
depth: 4, iteration: 91500, test_RMSE: 1.128550410270691, erank: 50.3308219909668
depth: 4, iteration: 92000, test_RMSE: 1.128550410270691, erank: 50.329002380371094
depth: 4, iteration: 92500, test_RMSE: 1.128550410270691, erank: 50.32719039916992
depth: 4, iteration: 93000, test_RMSE: 1.128550410270691, erank: 50.32534408569336
depth: 4, iteration: 93500, test_RMSE: 1.128550410270691, erank: 50.32352828979492
depth: 4, iteration: 94000, test_RMSE: 1.128550410270691, erank: 50.321632385253906
depth: 4, iteration: 94500, test_RMSE: 1.128550410270691, erank: 50.31983184814453
depth: 4, iteration: 95000, test_RMSE: 1.128550410270691, erank: 50.317962646484375
depth: 4, iteration: 95500, test_RMSE: 1.128550410270691, erank: 50.316104888916016
depth: 4, iteration: 96000, test_RMSE: 1.128550410270691, erank: 50.31419372558594
depth: 4, iteration: 96500, test_RMSE: 1.128550410270691, erank: 50.31229782104492
depth: 4, iteration: 97000, test_RMSE: 1.128550410270691, erank: 50.31040954589844
depth: 4, iteration: 97500, test_RMSE: 1.128550410270691, erank: 50.30853271484375
depth: 4, iteration: 98000, test_RMSE: 1.128550410270691, erank: 50.30657958984375
depth: 4, iteration: 98500, test_RMSE: 1.128550410270691, erank: 50.30467224121094
depth: 4, iteration: 99000, test_RMSE: 1.128550410270691, erank: 50.30277633666992
depth: 4, iteration: 99500, test_RMSE: 1.128550410270691, erank: 50.300811767578125
depth: 4, iteration: 100000, test_RMSE: 1.128550410270691, erank: 50.298927307128906
depth: 4, iteration: 100500, test_RMSE: 1.128550410270691, erank: 50.29694747924805
depth: 4, iteration: 101000, test_RMSE: 1.128550410270691, erank: 50.295021057128906
depth: 4, iteration: 101500, test_RMSE: 1.128550410270691, erank: 50.2931022644043
depth: 4, iteration: 102000, test_RMSE: 1.128550410270691, erank: 50.291072845458984
depth: 4, iteration: 102500, test_RMSE: 1.128550410270691, erank: 50.28913116455078
depth: 4, iteration: 103000, test_RMSE: 1.128550410270691, erank: 50.28711700439453
depth: 4, iteration: 103500, test_RMSE: 1.128550410270691, erank: 50.285125732421875
depth: 4, iteration: 104000, test_RMSE: 1.128550410270691, erank: 50.283172607421875
depth: 4, iteration: 104500, test_RMSE: 1.128550410270691, erank: 50.281158447265625
depth: 4, iteration: 105000, test_RMSE: 1.128550410270691, erank: 50.27912902832031
depth: 4, iteration: 105500, test_RMSE: 1.128550410270691, erank: 50.27710723876953
depth: 4, iteration: 106000, test_RMSE: 1.1285505294799805, erank: 50.275081634521484
depth: 4, iteration: 106500, test_RMSE: 1.1285505294799805, erank: 50.27304458618164
depth: 4, iteration: 107000, test_RMSE: 1.128550410270691, erank: 50.27103042602539
depth: 4, iteration: 107500, test_RMSE: 1.128550410270691, erank: 50.2689323425293
depth: 4, iteration: 108000, test_RMSE: 1.128550410270691, erank: 50.26689147949219
depth: 4, iteration: 108500, test_RMSE: 1.1285505294799805, erank: 50.26479721069336
depth: 4, iteration: 109000, test_RMSE: 1.128550410270691, erank: 50.262760162353516
depth: 4, iteration: 109500, test_RMSE: 1.128550410270691, erank: 50.26060485839844
depth: 4, iteration: 110000, test_RMSE: 1.128550410270691, erank: 50.25851821899414
depth: 4, iteration: 110500, test_RMSE: 1.128550410270691, erank: 50.25640869140625
depth: 4, iteration: 111000, test_RMSE: 1.128550410270691, erank: 50.254337310791016
depth: 4, iteration: 111500, test_RMSE: 1.128550410270691, erank: 50.25218963623047
depth: 4, iteration: 112000, test_RMSE: 1.128550410270691, erank: 50.250057220458984
depth: 4, iteration: 112500, test_RMSE: 1.128550410270691, erank: 50.247962951660156
depth: 4, iteration: 113000, test_RMSE: 1.128550410270691, erank: 50.24583053588867
depth: 4, iteration: 113500, test_RMSE: 1.128550410270691, erank: 50.243682861328125
depth: 4, iteration: 114000, test_RMSE: 1.1285505294799805, erank: 50.24152755737305
depth: 4, iteration: 114500, test_RMSE: 1.128550410270691, erank: 50.23938751220703
depth: 4, iteration: 115000, test_RMSE: 1.1285505294799805, erank: 50.2371826171875
depth: 4, iteration: 115500, test_RMSE: 1.1285505294799805, erank: 50.23499298095703
depth: 4, iteration: 116000, test_RMSE: 1.1285505294799805, erank: 50.23280715942383
depth: 4, iteration: 116500, test_RMSE: 1.1285505294799805, erank: 50.23064041137695
depth: 4, iteration: 117000, test_RMSE: 1.1285505294799805, erank: 50.228450775146484
depth: 4, iteration: 117500, test_RMSE: 1.1285505294799805, erank: 50.22621154785156
depth: 4, iteration: 118000, test_RMSE: 1.1285505294799805, erank: 50.224021911621094
depth: 4, iteration: 118500, test_RMSE: 1.1285505294799805, erank: 50.221805572509766
depth: 4, iteration: 119000, test_RMSE: 1.1285505294799805, erank: 50.219566345214844
depth: 4, iteration: 119500, test_RMSE: 1.1285505294799805, erank: 50.21736145019531
depth: 4, iteration: 120000, test_RMSE: 1.1285505294799805, erank: 50.21514892578125
depth: 4, iteration: 120500, test_RMSE: 1.1285505294799805, erank: 50.212852478027344
depth: 4, iteration: 121000, test_RMSE: 1.1285505294799805, erank: 50.2105598449707
depth: 4, iteration: 121500, test_RMSE: 1.1285505294799805, erank: 50.208335876464844
depth: 4, iteration: 122000, test_RMSE: 1.1285505294799805, erank: 50.206050872802734
depth: 4, iteration: 122500, test_RMSE: 1.1285505294799805, erank: 50.20375442504883
depth: 4, iteration: 123000, test_RMSE: 1.1285505294799805, erank: 50.20146560668945
depth: 4, iteration: 123500, test_RMSE: 1.1285505294799805, erank: 50.19917678833008
depth: 4, iteration: 124000, test_RMSE: 1.1285505294799805, erank: 50.19691848754883
depth: 4, iteration: 124500, test_RMSE: 1.128550410270691, erank: 50.19457244873047
depth: 4, iteration: 125000, test_RMSE: 1.1285505294799805, erank: 50.192237854003906
depth: 4, iteration: 125500, test_RMSE: 1.1285505294799805, erank: 50.1899299621582
depth: 4, iteration: 126000, test_RMSE: 1.1285505294799805, erank: 50.18756103515625
depth: 4, iteration: 126500, test_RMSE: 1.1285505294799805, erank: 50.18521499633789
depth: 4, iteration: 127000, test_RMSE: 1.1285505294799805, erank: 50.18283462524414
depth: 4, iteration: 127500, test_RMSE: 1.1285505294799805, erank: 50.180511474609375
depth: 4, iteration: 128000, test_RMSE: 1.1285505294799805, erank: 50.178131103515625
depth: 4, iteration: 128500, test_RMSE: 1.1285505294799805, erank: 50.17573928833008
depth: 4, iteration: 129000, test_RMSE: 1.1285505294799805, erank: 50.173309326171875
depth: 4, iteration: 129500, test_RMSE: 1.1285505294799805, erank: 50.170928955078125
depth: 4, iteration: 130000, test_RMSE: 1.1285505294799805, erank: 50.168582916259766
depth: 4, iteration: 130500, test_RMSE: 1.1285505294799805, erank: 50.16614532470703
depth: 4, iteration: 131000, test_RMSE: 1.1285505294799805, erank: 50.16371536254883
depth: 4, iteration: 131500, test_RMSE: 1.1285505294799805, erank: 50.16130065917969
depth: 4, iteration: 132000, test_RMSE: 1.1285505294799805, erank: 50.158836364746094
depth: 4, iteration: 132500, test_RMSE: 1.1285505294799805, erank: 50.156410217285156
depth: 4, iteration: 133000, test_RMSE: 1.1285505294799805, erank: 50.15398025512695
depth: 4, iteration: 133500, test_RMSE: 1.1285505294799805, erank: 50.15154266357422
depth: 4, iteration: 134000, test_RMSE: 1.1285505294799805, erank: 50.149070739746094
depth: 4, iteration: 134500, test_RMSE: 1.1285505294799805, erank: 50.146602630615234
depth: 4, iteration: 135000, test_RMSE: 1.1285505294799805, erank: 50.14409255981445
depth: 4, iteration: 135500, test_RMSE: 1.1285505294799805, erank: 50.141658782958984
depth: 4, iteration: 136000, test_RMSE: 1.1285505294799805, erank: 50.139122009277344
depth: 4, iteration: 136500, test_RMSE: 1.1285505294799805, erank: 50.13665771484375
depth: 4, iteration: 137000, test_RMSE: 1.1285505294799805, erank: 50.13410186767578
depth: 4, iteration: 137500, test_RMSE: 1.1285505294799805, erank: 50.131553649902344
depth: 4, iteration: 138000, test_RMSE: 1.1285505294799805, erank: 50.129066467285156
depth: 4, iteration: 138500, test_RMSE: 1.1285505294799805, erank: 50.12649917602539
depth: 4, iteration: 139000, test_RMSE: 1.1285505294799805, erank: 50.123931884765625
depth: 4, iteration: 139500, test_RMSE: 1.1285505294799805, erank: 50.12141036987305
depth: 4, iteration: 140000, test_RMSE: 1.1285505294799805, erank: 50.11885070800781
depth: 4, iteration: 140500, test_RMSE: 1.1285505294799805, erank: 50.116268157958984
depth: 4, iteration: 141000, test_RMSE: 1.1285505294799805, erank: 50.11368942260742
depth: 4, iteration: 141500, test_RMSE: 1.1285505294799805, erank: 50.11112976074219
depth: 4, iteration: 142000, test_RMSE: 1.1285505294799805, erank: 50.10851287841797
depth: 4, iteration: 142500, test_RMSE: 1.1285505294799805, erank: 50.105899810791016
depth: 4, iteration: 143000, test_RMSE: 1.1285505294799805, erank: 50.10331726074219
depth: 4, iteration: 143500, test_RMSE: 1.1285505294799805, erank: 50.100669860839844
depth: 4, iteration: 144000, test_RMSE: 1.1285505294799805, erank: 50.09811019897461
depth: 4, iteration: 144500, test_RMSE: 1.1285505294799805, erank: 50.09539794921875
depth: 4, iteration: 145000, test_RMSE: 1.1285505294799805, erank: 50.0927848815918
depth: 4, iteration: 145500, test_RMSE: 1.1285505294799805, erank: 50.090145111083984
depth: 4, iteration: 146000, test_RMSE: 1.1285505294799805, erank: 50.08750534057617
depth: 4, iteration: 146500, test_RMSE: 1.1285505294799805, erank: 50.084808349609375
depth: 4, iteration: 147000, test_RMSE: 1.1285505294799805, erank: 50.08213424682617
depth: 4, iteration: 147500, test_RMSE: 1.1285505294799805, erank: 50.079444885253906
depth: 4, iteration: 148000, test_RMSE: 1.1285505294799805, erank: 50.0767822265625
depth: 4, iteration: 148500, test_RMSE: 1.1285505294799805, erank: 50.0740852355957
depth: 4, iteration: 149000, test_RMSE: 1.1285505294799805, erank: 50.0713996887207
depth: 4, iteration: 149500, test_RMSE: 1.1285505294799805, erank: 50.06869125366211
depth: 4, iteration: 150000, test_RMSE: 1.1285505294799805, erank: 50.06594467163086
depth: 4, iteration: 150500, test_RMSE: 1.1285505294799805, erank: 50.063209533691406
depth: 4, iteration: 151000, test_RMSE: 1.1285505294799805, erank: 50.06048583984375
depth: 4, iteration: 151500, test_RMSE: 1.1285505294799805, erank: 50.05775833129883
depth: 4, iteration: 152000, test_RMSE: 1.1285505294799805, erank: 50.05503463745117
depth: 4, iteration: 152500, test_RMSE: 1.1285505294799805, erank: 50.05226516723633
depth: 4, iteration: 153000, test_RMSE: 1.1285505294799805, erank: 50.04951095581055
depth: 4, iteration: 153500, test_RMSE: 1.1285505294799805, erank: 50.0467529296875
depth: 4, iteration: 154000, test_RMSE: 1.1285505294799805, erank: 50.04398727416992
depth: 4, iteration: 154500, test_RMSE: 1.1285505294799805, erank: 50.04118347167969
depth: 4, iteration: 155000, test_RMSE: 1.1285505294799805, erank: 50.03840255737305
depth: 4, iteration: 155500, test_RMSE: 1.1285505294799805, erank: 50.03561019897461
depth: 4, iteration: 156000, test_RMSE: 1.1285505294799805, erank: 50.032772064208984
depth: 4, iteration: 156500, test_RMSE: 1.1285505294799805, erank: 50.02997589111328
depth: 4, iteration: 157000, test_RMSE: 1.1285505294799805, erank: 50.027164459228516
depth: 4, iteration: 157500, test_RMSE: 1.1285505294799805, erank: 50.02433776855469
depth: 4, iteration: 158000, test_RMSE: 1.1285505294799805, erank: 50.021488189697266
depth: 4, iteration: 158500, test_RMSE: 1.1285505294799805, erank: 50.018646240234375
depth: 4, iteration: 159000, test_RMSE: 1.1285505294799805, erank: 50.015811920166016
depth: 4, iteration: 159500, test_RMSE: 1.1285505294799805, erank: 50.01294708251953
depth: 4, iteration: 160000, test_RMSE: 1.1285505294799805, erank: 50.010108947753906
depth: 4, iteration: 160500, test_RMSE: 1.1285505294799805, erank: 50.00725173950195
depth: 4, iteration: 161000, test_RMSE: 1.1285505294799805, erank: 50.00429153442383
depth: 4, iteration: 161500, test_RMSE: 1.1285505294799805, erank: 50.001407623291016
depth: 4, iteration: 162000, test_RMSE: 1.1285505294799805, erank: 49.99850082397461
depth: 4, iteration: 162500, test_RMSE: 1.1285505294799805, erank: 49.9956169128418
depth: 4, iteration: 163000, test_RMSE: 1.1285505294799805, erank: 49.99268341064453
depth: 4, iteration: 163500, test_RMSE: 1.1285505294799805, erank: 49.98972702026367
depth: 4, iteration: 164000, test_RMSE: 1.1285505294799805, erank: 49.98681640625
depth: 4, iteration: 164500, test_RMSE: 1.1285505294799805, erank: 49.983863830566406
depth: 4, iteration: 165000, test_RMSE: 1.1285505294799805, erank: 49.9809455871582
depth: 4, iteration: 165500, test_RMSE: 1.1285505294799805, erank: 49.977989196777344
depth: 4, iteration: 166000, test_RMSE: 1.1285505294799805, erank: 49.97502136230469
depth: 4, iteration: 166500, test_RMSE: 1.1285505294799805, erank: 49.97206497192383
depth: 4, iteration: 167000, test_RMSE: 1.1285505294799805, erank: 49.96903991699219
depth: 4, iteration: 167500, test_RMSE: 1.1285505294799805, erank: 49.96601486206055
depth: 4, iteration: 168000, test_RMSE: 1.1285505294799805, erank: 49.96304702758789
depth: 4, iteration: 168500, test_RMSE: 1.1285505294799805, erank: 49.960105895996094
depth: 4, iteration: 169000, test_RMSE: 1.1285505294799805, erank: 49.95704650878906
depth: 4, iteration: 169500, test_RMSE: 1.1285505294799805, erank: 49.95406723022461
depth: 4, iteration: 170000, test_RMSE: 1.1285505294799805, erank: 49.951019287109375
depth: 4, iteration: 170500, test_RMSE: 1.1285505294799805, erank: 49.947994232177734
depth: 4, iteration: 171000, test_RMSE: 1.1285505294799805, erank: 49.944969177246094
depth: 4, iteration: 171500, test_RMSE: 1.1285505294799805, erank: 49.94198226928711
depth: 4, iteration: 172000, test_RMSE: 1.1285505294799805, erank: 49.93889617919922
depth: 4, iteration: 172500, test_RMSE: 1.1285505294799805, erank: 49.935813903808594
depth: 4, iteration: 173000, test_RMSE: 1.1285505294799805, erank: 49.93275451660156
depth: 4, iteration: 173500, test_RMSE: 1.1285505294799805, erank: 49.92969512939453
depth: 4, iteration: 174000, test_RMSE: 1.1285505294799805, erank: 49.9266471862793
depth: 4, iteration: 174500, test_RMSE: 1.1285505294799805, erank: 49.92356491088867
depth: 4, iteration: 175000, test_RMSE: 1.1285505294799805, erank: 49.92048263549805
depth: 4, iteration: 175500, test_RMSE: 1.1285505294799805, erank: 49.91736602783203
depth: 4, iteration: 176000, test_RMSE: 1.1285505294799805, erank: 49.91427230834961
depth: 4, iteration: 176500, test_RMSE: 1.1285505294799805, erank: 49.91117477416992
depth: 4, iteration: 177000, test_RMSE: 1.1285505294799805, erank: 49.908042907714844
depth: 4, iteration: 177500, test_RMSE: 1.1285505294799805, erank: 49.90492630004883
depth: 4, iteration: 178000, test_RMSE: 1.1285505294799805, erank: 49.90180206298828
depth: 4, iteration: 178500, test_RMSE: 1.1285505294799805, erank: 49.898658752441406
depth: 4, iteration: 179000, test_RMSE: 1.1285505294799805, erank: 49.895503997802734
depth: 4, iteration: 179500, test_RMSE: 1.1285505294799805, erank: 49.89234161376953
depth: 4, iteration: 180000, test_RMSE: 1.1285505294799805, erank: 49.88924026489258
depth: 4, iteration: 180500, test_RMSE: 1.1285505294799805, erank: 49.88604736328125
depth: 4, iteration: 181000, test_RMSE: 1.1285505294799805, erank: 49.88286209106445
depth: 4, iteration: 181500, test_RMSE: 1.1285505294799805, erank: 49.87966537475586
depth: 4, iteration: 182000, test_RMSE: 1.1285505294799805, erank: 49.87646484375
depth: 4, iteration: 182500, test_RMSE: 1.1285505294799805, erank: 49.87322998046875
depth: 4, iteration: 183000, test_RMSE: 1.1285505294799805, erank: 49.87009048461914
depth: 4, iteration: 183500, test_RMSE: 1.1285505294799805, erank: 49.86683654785156
depth: 4, iteration: 184000, test_RMSE: 1.1285505294799805, erank: 49.86360168457031
depth: 4, iteration: 184500, test_RMSE: 1.1285505294799805, erank: 49.86039352416992
depth: 4, iteration: 185000, test_RMSE: 1.1285505294799805, erank: 49.85717010498047
depth: 4, iteration: 185500, test_RMSE: 1.1285505294799805, erank: 49.853946685791016
depth: 4, iteration: 186000, test_RMSE: 1.1285505294799805, erank: 49.85066604614258
depth: 4, iteration: 186500, test_RMSE: 1.1285505294799805, erank: 49.8474235534668
depth: 4, iteration: 187000, test_RMSE: 1.1285505294799805, erank: 49.84417724609375
depth: 4, iteration: 187500, test_RMSE: 1.1285505294799805, erank: 49.84086227416992
depth: 4, iteration: 188000, test_RMSE: 1.1285505294799805, erank: 49.83758544921875
depth: 4, iteration: 188500, test_RMSE: 1.12855064868927, erank: 49.83427810668945
depth: 4, iteration: 189000, test_RMSE: 1.1285505294799805, erank: 49.8309440612793
depth: 4, iteration: 189500, test_RMSE: 1.1285505294799805, erank: 49.827640533447266
depth: 4, iteration: 190000, test_RMSE: 1.1285505294799805, erank: 49.82438278198242
depth: 4, iteration: 190500, test_RMSE: 1.1285505294799805, erank: 49.820987701416016
depth: 4, iteration: 191000, test_RMSE: 1.1285505294799805, erank: 49.81760025024414
depth: 4, iteration: 191500, test_RMSE: 1.12855064868927, erank: 49.81429672241211
depth: 4, iteration: 192000, test_RMSE: 1.1285505294799805, erank: 49.810890197753906
depth: 4, iteration: 192500, test_RMSE: 1.1285505294799805, erank: 49.80756378173828
depth: 4, iteration: 193000, test_RMSE: 1.1285505294799805, erank: 49.80414581298828
depth: 4, iteration: 193500, test_RMSE: 1.12855064868927, erank: 49.80077362060547
depth: 4, iteration: 194000, test_RMSE: 1.1285505294799805, erank: 49.79745101928711
depth: 4, iteration: 194500, test_RMSE: 1.1285505294799805, erank: 49.79401779174805
depth: 4, iteration: 195000, test_RMSE: 1.12855064868927, erank: 49.7906379699707
depth: 4, iteration: 195500, test_RMSE: 1.12855064868927, erank: 49.7872314453125
depth: 4, iteration: 196000, test_RMSE: 1.12855064868927, erank: 49.7838134765625
depth: 4, iteration: 196500, test_RMSE: 1.12855064868927, erank: 49.780391693115234
depth: 4, iteration: 197000, test_RMSE: 1.12855064868927, erank: 49.77696228027344
depth: 4, iteration: 197500, test_RMSE: 1.12855064868927, erank: 49.77353286743164
depth: 4, iteration: 198000, test_RMSE: 1.12855064868927, erank: 49.77006530761719
depth: 4, iteration: 198500, test_RMSE: 1.12855064868927, erank: 49.7666015625
depth: 4, iteration: 199000, test_RMSE: 1.12855064868927, erank: 49.76314926147461
depth: 4, iteration: 199500, test_RMSE: 1.12855064868927, erank: 49.75962448120117
