depth: 3, iteration: 0, test_RMSE: 1.1262640953063965, erank: 56.32853698730469
depth: 3, iteration: 500, test_RMSE: 1.1262640953063965, erank: 56.328914642333984
depth: 3, iteration: 1000, test_RMSE: 1.1262640953063965, erank: 56.329185485839844
depth: 3, iteration: 1500, test_RMSE: 1.1262640953063965, erank: 56.3294563293457
depth: 3, iteration: 2000, test_RMSE: 1.1262640953063965, erank: 56.32964324951172
depth: 3, iteration: 2500, test_RMSE: 1.1262640953063965, erank: 56.32982635498047
depth: 3, iteration: 3000, test_RMSE: 1.1262640953063965, erank: 56.32999038696289
depth: 3, iteration: 3500, test_RMSE: 1.1262640953063965, erank: 56.33015441894531
depth: 3, iteration: 4000, test_RMSE: 1.1262640953063965, erank: 56.33028793334961
depth: 3, iteration: 4500, test_RMSE: 1.1262640953063965, erank: 56.33041763305664
depth: 3, iteration: 5000, test_RMSE: 1.1262640953063965, erank: 56.330474853515625
depth: 3, iteration: 5500, test_RMSE: 1.1262640953063965, erank: 56.330501556396484
depth: 3, iteration: 6000, test_RMSE: 1.1262640953063965, erank: 56.330474853515625
depth: 3, iteration: 6500, test_RMSE: 1.1262640953063965, erank: 56.330474853515625
depth: 3, iteration: 7000, test_RMSE: 1.1262640953063965, erank: 56.33039474487305
depth: 3, iteration: 7500, test_RMSE: 1.1262640953063965, erank: 56.3303108215332
depth: 3, iteration: 8000, test_RMSE: 1.1262640953063965, erank: 56.33015441894531
depth: 3, iteration: 8500, test_RMSE: 1.1262640953063965, erank: 56.330047607421875
depth: 3, iteration: 9000, test_RMSE: 1.1262640953063965, erank: 56.329803466796875
depth: 3, iteration: 9500, test_RMSE: 1.1262640953063965, erank: 56.329612731933594
depth: 3, iteration: 10000, test_RMSE: 1.1262640953063965, erank: 56.32939910888672
depth: 3, iteration: 10500, test_RMSE: 1.1262640953063965, erank: 56.329078674316406
depth: 3, iteration: 11000, test_RMSE: 1.1262640953063965, erank: 56.328758239746094
depth: 3, iteration: 11500, test_RMSE: 1.1262640953063965, erank: 56.328407287597656
depth: 3, iteration: 12000, test_RMSE: 1.1262640953063965, erank: 56.32810974121094
depth: 3, iteration: 12500, test_RMSE: 1.1262640953063965, erank: 56.32768249511719
depth: 3, iteration: 13000, test_RMSE: 1.1262640953063965, erank: 56.327247619628906
depth: 3, iteration: 13500, test_RMSE: 1.1262640953063965, erank: 56.326820373535156
depth: 3, iteration: 14000, test_RMSE: 1.1262640953063965, erank: 56.32633590698242
depth: 3, iteration: 14500, test_RMSE: 1.1262640953063965, erank: 56.325801849365234
depth: 3, iteration: 15000, test_RMSE: 1.1262640953063965, erank: 56.325260162353516
depth: 3, iteration: 15500, test_RMSE: 1.1262640953063965, erank: 56.32472610473633
depth: 3, iteration: 16000, test_RMSE: 1.1262640953063965, erank: 56.3240852355957
depth: 3, iteration: 16500, test_RMSE: 1.1262640953063965, erank: 56.32349395751953
depth: 3, iteration: 17000, test_RMSE: 1.1262640953063965, erank: 56.322818756103516
depth: 3, iteration: 17500, test_RMSE: 1.1262640953063965, erank: 56.322120666503906
depth: 3, iteration: 18000, test_RMSE: 1.1262640953063965, erank: 56.32139587402344
depth: 3, iteration: 18500, test_RMSE: 1.1262640953063965, erank: 56.320674896240234
depth: 3, iteration: 19000, test_RMSE: 1.1262640953063965, erank: 56.31991958618164
depth: 3, iteration: 19500, test_RMSE: 1.1262640953063965, erank: 56.319114685058594
depth: 3, iteration: 20000, test_RMSE: 1.1262640953063965, erank: 56.31830978393555
depth: 3, iteration: 20500, test_RMSE: 1.1262640953063965, erank: 56.31736755371094
depth: 3, iteration: 21000, test_RMSE: 1.1262640953063965, erank: 56.31645584106445
depth: 3, iteration: 21500, test_RMSE: 1.1262640953063965, erank: 56.3155403137207
depth: 3, iteration: 22000, test_RMSE: 1.1262640953063965, erank: 56.31462860107422
depth: 3, iteration: 22500, test_RMSE: 1.1262640953063965, erank: 56.3136100769043
depth: 3, iteration: 23000, test_RMSE: 1.1262640953063965, erank: 56.31261444091797
depth: 3, iteration: 23500, test_RMSE: 1.1262640953063965, erank: 56.31156539916992
depth: 3, iteration: 24000, test_RMSE: 1.1262640953063965, erank: 56.31046676635742
depth: 3, iteration: 24500, test_RMSE: 1.1262640953063965, erank: 56.30939483642578
depth: 3, iteration: 25000, test_RMSE: 1.1262640953063965, erank: 56.308265686035156
depth: 3, iteration: 25500, test_RMSE: 1.1262640953063965, erank: 56.30710983276367
depth: 3, iteration: 26000, test_RMSE: 1.1262640953063965, erank: 56.30592727661133
depth: 3, iteration: 26500, test_RMSE: 1.1262640953063965, erank: 56.30472183227539
depth: 3, iteration: 27000, test_RMSE: 1.1262640953063965, erank: 56.303462982177734
depth: 3, iteration: 27500, test_RMSE: 1.1262640953063965, erank: 56.30217361450195
depth: 3, iteration: 28000, test_RMSE: 1.1262640953063965, erank: 56.30082702636719
depth: 3, iteration: 28500, test_RMSE: 1.1262640953063965, erank: 56.29951095581055
depth: 3, iteration: 29000, test_RMSE: 1.1262640953063965, erank: 56.298194885253906
depth: 3, iteration: 29500, test_RMSE: 1.1262640953063965, erank: 56.296749114990234
depth: 3, iteration: 30000, test_RMSE: 1.1262640953063965, erank: 56.295326232910156
depth: 3, iteration: 30500, test_RMSE: 1.1262640953063965, erank: 56.29384994506836
depth: 3, iteration: 31000, test_RMSE: 1.1262640953063965, erank: 56.29237365722656
depth: 3, iteration: 31500, test_RMSE: 1.1262640953063965, erank: 56.29084014892578
depth: 3, iteration: 32000, test_RMSE: 1.1262640953063965, erank: 56.28928756713867
depth: 3, iteration: 32500, test_RMSE: 1.1262640953063965, erank: 56.287757873535156
depth: 3, iteration: 33000, test_RMSE: 1.1262640953063965, erank: 56.28606414794922
depth: 3, iteration: 33500, test_RMSE: 1.1262640953063965, erank: 56.284454345703125
depth: 3, iteration: 34000, test_RMSE: 1.1262640953063965, erank: 56.28281784057617
depth: 3, iteration: 34500, test_RMSE: 1.1262640953063965, erank: 56.28110122680664
depth: 3, iteration: 35000, test_RMSE: 1.1262640953063965, erank: 56.27943801879883
depth: 3, iteration: 35500, test_RMSE: 1.1262640953063965, erank: 56.277610778808594
depth: 3, iteration: 36000, test_RMSE: 1.1262640953063965, erank: 56.275787353515625
depth: 3, iteration: 36500, test_RMSE: 1.1262640953063965, erank: 56.27398681640625
depth: 3, iteration: 37000, test_RMSE: 1.1262640953063965, erank: 56.27216339111328
depth: 3, iteration: 37500, test_RMSE: 1.1262640953063965, erank: 56.270286560058594
depth: 3, iteration: 38000, test_RMSE: 1.1262640953063965, erank: 56.268409729003906
depth: 3, iteration: 38500, test_RMSE: 1.1262640953063965, erank: 56.266422271728516
depth: 3, iteration: 39000, test_RMSE: 1.1262640953063965, erank: 56.26451873779297
depth: 3, iteration: 39500, test_RMSE: 1.1262640953063965, erank: 56.262481689453125
depth: 3, iteration: 40000, test_RMSE: 1.1262640953063965, erank: 56.260467529296875
depth: 3, iteration: 40500, test_RMSE: 1.1262640953063965, erank: 56.258399963378906
depth: 3, iteration: 41000, test_RMSE: 1.1262640953063965, erank: 56.256282806396484
depth: 3, iteration: 41500, test_RMSE: 1.1262640953063965, erank: 56.254188537597656
depth: 3, iteration: 42000, test_RMSE: 1.1262640953063965, erank: 56.252071380615234
depth: 3, iteration: 42500, test_RMSE: 1.1262640953063965, erank: 56.24995422363281
depth: 3, iteration: 43000, test_RMSE: 1.1262640953063965, erank: 56.24769973754883
depth: 3, iteration: 43500, test_RMSE: 1.1262640953063965, erank: 56.245445251464844
depth: 3, iteration: 44000, test_RMSE: 1.1262640953063965, erank: 56.24319076538086
depth: 3, iteration: 44500, test_RMSE: 1.1262640953063965, erank: 56.24091339111328
depth: 3, iteration: 45000, test_RMSE: 1.1262640953063965, erank: 56.2386589050293
depth: 3, iteration: 45500, test_RMSE: 1.1262640953063965, erank: 56.23630142211914
depth: 3, iteration: 46000, test_RMSE: 1.1262640953063965, erank: 56.23394012451172
depth: 3, iteration: 46500, test_RMSE: 1.1262640953063965, erank: 56.23149871826172
depth: 3, iteration: 47000, test_RMSE: 1.1262640953063965, erank: 56.229087829589844
depth: 3, iteration: 47500, test_RMSE: 1.1262640953063965, erank: 56.226619720458984
depth: 3, iteration: 48000, test_RMSE: 1.1262640953063965, erank: 56.22415542602539
depth: 3, iteration: 48500, test_RMSE: 1.1262640953063965, erank: 56.221580505371094
depth: 3, iteration: 49000, test_RMSE: 1.1262640953063965, erank: 56.21906280517578
depth: 3, iteration: 49500, test_RMSE: 1.1262640953063965, erank: 56.216514587402344
depth: 3, iteration: 50000, test_RMSE: 1.1262640953063965, erank: 56.213890075683594
depth: 3, iteration: 50500, test_RMSE: 1.1262640953063965, erank: 56.21123504638672
depth: 3, iteration: 51000, test_RMSE: 1.1262640953063965, erank: 56.20855712890625
depth: 3, iteration: 51500, test_RMSE: 1.1262640953063965, erank: 56.20587158203125
depth: 3, iteration: 52000, test_RMSE: 1.1262640953063965, erank: 56.20314025878906
depth: 3, iteration: 52500, test_RMSE: 1.1262640953063965, erank: 56.20040512084961
depth: 3, iteration: 53000, test_RMSE: 1.1262640953063965, erank: 56.197566986083984
depth: 3, iteration: 53500, test_RMSE: 1.1262640953063965, erank: 56.19475173950195
depth: 3, iteration: 54000, test_RMSE: 1.1262640953063965, erank: 56.1918830871582
depth: 3, iteration: 54500, test_RMSE: 1.1262640953063965, erank: 56.18899154663086
depth: 3, iteration: 55000, test_RMSE: 1.1262640953063965, erank: 56.18604278564453
depth: 3, iteration: 55500, test_RMSE: 1.1262640953063965, erank: 56.1830940246582
depth: 3, iteration: 56000, test_RMSE: 1.1262640953063965, erank: 56.18012237548828
depth: 3, iteration: 56500, test_RMSE: 1.1262640953063965, erank: 56.17704391479492
depth: 3, iteration: 57000, test_RMSE: 1.1262640953063965, erank: 56.174015045166016
depth: 3, iteration: 57500, test_RMSE: 1.1262640953063965, erank: 56.170963287353516
depth: 3, iteration: 58000, test_RMSE: 1.1262640953063965, erank: 56.16782760620117
depth: 3, iteration: 58500, test_RMSE: 1.1262640953063965, erank: 56.16461181640625
depth: 3, iteration: 59000, test_RMSE: 1.1262640953063965, erank: 56.16150665283203
depth: 3, iteration: 59500, test_RMSE: 1.1262640953063965, erank: 56.158267974853516
depth: 3, iteration: 60000, test_RMSE: 1.1262640953063965, erank: 56.155029296875
depth: 3, iteration: 60500, test_RMSE: 1.1262640953063965, erank: 56.15176010131836
depth: 3, iteration: 61000, test_RMSE: 1.1262640953063965, erank: 56.148414611816406
depth: 3, iteration: 61500, test_RMSE: 1.1262640953063965, erank: 56.145118713378906
depth: 3, iteration: 62000, test_RMSE: 1.1262640953063965, erank: 56.14180374145508
depth: 3, iteration: 62500, test_RMSE: 1.1262640953063965, erank: 56.138431549072266
depth: 3, iteration: 63000, test_RMSE: 1.1262640953063965, erank: 56.13494873046875
depth: 3, iteration: 63500, test_RMSE: 1.1262640953063965, erank: 56.13149642944336
depth: 3, iteration: 64000, test_RMSE: 1.1262640953063965, erank: 56.12804412841797
depth: 3, iteration: 64500, test_RMSE: 1.1262640953063965, erank: 56.124454498291016
depth: 3, iteration: 65000, test_RMSE: 1.1262640953063965, erank: 56.12097930908203
depth: 3, iteration: 65500, test_RMSE: 1.1262640953063965, erank: 56.1174201965332
depth: 3, iteration: 66000, test_RMSE: 1.1262640953063965, erank: 56.1137809753418
depth: 3, iteration: 66500, test_RMSE: 1.1262640953063965, erank: 56.11014175415039
depth: 3, iteration: 67000, test_RMSE: 1.1262640953063965, erank: 56.106422424316406
depth: 3, iteration: 67500, test_RMSE: 1.1262640953063965, erank: 56.10275650024414
depth: 3, iteration: 68000, test_RMSE: 1.1262640953063965, erank: 56.09904098510742
depth: 3, iteration: 68500, test_RMSE: 1.1262640953063965, erank: 56.09524154663086
depth: 3, iteration: 69000, test_RMSE: 1.1262640953063965, erank: 56.0914421081543
depth: 3, iteration: 69500, test_RMSE: 1.1262640953063965, erank: 56.087589263916016
depth: 3, iteration: 70000, test_RMSE: 1.1262640953063965, erank: 56.083740234375
depth: 3, iteration: 70500, test_RMSE: 1.1262640953063965, erank: 56.07986068725586
depth: 3, iteration: 71000, test_RMSE: 1.1262640953063965, erank: 56.075904846191406
depth: 3, iteration: 71500, test_RMSE: 1.1262640953063965, erank: 56.07197570800781
depth: 3, iteration: 72000, test_RMSE: 1.1262640953063965, erank: 56.06793975830078
depth: 3, iteration: 72500, test_RMSE: 1.1262640953063965, erank: 56.063926696777344
depth: 3, iteration: 73000, test_RMSE: 1.1262640953063965, erank: 56.05986404418945
depth: 3, iteration: 73500, test_RMSE: 1.1262640953063965, erank: 56.055747985839844
depth: 3, iteration: 74000, test_RMSE: 1.1262640953063965, erank: 56.051605224609375
depth: 3, iteration: 74500, test_RMSE: 1.1262640953063965, erank: 56.047489166259766
depth: 3, iteration: 75000, test_RMSE: 1.1262640953063965, erank: 56.04331970214844
depth: 3, iteration: 75500, test_RMSE: 1.1262640953063965, erank: 56.03909683227539
depth: 3, iteration: 76000, test_RMSE: 1.1262640953063965, erank: 56.03482437133789
depth: 3, iteration: 76500, test_RMSE: 1.1262640953063965, erank: 56.030494689941406
depth: 3, iteration: 77000, test_RMSE: 1.1262640953063965, erank: 56.02619552612305
depth: 3, iteration: 77500, test_RMSE: 1.1262640953063965, erank: 56.02189254760742
depth: 3, iteration: 78000, test_RMSE: 1.1262640953063965, erank: 56.01750946044922
depth: 3, iteration: 78500, test_RMSE: 1.1262640953063965, erank: 56.01313018798828
depth: 3, iteration: 79000, test_RMSE: 1.1262640953063965, erank: 56.00862121582031
depth: 3, iteration: 79500, test_RMSE: 1.1262640953063965, erank: 56.00418472290039
depth: 3, iteration: 80000, test_RMSE: 1.1262640953063965, erank: 55.9996452331543
depth: 3, iteration: 80500, test_RMSE: 1.1262640953063965, erank: 55.99515914916992
depth: 3, iteration: 81000, test_RMSE: 1.1262640953063965, erank: 55.99053955078125
depth: 3, iteration: 81500, test_RMSE: 1.1262640953063965, erank: 55.985897064208984
depth: 3, iteration: 82000, test_RMSE: 1.1262640953063965, erank: 55.98130416870117
depth: 3, iteration: 82500, test_RMSE: 1.1262640953063965, erank: 55.97660446166992
depth: 3, iteration: 83000, test_RMSE: 1.1262640953063965, erank: 55.97190856933594
depth: 3, iteration: 83500, test_RMSE: 1.1262640953063965, erank: 55.96715545654297
depth: 3, iteration: 84000, test_RMSE: 1.1262640953063965, erank: 55.962406158447266
depth: 3, iteration: 84500, test_RMSE: 1.1262640953063965, erank: 55.9576301574707
depth: 3, iteration: 85000, test_RMSE: 1.1262640953063965, erank: 55.9527473449707
depth: 3, iteration: 85500, test_RMSE: 1.1262640953063965, erank: 55.94789123535156
depth: 3, iteration: 86000, test_RMSE: 1.1262640953063965, erank: 55.94303894042969
depth: 3, iteration: 86500, test_RMSE: 1.1262640953063965, erank: 55.93810272216797
depth: 3, iteration: 87000, test_RMSE: 1.1262640953063965, erank: 55.933143615722656
depth: 3, iteration: 87500, test_RMSE: 1.1262640953063965, erank: 55.92812728881836
depth: 3, iteration: 88000, test_RMSE: 1.1262640953063965, erank: 55.92311477661133
depth: 3, iteration: 88500, test_RMSE: 1.1262640953063965, erank: 55.91804504394531
depth: 3, iteration: 89000, test_RMSE: 1.1262640953063965, erank: 55.9129524230957
depth: 3, iteration: 89500, test_RMSE: 1.1262640953063965, erank: 55.907806396484375
depth: 3, iteration: 90000, test_RMSE: 1.1262640953063965, erank: 55.90263748168945
depth: 3, iteration: 90500, test_RMSE: 1.1262640953063965, erank: 55.897491455078125
depth: 3, iteration: 91000, test_RMSE: 1.1262640953063965, erank: 55.892242431640625
depth: 3, iteration: 91500, test_RMSE: 1.1262640953063965, erank: 55.886966705322266
depth: 3, iteration: 92000, test_RMSE: 1.1262640953063965, erank: 55.88168716430664
depth: 3, iteration: 92500, test_RMSE: 1.1262640953063965, erank: 55.87628173828125
depth: 3, iteration: 93000, test_RMSE: 1.126263976097107, erank: 55.87095260620117
depth: 3, iteration: 93500, test_RMSE: 1.1262640953063965, erank: 55.8656005859375
depth: 3, iteration: 94000, test_RMSE: 1.1262640953063965, erank: 55.860137939453125
depth: 3, iteration: 94500, test_RMSE: 1.126263976097107, erank: 55.854679107666016
depth: 3, iteration: 95000, test_RMSE: 1.126263976097107, erank: 55.84918975830078
depth: 3, iteration: 95500, test_RMSE: 1.1262640953063965, erank: 55.84367752075195
depth: 3, iteration: 96000, test_RMSE: 1.126263976097107, erank: 55.83806228637695
depth: 3, iteration: 96500, test_RMSE: 1.1262640953063965, erank: 55.83246994018555
depth: 3, iteration: 97000, test_RMSE: 1.1262640953063965, erank: 55.82685089111328
depth: 3, iteration: 97500, test_RMSE: 1.1262640953063965, erank: 55.82118225097656
depth: 3, iteration: 98000, test_RMSE: 1.126263976097107, erank: 55.815513610839844
depth: 3, iteration: 98500, test_RMSE: 1.1262640953063965, erank: 55.809818267822266
depth: 3, iteration: 99000, test_RMSE: 1.1262640953063965, erank: 55.80401611328125
depth: 3, iteration: 99500, test_RMSE: 1.1262640953063965, erank: 55.7982177734375
depth: 3, iteration: 100000, test_RMSE: 1.1262640953063965, erank: 55.79246520996094
depth: 3, iteration: 100500, test_RMSE: 1.1262640953063965, erank: 55.7865104675293
depth: 3, iteration: 101000, test_RMSE: 1.1262640953063965, erank: 55.78071212768555
depth: 3, iteration: 101500, test_RMSE: 1.126263976097107, erank: 55.774696350097656
depth: 3, iteration: 102000, test_RMSE: 1.1262640953063965, erank: 55.768795013427734
depth: 3, iteration: 102500, test_RMSE: 1.1262640953063965, erank: 55.762786865234375
depth: 3, iteration: 103000, test_RMSE: 1.1262640953063965, erank: 55.756778717041016
depth: 3, iteration: 103500, test_RMSE: 1.126263976097107, erank: 55.750770568847656
depth: 3, iteration: 104000, test_RMSE: 1.1262640953063965, erank: 55.744651794433594
depth: 3, iteration: 104500, test_RMSE: 1.1262640953063965, erank: 55.7385139465332
depth: 3, iteration: 105000, test_RMSE: 1.1262640953063965, erank: 55.73237609863281
depth: 3, iteration: 105500, test_RMSE: 1.1262640953063965, erank: 55.7262077331543
depth: 3, iteration: 106000, test_RMSE: 1.126263976097107, erank: 55.719993591308594
depth: 3, iteration: 106500, test_RMSE: 1.126263976097107, erank: 55.713722229003906
depth: 3, iteration: 107000, test_RMSE: 1.126263976097107, erank: 55.7075080871582
depth: 3, iteration: 107500, test_RMSE: 1.1262640953063965, erank: 55.701133728027344
depth: 3, iteration: 108000, test_RMSE: 1.1262640953063965, erank: 55.69480895996094
depth: 3, iteration: 108500, test_RMSE: 1.126263976097107, erank: 55.68846130371094
depth: 3, iteration: 109000, test_RMSE: 1.126263976097107, erank: 55.682010650634766
depth: 3, iteration: 109500, test_RMSE: 1.126263976097107, erank: 55.675533294677734
depth: 3, iteration: 110000, test_RMSE: 1.126263976097107, erank: 55.669002532958984
depth: 3, iteration: 110500, test_RMSE: 1.126263976097107, erank: 55.66252517700195
depth: 3, iteration: 111000, test_RMSE: 1.1262640953063965, erank: 55.65594482421875
depth: 3, iteration: 111500, test_RMSE: 1.126263976097107, erank: 55.64936447143555
depth: 3, iteration: 112000, test_RMSE: 1.1262640953063965, erank: 55.642757415771484
depth: 3, iteration: 112500, test_RMSE: 1.1262640953063965, erank: 55.636070251464844
depth: 3, iteration: 113000, test_RMSE: 1.1262640953063965, erank: 55.62940979003906
depth: 3, iteration: 113500, test_RMSE: 1.1262640953063965, erank: 55.62267303466797
depth: 3, iteration: 114000, test_RMSE: 1.126263976097107, erank: 55.61594009399414
depth: 3, iteration: 114500, test_RMSE: 1.126263976097107, erank: 55.609127044677734
depth: 3, iteration: 115000, test_RMSE: 1.1262640953063965, erank: 55.602333068847656
depth: 3, iteration: 115500, test_RMSE: 1.126263976097107, erank: 55.5954704284668
depth: 3, iteration: 116000, test_RMSE: 1.1262640953063965, erank: 55.58857345581055
depth: 3, iteration: 116500, test_RMSE: 1.1262640953063965, erank: 55.58160400390625
depth: 3, iteration: 117000, test_RMSE: 1.1262640953063965, erank: 55.57466506958008
depth: 3, iteration: 117500, test_RMSE: 1.1262640953063965, erank: 55.5676383972168
depth: 3, iteration: 118000, test_RMSE: 1.1262640953063965, erank: 55.560646057128906
depth: 3, iteration: 118500, test_RMSE: 1.1262640953063965, erank: 55.55357360839844
depth: 3, iteration: 119000, test_RMSE: 1.126263976097107, erank: 55.5464973449707
depth: 3, iteration: 119500, test_RMSE: 1.1262640953063965, erank: 55.53932189941406
depth: 3, iteration: 120000, test_RMSE: 1.126263976097107, erank: 55.53217315673828
depth: 3, iteration: 120500, test_RMSE: 1.1262640953063965, erank: 55.524993896484375
depth: 3, iteration: 121000, test_RMSE: 1.126263976097107, erank: 55.51769256591797
depth: 3, iteration: 121500, test_RMSE: 1.126263976097107, erank: 55.51038360595703
depth: 3, iteration: 122000, test_RMSE: 1.126263976097107, erank: 55.50313186645508
depth: 3, iteration: 122500, test_RMSE: 1.126263976097107, erank: 55.495723724365234
depth: 3, iteration: 123000, test_RMSE: 1.126263976097107, erank: 55.48841857910156
depth: 3, iteration: 123500, test_RMSE: 1.126263976097107, erank: 55.480960845947266
depth: 3, iteration: 124000, test_RMSE: 1.126263976097107, erank: 55.473472595214844
depth: 3, iteration: 124500, test_RMSE: 1.126263976097107, erank: 55.46601104736328
depth: 3, iteration: 125000, test_RMSE: 1.126263976097107, erank: 55.45842361450195
depth: 3, iteration: 125500, test_RMSE: 1.126263976097107, erank: 55.45091247558594
depth: 3, iteration: 126000, test_RMSE: 1.126263976097107, erank: 55.44335174560547
depth: 3, iteration: 126500, test_RMSE: 1.126263976097107, erank: 55.4356575012207
depth: 3, iteration: 127000, test_RMSE: 1.126263976097107, erank: 55.42802047729492
depth: 3, iteration: 127500, test_RMSE: 1.126263976097107, erank: 55.42030334472656
depth: 3, iteration: 128000, test_RMSE: 1.126263976097107, erank: 55.41259002685547
depth: 3, iteration: 128500, test_RMSE: 1.126263976097107, erank: 55.40481948852539
depth: 3, iteration: 129000, test_RMSE: 1.126263976097107, erank: 55.39704895019531
depth: 3, iteration: 129500, test_RMSE: 1.126263976097107, erank: 55.38923263549805
depth: 3, iteration: 130000, test_RMSE: 1.126263976097107, erank: 55.381309509277344
depth: 3, iteration: 130500, test_RMSE: 1.126263976097107, erank: 55.373390197753906
depth: 3, iteration: 131000, test_RMSE: 1.126263976097107, erank: 55.36549377441406
depth: 3, iteration: 131500, test_RMSE: 1.126263976097107, erank: 55.35744094848633
depth: 3, iteration: 132000, test_RMSE: 1.126263976097107, erank: 55.34941864013672
depth: 3, iteration: 132500, test_RMSE: 1.126263976097107, erank: 55.341392517089844
depth: 3, iteration: 133000, test_RMSE: 1.126263976097107, erank: 55.33326721191406
depth: 3, iteration: 133500, test_RMSE: 1.126263976097107, erank: 55.3251953125
depth: 3, iteration: 134000, test_RMSE: 1.126263976097107, erank: 55.3170166015625
depth: 3, iteration: 134500, test_RMSE: 1.126263976097107, erank: 55.308841705322266
depth: 3, iteration: 135000, test_RMSE: 1.126263976097107, erank: 55.30058670043945
depth: 3, iteration: 135500, test_RMSE: 1.126263976097107, erank: 55.29238510131836
depth: 3, iteration: 136000, test_RMSE: 1.126263976097107, erank: 55.28408432006836
depth: 3, iteration: 136500, test_RMSE: 1.126263976097107, erank: 55.275753021240234
depth: 3, iteration: 137000, test_RMSE: 1.126263976097107, erank: 55.267372131347656
depth: 3, iteration: 137500, test_RMSE: 1.126263976097107, erank: 55.25896453857422
depth: 3, iteration: 138000, test_RMSE: 1.126263976097107, erank: 55.25056076049805
depth: 3, iteration: 138500, test_RMSE: 1.126263976097107, erank: 55.24210739135742
depth: 3, iteration: 139000, test_RMSE: 1.126263976097107, erank: 55.23362350463867
depth: 3, iteration: 139500, test_RMSE: 1.126263976097107, erank: 55.22506332397461
depth: 3, iteration: 140000, test_RMSE: 1.126263976097107, erank: 55.21650695800781
depth: 3, iteration: 140500, test_RMSE: 1.126263976097107, erank: 55.20789337158203
depth: 3, iteration: 141000, test_RMSE: 1.126263976097107, erank: 55.19923782348633
depth: 3, iteration: 141500, test_RMSE: 1.126263976097107, erank: 55.19052505493164
depth: 3, iteration: 142000, test_RMSE: 1.126263976097107, erank: 55.18183898925781
depth: 3, iteration: 142500, test_RMSE: 1.126263976097107, erank: 55.17302703857422
depth: 3, iteration: 143000, test_RMSE: 1.126263976097107, erank: 55.164241790771484
depth: 3, iteration: 143500, test_RMSE: 1.126263976097107, erank: 55.15545654296875
depth: 3, iteration: 144000, test_RMSE: 1.126263976097107, erank: 55.146568298339844
depth: 3, iteration: 144500, test_RMSE: 1.126263976097107, erank: 55.13768005371094
depth: 3, iteration: 145000, test_RMSE: 1.126263976097107, erank: 55.12871170043945
depth: 3, iteration: 145500, test_RMSE: 1.126263976097107, erank: 55.119754791259766
depth: 3, iteration: 146000, test_RMSE: 1.126263976097107, erank: 55.11071014404297
depth: 3, iteration: 146500, test_RMSE: 1.126263976097107, erank: 55.101619720458984
depth: 3, iteration: 147000, test_RMSE: 1.126263976097107, erank: 55.09258270263672
depth: 3, iteration: 147500, test_RMSE: 1.126263976097107, erank: 55.083438873291016
depth: 3, iteration: 148000, test_RMSE: 1.126263976097107, erank: 55.07427215576172
depth: 3, iteration: 148500, test_RMSE: 1.126263976097107, erank: 55.065086364746094
depth: 3, iteration: 149000, test_RMSE: 1.126263976097107, erank: 55.055816650390625
depth: 3, iteration: 149500, test_RMSE: 1.126263976097107, erank: 55.046600341796875
depth: 3, iteration: 150000, test_RMSE: 1.126263976097107, erank: 55.03733825683594
depth: 3, iteration: 150500, test_RMSE: 1.1262638568878174, erank: 55.027915954589844
depth: 3, iteration: 151000, test_RMSE: 1.1262638568878174, erank: 55.01852035522461
depth: 3, iteration: 151500, test_RMSE: 1.126263976097107, erank: 55.00910949707031
depth: 3, iteration: 152000, test_RMSE: 1.1262638568878174, erank: 54.999717712402344
depth: 3, iteration: 152500, test_RMSE: 1.1262638568878174, erank: 54.99022674560547
depth: 3, iteration: 153000, test_RMSE: 1.1262638568878174, erank: 54.98067855834961
depth: 3, iteration: 153500, test_RMSE: 1.126263976097107, erank: 54.971134185791016
depth: 3, iteration: 154000, test_RMSE: 1.1262638568878174, erank: 54.96149444580078
depth: 3, iteration: 154500, test_RMSE: 1.1262638568878174, erank: 54.951820373535156
depth: 3, iteration: 155000, test_RMSE: 1.1262638568878174, erank: 54.94221115112305
depth: 3, iteration: 155500, test_RMSE: 1.1262638568878174, erank: 54.932464599609375
depth: 3, iteration: 156000, test_RMSE: 1.1262638568878174, erank: 54.9227180480957
depth: 3, iteration: 156500, test_RMSE: 1.1262638568878174, erank: 54.912925720214844
depth: 3, iteration: 157000, test_RMSE: 1.1262638568878174, erank: 54.903079986572266
depth: 3, iteration: 157500, test_RMSE: 1.1262638568878174, erank: 54.8931884765625
depth: 3, iteration: 158000, test_RMSE: 1.1262638568878174, erank: 54.883262634277344
depth: 3, iteration: 158500, test_RMSE: 1.1262638568878174, erank: 54.873348236083984
depth: 3, iteration: 159000, test_RMSE: 1.1262638568878174, erank: 54.86335372924805
depth: 3, iteration: 159500, test_RMSE: 1.1262638568878174, erank: 54.85338592529297
depth: 3, iteration: 160000, test_RMSE: 1.1262638568878174, erank: 54.843292236328125
depth: 3, iteration: 160500, test_RMSE: 1.1262638568878174, erank: 54.83322525024414
depth: 3, iteration: 161000, test_RMSE: 1.1262638568878174, erank: 54.8231086730957
depth: 3, iteration: 161500, test_RMSE: 1.1262638568878174, erank: 54.81291198730469
depth: 3, iteration: 162000, test_RMSE: 1.1262638568878174, erank: 54.802772521972656
depth: 3, iteration: 162500, test_RMSE: 1.1262638568878174, erank: 54.792503356933594
depth: 3, iteration: 163000, test_RMSE: 1.1262638568878174, erank: 54.78223419189453
depth: 3, iteration: 163500, test_RMSE: 1.1262638568878174, erank: 54.77186584472656
depth: 3, iteration: 164000, test_RMSE: 1.1262638568878174, erank: 54.76155090332031
depth: 3, iteration: 164500, test_RMSE: 1.1262638568878174, erank: 54.75113296508789
depth: 3, iteration: 165000, test_RMSE: 1.1262638568878174, erank: 54.740692138671875
depth: 3, iteration: 165500, test_RMSE: 1.1262638568878174, erank: 54.73025131225586
depth: 3, iteration: 166000, test_RMSE: 1.1262638568878174, erank: 54.71976089477539
depth: 3, iteration: 166500, test_RMSE: 1.1262638568878174, erank: 54.709197998046875
depth: 3, iteration: 167000, test_RMSE: 1.1262638568878174, erank: 54.698577880859375
depth: 3, iteration: 167500, test_RMSE: 1.1262638568878174, erank: 54.68803787231445
depth: 3, iteration: 168000, test_RMSE: 1.1262638568878174, erank: 54.67729949951172
depth: 3, iteration: 168500, test_RMSE: 1.1262638568878174, erank: 54.66658401489258
depth: 3, iteration: 169000, test_RMSE: 1.1262638568878174, erank: 54.655845642089844
depth: 3, iteration: 169500, test_RMSE: 1.1262638568878174, erank: 54.64505386352539
depth: 3, iteration: 170000, test_RMSE: 1.1262638568878174, erank: 54.634246826171875
depth: 3, iteration: 170500, test_RMSE: 1.1262638568878174, erank: 54.62345886230469
depth: 3, iteration: 171000, test_RMSE: 1.1262638568878174, erank: 54.61246871948242
depth: 3, iteration: 171500, test_RMSE: 1.1262638568878174, erank: 54.60150909423828
depth: 3, iteration: 172000, test_RMSE: 1.1262638568878174, erank: 54.59056091308594
depth: 3, iteration: 172500, test_RMSE: 1.1262638568878174, erank: 54.579471588134766
depth: 3, iteration: 173000, test_RMSE: 1.1262638568878174, erank: 54.568424224853516
depth: 3, iteration: 173500, test_RMSE: 1.1262638568878174, erank: 54.55736541748047
depth: 3, iteration: 174000, test_RMSE: 1.1262638568878174, erank: 54.54619598388672
depth: 3, iteration: 174500, test_RMSE: 1.1262638568878174, erank: 54.53499984741211
depth: 3, iteration: 175000, test_RMSE: 1.1262638568878174, erank: 54.5238037109375
depth: 3, iteration: 175500, test_RMSE: 1.1262638568878174, erank: 54.5125617980957
depth: 3, iteration: 176000, test_RMSE: 1.1262638568878174, erank: 54.50120544433594
depth: 3, iteration: 176500, test_RMSE: 1.1262638568878174, erank: 54.489871978759766
depth: 3, iteration: 177000, test_RMSE: 1.1262638568878174, erank: 54.47842025756836
depth: 3, iteration: 177500, test_RMSE: 1.1262638568878174, erank: 54.46701431274414
depth: 3, iteration: 178000, test_RMSE: 1.1262638568878174, erank: 54.45553970336914
depth: 3, iteration: 178500, test_RMSE: 1.1262638568878174, erank: 54.444034576416016
depth: 3, iteration: 179000, test_RMSE: 1.1262638568878174, erank: 54.43251037597656
depth: 3, iteration: 179500, test_RMSE: 1.1262638568878174, erank: 54.42090606689453
depth: 3, iteration: 180000, test_RMSE: 1.1262638568878174, erank: 54.40928649902344
depth: 3, iteration: 180500, test_RMSE: 1.1262638568878174, erank: 54.39760971069336
depth: 3, iteration: 181000, test_RMSE: 1.1262638568878174, erank: 54.3858757019043
depth: 3, iteration: 181500, test_RMSE: 1.1262638568878174, erank: 54.3741455078125
depth: 3, iteration: 182000, test_RMSE: 1.1262638568878174, erank: 54.362388610839844
depth: 3, iteration: 182500, test_RMSE: 1.1262638568878174, erank: 54.35056686401367
depth: 3, iteration: 183000, test_RMSE: 1.1262638568878174, erank: 54.33865737915039
depth: 3, iteration: 183500, test_RMSE: 1.1262638568878174, erank: 54.32675552368164
depth: 3, iteration: 184000, test_RMSE: 1.1262638568878174, erank: 54.31477737426758
depth: 3, iteration: 184500, test_RMSE: 1.1262638568878174, erank: 54.30281066894531
depth: 3, iteration: 185000, test_RMSE: 1.1262638568878174, erank: 54.290733337402344
depth: 3, iteration: 185500, test_RMSE: 1.1262638568878174, erank: 54.278709411621094
depth: 3, iteration: 186000, test_RMSE: 1.1262638568878174, erank: 54.26654815673828
depth: 3, iteration: 186500, test_RMSE: 1.1262638568878174, erank: 54.25436019897461
depth: 3, iteration: 187000, test_RMSE: 1.1262638568878174, erank: 54.2421760559082
depth: 3, iteration: 187500, test_RMSE: 1.1262638568878174, erank: 54.22990036010742
depth: 3, iteration: 188000, test_RMSE: 1.1262638568878174, erank: 54.21759796142578
depth: 3, iteration: 188500, test_RMSE: 1.1262638568878174, erank: 54.20528030395508
depth: 3, iteration: 189000, test_RMSE: 1.1262638568878174, erank: 54.19292449951172
depth: 3, iteration: 189500, test_RMSE: 1.1262638568878174, erank: 54.18054962158203
depth: 3, iteration: 190000, test_RMSE: 1.1262638568878174, erank: 54.16804504394531
depth: 3, iteration: 190500, test_RMSE: 1.1262638568878174, erank: 54.15555953979492
depth: 3, iteration: 191000, test_RMSE: 1.1262638568878174, erank: 54.14302062988281
depth: 3, iteration: 191500, test_RMSE: 1.1262638568878174, erank: 54.13042449951172
depth: 3, iteration: 192000, test_RMSE: 1.1262638568878174, erank: 54.11780548095703
depth: 3, iteration: 192500, test_RMSE: 1.1262638568878174, erank: 54.10515213012695
depth: 3, iteration: 193000, test_RMSE: 1.1262638568878174, erank: 54.0924186706543
depth: 3, iteration: 193500, test_RMSE: 1.1262638568878174, erank: 54.07971954345703
depth: 3, iteration: 194000, test_RMSE: 1.1262638568878174, erank: 54.06694030761719
depth: 3, iteration: 194500, test_RMSE: 1.1262638568878174, erank: 54.0540657043457
depth: 3, iteration: 195000, test_RMSE: 1.1262638568878174, erank: 54.04119110107422
depth: 3, iteration: 195500, test_RMSE: 1.1262638568878174, erank: 54.028282165527344
depth: 3, iteration: 196000, test_RMSE: 1.1262638568878174, erank: 54.01530075073242
depth: 3, iteration: 196500, test_RMSE: 1.1262638568878174, erank: 54.0023193359375
depth: 3, iteration: 197000, test_RMSE: 1.1262638568878174, erank: 53.98931884765625
depth: 3, iteration: 197500, test_RMSE: 1.1262638568878174, erank: 53.97620391845703
depth: 3, iteration: 198000, test_RMSE: 1.1262637376785278, erank: 53.96305465698242
depth: 3, iteration: 198500, test_RMSE: 1.1262638568878174, erank: 53.949893951416016
depth: 3, iteration: 199000, test_RMSE: 1.1262638568878174, erank: 53.93667221069336
depth: 3, iteration: 199500, test_RMSE: 1.1262638568878174, erank: 53.92345428466797
