depth: 5, iteration: 0, test_RMSE: 1.1197779178619385, erank: 43.9868278503418
depth: 5, iteration: 500, test_RMSE: 1.3799604177474976, erank: 4.950481414794922
depth: 5, iteration: 1000, test_RMSE: 1.373159408569336, erank: 4.953313827514648
depth: 5, iteration: 1500, test_RMSE: 1.3731682300567627, erank: 4.952264308929443
depth: 5, iteration: 2000, test_RMSE: 1.373178482055664, erank: 4.9509992599487305
depth: 5, iteration: 2500, test_RMSE: 1.3731893301010132, erank: 4.949584484100342
depth: 5, iteration: 3000, test_RMSE: 1.3732253313064575, erank: 4.948137283325195
depth: 5, iteration: 3500, test_RMSE: 1.373207449913025, erank: 4.946780681610107
depth: 5, iteration: 4000, test_RMSE: 1.3731324672698975, erank: 4.945596694946289
depth: 5, iteration: 4500, test_RMSE: 1.373227596282959, erank: 4.944430828094482
depth: 5, iteration: 5000, test_RMSE: 1.3731229305267334, erank: 4.943387031555176
depth: 5, iteration: 5500, test_RMSE: 1.3731329441070557, erank: 4.942697525024414
depth: 5, iteration: 6000, test_RMSE: 1.3730425834655762, erank: 4.941817760467529
depth: 5, iteration: 6500, test_RMSE: 1.3738198280334473, erank: 4.94034481048584
depth: 5, iteration: 7000, test_RMSE: 1.3729677200317383, erank: 4.940606117248535
depth: 5, iteration: 7500, test_RMSE: 1.373207449913025, erank: 4.939895153045654
depth: 5, iteration: 8000, test_RMSE: 1.373224139213562, erank: 4.938929557800293
depth: 5, iteration: 8500, test_RMSE: 1.373751163482666, erank: 4.938374042510986
depth: 5, iteration: 9000, test_RMSE: 1.3732067346572876, erank: 4.938499450683594
depth: 5, iteration: 9500, test_RMSE: 1.3731458187103271, erank: 4.938251495361328
depth: 5, iteration: 10000, test_RMSE: 1.3735371828079224, erank: 4.937376499176025
depth: 5, iteration: 10500, test_RMSE: 1.3728082180023193, erank: 4.937849521636963
depth: 5, iteration: 11000, test_RMSE: 1.3732995986938477, erank: 4.937405586242676
depth: 5, iteration: 11500, test_RMSE: 1.3741344213485718, erank: 4.936470031738281
depth: 5, iteration: 12000, test_RMSE: 1.3741624355316162, erank: 4.936219692230225
depth: 5, iteration: 12500, test_RMSE: 1.3720362186431885, erank: 4.937260627746582
depth: 5, iteration: 13000, test_RMSE: 1.3732713460922241, erank: 4.936232089996338
depth: 5, iteration: 13500, test_RMSE: 1.3731343746185303, erank: 4.936197280883789
depth: 5, iteration: 14000, test_RMSE: 1.373058557510376, erank: 4.936100959777832
depth: 5, iteration: 14500, test_RMSE: 1.3727879524230957, erank: 4.936252117156982
depth: 5, iteration: 15000, test_RMSE: 1.3732777833938599, erank: 4.935580730438232
depth: 5, iteration: 15500, test_RMSE: 1.3734558820724487, erank: 4.935006618499756
depth: 5, iteration: 16000, test_RMSE: 1.3733035326004028, erank: 4.935300350189209
depth: 5, iteration: 16500, test_RMSE: 1.3737211227416992, erank: 4.9349212646484375
depth: 5, iteration: 17000, test_RMSE: 1.3740240335464478, erank: 4.934309959411621
depth: 5, iteration: 17500, test_RMSE: 1.3734056949615479, erank: 4.935667037963867
depth: 5, iteration: 18000, test_RMSE: 1.3733999729156494, erank: 4.935211181640625
depth: 5, iteration: 18500, test_RMSE: 1.3724617958068848, erank: 4.935379981994629
depth: 5, iteration: 19000, test_RMSE: 1.373229742050171, erank: 4.9348578453063965
depth: 5, iteration: 19500, test_RMSE: 1.372167706489563, erank: 4.935633182525635
depth: 5, iteration: 20000, test_RMSE: 1.372997760772705, erank: 4.934798717498779
depth: 5, iteration: 20500, test_RMSE: 1.3735474348068237, erank: 4.9344892501831055
depth: 5, iteration: 21000, test_RMSE: 1.3734312057495117, erank: 4.93442440032959
depth: 5, iteration: 21500, test_RMSE: 1.3733816146850586, erank: 4.934628009796143
depth: 5, iteration: 22000, test_RMSE: 1.3728793859481812, erank: 4.934553623199463
depth: 5, iteration: 22500, test_RMSE: 1.372957706451416, erank: 4.934362888336182
depth: 5, iteration: 23000, test_RMSE: 1.3732985258102417, erank: 4.93419075012207
depth: 5, iteration: 23500, test_RMSE: 1.3727083206176758, erank: 4.934902667999268
depth: 5, iteration: 24000, test_RMSE: 1.3737488985061646, erank: 4.933982849121094
depth: 5, iteration: 24500, test_RMSE: 1.3733004331588745, erank: 4.934174537658691
depth: 5, iteration: 25000, test_RMSE: 1.3727163076400757, erank: 4.934463024139404
depth: 5, iteration: 25500, test_RMSE: 1.3738785982131958, erank: 4.93375301361084
depth: 5, iteration: 26000, test_RMSE: 1.3732386827468872, erank: 4.9343085289001465
depth: 5, iteration: 26500, test_RMSE: 1.3729021549224854, erank: 4.934031963348389
depth: 5, iteration: 27000, test_RMSE: 1.373395323753357, erank: 4.934398174285889
depth: 5, iteration: 27500, test_RMSE: 1.3736034631729126, erank: 4.9337334632873535
depth: 5, iteration: 28000, test_RMSE: 1.373666524887085, erank: 4.93438720703125
depth: 5, iteration: 28500, test_RMSE: 1.3729466199874878, erank: 4.934264659881592
depth: 5, iteration: 29000, test_RMSE: 1.3736987113952637, erank: 4.93355655670166
depth: 5, iteration: 29500, test_RMSE: 1.373583197593689, erank: 4.934032917022705
