depth: 4, iteration: 0, test_RMSE: 1.1261619329452515, erank: 49.03959274291992
depth: 4, iteration: 500, test_RMSE: 1.3748520612716675, erank: 5.0611443519592285
depth: 4, iteration: 1000, test_RMSE: 1.3752824068069458, erank: 5.040154933929443
depth: 4, iteration: 1500, test_RMSE: 1.3754992485046387, erank: 5.025900363922119
depth: 4, iteration: 2000, test_RMSE: 1.3756604194641113, erank: 5.014705181121826
depth: 4, iteration: 2500, test_RMSE: 1.375787615776062, erank: 5.0052361488342285
depth: 4, iteration: 3000, test_RMSE: 1.3758888244628906, erank: 4.997023105621338
depth: 4, iteration: 3500, test_RMSE: 1.3759675025939941, erank: 4.989891529083252
depth: 4, iteration: 4000, test_RMSE: 1.3760216236114502, erank: 4.984017372131348
depth: 4, iteration: 4500, test_RMSE: 1.3759894371032715, erank: 4.979491233825684
depth: 4, iteration: 5000, test_RMSE: 1.3754422664642334, erank: 4.976521015167236
depth: 4, iteration: 5500, test_RMSE: 1.3760508298873901, erank: 4.973172664642334
depth: 4, iteration: 6000, test_RMSE: 1.376045823097229, erank: 4.9711833000183105
depth: 4, iteration: 6500, test_RMSE: 1.3759737014770508, erank: 4.9698100090026855
depth: 4, iteration: 7000, test_RMSE: 1.3758991956710815, erank: 4.968644618988037
depth: 4, iteration: 7500, test_RMSE: 1.3760179281234741, erank: 4.967641353607178
depth: 4, iteration: 8000, test_RMSE: 1.3761547803878784, erank: 4.9670023918151855
depth: 4, iteration: 8500, test_RMSE: 1.3756859302520752, erank: 4.96693229675293
depth: 4, iteration: 9000, test_RMSE: 1.37522554397583, erank: 4.96652889251709
depth: 4, iteration: 9500, test_RMSE: 1.3758752346038818, erank: 4.965784072875977
depth: 4, iteration: 10000, test_RMSE: 1.3761699199676514, erank: 4.96540641784668
depth: 4, iteration: 10500, test_RMSE: 1.375928282737732, erank: 4.965545654296875
depth: 4, iteration: 11000, test_RMSE: 1.3763370513916016, erank: 4.965031623840332
depth: 4, iteration: 11500, test_RMSE: 1.3765838146209717, erank: 4.964890480041504
depth: 4, iteration: 12000, test_RMSE: 1.3759523630142212, erank: 4.965348243713379
depth: 4, iteration: 12500, test_RMSE: 1.3766140937805176, erank: 4.964317798614502
depth: 4, iteration: 13000, test_RMSE: 1.3757600784301758, erank: 4.965054035186768
depth: 4, iteration: 13500, test_RMSE: 1.3773776292800903, erank: 4.963249683380127
depth: 4, iteration: 14000, test_RMSE: 1.3762115240097046, erank: 4.964598178863525
depth: 4, iteration: 14500, test_RMSE: 1.376021385192871, erank: 4.964561462402344
depth: 4, iteration: 15000, test_RMSE: 1.376469373703003, erank: 4.964094161987305
depth: 4, iteration: 15500, test_RMSE: 1.3759602308273315, erank: 4.9651384353637695
depth: 4, iteration: 16000, test_RMSE: 1.3758113384246826, erank: 4.964597702026367
depth: 4, iteration: 16500, test_RMSE: 1.3761625289916992, erank: 4.964309215545654
depth: 4, iteration: 17000, test_RMSE: 1.3760032653808594, erank: 4.964442729949951
depth: 4, iteration: 17500, test_RMSE: 1.3761483430862427, erank: 4.964367866516113
depth: 4, iteration: 18000, test_RMSE: 1.3765311241149902, erank: 4.964175224304199
depth: 4, iteration: 18500, test_RMSE: 1.3760617971420288, erank: 4.963953495025635
depth: 4, iteration: 19000, test_RMSE: 1.3751367330551147, erank: 4.965301513671875
depth: 4, iteration: 19500, test_RMSE: 1.375738501548767, erank: 4.9646782875061035
depth: 4, iteration: 20000, test_RMSE: 1.3763556480407715, erank: 4.964378356933594
depth: 4, iteration: 20500, test_RMSE: 1.3761250972747803, erank: 4.964285373687744
depth: 4, iteration: 21000, test_RMSE: 1.3761498928070068, erank: 4.964414596557617
depth: 4, iteration: 21500, test_RMSE: 1.375930666923523, erank: 4.964327812194824
depth: 4, iteration: 22000, test_RMSE: 1.3761028051376343, erank: 4.964383602142334
depth: 4, iteration: 22500, test_RMSE: 1.3763530254364014, erank: 4.96398401260376
depth: 4, iteration: 23000, test_RMSE: 1.3760223388671875, erank: 4.964361190795898
depth: 4, iteration: 23500, test_RMSE: 1.3765668869018555, erank: 4.9639763832092285
depth: 4, iteration: 24000, test_RMSE: 1.3769439458847046, erank: 4.963674545288086
depth: 4, iteration: 24500, test_RMSE: 1.3760982751846313, erank: 4.964198112487793
depth: 4, iteration: 25000, test_RMSE: 1.375737190246582, erank: 4.964184761047363
depth: 4, iteration: 25500, test_RMSE: 1.3761498928070068, erank: 4.964142322540283
depth: 4, iteration: 26000, test_RMSE: 1.376107096672058, erank: 4.964102268218994
depth: 4, iteration: 26500, test_RMSE: 1.3760356903076172, erank: 4.9641337394714355
depth: 4, iteration: 27000, test_RMSE: 1.3762413263320923, erank: 4.963985919952393
depth: 4, iteration: 27500, test_RMSE: 1.3764896392822266, erank: 4.963962554931641
depth: 4, iteration: 28000, test_RMSE: 1.3761107921600342, erank: 4.964078903198242
depth: 4, iteration: 28500, test_RMSE: 1.3759218454360962, erank: 4.96417236328125
depth: 4, iteration: 29000, test_RMSE: 1.3761063814163208, erank: 4.96411657333374
depth: 4, iteration: 29500, test_RMSE: 1.3759191036224365, erank: 4.964234828948975
