depth: 3, iteration: 0, test_RMSE: 1.131353735923767, erank: 57.0327033996582
depth: 3, iteration: 500, test_RMSE: 1.3616844415664673, erank: 5.385876655578613
depth: 3, iteration: 1000, test_RMSE: 1.3640106916427612, erank: 5.239226818084717
depth: 3, iteration: 1500, test_RMSE: 1.3651938438415527, erank: 5.162673473358154
depth: 3, iteration: 2000, test_RMSE: 1.3660084009170532, erank: 5.104192733764648
depth: 3, iteration: 2500, test_RMSE: 1.3666415214538574, erank: 5.054131507873535
depth: 3, iteration: 3000, test_RMSE: 1.3671468496322632, erank: 5.010110855102539
depth: 3, iteration: 3500, test_RMSE: 1.367519736289978, erank: 4.973061561584473
depth: 3, iteration: 4000, test_RMSE: 1.3677387237548828, erank: 4.948857307434082
depth: 3, iteration: 4500, test_RMSE: 1.3678510189056396, erank: 4.934641361236572
depth: 3, iteration: 5000, test_RMSE: 1.3678984642028809, erank: 4.926839351654053
depth: 3, iteration: 5500, test_RMSE: 1.3679171800613403, erank: 4.922447204589844
depth: 3, iteration: 6000, test_RMSE: 1.3679372072219849, erank: 4.920176029205322
depth: 3, iteration: 6500, test_RMSE: 1.3679269552230835, erank: 4.919083595275879
depth: 3, iteration: 7000, test_RMSE: 1.3681433200836182, erank: 4.918266296386719
depth: 3, iteration: 7500, test_RMSE: 1.367941975593567, erank: 4.918235778808594
depth: 3, iteration: 8000, test_RMSE: 1.367919683456421, erank: 4.918237686157227
depth: 3, iteration: 8500, test_RMSE: 1.3683704137802124, erank: 4.917819499969482
depth: 3, iteration: 9000, test_RMSE: 1.3678898811340332, erank: 4.918179988861084
depth: 3, iteration: 9500, test_RMSE: 1.3679314851760864, erank: 4.918074607849121
depth: 3, iteration: 10000, test_RMSE: 1.3679471015930176, erank: 4.917750358581543
depth: 3, iteration: 10500, test_RMSE: 1.3679217100143433, erank: 4.917996406555176
depth: 3, iteration: 11000, test_RMSE: 1.3678646087646484, erank: 4.918152809143066
depth: 3, iteration: 11500, test_RMSE: 1.3679189682006836, erank: 4.918076038360596
depth: 3, iteration: 12000, test_RMSE: 1.368125557899475, erank: 4.917612075805664
depth: 3, iteration: 12500, test_RMSE: 1.3681315183639526, erank: 4.917698383331299
depth: 3, iteration: 13000, test_RMSE: 1.3678319454193115, erank: 4.918562889099121
depth: 3, iteration: 13500, test_RMSE: 1.3678094148635864, erank: 4.917991638183594
depth: 3, iteration: 14000, test_RMSE: 1.3679225444793701, erank: 4.917990207672119
depth: 3, iteration: 14500, test_RMSE: 1.3678338527679443, erank: 4.918139934539795
depth: 3, iteration: 15000, test_RMSE: 1.3675951957702637, erank: 4.918615341186523
depth: 3, iteration: 15500, test_RMSE: 1.367958903312683, erank: 4.918024063110352
depth: 3, iteration: 16000, test_RMSE: 1.3682243824005127, erank: 4.917643070220947
depth: 3, iteration: 16500, test_RMSE: 1.367361307144165, erank: 4.919085502624512
depth: 3, iteration: 17000, test_RMSE: 1.3677566051483154, erank: 4.918182849884033
depth: 3, iteration: 17500, test_RMSE: 1.3678734302520752, erank: 4.918227195739746
depth: 3, iteration: 18000, test_RMSE: 1.3682938814163208, erank: 4.917754173278809
depth: 3, iteration: 18500, test_RMSE: 1.3679084777832031, erank: 4.9181060791015625
depth: 3, iteration: 19000, test_RMSE: 1.367810606956482, erank: 4.918166160583496
depth: 3, iteration: 19500, test_RMSE: 1.3678386211395264, erank: 4.918427467346191
depth: 3, iteration: 20000, test_RMSE: 1.3679025173187256, erank: 4.918110370635986
depth: 3, iteration: 20500, test_RMSE: 1.367916464805603, erank: 4.918066501617432
depth: 3, iteration: 21000, test_RMSE: 1.3678828477859497, erank: 4.918134689331055
depth: 3, iteration: 21500, test_RMSE: 1.3679503202438354, erank: 4.918035984039307
depth: 3, iteration: 22000, test_RMSE: 1.3677998781204224, erank: 4.918211460113525
depth: 3, iteration: 22500, test_RMSE: 1.367931604385376, erank: 4.918011665344238
depth: 3, iteration: 23000, test_RMSE: 1.3675092458724976, erank: 4.91873025894165
depth: 3, iteration: 23500, test_RMSE: 1.3678700923919678, erank: 4.918208122253418
depth: 3, iteration: 24000, test_RMSE: 1.3678815364837646, erank: 4.918067932128906
depth: 3, iteration: 24500, test_RMSE: 1.3680025339126587, erank: 4.918017864227295
depth: 3, iteration: 25000, test_RMSE: 1.3679418563842773, erank: 4.917937278747559
depth: 3, iteration: 25500, test_RMSE: 1.3677059412002563, erank: 4.918429374694824
depth: 3, iteration: 26000, test_RMSE: 1.3678641319274902, erank: 4.918216228485107
depth: 3, iteration: 26500, test_RMSE: 1.3679592609405518, erank: 4.91806173324585
depth: 3, iteration: 27000, test_RMSE: 1.3677520751953125, erank: 4.918445587158203
depth: 3, iteration: 27500, test_RMSE: 1.3681663274765015, erank: 4.917695999145508
depth: 3, iteration: 28000, test_RMSE: 1.3680952787399292, erank: 4.91791296005249
depth: 3, iteration: 28500, test_RMSE: 1.3679585456848145, erank: 4.917947769165039
depth: 3, iteration: 29000, test_RMSE: 1.3679466247558594, erank: 4.917984962463379
depth: 3, iteration: 29500, test_RMSE: 1.3678350448608398, erank: 4.91827392578125
