depth: 2, iteration: 0, test_RMSE: 1.1286908388137817, erank: 66.80248260498047
depth: 2, iteration: 500, test_RMSE: 1.262724757194519, erank: 14.886154174804688
depth: 2, iteration: 1000, test_RMSE: 1.270838975906372, erank: 13.860848426818848
depth: 2, iteration: 1500, test_RMSE: 1.2815309762954712, erank: 12.501664161682129
depth: 2, iteration: 2000, test_RMSE: 1.2938759326934814, erank: 11.132942199707031
depth: 2, iteration: 2500, test_RMSE: 1.3071131706237793, erank: 9.833470344543457
depth: 2, iteration: 3000, test_RMSE: 1.3205468654632568, erank: 8.6306734085083
depth: 2, iteration: 3500, test_RMSE: 1.333525538444519, erank: 7.552913665771484
depth: 2, iteration: 4000, test_RMSE: 1.3453526496887207, erank: 6.64931583404541
depth: 2, iteration: 4500, test_RMSE: 1.3555407524108887, erank: 5.906535625457764
depth: 2, iteration: 5000, test_RMSE: 1.3631840944290161, erank: 5.341965198516846
depth: 2, iteration: 5500, test_RMSE: 1.3668034076690674, erank: 5.025129318237305
depth: 2, iteration: 6000, test_RMSE: 1.3675538301467896, erank: 4.926114559173584
depth: 2, iteration: 6500, test_RMSE: 1.367612600326538, erank: 4.906595230102539
depth: 2, iteration: 7000, test_RMSE: 1.3676108121871948, erank: 4.905632972717285
depth: 2, iteration: 7500, test_RMSE: 1.3676121234893799, erank: 4.90623664855957
depth: 2, iteration: 8000, test_RMSE: 1.3676122426986694, erank: 4.906942844390869
depth: 2, iteration: 8500, test_RMSE: 1.367607593536377, erank: 4.907756805419922
depth: 2, iteration: 9000, test_RMSE: 1.3676106929779053, erank: 4.908509254455566
depth: 2, iteration: 9500, test_RMSE: 1.367613434791565, erank: 4.909417152404785
depth: 2, iteration: 10000, test_RMSE: 1.3676074743270874, erank: 4.9101996421813965
depth: 2, iteration: 10500, test_RMSE: 1.36760675907135, erank: 4.910904884338379
depth: 2, iteration: 11000, test_RMSE: 1.3676130771636963, erank: 4.911696910858154
depth: 2, iteration: 11500, test_RMSE: 1.367620587348938, erank: 4.911900520324707
depth: 2, iteration: 12000, test_RMSE: 1.3675925731658936, erank: 4.912204742431641
depth: 2, iteration: 12500, test_RMSE: 1.3675872087478638, erank: 4.911994457244873
depth: 2, iteration: 13000, test_RMSE: 1.3676156997680664, erank: 4.911876201629639
depth: 2, iteration: 13500, test_RMSE: 1.3676766157150269, erank: 4.911931991577148
depth: 2, iteration: 14000, test_RMSE: 1.367584228515625, erank: 4.911735534667969
depth: 2, iteration: 14500, test_RMSE: 1.3676059246063232, erank: 4.91144323348999
depth: 2, iteration: 15000, test_RMSE: 1.367659330368042, erank: 4.911710262298584
depth: 2, iteration: 15500, test_RMSE: 1.3676161766052246, erank: 4.9111857414245605
depth: 2, iteration: 16000, test_RMSE: 1.367611289024353, erank: 4.911066055297852
depth: 2, iteration: 16500, test_RMSE: 1.3676469326019287, erank: 4.910739421844482
depth: 2, iteration: 17000, test_RMSE: 1.3676096200942993, erank: 4.910853862762451
depth: 2, iteration: 17500, test_RMSE: 1.3675739765167236, erank: 4.910976409912109
depth: 2, iteration: 18000, test_RMSE: 1.367703914642334, erank: 4.910175323486328
depth: 2, iteration: 18500, test_RMSE: 1.3676121234893799, erank: 4.910264492034912
depth: 2, iteration: 19000, test_RMSE: 1.3676470518112183, erank: 4.91010046005249
depth: 2, iteration: 19500, test_RMSE: 1.3676213026046753, erank: 4.909901142120361
depth: 2, iteration: 20000, test_RMSE: 1.3676080703735352, erank: 4.910105228424072
depth: 2, iteration: 20500, test_RMSE: 1.367624044418335, erank: 4.909546375274658
depth: 2, iteration: 21000, test_RMSE: 1.3676291704177856, erank: 4.909942150115967
depth: 2, iteration: 21500, test_RMSE: 1.3676667213439941, erank: 4.909690856933594
depth: 2, iteration: 22000, test_RMSE: 1.36760413646698, erank: 4.909093379974365
depth: 2, iteration: 22500, test_RMSE: 1.3676133155822754, erank: 4.909156799316406
depth: 2, iteration: 23000, test_RMSE: 1.3676133155822754, erank: 4.90911865234375
depth: 2, iteration: 23500, test_RMSE: 1.3676220178604126, erank: 4.9090352058410645
depth: 2, iteration: 24000, test_RMSE: 1.3676283359527588, erank: 4.908778667449951
depth: 2, iteration: 24500, test_RMSE: 1.3675856590270996, erank: 4.908900260925293
depth: 2, iteration: 25000, test_RMSE: 1.3674923181533813, erank: 4.90880012512207
depth: 2, iteration: 25500, test_RMSE: 1.3676248788833618, erank: 4.908390045166016
depth: 2, iteration: 26000, test_RMSE: 1.3675765991210938, erank: 4.908592700958252
depth: 2, iteration: 26500, test_RMSE: 1.3676059246063232, erank: 4.908108711242676
depth: 2, iteration: 27000, test_RMSE: 1.3676321506500244, erank: 4.908179759979248
depth: 2, iteration: 27500, test_RMSE: 1.367621898651123, erank: 4.908082008361816
depth: 2, iteration: 28000, test_RMSE: 1.3676058053970337, erank: 4.907809734344482
depth: 2, iteration: 28500, test_RMSE: 1.367620825767517, erank: 4.907927513122559
depth: 2, iteration: 29000, test_RMSE: 1.3676122426986694, erank: 4.907947540283203
depth: 2, iteration: 29500, test_RMSE: 1.3676074743270874, erank: 4.9076828956604
