depth: 2, iteration: 0, test_RMSE: 1.1215388774871826, erank: 66.70346069335938
depth: 2, iteration: 500, test_RMSE: 1.121538758277893, erank: 63.255130767822266
depth: 2, iteration: 1000, test_RMSE: 1.121538758277893, erank: 59.52436447143555
depth: 2, iteration: 1500, test_RMSE: 1.121538758277893, erank: 55.58884048461914
depth: 2, iteration: 2000, test_RMSE: 1.121538758277893, erank: 51.653141021728516
depth: 2, iteration: 2500, test_RMSE: 1.121538758277893, erank: 47.901851654052734
depth: 2, iteration: 3000, test_RMSE: 1.121538758277893, erank: 44.36375045776367
depth: 2, iteration: 3500, test_RMSE: 1.121538758277893, erank: 40.96484375
depth: 2, iteration: 4000, test_RMSE: 1.121538758277893, erank: 37.734947204589844
depth: 2, iteration: 4500, test_RMSE: 1.121538758277893, erank: 34.719940185546875
depth: 2, iteration: 5000, test_RMSE: 1.121538758277893, erank: 31.947006225585938
depth: 2, iteration: 5500, test_RMSE: 1.121538758277893, erank: 29.399885177612305
depth: 2, iteration: 6000, test_RMSE: 1.1215388774871826, erank: 27.07914924621582
depth: 2, iteration: 6500, test_RMSE: 1.1215388774871826, erank: 24.96637725830078
depth: 2, iteration: 7000, test_RMSE: 1.1215389966964722, erank: 23.026569366455078
depth: 2, iteration: 7500, test_RMSE: 1.1215389966964722, erank: 21.236244201660156
depth: 2, iteration: 8000, test_RMSE: 1.1215391159057617, erank: 19.593475341796875
depth: 2, iteration: 8500, test_RMSE: 1.1215391159057617, erank: 18.09848976135254
depth: 2, iteration: 9000, test_RMSE: 1.1215392351150513, erank: 16.761804580688477
depth: 2, iteration: 9500, test_RMSE: 1.1215393543243408, erank: 15.538909912109375
depth: 2, iteration: 10000, test_RMSE: 1.1215393543243408, erank: 14.42898178100586
depth: 2, iteration: 10500, test_RMSE: 1.1215393543243408, erank: 13.430851936340332
depth: 2, iteration: 11000, test_RMSE: 1.1215394735336304, erank: 12.541404724121094
depth: 2, iteration: 11500, test_RMSE: 1.12153959274292, erank: 11.724645614624023
depth: 2, iteration: 12000, test_RMSE: 1.12153959274292, erank: 10.979775428771973
depth: 2, iteration: 12500, test_RMSE: 1.1215397119522095, erank: 10.30222225189209
depth: 2, iteration: 13000, test_RMSE: 1.121539831161499, erank: 9.679866790771484
depth: 2, iteration: 13500, test_RMSE: 1.121539831161499, erank: 9.104313850402832
depth: 2, iteration: 14000, test_RMSE: 1.1215399503707886, erank: 8.58423137664795
depth: 2, iteration: 14500, test_RMSE: 1.1215400695800781, erank: 8.106524467468262
depth: 2, iteration: 15000, test_RMSE: 1.1215401887893677, erank: 7.670500755310059
depth: 2, iteration: 15500, test_RMSE: 1.1215401887893677, erank: 7.265980243682861
depth: 2, iteration: 16000, test_RMSE: 1.1215403079986572, erank: 6.891332626342773
depth: 2, iteration: 16500, test_RMSE: 1.1215403079986572, erank: 6.549861907958984
depth: 2, iteration: 17000, test_RMSE: 1.1215404272079468, erank: 6.234875202178955
depth: 2, iteration: 17500, test_RMSE: 1.1215406656265259, erank: 5.949399471282959
depth: 2, iteration: 18000, test_RMSE: 1.1215406656265259, erank: 5.68303918838501
depth: 2, iteration: 18500, test_RMSE: 1.1215407848358154, erank: 5.4329071044921875
depth: 2, iteration: 19000, test_RMSE: 1.1215407848358154, erank: 5.197925567626953
depth: 2, iteration: 19500, test_RMSE: 1.1215407848358154, erank: 4.980325698852539
depth: 2, iteration: 20000, test_RMSE: 1.121540904045105, erank: 4.780216217041016
depth: 2, iteration: 20500, test_RMSE: 1.1215410232543945, erank: 4.591998100280762
depth: 2, iteration: 21000, test_RMSE: 1.1215410232543945, erank: 4.420645236968994
depth: 2, iteration: 21500, test_RMSE: 1.121541142463684, erank: 4.261445045471191
depth: 2, iteration: 22000, test_RMSE: 1.1215412616729736, erank: 4.11100435256958
depth: 2, iteration: 22500, test_RMSE: 1.1215412616729736, erank: 3.968522071838379
depth: 2, iteration: 23000, test_RMSE: 1.1215413808822632, erank: 3.834200143814087
depth: 2, iteration: 23500, test_RMSE: 1.1215413808822632, erank: 3.711395502090454
depth: 2, iteration: 24000, test_RMSE: 1.1215415000915527, erank: 3.594963550567627
depth: 2, iteration: 24500, test_RMSE: 1.1215415000915527, erank: 3.4846150875091553
depth: 2, iteration: 25000, test_RMSE: 1.1215416193008423, erank: 3.3813257217407227
depth: 2, iteration: 25500, test_RMSE: 1.1215416193008423, erank: 3.283175468444824
depth: 2, iteration: 26000, test_RMSE: 1.1215417385101318, erank: 3.189814805984497
depth: 2, iteration: 26500, test_RMSE: 1.1215417385101318, erank: 3.1021602153778076
depth: 2, iteration: 27000, test_RMSE: 1.1215417385101318, erank: 3.018608808517456
depth: 2, iteration: 27500, test_RMSE: 1.1215417385101318, erank: 2.939202308654785
depth: 2, iteration: 28000, test_RMSE: 1.1215418577194214, erank: 2.8650801181793213
depth: 2, iteration: 28500, test_RMSE: 1.1215418577194214, erank: 2.795042037963867
depth: 2, iteration: 29000, test_RMSE: 1.1215418577194214, erank: 2.7295188903808594
depth: 2, iteration: 29500, test_RMSE: 1.1215418577194214, erank: 2.668194532394409
depth: 2, iteration: 30000, test_RMSE: 1.121541976928711, erank: 2.6095945835113525
depth: 2, iteration: 30500, test_RMSE: 1.121541976928711, erank: 2.553452253341675
depth: 2, iteration: 31000, test_RMSE: 1.121541976928711, erank: 2.500092029571533
depth: 2, iteration: 31500, test_RMSE: 1.1215420961380005, erank: 2.4499330520629883
depth: 2, iteration: 32000, test_RMSE: 1.1215420961380005, erank: 2.403087615966797
depth: 2, iteration: 32500, test_RMSE: 1.1215420961380005, erank: 2.3584604263305664
depth: 2, iteration: 33000, test_RMSE: 1.1215420961380005, erank: 2.315553903579712
depth: 2, iteration: 33500, test_RMSE: 1.12154221534729, erank: 2.2743122577667236
depth: 2, iteration: 34000, test_RMSE: 1.12154221534729, erank: 2.234635353088379
depth: 2, iteration: 34500, test_RMSE: 1.12154221534729, erank: 2.196444034576416
depth: 2, iteration: 35000, test_RMSE: 1.12154221534729, erank: 2.1596322059631348
depth: 2, iteration: 35500, test_RMSE: 1.1215423345565796, erank: 2.124152898788452
depth: 2, iteration: 36000, test_RMSE: 1.1215423345565796, erank: 2.089942693710327
depth: 2, iteration: 36500, test_RMSE: 1.1215423345565796, erank: 2.0568902492523193
depth: 2, iteration: 37000, test_RMSE: 1.1215423345565796, erank: 2.024960517883301
depth: 2, iteration: 37500, test_RMSE: 1.1215423345565796, erank: 1.994057059288025
depth: 2, iteration: 38000, test_RMSE: 1.1215423345565796, erank: 1.9645382165908813
depth: 2, iteration: 38500, test_RMSE: 1.1215423345565796, erank: 1.9367265701293945
depth: 2, iteration: 39000, test_RMSE: 1.1215424537658691, erank: 1.9098148345947266
depth: 2, iteration: 39500, test_RMSE: 1.1215424537658691, erank: 1.8837735652923584
depth: 2, iteration: 40000, test_RMSE: 1.1215424537658691, erank: 1.858549952507019
depth: 2, iteration: 40500, test_RMSE: 1.1215424537658691, erank: 1.8340758085250854
depth: 2, iteration: 41000, test_RMSE: 1.1215424537658691, erank: 1.8110166788101196
depth: 2, iteration: 41500, test_RMSE: 1.1215424537658691, erank: 1.7887343168258667
depth: 2, iteration: 42000, test_RMSE: 1.1215424537658691, erank: 1.7671171426773071
depth: 2, iteration: 42500, test_RMSE: 1.1215424537658691, erank: 1.7461355924606323
depth: 2, iteration: 43000, test_RMSE: 1.1215424537658691, erank: 1.7257883548736572
depth: 2, iteration: 43500, test_RMSE: 1.1215425729751587, erank: 1.706002950668335
depth: 2, iteration: 44000, test_RMSE: 1.1215425729751587, erank: 1.686754584312439
depth: 2, iteration: 44500, test_RMSE: 1.1215425729751587, erank: 1.6686290502548218
depth: 2, iteration: 45000, test_RMSE: 1.1215424537658691, erank: 1.6513657569885254
depth: 2, iteration: 45500, test_RMSE: 1.1215425729751587, erank: 1.634594440460205
depth: 2, iteration: 46000, test_RMSE: 1.1215424537658691, erank: 1.6182887554168701
depth: 2, iteration: 46500, test_RMSE: 1.1215425729751587, erank: 1.6024621725082397
depth: 2, iteration: 47000, test_RMSE: 1.1215425729751587, erank: 1.5870710611343384
depth: 2, iteration: 47500, test_RMSE: 1.1215425729751587, erank: 1.5721161365509033
depth: 2, iteration: 48000, test_RMSE: 1.1215425729751587, erank: 1.5575498342514038
depth: 2, iteration: 48500, test_RMSE: 1.1215425729751587, erank: 1.5433763265609741
depth: 2, iteration: 49000, test_RMSE: 1.1215425729751587, erank: 1.5299721956253052
depth: 2, iteration: 49500, test_RMSE: 1.1215425729751587, erank: 1.516942024230957
depth: 2, iteration: 50000, test_RMSE: 1.1215425729751587, erank: 1.5042731761932373
depth: 2, iteration: 50500, test_RMSE: 1.1215425729751587, erank: 1.491926670074463
depth: 2, iteration: 51000, test_RMSE: 1.1215425729751587, erank: 1.4799354076385498
depth: 2, iteration: 51500, test_RMSE: 1.1215425729751587, erank: 1.468239426612854
depth: 2, iteration: 52000, test_RMSE: 1.1215425729751587, erank: 1.4568707942962646
depth: 2, iteration: 52500, test_RMSE: 1.1215425729751587, erank: 1.4457697868347168
depth: 2, iteration: 53000, test_RMSE: 1.1215425729751587, erank: 1.434972882270813
depth: 2, iteration: 53500, test_RMSE: 1.1215424537658691, erank: 1.424429178237915
depth: 2, iteration: 54000, test_RMSE: 1.1215424537658691, erank: 1.4141417741775513
depth: 2, iteration: 54500, test_RMSE: 1.1215424537658691, erank: 1.4041131734848022
depth: 2, iteration: 55000, test_RMSE: 1.1215424537658691, erank: 1.394500970840454
depth: 2, iteration: 55500, test_RMSE: 1.1215424537658691, erank: 1.3852496147155762
depth: 2, iteration: 56000, test_RMSE: 1.1215424537658691, erank: 1.3762202262878418
depth: 2, iteration: 56500, test_RMSE: 1.1215424537658691, erank: 1.3674025535583496
depth: 2, iteration: 57000, test_RMSE: 1.1215424537658691, erank: 1.3588244915008545
depth: 2, iteration: 57500, test_RMSE: 1.1215424537658691, erank: 1.35042142868042
depth: 2, iteration: 58000, test_RMSE: 1.1215424537658691, erank: 1.3422256708145142
depth: 2, iteration: 58500, test_RMSE: 1.1215423345565796, erank: 1.3342220783233643
depth: 2, iteration: 59000, test_RMSE: 1.1215423345565796, erank: 1.3263903856277466
depth: 2, iteration: 59500, test_RMSE: 1.1215423345565796, erank: 1.3188104629516602
depth: 2, iteration: 60000, test_RMSE: 1.1215423345565796, erank: 1.311526894569397
depth: 2, iteration: 60500, test_RMSE: 1.1215423345565796, erank: 1.3044016361236572
depth: 2, iteration: 61000, test_RMSE: 1.1215423345565796, erank: 1.2974421977996826
depth: 2, iteration: 61500, test_RMSE: 1.1215423345565796, erank: 1.290626049041748
depth: 2, iteration: 62000, test_RMSE: 1.1215423345565796, erank: 1.2841554880142212
depth: 2, iteration: 62500, test_RMSE: 1.1215423345565796, erank: 1.2778362035751343
depth: 2, iteration: 63000, test_RMSE: 1.12154221534729, erank: 1.2716730833053589
depth: 2, iteration: 63500, test_RMSE: 1.12154221534729, erank: 1.2656315565109253
depth: 2, iteration: 64000, test_RMSE: 1.12154221534729, erank: 1.2597334384918213
depth: 2, iteration: 64500, test_RMSE: 1.12154221534729, erank: 1.2539833784103394
depth: 2, iteration: 65000, test_RMSE: 1.12154221534729, erank: 1.2483636140823364
depth: 2, iteration: 65500, test_RMSE: 1.1215420961380005, erank: 1.2428560256958008
depth: 2, iteration: 66000, test_RMSE: 1.1215420961380005, erank: 1.237502932548523
depth: 2, iteration: 66500, test_RMSE: 1.1215420961380005, erank: 1.2323724031448364
depth: 2, iteration: 67000, test_RMSE: 1.1215420961380005, erank: 1.227357268333435
depth: 2, iteration: 67500, test_RMSE: 1.1215420961380005, erank: 1.2224699258804321
depth: 2, iteration: 68000, test_RMSE: 1.1215420961380005, erank: 1.2176849842071533
depth: 2, iteration: 68500, test_RMSE: 1.1215420961380005, erank: 1.2130111455917358
depth: 2, iteration: 69000, test_RMSE: 1.121541976928711, erank: 1.208465337753296
depth: 2, iteration: 69500, test_RMSE: 1.121541976928711, erank: 1.2040029764175415
depth: 2, iteration: 70000, test_RMSE: 1.1215418577194214, erank: 1.199657917022705
depth: 2, iteration: 70500, test_RMSE: 1.1215418577194214, erank: 1.1954100131988525
depth: 2, iteration: 71000, test_RMSE: 1.1215418577194214, erank: 1.1912636756896973
depth: 2, iteration: 71500, test_RMSE: 1.1215418577194214, erank: 1.1872131824493408
depth: 2, iteration: 72000, test_RMSE: 1.1215418577194214, erank: 1.1832517385482788
depth: 2, iteration: 72500, test_RMSE: 1.1215418577194214, erank: 1.1793872117996216
depth: 2, iteration: 73000, test_RMSE: 1.1215418577194214, erank: 1.1756116151809692
depth: 2, iteration: 73500, test_RMSE: 1.1215418577194214, erank: 1.1719191074371338
depth: 2, iteration: 74000, test_RMSE: 1.1215417385101318, erank: 1.168312907218933
depth: 2, iteration: 74500, test_RMSE: 1.1215417385101318, erank: 1.1647754907608032
depth: 2, iteration: 75000, test_RMSE: 1.1215416193008423, erank: 1.1613191366195679
depth: 2, iteration: 75500, test_RMSE: 1.1215416193008423, erank: 1.1579307317733765
depth: 2, iteration: 76000, test_RMSE: 1.1215416193008423, erank: 1.1546515226364136
depth: 2, iteration: 76500, test_RMSE: 1.1215416193008423, erank: 1.1515696048736572
depth: 2, iteration: 77000, test_RMSE: 1.1215415000915527, erank: 1.1485835313796997
depth: 2, iteration: 77500, test_RMSE: 1.1215415000915527, erank: 1.1456609964370728
depth: 2, iteration: 78000, test_RMSE: 1.1215415000915527, erank: 1.1428097486495972
depth: 2, iteration: 78500, test_RMSE: 1.1215415000915527, erank: 1.1400244235992432
depth: 2, iteration: 79000, test_RMSE: 1.1215413808822632, erank: 1.1373028755187988
depth: 2, iteration: 79500, test_RMSE: 1.1215413808822632, erank: 1.1346368789672852
depth: 2, iteration: 80000, test_RMSE: 1.1215412616729736, erank: 1.1320351362228394
depth: 2, iteration: 80500, test_RMSE: 1.1215412616729736, erank: 1.1294959783554077
depth: 2, iteration: 81000, test_RMSE: 1.1215412616729736, erank: 1.127010703086853
depth: 2, iteration: 81500, test_RMSE: 1.1215412616729736, erank: 1.1245830059051514
depth: 2, iteration: 82000, test_RMSE: 1.121541142463684, erank: 1.1222130060195923
depth: 2, iteration: 82500, test_RMSE: 1.121541142463684, erank: 1.1198971271514893
depth: 2, iteration: 83000, test_RMSE: 1.1215410232543945, erank: 1.1176329851150513
depth: 2, iteration: 83500, test_RMSE: 1.1215410232543945, erank: 1.1154202222824097
depth: 2, iteration: 84000, test_RMSE: 1.1215410232543945, erank: 1.1132584810256958
depth: 2, iteration: 84500, test_RMSE: 1.121540904045105, erank: 1.1111483573913574
depth: 2, iteration: 85000, test_RMSE: 1.121540904045105, erank: 1.1090892553329468
depth: 2, iteration: 85500, test_RMSE: 1.1215407848358154, erank: 1.107072114944458
depth: 2, iteration: 86000, test_RMSE: 1.1215407848358154, erank: 1.1050969362258911
depth: 2, iteration: 86500, test_RMSE: 1.1215407848358154, erank: 1.103175163269043
depth: 2, iteration: 87000, test_RMSE: 1.1215407848358154, erank: 1.101288914680481
depth: 2, iteration: 87500, test_RMSE: 1.1215406656265259, erank: 1.0994482040405273
depth: 2, iteration: 88000, test_RMSE: 1.1215406656265259, erank: 1.0976440906524658
depth: 2, iteration: 88500, test_RMSE: 1.1215405464172363, erank: 1.0959466695785522
depth: 2, iteration: 89000, test_RMSE: 1.1215404272079468, erank: 1.0942916870117188
depth: 2, iteration: 89500, test_RMSE: 1.1215404272079468, erank: 1.0926791429519653
depth: 2, iteration: 90000, test_RMSE: 1.1215403079986572, erank: 1.091109037399292
depth: 2, iteration: 90500, test_RMSE: 1.1215403079986572, erank: 1.0895720720291138
depth: 2, iteration: 91000, test_RMSE: 1.1215403079986572, erank: 1.088073492050171
depth: 2, iteration: 91500, test_RMSE: 1.1215401887893677, erank: 1.0866072177886963
depth: 2, iteration: 92000, test_RMSE: 1.1215401887893677, erank: 1.0851852893829346
depth: 2, iteration: 92500, test_RMSE: 1.1215400695800781, erank: 1.0837898254394531
depth: 2, iteration: 93000, test_RMSE: 1.1215400695800781, erank: 1.0824334621429443
depth: 2, iteration: 93500, test_RMSE: 1.1215399503707886, erank: 1.081109642982483
depth: 2, iteration: 94000, test_RMSE: 1.1215399503707886, erank: 1.079817533493042
depth: 2, iteration: 94500, test_RMSE: 1.121539831161499, erank: 1.0785548686981201
depth: 2, iteration: 95000, test_RMSE: 1.121539831161499, erank: 1.077327013015747
depth: 2, iteration: 95500, test_RMSE: 1.1215397119522095, erank: 1.076130747795105
depth: 2, iteration: 96000, test_RMSE: 1.12153959274292, erank: 1.074957251548767
depth: 2, iteration: 96500, test_RMSE: 1.12153959274292, erank: 1.0738203525543213
depth: 2, iteration: 97000, test_RMSE: 1.12153959274292, erank: 1.0727049112319946
depth: 2, iteration: 97500, test_RMSE: 1.1215394735336304, erank: 1.0716235637664795
depth: 2, iteration: 98000, test_RMSE: 1.1215393543243408, erank: 1.0705660581588745
depth: 2, iteration: 98500, test_RMSE: 1.1215393543243408, erank: 1.0695396661758423
depth: 2, iteration: 99000, test_RMSE: 1.1215392351150513, erank: 1.068532109260559
depth: 2, iteration: 99500, test_RMSE: 1.1215392351150513, erank: 1.0675504207611084
depth: 2, iteration: 100000, test_RMSE: 1.1215391159057617, erank: 1.066602110862732
depth: 2, iteration: 100500, test_RMSE: 1.1215391159057617, erank: 1.0656704902648926
depth: 2, iteration: 101000, test_RMSE: 1.1215389966964722, erank: 1.0647646188735962
depth: 2, iteration: 101500, test_RMSE: 1.1215388774871826, erank: 1.063882827758789
depth: 2, iteration: 102000, test_RMSE: 1.1215388774871826, erank: 1.0630227327346802
depth: 2, iteration: 102500, test_RMSE: 1.121538758277893, erank: 1.0621870756149292
depth: 2, iteration: 103000, test_RMSE: 1.1215386390686035, erank: 1.06137216091156
depth: 2, iteration: 103500, test_RMSE: 1.121538519859314, erank: 1.0605788230895996
depth: 2, iteration: 104000, test_RMSE: 1.121538519859314, erank: 1.05980384349823
depth: 2, iteration: 104500, test_RMSE: 1.1215384006500244, erank: 1.0590554475784302
depth: 2, iteration: 105000, test_RMSE: 1.1215384006500244, erank: 1.0583199262619019
depth: 2, iteration: 105500, test_RMSE: 1.1215382814407349, erank: 1.0576092004776
depth: 2, iteration: 106000, test_RMSE: 1.1215381622314453, erank: 1.0569077730178833
depth: 2, iteration: 106500, test_RMSE: 1.1215380430221558, erank: 1.0562654733657837
depth: 2, iteration: 107000, test_RMSE: 1.1215379238128662, erank: 1.0556434392929077
depth: 2, iteration: 107500, test_RMSE: 1.1215379238128662, erank: 1.0550416707992554
depth: 2, iteration: 108000, test_RMSE: 1.1215378046035767, erank: 1.0544538497924805
depth: 2, iteration: 108500, test_RMSE: 1.121537685394287, erank: 1.0538856983184814
depth: 2, iteration: 109000, test_RMSE: 1.121537685394287, erank: 1.0533318519592285
depth: 2, iteration: 109500, test_RMSE: 1.121537446975708, erank: 1.0527963638305664
depth: 2, iteration: 110000, test_RMSE: 1.121537446975708, erank: 1.0522751808166504
depth: 2, iteration: 110500, test_RMSE: 1.1215373277664185, erank: 1.0517667531967163
depth: 2, iteration: 111000, test_RMSE: 1.1215373277664185, erank: 1.0512748956680298
depth: 2, iteration: 111500, test_RMSE: 1.1215370893478394, erank: 1.0507993698120117
depth: 2, iteration: 112000, test_RMSE: 1.1215369701385498, erank: 1.0503383874893188
depth: 2, iteration: 112500, test_RMSE: 1.1215369701385498, erank: 1.049889326095581
depth: 2, iteration: 113000, test_RMSE: 1.1215368509292603, erank: 1.049453616142273
depth: 2, iteration: 113500, test_RMSE: 1.1215367317199707, erank: 1.0490360260009766
depth: 2, iteration: 114000, test_RMSE: 1.1215366125106812, erank: 1.0486282110214233
depth: 2, iteration: 114500, test_RMSE: 1.1215364933013916, erank: 1.0482336282730103
depth: 2, iteration: 115000, test_RMSE: 1.1215364933013916, erank: 1.0478521585464478
depth: 2, iteration: 115500, test_RMSE: 1.121536374092102, erank: 1.0474852323532104
depth: 2, iteration: 116000, test_RMSE: 1.1215362548828125, erank: 1.047127366065979
depth: 2, iteration: 116500, test_RMSE: 1.121536135673523, erank: 1.04678213596344
depth: 2, iteration: 117000, test_RMSE: 1.1215358972549438, erank: 1.0464478731155396
depth: 2, iteration: 117500, test_RMSE: 1.1215358972549438, erank: 1.0461260080337524
depth: 2, iteration: 118000, test_RMSE: 1.1215357780456543, erank: 1.0458163022994995
depth: 2, iteration: 118500, test_RMSE: 1.1215356588363647, erank: 1.045517086982727
depth: 2, iteration: 119000, test_RMSE: 1.1215354204177856, erank: 1.045228123664856
depth: 2, iteration: 119500, test_RMSE: 1.1215354204177856, erank: 1.044947862625122
depth: 2, iteration: 120000, test_RMSE: 1.121535301208496, erank: 1.0446829795837402
depth: 2, iteration: 120500, test_RMSE: 1.121535062789917, erank: 1.0444263219833374
depth: 2, iteration: 121000, test_RMSE: 1.1215349435806274, erank: 1.0441789627075195
depth: 2, iteration: 121500, test_RMSE: 1.1215349435806274, erank: 1.0439426898956299
depth: 2, iteration: 122000, test_RMSE: 1.1215347051620483, erank: 1.0437180995941162
depth: 2, iteration: 122500, test_RMSE: 1.1215345859527588, erank: 1.0434995889663696
depth: 2, iteration: 123000, test_RMSE: 1.1215344667434692, erank: 1.0432939529418945
depth: 2, iteration: 123500, test_RMSE: 1.1215343475341797, erank: 1.0430930852890015
depth: 2, iteration: 124000, test_RMSE: 1.1215342283248901, erank: 1.0429061651229858
depth: 2, iteration: 124500, test_RMSE: 1.1215341091156006, erank: 1.0427284240722656
depth: 2, iteration: 125000, test_RMSE: 1.121533989906311, erank: 1.0425626039505005
depth: 2, iteration: 125500, test_RMSE: 1.1215338706970215, erank: 1.0424039363861084
depth: 2, iteration: 126000, test_RMSE: 1.1215336322784424, erank: 1.0422592163085938
depth: 2, iteration: 126500, test_RMSE: 1.1215335130691528, erank: 1.042122721672058
depth: 2, iteration: 127000, test_RMSE: 1.1215332746505737, erank: 1.0419964790344238
depth: 2, iteration: 127500, test_RMSE: 1.1215331554412842, erank: 1.0418803691864014
depth: 2, iteration: 128000, test_RMSE: 1.1215330362319946, erank: 1.0417746305465698
depth: 2, iteration: 128500, test_RMSE: 1.121532917022705, erank: 1.0416829586029053
depth: 2, iteration: 129000, test_RMSE: 1.121532678604126, erank: 1.0415985584259033
depth: 2, iteration: 129500, test_RMSE: 1.1215325593948364, erank: 1.0415271520614624
depth: 2, iteration: 130000, test_RMSE: 1.1215324401855469, erank: 1.0414679050445557
depth: 2, iteration: 130500, test_RMSE: 1.1215322017669678, erank: 1.0414202213287354
depth: 2, iteration: 131000, test_RMSE: 1.1215320825576782, erank: 1.041382908821106
depth: 2, iteration: 131500, test_RMSE: 1.1215319633483887, erank: 1.0413544178009033
depth: 2, iteration: 132000, test_RMSE: 1.1215318441390991, erank: 1.0413405895233154
depth: 2, iteration: 132500, test_RMSE: 1.12153160572052, erank: 1.041336178779602
depth: 2, iteration: 133000, test_RMSE: 1.121531367301941, erank: 1.0413404703140259
depth: 2, iteration: 133500, test_RMSE: 1.1215312480926514, erank: 1.041356086730957
depth: 2, iteration: 134000, test_RMSE: 1.1215310096740723, erank: 1.0413851737976074
depth: 2, iteration: 134500, test_RMSE: 1.1215308904647827, erank: 1.0414239168167114
depth: 2, iteration: 135000, test_RMSE: 1.1215306520462036, erank: 1.041476845741272
depth: 2, iteration: 135500, test_RMSE: 1.121530532836914, erank: 1.0415363311767578
depth: 2, iteration: 136000, test_RMSE: 1.121530294418335, erank: 1.0416138172149658
depth: 2, iteration: 136500, test_RMSE: 1.1215301752090454, erank: 1.041698932647705
depth: 2, iteration: 137000, test_RMSE: 1.1215299367904663, erank: 1.0417946577072144
depth: 2, iteration: 137500, test_RMSE: 1.1215296983718872, erank: 1.0419031381607056
depth: 2, iteration: 138000, test_RMSE: 1.1215295791625977, erank: 1.0420222282409668
depth: 2, iteration: 138500, test_RMSE: 1.1215293407440186, erank: 1.042153000831604
depth: 2, iteration: 139000, test_RMSE: 1.1215291023254395, erank: 1.0422919988632202
depth: 2, iteration: 139500, test_RMSE: 1.12152898311615, erank: 1.0424423217773438
depth: 2, iteration: 140000, test_RMSE: 1.1215287446975708, erank: 1.0426025390625
depth: 2, iteration: 140500, test_RMSE: 1.1215285062789917, erank: 1.0427745580673218
depth: 2, iteration: 141000, test_RMSE: 1.1215282678604126, erank: 1.0429552793502808
depth: 2, iteration: 141500, test_RMSE: 1.121528148651123, erank: 1.0431442260742188
depth: 2, iteration: 142000, test_RMSE: 1.121527910232544, erank: 1.0433454513549805
depth: 2, iteration: 142500, test_RMSE: 1.1215276718139648, erank: 1.0435543060302734
depth: 2, iteration: 143000, test_RMSE: 1.1215274333953857, erank: 1.0437743663787842
depth: 2, iteration: 143500, test_RMSE: 1.1215271949768066, erank: 1.0440036058425903
depth: 2, iteration: 144000, test_RMSE: 1.121527075767517, erank: 1.0442440509796143
depth: 2, iteration: 144500, test_RMSE: 1.1215267181396484, erank: 1.044495940208435
depth: 2, iteration: 145000, test_RMSE: 1.1215264797210693, erank: 1.04475998878479
depth: 2, iteration: 145500, test_RMSE: 1.1215262413024902, erank: 1.0450369119644165
depth: 2, iteration: 146000, test_RMSE: 1.1215260028839111, erank: 1.0453263521194458
depth: 2, iteration: 146500, test_RMSE: 1.121525764465332, erank: 1.0456269979476929
depth: 2, iteration: 147000, test_RMSE: 1.1215256452560425, erank: 1.0459434986114502
depth: 2, iteration: 147500, test_RMSE: 1.1215252876281738, erank: 1.0462723970413208
depth: 2, iteration: 148000, test_RMSE: 1.1215250492095947, erank: 1.0466136932373047
depth: 2, iteration: 148500, test_RMSE: 1.1215248107910156, erank: 1.0469697713851929
depth: 2, iteration: 149000, test_RMSE: 1.1215245723724365, erank: 1.0473356246948242
depth: 2, iteration: 149500, test_RMSE: 1.1215242147445679, erank: 1.0477149486541748
depth: 2, iteration: 150000, test_RMSE: 1.1215239763259888, erank: 1.0481042861938477
depth: 2, iteration: 150500, test_RMSE: 1.1215237379074097, erank: 1.0485081672668457
depth: 2, iteration: 151000, test_RMSE: 1.1215234994888306, erank: 1.0489217042922974
depth: 2, iteration: 151500, test_RMSE: 1.121523141860962, erank: 1.0493459701538086
depth: 2, iteration: 152000, test_RMSE: 1.1215229034423828, erank: 1.049781322479248
depth: 2, iteration: 152500, test_RMSE: 1.1215226650238037, erank: 1.0502287149429321
depth: 2, iteration: 153000, test_RMSE: 1.121522307395935, erank: 1.0506876707077026
depth: 2, iteration: 153500, test_RMSE: 1.121522068977356, erank: 1.051157832145691
depth: 2, iteration: 154000, test_RMSE: 1.1215217113494873, erank: 1.0516390800476074
depth: 2, iteration: 154500, test_RMSE: 1.1215214729309082, erank: 1.052134394645691
depth: 2, iteration: 155000, test_RMSE: 1.121521234512329, erank: 1.052638053894043
depth: 2, iteration: 155500, test_RMSE: 1.1215208768844604, erank: 1.0531554222106934
depth: 2, iteration: 156000, test_RMSE: 1.1215206384658813, erank: 1.0536848306655884
depth: 2, iteration: 156500, test_RMSE: 1.1215202808380127, erank: 1.0542269945144653
depth: 2, iteration: 157000, test_RMSE: 1.121519923210144, erank: 1.0547831058502197
depth: 2, iteration: 157500, test_RMSE: 1.1215195655822754, erank: 1.0553474426269531
depth: 2, iteration: 158000, test_RMSE: 1.1215192079544067, erank: 1.0559275150299072
depth: 2, iteration: 158500, test_RMSE: 1.1215189695358276, erank: 1.056515097618103
depth: 2, iteration: 159000, test_RMSE: 1.121518611907959, erank: 1.0571181774139404
depth: 2, iteration: 159500, test_RMSE: 1.1215182542800903, erank: 1.0577327013015747
depth: 2, iteration: 160000, test_RMSE: 1.1215180158615112, erank: 1.058358907699585
depth: 2, iteration: 160500, test_RMSE: 1.121517539024353, erank: 1.0589956045150757
depth: 2, iteration: 161000, test_RMSE: 1.121517300605774, erank: 1.059644103050232
depth: 2, iteration: 161500, test_RMSE: 1.1215169429779053, erank: 1.0603035688400269
depth: 2, iteration: 162000, test_RMSE: 1.1215165853500366, erank: 1.060975193977356
depth: 2, iteration: 162500, test_RMSE: 1.121516227722168, erank: 1.0616540908813477
depth: 2, iteration: 163000, test_RMSE: 1.1215158700942993, erank: 1.0623488426208496
depth: 2, iteration: 163500, test_RMSE: 1.1215153932571411, erank: 1.0630499124526978
depth: 2, iteration: 164000, test_RMSE: 1.1215150356292725, erank: 1.0637599229812622
depth: 2, iteration: 164500, test_RMSE: 1.1215146780014038, erank: 1.0644829273223877
depth: 2, iteration: 165000, test_RMSE: 1.1215143203735352, erank: 1.0652135610580444
depth: 2, iteration: 165500, test_RMSE: 1.1215139627456665, erank: 1.0659539699554443
depth: 2, iteration: 166000, test_RMSE: 1.1215136051177979, erank: 1.066702961921692
depth: 2, iteration: 166500, test_RMSE: 1.1215131282806396, erank: 1.0674628019332886
depth: 2, iteration: 167000, test_RMSE: 1.121512770652771, erank: 1.0682321786880493
depth: 2, iteration: 167500, test_RMSE: 1.1215124130249023, erank: 1.0690125226974487
depth: 2, iteration: 168000, test_RMSE: 1.1215119361877441, erank: 1.0698046684265137
depth: 2, iteration: 168500, test_RMSE: 1.121511459350586, erank: 1.070604681968689
depth: 2, iteration: 169000, test_RMSE: 1.1215111017227173, erank: 1.0714176893234253
depth: 2, iteration: 169500, test_RMSE: 1.121510624885559, erank: 1.0722407102584839
depth: 2, iteration: 170000, test_RMSE: 1.1215102672576904, erank: 1.0730743408203125
depth: 2, iteration: 170500, test_RMSE: 1.1215097904205322, erank: 1.0739187002182007
depth: 2, iteration: 171000, test_RMSE: 1.1215094327926636, erank: 1.0747712850570679
depth: 2, iteration: 171500, test_RMSE: 1.1215089559555054, erank: 1.0756345987319946
depth: 2, iteration: 172000, test_RMSE: 1.1215084791183472, erank: 1.076505422592163
depth: 2, iteration: 172500, test_RMSE: 1.121508002281189, erank: 1.0773869752883911
depth: 2, iteration: 173000, test_RMSE: 1.1215075254440308, erank: 1.0782771110534668
depth: 2, iteration: 173500, test_RMSE: 1.1215070486068726, erank: 1.079174280166626
depth: 2, iteration: 174000, test_RMSE: 1.1215064525604248, erank: 1.0800799131393433
depth: 2, iteration: 174500, test_RMSE: 1.1215059757232666, erank: 1.0809930562973022
depth: 2, iteration: 175000, test_RMSE: 1.1215054988861084, erank: 1.0819143056869507
depth: 2, iteration: 175500, test_RMSE: 1.1215051412582397, erank: 1.0828421115875244
depth: 2, iteration: 176000, test_RMSE: 1.121504545211792, erank: 1.0837781429290771
depth: 2, iteration: 176500, test_RMSE: 1.1215040683746338, erank: 1.084718942642212
depth: 2, iteration: 177000, test_RMSE: 1.1215035915374756, erank: 1.0856677293777466
depth: 2, iteration: 177500, test_RMSE: 1.1215031147003174, erank: 1.0866235494613647
depth: 2, iteration: 178000, test_RMSE: 1.1215026378631592, erank: 1.0875844955444336
depth: 2, iteration: 178500, test_RMSE: 1.1215020418167114, erank: 1.0885531902313232
depth: 2, iteration: 179000, test_RMSE: 1.1215014457702637, erank: 1.089530110359192
depth: 2, iteration: 179500, test_RMSE: 1.1215009689331055, erank: 1.0905094146728516
depth: 2, iteration: 180000, test_RMSE: 1.1215003728866577, erank: 1.091496229171753
depth: 2, iteration: 180500, test_RMSE: 1.1214998960494995, erank: 1.0924882888793945
depth: 2, iteration: 181000, test_RMSE: 1.1214991807937622, erank: 1.0934851169586182
depth: 2, iteration: 181500, test_RMSE: 1.121498703956604, erank: 1.0944870710372925
depth: 2, iteration: 182000, test_RMSE: 1.1214981079101562, erank: 1.0954947471618652
depth: 2, iteration: 182500, test_RMSE: 1.1214975118637085, erank: 1.09650719165802
depth: 2, iteration: 183000, test_RMSE: 1.1214969158172607, erank: 1.09752357006073
depth: 2, iteration: 183500, test_RMSE: 1.121496319770813, erank: 1.09854257106781
depth: 2, iteration: 184000, test_RMSE: 1.1214957237243652, erank: 1.0995662212371826
depth: 2, iteration: 184500, test_RMSE: 1.1214951276779175, erank: 1.1005929708480835
depth: 2, iteration: 185000, test_RMSE: 1.1214945316314697, erank: 1.101623296737671
depth: 2, iteration: 185500, test_RMSE: 1.121493935585022, erank: 1.1026546955108643
depth: 2, iteration: 186000, test_RMSE: 1.1214932203292847, erank: 1.103689432144165
depth: 2, iteration: 186500, test_RMSE: 1.1214925050735474, erank: 1.1047252416610718
depth: 2, iteration: 187000, test_RMSE: 1.1214919090270996, erank: 1.1057631969451904
depth: 2, iteration: 187500, test_RMSE: 1.1214913129806519, erank: 1.1068037748336792
depth: 2, iteration: 188000, test_RMSE: 1.1214905977249146, erank: 1.1078449487686157
depth: 2, iteration: 188500, test_RMSE: 1.1214898824691772, erank: 1.1088876724243164
depth: 2, iteration: 189000, test_RMSE: 1.1214892864227295, erank: 1.1099315881729126
depth: 2, iteration: 189500, test_RMSE: 1.1214885711669922, erank: 1.1109765768051147
depth: 2, iteration: 190000, test_RMSE: 1.1214878559112549, erank: 1.1120222806930542
depth: 2, iteration: 190500, test_RMSE: 1.1214871406555176, erank: 1.1130672693252563
depth: 2, iteration: 191000, test_RMSE: 1.1214864253997803, erank: 1.114111304283142
depth: 2, iteration: 191500, test_RMSE: 1.121485710144043, erank: 1.1151562929153442
depth: 2, iteration: 192000, test_RMSE: 1.1214849948883057, erank: 1.1162004470825195
depth: 2, iteration: 192500, test_RMSE: 1.1214842796325684, erank: 1.1172434091567993
depth: 2, iteration: 193000, test_RMSE: 1.1214834451675415, erank: 1.1182844638824463
depth: 2, iteration: 193500, test_RMSE: 1.1214827299118042, erank: 1.1193238496780396
depth: 2, iteration: 194000, test_RMSE: 1.121482014656067, erank: 1.1203622817993164
depth: 2, iteration: 194500, test_RMSE: 1.12148118019104, erank: 1.1213982105255127
depth: 2, iteration: 195000, test_RMSE: 1.1214804649353027, erank: 1.122431755065918
depth: 2, iteration: 195500, test_RMSE: 1.1214796304702759, erank: 1.1234623193740845
depth: 2, iteration: 196000, test_RMSE: 1.121478796005249, erank: 1.1244901418685913
depth: 2, iteration: 196500, test_RMSE: 1.1214779615402222, erank: 1.1255158185958862
depth: 2, iteration: 197000, test_RMSE: 1.1214771270751953, erank: 1.1265366077423096
depth: 2, iteration: 197500, test_RMSE: 1.1214762926101685, erank: 1.1275554895401
depth: 2, iteration: 198000, test_RMSE: 1.1214755773544312, erank: 1.1285693645477295
depth: 2, iteration: 198500, test_RMSE: 1.1214746236801147, erank: 1.129580020904541
depth: 2, iteration: 199000, test_RMSE: 1.121473789215088, erank: 1.1305866241455078
depth: 2, iteration: 199500, test_RMSE: 1.1214728355407715, erank: 1.1315876245498657
