depth: 4, iteration: 0, test_RMSE: 1.126266360282898, erank: 49.11211395263672
depth: 4, iteration: 500, test_RMSE: 1.126266360282898, erank: 48.857627868652344
depth: 4, iteration: 1000, test_RMSE: 1.126266360282898, erank: 48.60090637207031
depth: 4, iteration: 1500, test_RMSE: 1.126266360282898, erank: 48.341835021972656
depth: 4, iteration: 2000, test_RMSE: 1.126266360282898, erank: 48.08052062988281
depth: 4, iteration: 2500, test_RMSE: 1.126266360282898, erank: 47.81690216064453
depth: 4, iteration: 3000, test_RMSE: 1.126266360282898, erank: 47.55096435546875
depth: 4, iteration: 3500, test_RMSE: 1.126266360282898, erank: 47.282649993896484
depth: 4, iteration: 4000, test_RMSE: 1.126266360282898, erank: 47.01199722290039
depth: 4, iteration: 4500, test_RMSE: 1.126266360282898, erank: 46.738834381103516
depth: 4, iteration: 5000, test_RMSE: 1.126266360282898, erank: 46.463294982910156
depth: 4, iteration: 5500, test_RMSE: 1.126266360282898, erank: 46.18539047241211
depth: 4, iteration: 6000, test_RMSE: 1.126266360282898, erank: 45.904884338378906
depth: 4, iteration: 6500, test_RMSE: 1.126266360282898, erank: 45.62193298339844
depth: 4, iteration: 7000, test_RMSE: 1.126266360282898, erank: 45.33644485473633
depth: 4, iteration: 7500, test_RMSE: 1.126266360282898, erank: 45.0483512878418
depth: 4, iteration: 8000, test_RMSE: 1.126266360282898, erank: 44.75777816772461
depth: 4, iteration: 8500, test_RMSE: 1.126266360282898, erank: 44.46451950073242
depth: 4, iteration: 9000, test_RMSE: 1.126266360282898, erank: 44.16852569580078
depth: 4, iteration: 9500, test_RMSE: 1.126266360282898, erank: 43.86992263793945
depth: 4, iteration: 10000, test_RMSE: 1.126266360282898, erank: 43.56844711303711
depth: 4, iteration: 10500, test_RMSE: 1.126266360282898, erank: 43.264198303222656
depth: 4, iteration: 11000, test_RMSE: 1.126266360282898, erank: 42.95723342895508
depth: 4, iteration: 11500, test_RMSE: 1.126266360282898, erank: 42.647281646728516
depth: 4, iteration: 12000, test_RMSE: 1.126266360282898, erank: 42.33436965942383
depth: 4, iteration: 12500, test_RMSE: 1.126266360282898, erank: 42.0185432434082
depth: 4, iteration: 13000, test_RMSE: 1.126266360282898, erank: 41.699684143066406
depth: 4, iteration: 13500, test_RMSE: 1.126266360282898, erank: 41.37758255004883
depth: 4, iteration: 14000, test_RMSE: 1.126266360282898, erank: 41.05254364013672
depth: 4, iteration: 14500, test_RMSE: 1.126266360282898, erank: 40.72407913208008
depth: 4, iteration: 15000, test_RMSE: 1.126266360282898, erank: 40.392425537109375
depth: 4, iteration: 15500, test_RMSE: 1.1262664794921875, erank: 40.05751037597656
depth: 4, iteration: 16000, test_RMSE: 1.126266360282898, erank: 39.719146728515625
depth: 4, iteration: 16500, test_RMSE: 1.1262664794921875, erank: 39.377349853515625
depth: 4, iteration: 17000, test_RMSE: 1.126266360282898, erank: 39.03206253051758
depth: 4, iteration: 17500, test_RMSE: 1.126266360282898, erank: 38.68313217163086
depth: 4, iteration: 18000, test_RMSE: 1.1262664794921875, erank: 38.330772399902344
depth: 4, iteration: 18500, test_RMSE: 1.1262664794921875, erank: 37.97465515136719
depth: 4, iteration: 19000, test_RMSE: 1.1262664794921875, erank: 37.614871978759766
depth: 4, iteration: 19500, test_RMSE: 1.1262664794921875, erank: 37.251251220703125
depth: 4, iteration: 20000, test_RMSE: 1.1262664794921875, erank: 36.884010314941406
depth: 4, iteration: 20500, test_RMSE: 1.1262664794921875, erank: 36.51316452026367
depth: 4, iteration: 21000, test_RMSE: 1.1262664794921875, erank: 36.13846969604492
depth: 4, iteration: 21500, test_RMSE: 1.1262664794921875, erank: 35.76009750366211
depth: 4, iteration: 22000, test_RMSE: 1.126266598701477, erank: 35.378150939941406
depth: 4, iteration: 22500, test_RMSE: 1.1262664794921875, erank: 34.992637634277344
depth: 4, iteration: 23000, test_RMSE: 1.126266598701477, erank: 34.60354995727539
depth: 4, iteration: 23500, test_RMSE: 1.126266598701477, erank: 34.21140670776367
depth: 4, iteration: 24000, test_RMSE: 1.126266598701477, erank: 33.81602478027344
depth: 4, iteration: 24500, test_RMSE: 1.126266598701477, erank: 33.41768264770508
depth: 4, iteration: 25000, test_RMSE: 1.126266598701477, erank: 33.01660919189453
depth: 4, iteration: 25500, test_RMSE: 1.1262667179107666, erank: 32.613128662109375
depth: 4, iteration: 26000, test_RMSE: 1.1262667179107666, erank: 32.20745086669922
depth: 4, iteration: 26500, test_RMSE: 1.1262667179107666, erank: 31.799989700317383
depth: 4, iteration: 27000, test_RMSE: 1.1262667179107666, erank: 31.391023635864258
depth: 4, iteration: 27500, test_RMSE: 1.1262667179107666, erank: 30.980833053588867
depth: 4, iteration: 28000, test_RMSE: 1.1262667179107666, erank: 30.56997299194336
depth: 4, iteration: 28500, test_RMSE: 1.1262667179107666, erank: 30.158836364746094
depth: 4, iteration: 29000, test_RMSE: 1.1262667179107666, erank: 29.7478084564209
depth: 4, iteration: 29500, test_RMSE: 1.1262667179107666, erank: 29.33738899230957
depth: 4, iteration: 30000, test_RMSE: 1.1262668371200562, erank: 28.927946090698242
depth: 4, iteration: 30500, test_RMSE: 1.1262668371200562, erank: 28.520004272460938
depth: 4, iteration: 31000, test_RMSE: 1.1262668371200562, erank: 28.114013671875
depth: 4, iteration: 31500, test_RMSE: 1.1262668371200562, erank: 27.710330963134766
depth: 4, iteration: 32000, test_RMSE: 1.1262669563293457, erank: 27.309307098388672
depth: 4, iteration: 32500, test_RMSE: 1.1262669563293457, erank: 26.91159439086914
depth: 4, iteration: 33000, test_RMSE: 1.1262669563293457, erank: 26.51746940612793
depth: 4, iteration: 33500, test_RMSE: 1.1262670755386353, erank: 26.127328872680664
depth: 4, iteration: 34000, test_RMSE: 1.1262670755386353, erank: 25.741392135620117
depth: 4, iteration: 34500, test_RMSE: 1.1262670755386353, erank: 25.359914779663086
depth: 4, iteration: 35000, test_RMSE: 1.1262671947479248, erank: 24.983280181884766
depth: 4, iteration: 35500, test_RMSE: 1.1262671947479248, erank: 24.611719131469727
depth: 4, iteration: 36000, test_RMSE: 1.1262671947479248, erank: 24.24553871154785
depth: 4, iteration: 36500, test_RMSE: 1.1262671947479248, erank: 23.88492202758789
depth: 4, iteration: 37000, test_RMSE: 1.1262671947479248, erank: 23.5299072265625
depth: 4, iteration: 37500, test_RMSE: 1.1262671947479248, erank: 23.180728912353516
depth: 4, iteration: 38000, test_RMSE: 1.1262673139572144, erank: 22.837499618530273
depth: 4, iteration: 38500, test_RMSE: 1.1262673139572144, erank: 22.500173568725586
depth: 4, iteration: 39000, test_RMSE: 1.1262673139572144, erank: 22.168964385986328
depth: 4, iteration: 39500, test_RMSE: 1.126267433166504, erank: 21.843921661376953
depth: 4, iteration: 40000, test_RMSE: 1.126267433166504, erank: 21.524913787841797
depth: 4, iteration: 40500, test_RMSE: 1.1262675523757935, erank: 21.212121963500977
depth: 4, iteration: 41000, test_RMSE: 1.1262675523757935, erank: 20.905481338500977
depth: 4, iteration: 41500, test_RMSE: 1.1262675523757935, erank: 20.604888916015625
depth: 4, iteration: 42000, test_RMSE: 1.1262675523757935, erank: 20.31032371520996
depth: 4, iteration: 42500, test_RMSE: 1.126267671585083, erank: 20.02179527282715
depth: 4, iteration: 43000, test_RMSE: 1.126267671585083, erank: 19.739301681518555
depth: 4, iteration: 43500, test_RMSE: 1.126267671585083, erank: 19.462614059448242
depth: 4, iteration: 44000, test_RMSE: 1.126267671585083, erank: 19.19179916381836
depth: 4, iteration: 44500, test_RMSE: 1.126267671585083, erank: 18.92668342590332
depth: 4, iteration: 45000, test_RMSE: 1.1262677907943726, erank: 18.66719627380371
depth: 4, iteration: 45500, test_RMSE: 1.1262677907943726, erank: 18.413219451904297
depth: 4, iteration: 46000, test_RMSE: 1.126267910003662, erank: 18.16475486755371
depth: 4, iteration: 46500, test_RMSE: 1.126267910003662, erank: 17.921449661254883
depth: 4, iteration: 47000, test_RMSE: 1.126267910003662, erank: 17.683622360229492
depth: 4, iteration: 47500, test_RMSE: 1.1262680292129517, erank: 17.450767517089844
depth: 4, iteration: 48000, test_RMSE: 1.126267910003662, erank: 17.222944259643555
depth: 4, iteration: 48500, test_RMSE: 1.1262680292129517, erank: 17.00007438659668
depth: 4, iteration: 49000, test_RMSE: 1.1262680292129517, erank: 16.782014846801758
depth: 4, iteration: 49500, test_RMSE: 1.1262681484222412, erank: 16.56866455078125
depth: 4, iteration: 50000, test_RMSE: 1.1262681484222412, erank: 16.359756469726562
depth: 4, iteration: 50500, test_RMSE: 1.1262681484222412, erank: 16.15550994873047
depth: 4, iteration: 51000, test_RMSE: 1.1262681484222412, erank: 15.955537796020508
depth: 4, iteration: 51500, test_RMSE: 1.1262681484222412, erank: 15.759846687316895
depth: 4, iteration: 52000, test_RMSE: 1.1262681484222412, erank: 15.568353652954102
depth: 4, iteration: 52500, test_RMSE: 1.1262682676315308, erank: 15.380837440490723
depth: 4, iteration: 53000, test_RMSE: 1.1262682676315308, erank: 15.197309494018555
depth: 4, iteration: 53500, test_RMSE: 1.1262682676315308, erank: 15.017617225646973
depth: 4, iteration: 54000, test_RMSE: 1.1262683868408203, erank: 14.84178352355957
depth: 4, iteration: 54500, test_RMSE: 1.1262682676315308, erank: 14.669618606567383
depth: 4, iteration: 55000, test_RMSE: 1.1262683868408203, erank: 14.501018524169922
depth: 4, iteration: 55500, test_RMSE: 1.1262683868408203, erank: 14.33583927154541
depth: 4, iteration: 56000, test_RMSE: 1.1262685060501099, erank: 14.174112319946289
depth: 4, iteration: 56500, test_RMSE: 1.1262685060501099, erank: 14.015630722045898
depth: 4, iteration: 57000, test_RMSE: 1.1262685060501099, erank: 13.860342025756836
depth: 4, iteration: 57500, test_RMSE: 1.1262686252593994, erank: 13.708372116088867
depth: 4, iteration: 58000, test_RMSE: 1.1262685060501099, erank: 13.559361457824707
depth: 4, iteration: 58500, test_RMSE: 1.1262686252593994, erank: 13.413334846496582
depth: 4, iteration: 59000, test_RMSE: 1.1262686252593994, erank: 13.270156860351562
depth: 4, iteration: 59500, test_RMSE: 1.1262686252593994, erank: 13.129880905151367
depth: 4, iteration: 60000, test_RMSE: 1.1262686252593994, erank: 12.99240493774414
depth: 4, iteration: 60500, test_RMSE: 1.126268744468689, erank: 12.857539176940918
depth: 4, iteration: 61000, test_RMSE: 1.126268744468689, erank: 12.725274085998535
depth: 4, iteration: 61500, test_RMSE: 1.126268744468689, erank: 12.595643043518066
depth: 4, iteration: 62000, test_RMSE: 1.126268744468689, erank: 12.468432426452637
depth: 4, iteration: 62500, test_RMSE: 1.1262688636779785, erank: 12.343689918518066
depth: 4, iteration: 63000, test_RMSE: 1.1262688636779785, erank: 12.221319198608398
depth: 4, iteration: 63500, test_RMSE: 1.1262688636779785, erank: 12.101219177246094
depth: 4, iteration: 64000, test_RMSE: 1.126268982887268, erank: 11.983394622802734
depth: 4, iteration: 64500, test_RMSE: 1.126268982887268, erank: 11.867749214172363
depth: 4, iteration: 65000, test_RMSE: 1.126268982887268, erank: 11.754423141479492
depth: 4, iteration: 65500, test_RMSE: 1.126268982887268, erank: 11.642834663391113
depth: 4, iteration: 66000, test_RMSE: 1.1262691020965576, erank: 11.533413887023926
depth: 4, iteration: 66500, test_RMSE: 1.1262691020965576, erank: 11.426032066345215
depth: 4, iteration: 67000, test_RMSE: 1.1262691020965576, erank: 11.320565223693848
depth: 4, iteration: 67500, test_RMSE: 1.1262691020965576, erank: 11.216964721679688
depth: 4, iteration: 68000, test_RMSE: 1.1262691020965576, erank: 11.11520767211914
depth: 4, iteration: 68500, test_RMSE: 1.1262691020965576, erank: 11.015235900878906
depth: 4, iteration: 69000, test_RMSE: 1.1262692213058472, erank: 10.917122840881348
depth: 4, iteration: 69500, test_RMSE: 1.1262692213058472, erank: 10.820557594299316
depth: 4, iteration: 70000, test_RMSE: 1.1262692213058472, erank: 10.725797653198242
depth: 4, iteration: 70500, test_RMSE: 1.1262692213058472, erank: 10.632599830627441
depth: 4, iteration: 71000, test_RMSE: 1.1262692213058472, erank: 10.540983200073242
depth: 4, iteration: 71500, test_RMSE: 1.1262693405151367, erank: 10.450911521911621
depth: 4, iteration: 72000, test_RMSE: 1.1262693405151367, erank: 10.362395286560059
depth: 4, iteration: 72500, test_RMSE: 1.1262693405151367, erank: 10.275304794311523
depth: 4, iteration: 73000, test_RMSE: 1.1262694597244263, erank: 10.18974781036377
depth: 4, iteration: 73500, test_RMSE: 1.1262693405151367, erank: 10.105547904968262
depth: 4, iteration: 74000, test_RMSE: 1.1262694597244263, erank: 10.022723197937012
depth: 4, iteration: 74500, test_RMSE: 1.1262694597244263, erank: 9.941234588623047
depth: 4, iteration: 75000, test_RMSE: 1.1262694597244263, erank: 9.861075401306152
depth: 4, iteration: 75500, test_RMSE: 1.1262695789337158, erank: 9.782201766967773
depth: 4, iteration: 76000, test_RMSE: 1.1262695789337158, erank: 9.704560279846191
depth: 4, iteration: 76500, test_RMSE: 1.1262695789337158, erank: 9.628189086914062
depth: 4, iteration: 77000, test_RMSE: 1.1262695789337158, erank: 9.552999496459961
depth: 4, iteration: 77500, test_RMSE: 1.1262695789337158, erank: 9.479022026062012
depth: 4, iteration: 78000, test_RMSE: 1.1262695789337158, erank: 9.406167984008789
depth: 4, iteration: 78500, test_RMSE: 1.1262696981430054, erank: 9.334486961364746
depth: 4, iteration: 79000, test_RMSE: 1.1262696981430054, erank: 9.263910293579102
depth: 4, iteration: 79500, test_RMSE: 1.126269817352295, erank: 9.19434928894043
depth: 4, iteration: 80000, test_RMSE: 1.126269817352295, erank: 9.125880241394043
depth: 4, iteration: 80500, test_RMSE: 1.126269817352295, erank: 9.058390617370605
depth: 4, iteration: 81000, test_RMSE: 1.126269817352295, erank: 8.991937637329102
depth: 4, iteration: 81500, test_RMSE: 1.126269817352295, erank: 8.9264497756958
depth: 4, iteration: 82000, test_RMSE: 1.1262699365615845, erank: 8.861964225769043
depth: 4, iteration: 82500, test_RMSE: 1.1262699365615845, erank: 8.79841423034668
depth: 4, iteration: 83000, test_RMSE: 1.1262699365615845, erank: 8.735773086547852
depth: 4, iteration: 83500, test_RMSE: 1.1262699365615845, erank: 8.674077033996582
depth: 4, iteration: 84000, test_RMSE: 1.126270055770874, erank: 8.613225936889648
depth: 4, iteration: 84500, test_RMSE: 1.126270055770874, erank: 8.553284645080566
depth: 4, iteration: 85000, test_RMSE: 1.126270055770874, erank: 8.494194030761719
depth: 4, iteration: 85500, test_RMSE: 1.126270055770874, erank: 8.435877799987793
depth: 4, iteration: 86000, test_RMSE: 1.126270055770874, erank: 8.378418922424316
depth: 4, iteration: 86500, test_RMSE: 1.1262701749801636, erank: 8.32176685333252
depth: 4, iteration: 87000, test_RMSE: 1.1262701749801636, erank: 8.26589298248291
depth: 4, iteration: 87500, test_RMSE: 1.1262701749801636, erank: 8.210762977600098
depth: 4, iteration: 88000, test_RMSE: 1.1262701749801636, erank: 8.15638542175293
depth: 4, iteration: 88500, test_RMSE: 1.1262701749801636, erank: 8.102777481079102
depth: 4, iteration: 89000, test_RMSE: 1.1262702941894531, erank: 8.049860954284668
depth: 4, iteration: 89500, test_RMSE: 1.1262702941894531, erank: 7.997665882110596
depth: 4, iteration: 90000, test_RMSE: 1.1262702941894531, erank: 7.946188449859619
depth: 4, iteration: 90500, test_RMSE: 1.1262704133987427, erank: 7.895359039306641
depth: 4, iteration: 91000, test_RMSE: 1.1262704133987427, erank: 7.845215797424316
depth: 4, iteration: 91500, test_RMSE: 1.1262704133987427, erank: 7.795735836029053
depth: 4, iteration: 92000, test_RMSE: 1.1262704133987427, erank: 7.746894359588623
depth: 4, iteration: 92500, test_RMSE: 1.1262704133987427, erank: 7.698688507080078
depth: 4, iteration: 93000, test_RMSE: 1.1262705326080322, erank: 7.651089191436768
depth: 4, iteration: 93500, test_RMSE: 1.1262705326080322, erank: 7.604095458984375
depth: 4, iteration: 94000, test_RMSE: 1.1262705326080322, erank: 7.557681083679199
depth: 4, iteration: 94500, test_RMSE: 1.1262705326080322, erank: 7.511865139007568
depth: 4, iteration: 95000, test_RMSE: 1.1262705326080322, erank: 7.46661901473999
depth: 4, iteration: 95500, test_RMSE: 1.1262705326080322, erank: 7.4219441413879395
depth: 4, iteration: 96000, test_RMSE: 1.1262705326080322, erank: 7.377860069274902
depth: 4, iteration: 96500, test_RMSE: 1.1262705326080322, erank: 7.334270000457764
depth: 4, iteration: 97000, test_RMSE: 1.1262706518173218, erank: 7.291214942932129
depth: 4, iteration: 97500, test_RMSE: 1.1262706518173218, erank: 7.248708724975586
depth: 4, iteration: 98000, test_RMSE: 1.1262706518173218, erank: 7.206692218780518
depth: 4, iteration: 98500, test_RMSE: 1.1262706518173218, erank: 7.16517448425293
depth: 4, iteration: 99000, test_RMSE: 1.1262707710266113, erank: 7.124197006225586
depth: 4, iteration: 99500, test_RMSE: 1.1262707710266113, erank: 7.083667278289795
depth: 4, iteration: 100000, test_RMSE: 1.1262707710266113, erank: 7.043643474578857
depth: 4, iteration: 100500, test_RMSE: 1.1262707710266113, erank: 7.004061222076416
depth: 4, iteration: 101000, test_RMSE: 1.1262707710266113, erank: 6.96499490737915
depth: 4, iteration: 101500, test_RMSE: 1.1262707710266113, erank: 6.926308631896973
depth: 4, iteration: 102000, test_RMSE: 1.1262708902359009, erank: 6.8881330490112305
depth: 4, iteration: 102500, test_RMSE: 1.1262708902359009, erank: 6.850368499755859
depth: 4, iteration: 103000, test_RMSE: 1.1262708902359009, erank: 6.813023090362549
depth: 4, iteration: 103500, test_RMSE: 1.1262708902359009, erank: 6.776122093200684
depth: 4, iteration: 104000, test_RMSE: 1.1262710094451904, erank: 6.739622116088867
depth: 4, iteration: 104500, test_RMSE: 1.1262710094451904, erank: 6.703532695770264
depth: 4, iteration: 105000, test_RMSE: 1.1262710094451904, erank: 6.667848587036133
depth: 4, iteration: 105500, test_RMSE: 1.1262710094451904, erank: 6.632562160491943
depth: 4, iteration: 106000, test_RMSE: 1.1262710094451904, erank: 6.59765100479126
depth: 4, iteration: 106500, test_RMSE: 1.12627112865448, erank: 6.563164234161377
depth: 4, iteration: 107000, test_RMSE: 1.1262710094451904, erank: 6.529036998748779
depth: 4, iteration: 107500, test_RMSE: 1.12627112865448, erank: 6.495284557342529
depth: 4, iteration: 108000, test_RMSE: 1.12627112865448, erank: 6.461882591247559
depth: 4, iteration: 108500, test_RMSE: 1.12627112865448, erank: 6.428842067718506
depth: 4, iteration: 109000, test_RMSE: 1.12627112865448, erank: 6.396177291870117
depth: 4, iteration: 109500, test_RMSE: 1.1262712478637695, erank: 6.363799571990967
depth: 4, iteration: 110000, test_RMSE: 1.1262712478637695, erank: 6.331793308258057
depth: 4, iteration: 110500, test_RMSE: 1.1262712478637695, erank: 6.300154209136963
depth: 4, iteration: 111000, test_RMSE: 1.1262712478637695, erank: 6.2687602043151855
depth: 4, iteration: 111500, test_RMSE: 1.126271367073059, erank: 6.237782001495361
depth: 4, iteration: 112000, test_RMSE: 1.126271367073059, erank: 6.20707893371582
depth: 4, iteration: 112500, test_RMSE: 1.126271367073059, erank: 6.17669677734375
depth: 4, iteration: 113000, test_RMSE: 1.126271367073059, erank: 6.146623611450195
depth: 4, iteration: 113500, test_RMSE: 1.126271367073059, erank: 6.116844654083252
depth: 4, iteration: 114000, test_RMSE: 1.1262714862823486, erank: 6.087372303009033
depth: 4, iteration: 114500, test_RMSE: 1.1262714862823486, erank: 6.058218002319336
depth: 4, iteration: 115000, test_RMSE: 1.1262714862823486, erank: 6.029301643371582
depth: 4, iteration: 115500, test_RMSE: 1.1262714862823486, erank: 6.0006842613220215
depth: 4, iteration: 116000, test_RMSE: 1.1262714862823486, erank: 5.972387313842773
depth: 4, iteration: 116500, test_RMSE: 1.1262714862823486, erank: 5.944351673126221
depth: 4, iteration: 117000, test_RMSE: 1.1262714862823486, erank: 5.916561126708984
depth: 4, iteration: 117500, test_RMSE: 1.1262714862823486, erank: 5.889088153839111
depth: 4, iteration: 118000, test_RMSE: 1.1262716054916382, erank: 5.861853122711182
depth: 4, iteration: 118500, test_RMSE: 1.1262716054916382, erank: 5.834887504577637
depth: 4, iteration: 119000, test_RMSE: 1.1262716054916382, erank: 5.808168411254883
depth: 4, iteration: 119500, test_RMSE: 1.1262716054916382, erank: 5.781720161437988
depth: 4, iteration: 120000, test_RMSE: 1.1262716054916382, erank: 5.755510330200195
depth: 4, iteration: 120500, test_RMSE: 1.1262717247009277, erank: 5.729550361633301
depth: 4, iteration: 121000, test_RMSE: 1.1262717247009277, erank: 5.70386266708374
depth: 4, iteration: 121500, test_RMSE: 1.1262717247009277, erank: 5.678386211395264
depth: 4, iteration: 122000, test_RMSE: 1.1262717247009277, erank: 5.653163909912109
depth: 4, iteration: 122500, test_RMSE: 1.1262717247009277, erank: 5.628140926361084
depth: 4, iteration: 123000, test_RMSE: 1.1262718439102173, erank: 5.60336971282959
depth: 4, iteration: 123500, test_RMSE: 1.1262718439102173, erank: 5.578790187835693
depth: 4, iteration: 124000, test_RMSE: 1.1262718439102173, erank: 5.554466724395752
depth: 4, iteration: 124500, test_RMSE: 1.1262718439102173, erank: 5.5303425788879395
depth: 4, iteration: 125000, test_RMSE: 1.1262718439102173, erank: 5.506476402282715
depth: 4, iteration: 125500, test_RMSE: 1.1262719631195068, erank: 5.482811450958252
depth: 4, iteration: 126000, test_RMSE: 1.1262719631195068, erank: 5.459343910217285
depth: 4, iteration: 126500, test_RMSE: 1.1262719631195068, erank: 5.436085224151611
depth: 4, iteration: 127000, test_RMSE: 1.1262719631195068, erank: 5.41304349899292
depth: 4, iteration: 127500, test_RMSE: 1.1262719631195068, erank: 5.390178203582764
depth: 4, iteration: 128000, test_RMSE: 1.1262719631195068, erank: 5.367535591125488
depth: 4, iteration: 128500, test_RMSE: 1.1262720823287964, erank: 5.345078945159912
depth: 4, iteration: 129000, test_RMSE: 1.1262720823287964, erank: 5.3228068351745605
depth: 4, iteration: 129500, test_RMSE: 1.1262720823287964, erank: 5.300751209259033
depth: 4, iteration: 130000, test_RMSE: 1.126272201538086, erank: 5.278860569000244
depth: 4, iteration: 130500, test_RMSE: 1.126272201538086, erank: 5.2571587562561035
depth: 4, iteration: 131000, test_RMSE: 1.126272201538086, erank: 5.235670566558838
depth: 4, iteration: 131500, test_RMSE: 1.126272201538086, erank: 5.2143683433532715
depth: 4, iteration: 132000, test_RMSE: 1.126272201538086, erank: 5.193215847015381
depth: 4, iteration: 132500, test_RMSE: 1.1262723207473755, erank: 5.1722025871276855
depth: 4, iteration: 133000, test_RMSE: 1.1262723207473755, erank: 5.1514692306518555
depth: 4, iteration: 133500, test_RMSE: 1.1262723207473755, erank: 5.130801200866699
depth: 4, iteration: 134000, test_RMSE: 1.1262723207473755, erank: 5.1103434562683105
depth: 4, iteration: 134500, test_RMSE: 1.126272439956665, erank: 5.090034008026123
depth: 4, iteration: 135000, test_RMSE: 1.1262723207473755, erank: 5.069896221160889
depth: 4, iteration: 135500, test_RMSE: 1.126272439956665, erank: 5.049922943115234
depth: 4, iteration: 136000, test_RMSE: 1.126272439956665, erank: 5.030136585235596
depth: 4, iteration: 136500, test_RMSE: 1.126272439956665, erank: 5.010471820831299
depth: 4, iteration: 137000, test_RMSE: 1.126272439956665, erank: 4.990993022918701
depth: 4, iteration: 137500, test_RMSE: 1.126272439956665, erank: 4.971645832061768
depth: 4, iteration: 138000, test_RMSE: 1.126272439956665, erank: 4.952484130859375
depth: 4, iteration: 138500, test_RMSE: 1.1262725591659546, erank: 4.933448791503906
depth: 4, iteration: 139000, test_RMSE: 1.1262725591659546, erank: 4.914571762084961
depth: 4, iteration: 139500, test_RMSE: 1.1262725591659546, erank: 4.8958210945129395
depth: 4, iteration: 140000, test_RMSE: 1.1262725591659546, erank: 4.877212047576904
depth: 4, iteration: 140500, test_RMSE: 1.1262725591659546, erank: 4.858753681182861
depth: 4, iteration: 141000, test_RMSE: 1.1262726783752441, erank: 4.840465545654297
depth: 4, iteration: 141500, test_RMSE: 1.1262726783752441, erank: 4.822275638580322
depth: 4, iteration: 142000, test_RMSE: 1.1262726783752441, erank: 4.804260730743408
depth: 4, iteration: 142500, test_RMSE: 1.1262726783752441, erank: 4.786351680755615
depth: 4, iteration: 143000, test_RMSE: 1.1262726783752441, erank: 4.768578052520752
depth: 4, iteration: 143500, test_RMSE: 1.1262727975845337, erank: 4.750958442687988
depth: 4, iteration: 144000, test_RMSE: 1.1262727975845337, erank: 4.733468532562256
depth: 4, iteration: 144500, test_RMSE: 1.1262727975845337, erank: 4.71610164642334
depth: 4, iteration: 145000, test_RMSE: 1.1262727975845337, erank: 4.698850154876709
depth: 4, iteration: 145500, test_RMSE: 1.1262727975845337, erank: 4.681736469268799
depth: 4, iteration: 146000, test_RMSE: 1.1262727975845337, erank: 4.664734840393066
depth: 4, iteration: 146500, test_RMSE: 1.1262729167938232, erank: 4.647892475128174
depth: 4, iteration: 147000, test_RMSE: 1.1262729167938232, erank: 4.631130218505859
depth: 4, iteration: 147500, test_RMSE: 1.1262729167938232, erank: 4.614493370056152
depth: 4, iteration: 148000, test_RMSE: 1.1262729167938232, erank: 4.5979838371276855
depth: 4, iteration: 148500, test_RMSE: 1.1262729167938232, erank: 4.581613540649414
depth: 4, iteration: 149000, test_RMSE: 1.1262729167938232, erank: 4.56533670425415
depth: 4, iteration: 149500, test_RMSE: 1.1262729167938232, erank: 4.549197673797607
depth: 4, iteration: 150000, test_RMSE: 1.1262729167938232, erank: 4.53317928314209
depth: 4, iteration: 150500, test_RMSE: 1.1262730360031128, erank: 4.517230033874512
depth: 4, iteration: 151000, test_RMSE: 1.1262730360031128, erank: 4.501415729522705
depth: 4, iteration: 151500, test_RMSE: 1.1262730360031128, erank: 4.485699653625488
depth: 4, iteration: 152000, test_RMSE: 1.1262730360031128, erank: 4.470135688781738
depth: 4, iteration: 152500, test_RMSE: 1.1262730360031128, erank: 4.454606533050537
depth: 4, iteration: 153000, test_RMSE: 1.1262731552124023, erank: 4.439239978790283
depth: 4, iteration: 153500, test_RMSE: 1.1262731552124023, erank: 4.423954963684082
depth: 4, iteration: 154000, test_RMSE: 1.1262731552124023, erank: 4.4087653160095215
depth: 4, iteration: 154500, test_RMSE: 1.1262731552124023, erank: 4.393730163574219
depth: 4, iteration: 155000, test_RMSE: 1.1262731552124023, erank: 4.378737449645996
depth: 4, iteration: 155500, test_RMSE: 1.1262731552124023, erank: 4.363856792449951
depth: 4, iteration: 156000, test_RMSE: 1.126273274421692, erank: 4.34907341003418
depth: 4, iteration: 156500, test_RMSE: 1.126273274421692, erank: 4.334409713745117
depth: 4, iteration: 157000, test_RMSE: 1.126273274421692, erank: 4.319828987121582
depth: 4, iteration: 157500, test_RMSE: 1.126273274421692, erank: 4.305347919464111
depth: 4, iteration: 158000, test_RMSE: 1.1262733936309814, erank: 4.2909674644470215
depth: 4, iteration: 158500, test_RMSE: 1.1262733936309814, erank: 4.276656150817871
depth: 4, iteration: 159000, test_RMSE: 1.1262733936309814, erank: 4.262451171875
depth: 4, iteration: 159500, test_RMSE: 1.1262733936309814, erank: 4.248337745666504
depth: 4, iteration: 160000, test_RMSE: 1.1262733936309814, erank: 4.2343058586120605
depth: 4, iteration: 160500, test_RMSE: 1.1262733936309814, erank: 4.220375061035156
depth: 4, iteration: 161000, test_RMSE: 1.1262733936309814, erank: 4.206514358520508
depth: 4, iteration: 161500, test_RMSE: 1.126273512840271, erank: 4.192762851715088
depth: 4, iteration: 162000, test_RMSE: 1.126273512840271, erank: 4.1790947914123535
depth: 4, iteration: 162500, test_RMSE: 1.126273512840271, erank: 4.165510654449463
depth: 4, iteration: 163000, test_RMSE: 1.126273512840271, erank: 4.15203332901001
depth: 4, iteration: 163500, test_RMSE: 1.126273512840271, erank: 4.13859748840332
depth: 4, iteration: 164000, test_RMSE: 1.126273512840271, erank: 4.1252546310424805
depth: 4, iteration: 164500, test_RMSE: 1.1262736320495605, erank: 4.112032413482666
depth: 4, iteration: 165000, test_RMSE: 1.126273512840271, erank: 4.098845958709717
depth: 4, iteration: 165500, test_RMSE: 1.1262736320495605, erank: 4.085738658905029
depth: 4, iteration: 166000, test_RMSE: 1.1262736320495605, erank: 4.072720527648926
depth: 4, iteration: 166500, test_RMSE: 1.1262736320495605, erank: 4.059777736663818
depth: 4, iteration: 167000, test_RMSE: 1.1262736320495605, erank: 4.046935081481934
depth: 4, iteration: 167500, test_RMSE: 1.12627375125885, erank: 4.034135341644287
depth: 4, iteration: 168000, test_RMSE: 1.12627375125885, erank: 4.0214314460754395
depth: 4, iteration: 168500, test_RMSE: 1.12627375125885, erank: 4.008829593658447
depth: 4, iteration: 169000, test_RMSE: 1.12627375125885, erank: 3.9962546825408936
depth: 4, iteration: 169500, test_RMSE: 1.12627375125885, erank: 3.983771324157715
depth: 4, iteration: 170000, test_RMSE: 1.1262738704681396, erank: 3.971383810043335
depth: 4, iteration: 170500, test_RMSE: 1.1262738704681396, erank: 3.959023952484131
depth: 4, iteration: 171000, test_RMSE: 1.1262738704681396, erank: 3.9467594623565674
depth: 4, iteration: 171500, test_RMSE: 1.1262738704681396, erank: 3.9345874786376953
depth: 4, iteration: 172000, test_RMSE: 1.1262738704681396, erank: 3.922435760498047
depth: 4, iteration: 172500, test_RMSE: 1.1262738704681396, erank: 3.910374402999878
depth: 4, iteration: 173000, test_RMSE: 1.1262738704681396, erank: 3.898404359817505
depth: 4, iteration: 173500, test_RMSE: 1.1262738704681396, erank: 3.8864715099334717
depth: 4, iteration: 174000, test_RMSE: 1.1262738704681396, erank: 3.8746278285980225
depth: 4, iteration: 174500, test_RMSE: 1.1262739896774292, erank: 3.862830400466919
depth: 4, iteration: 175000, test_RMSE: 1.1262739896774292, erank: 3.8511133193969727
depth: 4, iteration: 175500, test_RMSE: 1.1262739896774292, erank: 3.8394579887390137
depth: 4, iteration: 176000, test_RMSE: 1.1262739896774292, erank: 3.8278636932373047
depth: 4, iteration: 176500, test_RMSE: 1.1262739896774292, erank: 3.8163256645202637
depth: 4, iteration: 177000, test_RMSE: 1.1262741088867188, erank: 3.804959535598755
depth: 4, iteration: 177500, test_RMSE: 1.1262741088867188, erank: 3.7934553623199463
depth: 4, iteration: 178000, test_RMSE: 1.1262741088867188, erank: 3.782104253768921
depth: 4, iteration: 178500, test_RMSE: 1.1262741088867188, erank: 3.7708094120025635
depth: 4, iteration: 179000, test_RMSE: 1.1262741088867188, erank: 3.7596116065979004
depth: 4, iteration: 179500, test_RMSE: 1.1262741088867188, erank: 3.74843430519104
depth: 4, iteration: 180000, test_RMSE: 1.1262743473052979, erank: 3.7373273372650146
depth: 4, iteration: 180500, test_RMSE: 1.1262743473052979, erank: 3.7262847423553467
depth: 4, iteration: 181000, test_RMSE: 1.1262742280960083, erank: 3.7153284549713135
depth: 4, iteration: 181500, test_RMSE: 1.1262743473052979, erank: 3.7043652534484863
depth: 4, iteration: 182000, test_RMSE: 1.1262743473052979, erank: 3.693497657775879
depth: 4, iteration: 182500, test_RMSE: 1.1262743473052979, erank: 3.6826765537261963
depth: 4, iteration: 183000, test_RMSE: 1.1262743473052979, erank: 3.6719233989715576
depth: 4, iteration: 183500, test_RMSE: 1.1262743473052979, erank: 3.6612167358398438
depth: 4, iteration: 184000, test_RMSE: 1.1262743473052979, erank: 3.650569200515747
depth: 4, iteration: 184500, test_RMSE: 1.1262744665145874, erank: 3.6399693489074707
depth: 4, iteration: 185000, test_RMSE: 1.1262743473052979, erank: 3.62943696975708
depth: 4, iteration: 185500, test_RMSE: 1.1262744665145874, erank: 3.6189582347869873
depth: 4, iteration: 186000, test_RMSE: 1.1262744665145874, erank: 3.6085522174835205
depth: 4, iteration: 186500, test_RMSE: 1.1262744665145874, erank: 3.598137617111206
depth: 4, iteration: 187000, test_RMSE: 1.1262744665145874, erank: 3.587805986404419
depth: 4, iteration: 187500, test_RMSE: 1.1262744665145874, erank: 3.577535390853882
depth: 4, iteration: 188000, test_RMSE: 1.126274585723877, erank: 3.5673084259033203
depth: 4, iteration: 188500, test_RMSE: 1.126274585723877, erank: 3.5571532249450684
depth: 4, iteration: 189000, test_RMSE: 1.126274585723877, erank: 3.5470101833343506
depth: 4, iteration: 189500, test_RMSE: 1.126274585723877, erank: 3.536952018737793
depth: 4, iteration: 190000, test_RMSE: 1.126274585723877, erank: 3.526919364929199
depth: 4, iteration: 190500, test_RMSE: 1.1262747049331665, erank: 3.5169527530670166
depth: 4, iteration: 191000, test_RMSE: 1.1262747049331665, erank: 3.5070250034332275
depth: 4, iteration: 191500, test_RMSE: 1.1262747049331665, erank: 3.497154712677002
depth: 4, iteration: 192000, test_RMSE: 1.1262747049331665, erank: 3.4873087406158447
depth: 4, iteration: 192500, test_RMSE: 1.1262747049331665, erank: 3.4775280952453613
depth: 4, iteration: 193000, test_RMSE: 1.1262747049331665, erank: 3.46777606010437
depth: 4, iteration: 193500, test_RMSE: 1.1262747049331665, erank: 3.4580917358398438
depth: 4, iteration: 194000, test_RMSE: 1.1262747049331665, erank: 3.4484481811523438
depth: 4, iteration: 194500, test_RMSE: 1.1262747049331665, erank: 3.438840627670288
depth: 4, iteration: 195000, test_RMSE: 1.126274824142456, erank: 3.4292731285095215
depth: 4, iteration: 195500, test_RMSE: 1.126274824142456, erank: 3.419778823852539
depth: 4, iteration: 196000, test_RMSE: 1.126274824142456, erank: 3.4103097915649414
depth: 4, iteration: 196500, test_RMSE: 1.126274824142456, erank: 3.400862455368042
depth: 4, iteration: 197000, test_RMSE: 1.1262749433517456, erank: 3.391479253768921
depth: 4, iteration: 197500, test_RMSE: 1.126274824142456, erank: 3.3821451663970947
depth: 4, iteration: 198000, test_RMSE: 1.1262749433517456, erank: 3.372845411300659
depth: 4, iteration: 198500, test_RMSE: 1.1262749433517456, erank: 3.363582134246826
depth: 4, iteration: 199000, test_RMSE: 1.1262749433517456, erank: 3.3543689250946045
depth: 4, iteration: 199500, test_RMSE: 1.1262749433517456, erank: 3.345212697982788
