depth: 5, iteration: 0, test_RMSE: 1.1210380792617798, erank: 43.885093688964844
depth: 5, iteration: 500, test_RMSE: 1.1210380792617798, erank: 43.720069885253906
depth: 5, iteration: 1000, test_RMSE: 1.1210380792617798, erank: 43.5537223815918
depth: 5, iteration: 1500, test_RMSE: 1.1210380792617798, erank: 43.38602066040039
depth: 5, iteration: 2000, test_RMSE: 1.1210380792617798, erank: 43.216888427734375
depth: 5, iteration: 2500, test_RMSE: 1.1210380792617798, erank: 43.04643249511719
depth: 5, iteration: 3000, test_RMSE: 1.1210380792617798, erank: 42.874549865722656
depth: 5, iteration: 3500, test_RMSE: 1.1210380792617798, erank: 42.70118713378906
depth: 5, iteration: 4000, test_RMSE: 1.1210380792617798, erank: 42.52639389038086
depth: 5, iteration: 4500, test_RMSE: 1.1210379600524902, erank: 42.350067138671875
depth: 5, iteration: 5000, test_RMSE: 1.1210379600524902, erank: 42.17224884033203
depth: 5, iteration: 5500, test_RMSE: 1.1210379600524902, erank: 41.99293518066406
depth: 5, iteration: 6000, test_RMSE: 1.1210379600524902, erank: 41.81211853027344
depth: 5, iteration: 6500, test_RMSE: 1.1210379600524902, erank: 41.629730224609375
depth: 5, iteration: 7000, test_RMSE: 1.1210379600524902, erank: 41.445865631103516
depth: 5, iteration: 7500, test_RMSE: 1.1210378408432007, erank: 41.26034164428711
depth: 5, iteration: 8000, test_RMSE: 1.1210378408432007, erank: 41.073219299316406
depth: 5, iteration: 8500, test_RMSE: 1.1210378408432007, erank: 40.88445281982422
depth: 5, iteration: 9000, test_RMSE: 1.1210378408432007, erank: 40.69410705566406
depth: 5, iteration: 9500, test_RMSE: 1.1210378408432007, erank: 40.50202178955078
depth: 5, iteration: 10000, test_RMSE: 1.1210378408432007, erank: 40.30827713012695
depth: 5, iteration: 10500, test_RMSE: 1.1210378408432007, erank: 40.112831115722656
depth: 5, iteration: 11000, test_RMSE: 1.1210377216339111, erank: 39.9156494140625
depth: 5, iteration: 11500, test_RMSE: 1.1210377216339111, erank: 39.716739654541016
depth: 5, iteration: 12000, test_RMSE: 1.1210377216339111, erank: 39.5159797668457
depth: 5, iteration: 12500, test_RMSE: 1.1210377216339111, erank: 39.31349563598633
depth: 5, iteration: 13000, test_RMSE: 1.1210377216339111, erank: 39.10917282104492
depth: 5, iteration: 13500, test_RMSE: 1.1210377216339111, erank: 38.9028205871582
depth: 5, iteration: 14000, test_RMSE: 1.1210376024246216, erank: 38.69478988647461
depth: 5, iteration: 14500, test_RMSE: 1.1210376024246216, erank: 38.484798431396484
depth: 5, iteration: 15000, test_RMSE: 1.1210376024246216, erank: 38.27284240722656
depth: 5, iteration: 15500, test_RMSE: 1.1210376024246216, erank: 38.05890655517578
depth: 5, iteration: 16000, test_RMSE: 1.1210376024246216, erank: 37.84299087524414
depth: 5, iteration: 16500, test_RMSE: 1.1210376024246216, erank: 37.62495040893555
depth: 5, iteration: 17000, test_RMSE: 1.1210376024246216, erank: 37.4047966003418
depth: 5, iteration: 17500, test_RMSE: 1.1210376024246216, erank: 37.18260192871094
depth: 5, iteration: 18000, test_RMSE: 1.1210376024246216, erank: 36.95813751220703
depth: 5, iteration: 18500, test_RMSE: 1.1210376024246216, erank: 36.73150634765625
depth: 5, iteration: 19000, test_RMSE: 1.121037483215332, erank: 36.502479553222656
depth: 5, iteration: 19500, test_RMSE: 1.121037483215332, erank: 36.27127456665039
depth: 5, iteration: 20000, test_RMSE: 1.121037483215332, erank: 36.03758239746094
depth: 5, iteration: 20500, test_RMSE: 1.1210373640060425, erank: 35.80162811279297
depth: 5, iteration: 21000, test_RMSE: 1.121037483215332, erank: 35.56306457519531
depth: 5, iteration: 21500, test_RMSE: 1.1210373640060425, erank: 35.322078704833984
depth: 5, iteration: 22000, test_RMSE: 1.1210373640060425, erank: 35.07835388183594
depth: 5, iteration: 22500, test_RMSE: 1.1210373640060425, erank: 34.83204650878906
depth: 5, iteration: 23000, test_RMSE: 1.1210373640060425, erank: 34.5829963684082
depth: 5, iteration: 23500, test_RMSE: 1.1210373640060425, erank: 34.33121109008789
depth: 5, iteration: 24000, test_RMSE: 1.121037244796753, erank: 34.076656341552734
depth: 5, iteration: 24500, test_RMSE: 1.121037244796753, erank: 33.819087982177734
depth: 5, iteration: 25000, test_RMSE: 1.121037244796753, erank: 33.558570861816406
depth: 5, iteration: 25500, test_RMSE: 1.1210371255874634, erank: 33.29519271850586
depth: 5, iteration: 26000, test_RMSE: 1.1210371255874634, erank: 33.02865219116211
depth: 5, iteration: 26500, test_RMSE: 1.1210371255874634, erank: 32.759246826171875
depth: 5, iteration: 27000, test_RMSE: 1.1210371255874634, erank: 32.486572265625
depth: 5, iteration: 27500, test_RMSE: 1.1210371255874634, erank: 32.21076965332031
depth: 5, iteration: 28000, test_RMSE: 1.1210371255874634, erank: 31.931865692138672
depth: 5, iteration: 28500, test_RMSE: 1.1210371255874634, erank: 31.649736404418945
depth: 5, iteration: 29000, test_RMSE: 1.1210370063781738, erank: 31.364683151245117
depth: 5, iteration: 29500, test_RMSE: 1.1210370063781738, erank: 31.076417922973633
depth: 5, iteration: 30000, test_RMSE: 1.1210370063781738, erank: 30.785245895385742
depth: 5, iteration: 30500, test_RMSE: 1.1210370063781738, erank: 30.491138458251953
depth: 5, iteration: 31000, test_RMSE: 1.1210370063781738, erank: 30.19426155090332
depth: 5, iteration: 31500, test_RMSE: 1.1210370063781738, erank: 29.8944091796875
depth: 5, iteration: 32000, test_RMSE: 1.1210368871688843, erank: 29.592185974121094
depth: 5, iteration: 32500, test_RMSE: 1.1210368871688843, erank: 29.287479400634766
depth: 5, iteration: 33000, test_RMSE: 1.1210368871688843, erank: 28.98058319091797
depth: 5, iteration: 33500, test_RMSE: 1.1210368871688843, erank: 28.67160987854004
depth: 5, iteration: 34000, test_RMSE: 1.1210368871688843, erank: 28.36079978942871
depth: 5, iteration: 34500, test_RMSE: 1.1210368871688843, erank: 28.048437118530273
depth: 5, iteration: 35000, test_RMSE: 1.1210368871688843, erank: 27.73470687866211
depth: 5, iteration: 35500, test_RMSE: 1.1210368871688843, erank: 27.420011520385742
depth: 5, iteration: 36000, test_RMSE: 1.1210367679595947, erank: 27.104740142822266
depth: 5, iteration: 36500, test_RMSE: 1.1210367679595947, erank: 26.788692474365234
depth: 5, iteration: 37000, test_RMSE: 1.1210367679595947, erank: 26.472637176513672
depth: 5, iteration: 37500, test_RMSE: 1.1210367679595947, erank: 26.156736373901367
depth: 5, iteration: 38000, test_RMSE: 1.1210367679595947, erank: 25.84130859375
depth: 5, iteration: 38500, test_RMSE: 1.1210367679595947, erank: 25.52662467956543
depth: 5, iteration: 39000, test_RMSE: 1.1210367679595947, erank: 25.213054656982422
depth: 5, iteration: 39500, test_RMSE: 1.1210366487503052, erank: 24.90079689025879
depth: 5, iteration: 40000, test_RMSE: 1.1210366487503052, erank: 24.590248107910156
depth: 5, iteration: 40500, test_RMSE: 1.1210366487503052, erank: 24.281475067138672
depth: 5, iteration: 41000, test_RMSE: 1.1210366487503052, erank: 23.97504234313965
depth: 5, iteration: 41500, test_RMSE: 1.1210366487503052, erank: 23.670970916748047
depth: 5, iteration: 42000, test_RMSE: 1.1210366487503052, erank: 23.369552612304688
depth: 5, iteration: 42500, test_RMSE: 1.1210366487503052, erank: 23.07105827331543
depth: 5, iteration: 43000, test_RMSE: 1.1210366487503052, erank: 22.775409698486328
depth: 5, iteration: 43500, test_RMSE: 1.1210366487503052, erank: 22.483163833618164
depth: 5, iteration: 44000, test_RMSE: 1.1210366487503052, erank: 22.194318771362305
depth: 5, iteration: 44500, test_RMSE: 1.1210366487503052, erank: 21.90892791748047
depth: 5, iteration: 45000, test_RMSE: 1.1210366487503052, erank: 21.627281188964844
depth: 5, iteration: 45500, test_RMSE: 1.1210366487503052, erank: 21.3493709564209
depth: 5, iteration: 46000, test_RMSE: 1.1210365295410156, erank: 21.075408935546875
depth: 5, iteration: 46500, test_RMSE: 1.1210365295410156, erank: 20.805458068847656
depth: 5, iteration: 47000, test_RMSE: 1.1210365295410156, erank: 20.539358139038086
depth: 5, iteration: 47500, test_RMSE: 1.1210365295410156, erank: 20.27754020690918
depth: 5, iteration: 48000, test_RMSE: 1.1210365295410156, erank: 20.019689559936523
depth: 5, iteration: 48500, test_RMSE: 1.1210365295410156, erank: 19.766075134277344
depth: 5, iteration: 49000, test_RMSE: 1.1210365295410156, erank: 19.516555786132812
depth: 5, iteration: 49500, test_RMSE: 1.1210365295410156, erank: 19.271148681640625
depth: 5, iteration: 50000, test_RMSE: 1.1210365295410156, erank: 19.03002166748047
depth: 5, iteration: 50500, test_RMSE: 1.1210365295410156, erank: 18.79307746887207
depth: 5, iteration: 51000, test_RMSE: 1.1210365295410156, erank: 18.560209274291992
depth: 5, iteration: 51500, test_RMSE: 1.1210365295410156, erank: 18.33147430419922
depth: 5, iteration: 52000, test_RMSE: 1.1210365295410156, erank: 18.106918334960938
depth: 5, iteration: 52500, test_RMSE: 1.121036410331726, erank: 17.88633155822754
depth: 5, iteration: 53000, test_RMSE: 1.121036410331726, erank: 17.669845581054688
depth: 5, iteration: 53500, test_RMSE: 1.121036410331726, erank: 17.457321166992188
depth: 5, iteration: 54000, test_RMSE: 1.121036410331726, erank: 17.248605728149414
depth: 5, iteration: 54500, test_RMSE: 1.121036410331726, erank: 17.043813705444336
depth: 5, iteration: 55000, test_RMSE: 1.121036410331726, erank: 16.842853546142578
depth: 5, iteration: 55500, test_RMSE: 1.121036410331726, erank: 16.64559555053711
depth: 5, iteration: 56000, test_RMSE: 1.121036410331726, erank: 16.45199966430664
depth: 5, iteration: 56500, test_RMSE: 1.121036410331726, erank: 16.262102127075195
depth: 5, iteration: 57000, test_RMSE: 1.121036410331726, erank: 16.075828552246094
depth: 5, iteration: 57500, test_RMSE: 1.121036410331726, erank: 15.892991065979004
depth: 5, iteration: 58000, test_RMSE: 1.121036410331726, erank: 15.713661193847656
depth: 5, iteration: 58500, test_RMSE: 1.121036410331726, erank: 15.537664413452148
depth: 5, iteration: 59000, test_RMSE: 1.121036410331726, erank: 15.365073204040527
depth: 5, iteration: 59500, test_RMSE: 1.1210362911224365, erank: 15.195538520812988
depth: 5, iteration: 60000, test_RMSE: 1.1210362911224365, erank: 15.029380798339844
depth: 5, iteration: 60500, test_RMSE: 1.1210362911224365, erank: 14.866268157958984
depth: 5, iteration: 61000, test_RMSE: 1.1210362911224365, erank: 14.70622730255127
depth: 5, iteration: 61500, test_RMSE: 1.1210362911224365, erank: 14.549089431762695
depth: 5, iteration: 62000, test_RMSE: 1.1210362911224365, erank: 14.3949613571167
depth: 5, iteration: 62500, test_RMSE: 1.1210362911224365, erank: 14.243607521057129
depth: 5, iteration: 63000, test_RMSE: 1.1210362911224365, erank: 14.095198631286621
depth: 5, iteration: 63500, test_RMSE: 1.1210362911224365, erank: 13.949444770812988
depth: 5, iteration: 64000, test_RMSE: 1.1210362911224365, erank: 13.806358337402344
depth: 5, iteration: 64500, test_RMSE: 1.121036171913147, erank: 13.666007995605469
depth: 5, iteration: 65000, test_RMSE: 1.1210362911224365, erank: 13.528200149536133
depth: 5, iteration: 65500, test_RMSE: 1.1210362911224365, erank: 13.392868041992188
depth: 5, iteration: 66000, test_RMSE: 1.121036171913147, erank: 13.259916305541992
depth: 5, iteration: 66500, test_RMSE: 1.1210362911224365, erank: 13.129487037658691
depth: 5, iteration: 67000, test_RMSE: 1.121036171913147, erank: 13.001297950744629
depth: 5, iteration: 67500, test_RMSE: 1.121036171913147, erank: 12.875545501708984
depth: 5, iteration: 68000, test_RMSE: 1.121036171913147, erank: 12.752037048339844
depth: 5, iteration: 68500, test_RMSE: 1.121036171913147, erank: 12.630477905273438
depth: 5, iteration: 69000, test_RMSE: 1.121036171913147, erank: 12.511306762695312
depth: 5, iteration: 69500, test_RMSE: 1.121036171913147, erank: 12.394107818603516
depth: 5, iteration: 70000, test_RMSE: 1.121036171913147, erank: 12.279073715209961
depth: 5, iteration: 70500, test_RMSE: 1.121036171913147, erank: 12.166030883789062
depth: 5, iteration: 71000, test_RMSE: 1.121036171913147, erank: 12.054824829101562
depth: 5, iteration: 71500, test_RMSE: 1.121036171913147, erank: 11.945610046386719
depth: 5, iteration: 72000, test_RMSE: 1.121036171913147, erank: 11.83830738067627
depth: 5, iteration: 72500, test_RMSE: 1.121036171913147, erank: 11.732810974121094
depth: 5, iteration: 73000, test_RMSE: 1.121036171913147, erank: 11.629010200500488
depth: 5, iteration: 73500, test_RMSE: 1.121036171913147, erank: 11.52701187133789
depth: 5, iteration: 74000, test_RMSE: 1.121036171913147, erank: 11.426733016967773
depth: 5, iteration: 74500, test_RMSE: 1.121036171913147, erank: 11.328070640563965
depth: 5, iteration: 75000, test_RMSE: 1.121036171913147, erank: 11.231176376342773
depth: 5, iteration: 75500, test_RMSE: 1.121036171913147, erank: 11.135743141174316
depth: 5, iteration: 76000, test_RMSE: 1.121036171913147, erank: 11.04198169708252
depth: 5, iteration: 76500, test_RMSE: 1.121036171913147, erank: 10.949597358703613
depth: 5, iteration: 77000, test_RMSE: 1.121036171913147, erank: 10.858904838562012
depth: 5, iteration: 77500, test_RMSE: 1.121036171913147, erank: 10.769577026367188
depth: 5, iteration: 78000, test_RMSE: 1.1210360527038574, erank: 10.681655883789062
depth: 5, iteration: 78500, test_RMSE: 1.1210360527038574, erank: 10.595211029052734
depth: 5, iteration: 79000, test_RMSE: 1.1210360527038574, erank: 10.50996208190918
depth: 5, iteration: 79500, test_RMSE: 1.1210360527038574, erank: 10.426250457763672
depth: 5, iteration: 80000, test_RMSE: 1.1210360527038574, erank: 10.34371566772461
depth: 5, iteration: 80500, test_RMSE: 1.1210360527038574, erank: 10.262426376342773
depth: 5, iteration: 81000, test_RMSE: 1.1210360527038574, erank: 10.182578086853027
depth: 5, iteration: 81500, test_RMSE: 1.1210359334945679, erank: 10.103919982910156
depth: 5, iteration: 82000, test_RMSE: 1.1210360527038574, erank: 10.02632999420166
depth: 5, iteration: 82500, test_RMSE: 1.1210359334945679, erank: 9.949995040893555
depth: 5, iteration: 83000, test_RMSE: 1.1210359334945679, erank: 9.874814987182617
depth: 5, iteration: 83500, test_RMSE: 1.1210360527038574, erank: 9.800690650939941
depth: 5, iteration: 84000, test_RMSE: 1.1210359334945679, erank: 9.727734565734863
depth: 5, iteration: 84500, test_RMSE: 1.1210359334945679, erank: 9.655942916870117
depth: 5, iteration: 85000, test_RMSE: 1.1210359334945679, erank: 9.585074424743652
depth: 5, iteration: 85500, test_RMSE: 1.1210359334945679, erank: 9.515273094177246
depth: 5, iteration: 86000, test_RMSE: 1.1210359334945679, erank: 9.446554183959961
depth: 5, iteration: 86500, test_RMSE: 1.1210359334945679, erank: 9.378868103027344
depth: 5, iteration: 87000, test_RMSE: 1.1210359334945679, erank: 9.312171936035156
depth: 5, iteration: 87500, test_RMSE: 1.1210359334945679, erank: 9.246234893798828
depth: 5, iteration: 88000, test_RMSE: 1.1210359334945679, erank: 9.181365966796875
depth: 5, iteration: 88500, test_RMSE: 1.1210359334945679, erank: 9.11742115020752
depth: 5, iteration: 89000, test_RMSE: 1.1210359334945679, erank: 9.054396629333496
depth: 5, iteration: 89500, test_RMSE: 1.1210359334945679, erank: 8.992143630981445
depth: 5, iteration: 90000, test_RMSE: 1.1210358142852783, erank: 8.930793762207031
depth: 5, iteration: 90500, test_RMSE: 1.1210358142852783, erank: 8.870365142822266
depth: 5, iteration: 91000, test_RMSE: 1.1210358142852783, erank: 8.810712814331055
depth: 5, iteration: 91500, test_RMSE: 1.1210358142852783, erank: 8.751914024353027
depth: 5, iteration: 92000, test_RMSE: 1.1210358142852783, erank: 8.693859100341797
depth: 5, iteration: 92500, test_RMSE: 1.1210358142852783, erank: 8.636585235595703
depth: 5, iteration: 93000, test_RMSE: 1.1210358142852783, erank: 8.580044746398926
depth: 5, iteration: 93500, test_RMSE: 1.1210358142852783, erank: 8.524271965026855
depth: 5, iteration: 94000, test_RMSE: 1.1210358142852783, erank: 8.469280242919922
depth: 5, iteration: 94500, test_RMSE: 1.1210358142852783, erank: 8.41498851776123
depth: 5, iteration: 95000, test_RMSE: 1.1210356950759888, erank: 8.36148452758789
depth: 5, iteration: 95500, test_RMSE: 1.1210358142852783, erank: 8.308551788330078
depth: 5, iteration: 96000, test_RMSE: 1.1210358142852783, erank: 8.256346702575684
depth: 5, iteration: 96500, test_RMSE: 1.1210356950759888, erank: 8.204888343811035
depth: 5, iteration: 97000, test_RMSE: 1.1210356950759888, erank: 8.154017448425293
depth: 5, iteration: 97500, test_RMSE: 1.1210356950759888, erank: 8.103833198547363
depth: 5, iteration: 98000, test_RMSE: 1.1210356950759888, erank: 8.054268836975098
depth: 5, iteration: 98500, test_RMSE: 1.1210356950759888, erank: 8.005247116088867
depth: 5, iteration: 99000, test_RMSE: 1.1210356950759888, erank: 7.957028865814209
depth: 5, iteration: 99500, test_RMSE: 1.1210356950759888, erank: 7.909273147583008
depth: 5, iteration: 100000, test_RMSE: 1.1210356950759888, erank: 7.862114906311035
depth: 5, iteration: 100500, test_RMSE: 1.1210356950759888, erank: 7.815489292144775
depth: 5, iteration: 101000, test_RMSE: 1.1210356950759888, erank: 7.769506454467773
depth: 5, iteration: 101500, test_RMSE: 1.1210356950759888, erank: 7.724088191986084
depth: 5, iteration: 102000, test_RMSE: 1.1210355758666992, erank: 7.679216384887695
depth: 5, iteration: 102500, test_RMSE: 1.1210356950759888, erank: 7.634801864624023
depth: 5, iteration: 103000, test_RMSE: 1.1210356950759888, erank: 7.591010093688965
depth: 5, iteration: 103500, test_RMSE: 1.1210355758666992, erank: 7.5477166175842285
depth: 5, iteration: 104000, test_RMSE: 1.1210355758666992, erank: 7.5049052238464355
depth: 5, iteration: 104500, test_RMSE: 1.1210355758666992, erank: 7.462582111358643
depth: 5, iteration: 105000, test_RMSE: 1.1210355758666992, erank: 7.420806407928467
depth: 5, iteration: 105500, test_RMSE: 1.1210355758666992, erank: 7.379512310028076
depth: 5, iteration: 106000, test_RMSE: 1.1210355758666992, erank: 7.338665008544922
depth: 5, iteration: 106500, test_RMSE: 1.1210355758666992, erank: 7.298344135284424
depth: 5, iteration: 107000, test_RMSE: 1.1210355758666992, erank: 7.258429050445557
depth: 5, iteration: 107500, test_RMSE: 1.1210355758666992, erank: 7.218955993652344
depth: 5, iteration: 108000, test_RMSE: 1.1210355758666992, erank: 7.179962635040283
depth: 5, iteration: 108500, test_RMSE: 1.1210354566574097, erank: 7.141453266143799
depth: 5, iteration: 109000, test_RMSE: 1.1210354566574097, erank: 7.103294372558594
depth: 5, iteration: 109500, test_RMSE: 1.1210354566574097, erank: 7.065531253814697
depth: 5, iteration: 110000, test_RMSE: 1.1210354566574097, erank: 7.028225421905518
depth: 5, iteration: 110500, test_RMSE: 1.1210354566574097, erank: 6.991296291351318
depth: 5, iteration: 111000, test_RMSE: 1.1210354566574097, erank: 6.9548540115356445
depth: 5, iteration: 111500, test_RMSE: 1.1210354566574097, erank: 6.918694496154785
depth: 5, iteration: 112000, test_RMSE: 1.1210354566574097, erank: 6.883026123046875
depth: 5, iteration: 112500, test_RMSE: 1.1210354566574097, erank: 6.847641944885254
depth: 5, iteration: 113000, test_RMSE: 1.1210354566574097, erank: 6.8127923011779785
depth: 5, iteration: 113500, test_RMSE: 1.1210354566574097, erank: 6.778205871582031
depth: 5, iteration: 114000, test_RMSE: 1.1210353374481201, erank: 6.743984699249268
depth: 5, iteration: 114500, test_RMSE: 1.1210353374481201, erank: 6.710123538970947
depth: 5, iteration: 115000, test_RMSE: 1.1210354566574097, erank: 6.6766438484191895
depth: 5, iteration: 115500, test_RMSE: 1.1210353374481201, erank: 6.643511772155762
depth: 5, iteration: 116000, test_RMSE: 1.1210353374481201, erank: 6.6106462478637695
depth: 5, iteration: 116500, test_RMSE: 1.1210353374481201, erank: 6.578141689300537
depth: 5, iteration: 117000, test_RMSE: 1.1210353374481201, erank: 6.546044826507568
depth: 5, iteration: 117500, test_RMSE: 1.1210353374481201, erank: 6.514221668243408
depth: 5, iteration: 118000, test_RMSE: 1.1210353374481201, erank: 6.482741832733154
depth: 5, iteration: 118500, test_RMSE: 1.1210353374481201, erank: 6.451537609100342
depth: 5, iteration: 119000, test_RMSE: 1.1210352182388306, erank: 6.420637607574463
depth: 5, iteration: 119500, test_RMSE: 1.1210352182388306, erank: 6.390170574188232
depth: 5, iteration: 120000, test_RMSE: 1.1210353374481201, erank: 6.359908580780029
depth: 5, iteration: 120500, test_RMSE: 1.1210352182388306, erank: 6.329923152923584
depth: 5, iteration: 121000, test_RMSE: 1.1210352182388306, erank: 6.300331115722656
depth: 5, iteration: 121500, test_RMSE: 1.1210352182388306, erank: 6.270923614501953
depth: 5, iteration: 122000, test_RMSE: 1.1210352182388306, erank: 6.241827964782715
depth: 5, iteration: 122500, test_RMSE: 1.1210352182388306, erank: 6.2131123542785645
depth: 5, iteration: 123000, test_RMSE: 1.1210352182388306, erank: 6.184540271759033
depth: 5, iteration: 123500, test_RMSE: 1.1210352182388306, erank: 6.156240463256836
depth: 5, iteration: 124000, test_RMSE: 1.1210352182388306, erank: 6.128275394439697
depth: 5, iteration: 124500, test_RMSE: 1.1210352182388306, erank: 6.1005659103393555
depth: 5, iteration: 125000, test_RMSE: 1.1210352182388306, erank: 6.073057651519775
depth: 5, iteration: 125500, test_RMSE: 1.1210352182388306, erank: 6.045851230621338
depth: 5, iteration: 126000, test_RMSE: 1.1210352182388306, erank: 6.018843650817871
depth: 5, iteration: 126500, test_RMSE: 1.1210352182388306, erank: 5.992179870605469
depth: 5, iteration: 127000, test_RMSE: 1.121035099029541, erank: 5.965734004974365
depth: 5, iteration: 127500, test_RMSE: 1.121035099029541, erank: 5.939449787139893
depth: 5, iteration: 128000, test_RMSE: 1.1210352182388306, erank: 5.913522720336914
depth: 5, iteration: 128500, test_RMSE: 1.121035099029541, erank: 5.887702941894531
depth: 5, iteration: 129000, test_RMSE: 1.121035099029541, erank: 5.862241744995117
depth: 5, iteration: 129500, test_RMSE: 1.121035099029541, erank: 5.836963176727295
depth: 5, iteration: 130000, test_RMSE: 1.121035099029541, erank: 5.811906814575195
depth: 5, iteration: 130500, test_RMSE: 1.121035099029541, erank: 5.787106513977051
depth: 5, iteration: 131000, test_RMSE: 1.121035099029541, erank: 5.762431621551514
depth: 5, iteration: 131500, test_RMSE: 1.121035099029541, erank: 5.738131046295166
depth: 5, iteration: 132000, test_RMSE: 1.121035099029541, erank: 5.713911533355713
depth: 5, iteration: 132500, test_RMSE: 1.1210349798202515, erank: 5.690001487731934
depth: 5, iteration: 133000, test_RMSE: 1.1210349798202515, erank: 5.666158199310303
depth: 5, iteration: 133500, test_RMSE: 1.1210349798202515, erank: 5.642648220062256
depth: 5, iteration: 134000, test_RMSE: 1.1210349798202515, erank: 5.619295120239258
depth: 5, iteration: 134500, test_RMSE: 1.1210349798202515, erank: 5.596177577972412
depth: 5, iteration: 135000, test_RMSE: 1.1210349798202515, erank: 5.573161602020264
depth: 5, iteration: 135500, test_RMSE: 1.1210349798202515, erank: 5.550447940826416
depth: 5, iteration: 136000, test_RMSE: 1.121034860610962, erank: 5.52791166305542
depth: 5, iteration: 136500, test_RMSE: 1.121034860610962, erank: 5.505502223968506
depth: 5, iteration: 137000, test_RMSE: 1.121034860610962, erank: 5.483309268951416
depth: 5, iteration: 137500, test_RMSE: 1.121034860610962, erank: 5.461345195770264
depth: 5, iteration: 138000, test_RMSE: 1.121034860610962, erank: 5.439431190490723
depth: 5, iteration: 138500, test_RMSE: 1.121034860610962, erank: 5.417778491973877
depth: 5, iteration: 139000, test_RMSE: 1.121034860610962, erank: 5.396343231201172
depth: 5, iteration: 139500, test_RMSE: 1.121034860610962, erank: 5.375033378601074
depth: 5, iteration: 140000, test_RMSE: 1.1210347414016724, erank: 5.353945255279541
depth: 5, iteration: 140500, test_RMSE: 1.121034860610962, erank: 5.332937240600586
depth: 5, iteration: 141000, test_RMSE: 1.121034860610962, erank: 5.312270164489746
depth: 5, iteration: 141500, test_RMSE: 1.1210346221923828, erank: 5.29157829284668
depth: 5, iteration: 142000, test_RMSE: 1.1210347414016724, erank: 5.271188735961914
depth: 5, iteration: 142500, test_RMSE: 1.1210346221923828, erank: 5.250852108001709
depth: 5, iteration: 143000, test_RMSE: 1.1210346221923828, erank: 5.2306413650512695
depth: 5, iteration: 143500, test_RMSE: 1.1210346221923828, erank: 5.210707187652588
depth: 5, iteration: 144000, test_RMSE: 1.1210346221923828, erank: 5.190887928009033
depth: 5, iteration: 144500, test_RMSE: 1.1210346221923828, erank: 5.171213626861572
depth: 5, iteration: 145000, test_RMSE: 1.1210346221923828, erank: 5.15168571472168
depth: 5, iteration: 145500, test_RMSE: 1.1210346221923828, erank: 5.132304668426514
depth: 5, iteration: 146000, test_RMSE: 1.1210346221923828, erank: 5.11306619644165
depth: 5, iteration: 146500, test_RMSE: 1.1210346221923828, erank: 5.094027519226074
depth: 5, iteration: 147000, test_RMSE: 1.1210346221923828, erank: 5.075079917907715
depth: 5, iteration: 147500, test_RMSE: 1.1210346221923828, erank: 5.056270122528076
depth: 5, iteration: 148000, test_RMSE: 1.1210346221923828, erank: 5.037612438201904
depth: 5, iteration: 148500, test_RMSE: 1.1210346221923828, erank: 5.019137382507324
depth: 5, iteration: 149000, test_RMSE: 1.1210345029830933, erank: 5.00068998336792
depth: 5, iteration: 149500, test_RMSE: 1.1210345029830933, erank: 4.982491493225098
depth: 5, iteration: 150000, test_RMSE: 1.1210345029830933, erank: 4.96440315246582
depth: 5, iteration: 150500, test_RMSE: 1.1210345029830933, erank: 4.946406841278076
depth: 5, iteration: 151000, test_RMSE: 1.1210345029830933, erank: 4.928537368774414
depth: 5, iteration: 151500, test_RMSE: 1.1210345029830933, erank: 4.910903453826904
depth: 5, iteration: 152000, test_RMSE: 1.1210345029830933, erank: 4.893295764923096
depth: 5, iteration: 152500, test_RMSE: 1.1210345029830933, erank: 4.875856876373291
depth: 5, iteration: 153000, test_RMSE: 1.1210343837738037, erank: 4.8585429191589355
depth: 5, iteration: 153500, test_RMSE: 1.1210343837738037, erank: 4.841331958770752
depth: 5, iteration: 154000, test_RMSE: 1.1210343837738037, erank: 4.8242506980896
depth: 5, iteration: 154500, test_RMSE: 1.1210343837738037, erank: 4.807293891906738
depth: 5, iteration: 155000, test_RMSE: 1.1210343837738037, erank: 4.790437698364258
depth: 5, iteration: 155500, test_RMSE: 1.1210343837738037, erank: 4.7737016677856445
depth: 5, iteration: 156000, test_RMSE: 1.1210343837738037, erank: 4.757081508636475
depth: 5, iteration: 156500, test_RMSE: 1.1210342645645142, erank: 4.7406229972839355
depth: 5, iteration: 157000, test_RMSE: 1.1210342645645142, erank: 4.724184513092041
depth: 5, iteration: 157500, test_RMSE: 1.1210342645645142, erank: 4.707945823669434
depth: 5, iteration: 158000, test_RMSE: 1.1210342645645142, erank: 4.691771507263184
depth: 5, iteration: 158500, test_RMSE: 1.1210342645645142, erank: 4.675695419311523
depth: 5, iteration: 159000, test_RMSE: 1.1210342645645142, erank: 4.659733772277832
depth: 5, iteration: 159500, test_RMSE: 1.1210342645645142, erank: 4.643924236297607
depth: 5, iteration: 160000, test_RMSE: 1.1210342645645142, erank: 4.628170967102051
depth: 5, iteration: 160500, test_RMSE: 1.1210341453552246, erank: 4.612502574920654
depth: 5, iteration: 161000, test_RMSE: 1.1210341453552246, erank: 4.5970072746276855
depth: 5, iteration: 161500, test_RMSE: 1.1210341453552246, erank: 4.581553936004639
depth: 5, iteration: 162000, test_RMSE: 1.1210341453552246, erank: 4.566247463226318
depth: 5, iteration: 162500, test_RMSE: 1.1210341453552246, erank: 4.5510406494140625
depth: 5, iteration: 163000, test_RMSE: 1.1210341453552246, erank: 4.535885810852051
depth: 5, iteration: 163500, test_RMSE: 1.1210341453552246, erank: 4.5208210945129395
depth: 5, iteration: 164000, test_RMSE: 1.1210341453552246, erank: 4.505860805511475
depth: 5, iteration: 164500, test_RMSE: 1.1210341453552246, erank: 4.491036891937256
depth: 5, iteration: 165000, test_RMSE: 1.121034026145935, erank: 4.476318836212158
depth: 5, iteration: 165500, test_RMSE: 1.121034026145935, erank: 4.461627006530762
depth: 5, iteration: 166000, test_RMSE: 1.121034026145935, erank: 4.447083950042725
depth: 5, iteration: 166500, test_RMSE: 1.121034026145935, erank: 4.4326324462890625
depth: 5, iteration: 167000, test_RMSE: 1.121034026145935, erank: 4.418262958526611
depth: 5, iteration: 167500, test_RMSE: 1.121034026145935, erank: 4.403932094573975
depth: 5, iteration: 168000, test_RMSE: 1.121034026145935, erank: 4.389743804931641
depth: 5, iteration: 168500, test_RMSE: 1.1210339069366455, erank: 4.375636100769043
depth: 5, iteration: 169000, test_RMSE: 1.1210339069366455, erank: 4.361616134643555
depth: 5, iteration: 169500, test_RMSE: 1.1210339069366455, erank: 4.347671985626221
depth: 5, iteration: 170000, test_RMSE: 1.1210339069366455, erank: 4.333815574645996
depth: 5, iteration: 170500, test_RMSE: 1.1210339069366455, erank: 4.320041179656982
depth: 5, iteration: 171000, test_RMSE: 1.1210339069366455, erank: 4.306295871734619
depth: 5, iteration: 171500, test_RMSE: 1.1210339069366455, erank: 4.292735576629639
depth: 5, iteration: 172000, test_RMSE: 1.121033787727356, erank: 4.279155731201172
depth: 5, iteration: 172500, test_RMSE: 1.121033787727356, erank: 4.265708923339844
depth: 5, iteration: 173000, test_RMSE: 1.121033787727356, erank: 4.252336502075195
depth: 5, iteration: 173500, test_RMSE: 1.121033787727356, erank: 4.239038467407227
depth: 5, iteration: 174000, test_RMSE: 1.121033787727356, erank: 4.225829601287842
depth: 5, iteration: 174500, test_RMSE: 1.1210336685180664, erank: 4.2126874923706055
depth: 5, iteration: 175000, test_RMSE: 1.1210336685180664, erank: 4.199623107910156
depth: 5, iteration: 175500, test_RMSE: 1.1210336685180664, erank: 4.186631202697754
depth: 5, iteration: 176000, test_RMSE: 1.1210336685180664, erank: 4.173716068267822
depth: 5, iteration: 176500, test_RMSE: 1.1210336685180664, erank: 4.160868167877197
depth: 5, iteration: 177000, test_RMSE: 1.1210336685180664, erank: 4.148158073425293
depth: 5, iteration: 177500, test_RMSE: 1.1210336685180664, erank: 4.1354570388793945
depth: 5, iteration: 178000, test_RMSE: 1.1210336685180664, erank: 4.122827529907227
depth: 5, iteration: 178500, test_RMSE: 1.1210336685180664, erank: 4.11027193069458
depth: 5, iteration: 179000, test_RMSE: 1.1210336685180664, erank: 4.097788333892822
depth: 5, iteration: 179500, test_RMSE: 1.1210336685180664, erank: 4.085376739501953
depth: 5, iteration: 180000, test_RMSE: 1.1210335493087769, erank: 4.073019504547119
depth: 5, iteration: 180500, test_RMSE: 1.1210335493087769, erank: 4.0607380867004395
depth: 5, iteration: 181000, test_RMSE: 1.1210335493087769, erank: 4.048582553863525
depth: 5, iteration: 181500, test_RMSE: 1.1210335493087769, erank: 4.036430835723877
depth: 5, iteration: 182000, test_RMSE: 1.1210335493087769, erank: 4.024350643157959
depth: 5, iteration: 182500, test_RMSE: 1.1210335493087769, erank: 4.012347221374512
depth: 5, iteration: 183000, test_RMSE: 1.1210334300994873, erank: 4.000391006469727
depth: 5, iteration: 183500, test_RMSE: 1.1210334300994873, erank: 3.988541841506958
depth: 5, iteration: 184000, test_RMSE: 1.1210334300994873, erank: 3.976715564727783
depth: 5, iteration: 184500, test_RMSE: 1.1210334300994873, erank: 3.965019464492798
depth: 5, iteration: 185000, test_RMSE: 1.1210334300994873, erank: 3.9533159732818604
depth: 5, iteration: 185500, test_RMSE: 1.1210334300994873, erank: 3.9416770935058594
depth: 5, iteration: 186000, test_RMSE: 1.1210333108901978, erank: 3.9300990104675293
depth: 5, iteration: 186500, test_RMSE: 1.1210333108901978, erank: 3.9185938835144043
depth: 5, iteration: 187000, test_RMSE: 1.1210333108901978, erank: 3.9071779251098633
depth: 5, iteration: 187500, test_RMSE: 1.1210333108901978, erank: 3.895772695541382
depth: 5, iteration: 188000, test_RMSE: 1.1210333108901978, erank: 3.884492874145508
depth: 5, iteration: 188500, test_RMSE: 1.1210333108901978, erank: 3.8732073307037354
depth: 5, iteration: 189000, test_RMSE: 1.1210331916809082, erank: 3.8619801998138428
depth: 5, iteration: 189500, test_RMSE: 1.1210331916809082, erank: 3.850874662399292
depth: 5, iteration: 190000, test_RMSE: 1.1210331916809082, erank: 3.8398187160491943
depth: 5, iteration: 190500, test_RMSE: 1.1210331916809082, erank: 3.8287670612335205
depth: 5, iteration: 191000, test_RMSE: 1.1210331916809082, erank: 3.81776762008667
depth: 5, iteration: 191500, test_RMSE: 1.1210331916809082, erank: 3.806884288787842
depth: 5, iteration: 192000, test_RMSE: 1.1210330724716187, erank: 3.796006202697754
depth: 5, iteration: 192500, test_RMSE: 1.1210330724716187, erank: 3.7852182388305664
depth: 5, iteration: 193000, test_RMSE: 1.1210330724716187, erank: 3.7744357585906982
depth: 5, iteration: 193500, test_RMSE: 1.1210330724716187, erank: 3.763704299926758
depth: 5, iteration: 194000, test_RMSE: 1.1210330724716187, erank: 3.7530877590179443
depth: 5, iteration: 194500, test_RMSE: 1.1210330724716187, erank: 3.742518901824951
depth: 5, iteration: 195000, test_RMSE: 1.1210330724716187, erank: 3.7319419384002686
depth: 5, iteration: 195500, test_RMSE: 1.121032953262329, erank: 3.7214133739471436
depth: 5, iteration: 196000, test_RMSE: 1.121032953262329, erank: 3.7109930515289307
depth: 5, iteration: 196500, test_RMSE: 1.121032953262329, erank: 3.7005605697631836
depth: 5, iteration: 197000, test_RMSE: 1.121032953262329, erank: 3.6902458667755127
depth: 5, iteration: 197500, test_RMSE: 1.121032953262329, erank: 3.679901599884033
depth: 5, iteration: 198000, test_RMSE: 1.121032953262329, erank: 3.6696808338165283
depth: 5, iteration: 198500, test_RMSE: 1.1210328340530396, erank: 3.6595048904418945
depth: 5, iteration: 199000, test_RMSE: 1.1210328340530396, erank: 3.649312734603882
depth: 5, iteration: 199500, test_RMSE: 1.12103271484375, erank: 3.6391823291778564
