depth: 3, iteration: 0, test_RMSE: 1.1254193782806396, erank: 56.504638671875
depth: 3, iteration: 500, test_RMSE: 1.1254193782806396, erank: 56.013397216796875
depth: 3, iteration: 1000, test_RMSE: 1.1254193782806396, erank: 55.515838623046875
depth: 3, iteration: 1500, test_RMSE: 1.1254193782806396, erank: 55.01177978515625
depth: 3, iteration: 2000, test_RMSE: 1.1254193782806396, erank: 54.50127029418945
depth: 3, iteration: 2500, test_RMSE: 1.12541925907135, erank: 53.983985900878906
depth: 3, iteration: 3000, test_RMSE: 1.12541925907135, erank: 53.46000671386719
depth: 3, iteration: 3500, test_RMSE: 1.12541925907135, erank: 52.929256439208984
depth: 3, iteration: 4000, test_RMSE: 1.1254191398620605, erank: 52.39150619506836
depth: 3, iteration: 4500, test_RMSE: 1.1254191398620605, erank: 51.846675872802734
depth: 3, iteration: 5000, test_RMSE: 1.1254191398620605, erank: 51.29444885253906
depth: 3, iteration: 5500, test_RMSE: 1.1254191398620605, erank: 50.73478317260742
depth: 3, iteration: 6000, test_RMSE: 1.1254191398620605, erank: 50.16737747192383
depth: 3, iteration: 6500, test_RMSE: 1.125419020652771, erank: 49.592037200927734
depth: 3, iteration: 7000, test_RMSE: 1.125419020652771, erank: 49.0084342956543
depth: 3, iteration: 7500, test_RMSE: 1.125419020652771, erank: 48.41646194458008
depth: 3, iteration: 8000, test_RMSE: 1.125419020652771, erank: 47.81562423706055
depth: 3, iteration: 8500, test_RMSE: 1.1254189014434814, erank: 47.20551681518555
depth: 3, iteration: 9000, test_RMSE: 1.1254189014434814, erank: 46.58588790893555
depth: 3, iteration: 9500, test_RMSE: 1.1254189014434814, erank: 45.9564208984375
depth: 3, iteration: 10000, test_RMSE: 1.1254189014434814, erank: 45.31649398803711
depth: 3, iteration: 10500, test_RMSE: 1.125418782234192, erank: 44.666194915771484
depth: 3, iteration: 11000, test_RMSE: 1.125418782234192, erank: 44.00531005859375
depth: 3, iteration: 11500, test_RMSE: 1.125418782234192, erank: 43.33312225341797
depth: 3, iteration: 12000, test_RMSE: 1.125418782234192, erank: 42.649192810058594
depth: 3, iteration: 12500, test_RMSE: 1.1254186630249023, erank: 41.95353698730469
depth: 3, iteration: 13000, test_RMSE: 1.1254186630249023, erank: 41.245914459228516
depth: 3, iteration: 13500, test_RMSE: 1.1254185438156128, erank: 40.52669143676758
depth: 3, iteration: 14000, test_RMSE: 1.1254185438156128, erank: 39.79597854614258
depth: 3, iteration: 14500, test_RMSE: 1.1254185438156128, erank: 39.054447174072266
depth: 3, iteration: 15000, test_RMSE: 1.1254184246063232, erank: 38.30281066894531
depth: 3, iteration: 15500, test_RMSE: 1.1254184246063232, erank: 37.5419921875
depth: 3, iteration: 16000, test_RMSE: 1.1254184246063232, erank: 36.77353286743164
depth: 3, iteration: 16500, test_RMSE: 1.1254184246063232, erank: 35.99892044067383
depth: 3, iteration: 17000, test_RMSE: 1.1254183053970337, erank: 35.221744537353516
depth: 3, iteration: 17500, test_RMSE: 1.1254183053970337, erank: 34.44320297241211
depth: 3, iteration: 18000, test_RMSE: 1.1254183053970337, erank: 33.66548156738281
depth: 3, iteration: 18500, test_RMSE: 1.1254180669784546, erank: 32.891151428222656
depth: 3, iteration: 19000, test_RMSE: 1.1254180669784546, erank: 32.122135162353516
depth: 3, iteration: 19500, test_RMSE: 1.1254180669784546, erank: 31.360929489135742
depth: 3, iteration: 20000, test_RMSE: 1.125417947769165, erank: 30.609521865844727
depth: 3, iteration: 20500, test_RMSE: 1.125417947769165, erank: 29.870925903320312
depth: 3, iteration: 21000, test_RMSE: 1.125417947769165, erank: 29.147018432617188
depth: 3, iteration: 21500, test_RMSE: 1.125417947769165, erank: 28.438720703125
depth: 3, iteration: 22000, test_RMSE: 1.1254178285598755, erank: 27.747114181518555
depth: 3, iteration: 22500, test_RMSE: 1.1254178285598755, erank: 27.07282257080078
depth: 3, iteration: 23000, test_RMSE: 1.125417709350586, erank: 26.417064666748047
depth: 3, iteration: 23500, test_RMSE: 1.125417709350586, erank: 25.779630661010742
depth: 3, iteration: 24000, test_RMSE: 1.1254175901412964, erank: 25.16099739074707
depth: 3, iteration: 24500, test_RMSE: 1.1254175901412964, erank: 24.561044692993164
depth: 3, iteration: 25000, test_RMSE: 1.1254174709320068, erank: 23.98002052307129
depth: 3, iteration: 25500, test_RMSE: 1.1254174709320068, erank: 23.4177303314209
depth: 3, iteration: 26000, test_RMSE: 1.1254174709320068, erank: 22.873971939086914
depth: 3, iteration: 26500, test_RMSE: 1.1254173517227173, erank: 22.34809112548828
depth: 3, iteration: 27000, test_RMSE: 1.1254173517227173, erank: 21.840057373046875
depth: 3, iteration: 27500, test_RMSE: 1.1254173517227173, erank: 21.34966278076172
depth: 3, iteration: 28000, test_RMSE: 1.1254172325134277, erank: 20.87595558166504
depth: 3, iteration: 28500, test_RMSE: 1.1254171133041382, erank: 20.418514251708984
depth: 3, iteration: 29000, test_RMSE: 1.1254171133041382, erank: 19.976816177368164
depth: 3, iteration: 29500, test_RMSE: 1.1254171133041382, erank: 19.550251007080078
depth: 3, iteration: 30000, test_RMSE: 1.1254171133041382, erank: 19.138174057006836
depth: 3, iteration: 30500, test_RMSE: 1.1254169940948486, erank: 18.740203857421875
depth: 3, iteration: 31000, test_RMSE: 1.1254169940948486, erank: 18.355772018432617
depth: 3, iteration: 31500, test_RMSE: 1.1254169940948486, erank: 17.984176635742188
depth: 3, iteration: 32000, test_RMSE: 1.1254169940948486, erank: 17.6252498626709
depth: 3, iteration: 32500, test_RMSE: 1.125416874885559, erank: 17.278345108032227
depth: 3, iteration: 33000, test_RMSE: 1.125416874885559, erank: 16.942907333374023
depth: 3, iteration: 33500, test_RMSE: 1.125416874885559, erank: 16.618473052978516
depth: 3, iteration: 34000, test_RMSE: 1.1254167556762695, erank: 16.304725646972656
depth: 3, iteration: 34500, test_RMSE: 1.1254167556762695, erank: 16.001007080078125
depth: 3, iteration: 35000, test_RMSE: 1.1254167556762695, erank: 15.707113265991211
depth: 3, iteration: 35500, test_RMSE: 1.12541663646698, erank: 15.422822952270508
depth: 3, iteration: 36000, test_RMSE: 1.12541663646698, erank: 15.147440910339355
depth: 3, iteration: 36500, test_RMSE: 1.1254165172576904, erank: 14.88077163696289
depth: 3, iteration: 37000, test_RMSE: 1.1254165172576904, erank: 14.622235298156738
depth: 3, iteration: 37500, test_RMSE: 1.1254165172576904, erank: 14.372001647949219
depth: 3, iteration: 38000, test_RMSE: 1.1254165172576904, erank: 14.129369735717773
depth: 3, iteration: 38500, test_RMSE: 1.1254163980484009, erank: 13.894036293029785
depth: 3, iteration: 39000, test_RMSE: 1.1254163980484009, erank: 13.66556453704834
depth: 3, iteration: 39500, test_RMSE: 1.1254163980484009, erank: 13.444083213806152
depth: 3, iteration: 40000, test_RMSE: 1.1254162788391113, erank: 13.228903770446777
depth: 3, iteration: 40500, test_RMSE: 1.1254162788391113, erank: 13.02000617980957
depth: 3, iteration: 41000, test_RMSE: 1.1254162788391113, erank: 12.817138671875
depth: 3, iteration: 41500, test_RMSE: 1.1254161596298218, erank: 12.619861602783203
depth: 3, iteration: 42000, test_RMSE: 1.1254161596298218, erank: 12.428153038024902
depth: 3, iteration: 42500, test_RMSE: 1.1254161596298218, erank: 12.241835594177246
depth: 3, iteration: 43000, test_RMSE: 1.1254161596298218, erank: 12.060647010803223
depth: 3, iteration: 43500, test_RMSE: 1.1254160404205322, erank: 11.884286880493164
depth: 3, iteration: 44000, test_RMSE: 1.1254160404205322, erank: 11.7125244140625
depth: 3, iteration: 44500, test_RMSE: 1.1254160404205322, erank: 11.545555114746094
depth: 3, iteration: 45000, test_RMSE: 1.1254160404205322, erank: 11.382894515991211
depth: 3, iteration: 45500, test_RMSE: 1.1254160404205322, erank: 11.224327087402344
depth: 3, iteration: 46000, test_RMSE: 1.1254160404205322, erank: 11.07004165649414
depth: 3, iteration: 46500, test_RMSE: 1.1254159212112427, erank: 10.919567108154297
depth: 3, iteration: 47000, test_RMSE: 1.1254158020019531, erank: 10.77286148071289
depth: 3, iteration: 47500, test_RMSE: 1.1254158020019531, erank: 10.629841804504395
depth: 3, iteration: 48000, test_RMSE: 1.1254158020019531, erank: 10.490251541137695
depth: 3, iteration: 48500, test_RMSE: 1.1254156827926636, erank: 10.35421371459961
depth: 3, iteration: 49000, test_RMSE: 1.1254156827926636, erank: 10.221813201904297
depth: 3, iteration: 49500, test_RMSE: 1.1254156827926636, erank: 10.092243194580078
depth: 3, iteration: 50000, test_RMSE: 1.1254156827926636, erank: 9.965975761413574
depth: 3, iteration: 50500, test_RMSE: 1.125415563583374, erank: 9.84256362915039
depth: 3, iteration: 51000, test_RMSE: 1.125415563583374, erank: 9.722302436828613
depth: 3, iteration: 51500, test_RMSE: 1.125415563583374, erank: 9.604665756225586
depth: 3, iteration: 52000, test_RMSE: 1.125415563583374, erank: 9.48984432220459
depth: 3, iteration: 52500, test_RMSE: 1.125415563583374, erank: 9.377532958984375
depth: 3, iteration: 53000, test_RMSE: 1.125415563583374, erank: 9.267840385437012
depth: 3, iteration: 53500, test_RMSE: 1.125415563583374, erank: 9.160759925842285
depth: 3, iteration: 54000, test_RMSE: 1.1254154443740845, erank: 9.056013107299805
depth: 3, iteration: 54500, test_RMSE: 1.1254154443740845, erank: 8.953539848327637
depth: 3, iteration: 55000, test_RMSE: 1.1254154443740845, erank: 8.853330612182617
depth: 3, iteration: 55500, test_RMSE: 1.1254154443740845, erank: 8.755168914794922
depth: 3, iteration: 56000, test_RMSE: 1.1254154443740845, erank: 8.659226417541504
depth: 3, iteration: 56500, test_RMSE: 1.125415325164795, erank: 8.565203666687012
depth: 3, iteration: 57000, test_RMSE: 1.125415325164795, erank: 8.473220825195312
depth: 3, iteration: 57500, test_RMSE: 1.125415325164795, erank: 8.383096694946289
depth: 3, iteration: 58000, test_RMSE: 1.125415325164795, erank: 8.29480266571045
depth: 3, iteration: 58500, test_RMSE: 1.1254152059555054, erank: 8.208296775817871
depth: 3, iteration: 59000, test_RMSE: 1.1254152059555054, erank: 8.123517036437988
depth: 3, iteration: 59500, test_RMSE: 1.1254152059555054, erank: 8.040417671203613
depth: 3, iteration: 60000, test_RMSE: 1.1254152059555054, erank: 7.959081649780273
depth: 3, iteration: 60500, test_RMSE: 1.1254150867462158, erank: 7.879260063171387
depth: 3, iteration: 61000, test_RMSE: 1.1254150867462158, erank: 7.800847053527832
depth: 3, iteration: 61500, test_RMSE: 1.1254150867462158, erank: 7.72414493560791
depth: 3, iteration: 62000, test_RMSE: 1.1254150867462158, erank: 7.648910999298096
depth: 3, iteration: 62500, test_RMSE: 1.1254150867462158, erank: 7.57490873336792
depth: 3, iteration: 63000, test_RMSE: 1.1254150867462158, erank: 7.502520561218262
depth: 3, iteration: 63500, test_RMSE: 1.1254149675369263, erank: 7.431238174438477
depth: 3, iteration: 64000, test_RMSE: 1.1254149675369263, erank: 7.361454486846924
depth: 3, iteration: 64500, test_RMSE: 1.1254149675369263, erank: 7.292875289916992
depth: 3, iteration: 65000, test_RMSE: 1.1254149675369263, erank: 7.225568771362305
depth: 3, iteration: 65500, test_RMSE: 1.1254149675369263, erank: 7.159434795379639
depth: 3, iteration: 66000, test_RMSE: 1.1254148483276367, erank: 7.094699382781982
depth: 3, iteration: 66500, test_RMSE: 1.1254148483276367, erank: 7.031015872955322
depth: 3, iteration: 67000, test_RMSE: 1.1254148483276367, erank: 6.968593597412109
depth: 3, iteration: 67500, test_RMSE: 1.1254148483276367, erank: 6.907328128814697
depth: 3, iteration: 68000, test_RMSE: 1.1254148483276367, erank: 6.847005844116211
depth: 3, iteration: 68500, test_RMSE: 1.1254148483276367, erank: 6.787751197814941
depth: 3, iteration: 69000, test_RMSE: 1.1254147291183472, erank: 6.729511260986328
depth: 3, iteration: 69500, test_RMSE: 1.1254147291183472, erank: 6.672303676605225
depth: 3, iteration: 70000, test_RMSE: 1.1254147291183472, erank: 6.616026401519775
depth: 3, iteration: 70500, test_RMSE: 1.1254147291183472, erank: 6.560679912567139
depth: 3, iteration: 71000, test_RMSE: 1.1254147291183472, erank: 6.506322860717773
depth: 3, iteration: 71500, test_RMSE: 1.1254146099090576, erank: 6.452746391296387
depth: 3, iteration: 72000, test_RMSE: 1.1254146099090576, erank: 6.400137424468994
depth: 3, iteration: 72500, test_RMSE: 1.1254146099090576, erank: 6.348382949829102
depth: 3, iteration: 73000, test_RMSE: 1.1254146099090576, erank: 6.297387599945068
depth: 3, iteration: 73500, test_RMSE: 1.1254146099090576, erank: 6.247308731079102
depth: 3, iteration: 74000, test_RMSE: 1.1254146099090576, erank: 6.197924613952637
depth: 3, iteration: 74500, test_RMSE: 1.1254146099090576, erank: 6.1493330001831055
depth: 3, iteration: 75000, test_RMSE: 1.1254146099090576, erank: 6.101609230041504
depth: 3, iteration: 75500, test_RMSE: 1.1254146099090576, erank: 6.054461479187012
depth: 3, iteration: 76000, test_RMSE: 1.125414490699768, erank: 6.008213043212891
depth: 3, iteration: 76500, test_RMSE: 1.1254146099090576, erank: 5.962543964385986
depth: 3, iteration: 77000, test_RMSE: 1.125414490699768, erank: 5.917627334594727
depth: 3, iteration: 77500, test_RMSE: 1.125414490699768, erank: 5.8734130859375
depth: 3, iteration: 78000, test_RMSE: 1.125414490699768, erank: 5.82985258102417
depth: 3, iteration: 78500, test_RMSE: 1.125414490699768, erank: 5.786929130554199
depth: 3, iteration: 79000, test_RMSE: 1.125414490699768, erank: 5.744661808013916
depth: 3, iteration: 79500, test_RMSE: 1.125414490699768, erank: 5.7030487060546875
depth: 3, iteration: 80000, test_RMSE: 1.1254143714904785, erank: 5.66193962097168
depth: 3, iteration: 80500, test_RMSE: 1.1254143714904785, erank: 5.621373176574707
depth: 3, iteration: 81000, test_RMSE: 1.1254143714904785, erank: 5.581552505493164
depth: 3, iteration: 81500, test_RMSE: 1.1254143714904785, erank: 5.54219913482666
depth: 3, iteration: 82000, test_RMSE: 1.1254143714904785, erank: 5.503427982330322
depth: 3, iteration: 82500, test_RMSE: 1.125414252281189, erank: 5.465244293212891
depth: 3, iteration: 83000, test_RMSE: 1.1254143714904785, erank: 5.427502155303955
depth: 3, iteration: 83500, test_RMSE: 1.125414252281189, erank: 5.3903117179870605
depth: 3, iteration: 84000, test_RMSE: 1.125414252281189, erank: 5.353708267211914
depth: 3, iteration: 84500, test_RMSE: 1.125414252281189, erank: 5.317506790161133
depth: 3, iteration: 85000, test_RMSE: 1.125414252281189, erank: 5.281846046447754
depth: 3, iteration: 85500, test_RMSE: 1.125414252281189, erank: 5.246649742126465
depth: 3, iteration: 86000, test_RMSE: 1.125414252281189, erank: 5.2119646072387695
depth: 3, iteration: 86500, test_RMSE: 1.1254141330718994, erank: 5.177738666534424
depth: 3, iteration: 87000, test_RMSE: 1.1254141330718994, erank: 5.143868446350098
depth: 3, iteration: 87500, test_RMSE: 1.1254141330718994, erank: 5.110526084899902
depth: 3, iteration: 88000, test_RMSE: 1.1254141330718994, erank: 5.077657699584961
depth: 3, iteration: 88500, test_RMSE: 1.1254141330718994, erank: 5.045120716094971
depth: 3, iteration: 89000, test_RMSE: 1.1254141330718994, erank: 5.013049125671387
depth: 3, iteration: 89500, test_RMSE: 1.1254141330718994, erank: 4.981441497802734
depth: 3, iteration: 90000, test_RMSE: 1.1254141330718994, erank: 4.95018196105957
depth: 3, iteration: 90500, test_RMSE: 1.1254141330718994, erank: 4.919353008270264
depth: 3, iteration: 91000, test_RMSE: 1.1254140138626099, erank: 4.888874530792236
depth: 3, iteration: 91500, test_RMSE: 1.1254140138626099, erank: 4.8588080406188965
depth: 3, iteration: 92000, test_RMSE: 1.1254140138626099, erank: 4.829077243804932
depth: 3, iteration: 92500, test_RMSE: 1.1254140138626099, erank: 4.79974365234375
depth: 3, iteration: 93000, test_RMSE: 1.1254140138626099, erank: 4.770772933959961
depth: 3, iteration: 93500, test_RMSE: 1.1254140138626099, erank: 4.742154598236084
depth: 3, iteration: 94000, test_RMSE: 1.1254140138626099, erank: 4.71392822265625
depth: 3, iteration: 94500, test_RMSE: 1.1254140138626099, erank: 4.686034679412842
depth: 3, iteration: 95000, test_RMSE: 1.1254138946533203, erank: 4.658422946929932
depth: 3, iteration: 95500, test_RMSE: 1.1254140138626099, erank: 4.631082057952881
depth: 3, iteration: 96000, test_RMSE: 1.1254140138626099, erank: 4.604225158691406
depth: 3, iteration: 96500, test_RMSE: 1.1254138946533203, erank: 4.577577590942383
depth: 3, iteration: 97000, test_RMSE: 1.1254138946533203, erank: 4.551331043243408
depth: 3, iteration: 97500, test_RMSE: 1.1254138946533203, erank: 4.52534294128418
depth: 3, iteration: 98000, test_RMSE: 1.1254138946533203, erank: 4.499704360961914
depth: 3, iteration: 98500, test_RMSE: 1.1254138946533203, erank: 4.474303245544434
depth: 3, iteration: 99000, test_RMSE: 1.1254138946533203, erank: 4.449304580688477
depth: 3, iteration: 99500, test_RMSE: 1.1254138946533203, erank: 4.424474239349365
depth: 3, iteration: 100000, test_RMSE: 1.1254138946533203, erank: 4.400030612945557
depth: 3, iteration: 100500, test_RMSE: 1.1254137754440308, erank: 4.375813961029053
depth: 3, iteration: 101000, test_RMSE: 1.1254138946533203, erank: 4.351865768432617
depth: 3, iteration: 101500, test_RMSE: 1.1254138946533203, erank: 4.328178882598877
depth: 3, iteration: 102000, test_RMSE: 1.1254137754440308, erank: 4.304764747619629
depth: 3, iteration: 102500, test_RMSE: 1.1254137754440308, erank: 4.281649112701416
depth: 3, iteration: 103000, test_RMSE: 1.1254137754440308, erank: 4.258736610412598
depth: 3, iteration: 103500, test_RMSE: 1.1254137754440308, erank: 4.236076831817627
depth: 3, iteration: 104000, test_RMSE: 1.1254137754440308, erank: 4.213655471801758
depth: 3, iteration: 104500, test_RMSE: 1.1254137754440308, erank: 4.191521167755127
depth: 3, iteration: 105000, test_RMSE: 1.1254137754440308, erank: 4.169579029083252
depth: 3, iteration: 105500, test_RMSE: 1.1254137754440308, erank: 4.14795446395874
depth: 3, iteration: 106000, test_RMSE: 1.1254137754440308, erank: 4.126595497131348
depth: 3, iteration: 106500, test_RMSE: 1.1254137754440308, erank: 4.105401039123535
depth: 3, iteration: 107000, test_RMSE: 1.1254137754440308, erank: 4.084489822387695
depth: 3, iteration: 107500, test_RMSE: 1.1254137754440308, erank: 4.063749313354492
depth: 3, iteration: 108000, test_RMSE: 1.1254136562347412, erank: 4.043274879455566
depth: 3, iteration: 108500, test_RMSE: 1.1254136562347412, erank: 4.023005962371826
depth: 3, iteration: 109000, test_RMSE: 1.1254136562347412, erank: 4.002964973449707
depth: 3, iteration: 109500, test_RMSE: 1.1254136562347412, erank: 3.9830610752105713
depth: 3, iteration: 110000, test_RMSE: 1.1254136562347412, erank: 3.9634265899658203
depth: 3, iteration: 110500, test_RMSE: 1.1254136562347412, erank: 3.9439892768859863
depth: 3, iteration: 111000, test_RMSE: 1.1254136562347412, erank: 3.924741506576538
depth: 3, iteration: 111500, test_RMSE: 1.1254136562347412, erank: 3.905695915222168
depth: 3, iteration: 112000, test_RMSE: 1.1254136562347412, erank: 3.8868398666381836
depth: 3, iteration: 112500, test_RMSE: 1.1254136562347412, erank: 3.868170738220215
depth: 3, iteration: 113000, test_RMSE: 1.1254135370254517, erank: 3.849682092666626
depth: 3, iteration: 113500, test_RMSE: 1.1254136562347412, erank: 3.8313844203948975
depth: 3, iteration: 114000, test_RMSE: 1.1254135370254517, erank: 3.8132641315460205
depth: 3, iteration: 114500, test_RMSE: 1.1254136562347412, erank: 3.7953152656555176
depth: 3, iteration: 115000, test_RMSE: 1.1254135370254517, erank: 3.7775447368621826
depth: 3, iteration: 115500, test_RMSE: 1.1254135370254517, erank: 3.7599380016326904
depth: 3, iteration: 116000, test_RMSE: 1.1254135370254517, erank: 3.7425081729888916
depth: 3, iteration: 116500, test_RMSE: 1.1254135370254517, erank: 3.7252538204193115
depth: 3, iteration: 117000, test_RMSE: 1.1254135370254517, erank: 3.7081992626190186
depth: 3, iteration: 117500, test_RMSE: 1.1254135370254517, erank: 3.6912572383880615
depth: 3, iteration: 118000, test_RMSE: 1.1254135370254517, erank: 3.674501419067383
depth: 3, iteration: 118500, test_RMSE: 1.1254135370254517, erank: 3.6579020023345947
depth: 3, iteration: 119000, test_RMSE: 1.1254135370254517, erank: 3.6415135860443115
depth: 3, iteration: 119500, test_RMSE: 1.1254135370254517, erank: 3.6252262592315674
depth: 3, iteration: 120000, test_RMSE: 1.1254135370254517, erank: 3.6090810298919678
depth: 3, iteration: 120500, test_RMSE: 1.1254135370254517, erank: 3.5930869579315186
depth: 3, iteration: 121000, test_RMSE: 1.1254135370254517, erank: 3.577306032180786
depth: 3, iteration: 121500, test_RMSE: 1.125413417816162, erank: 3.561602830886841
depth: 3, iteration: 122000, test_RMSE: 1.125413417816162, erank: 3.5461034774780273
depth: 3, iteration: 122500, test_RMSE: 1.125413417816162, erank: 3.5306878089904785
depth: 3, iteration: 123000, test_RMSE: 1.125413417816162, erank: 3.515403985977173
depth: 3, iteration: 123500, test_RMSE: 1.125413417816162, erank: 3.50032114982605
depth: 3, iteration: 124000, test_RMSE: 1.125413417816162, erank: 3.485311985015869
depth: 3, iteration: 124500, test_RMSE: 1.125413417816162, erank: 3.470449447631836
depth: 3, iteration: 125000, test_RMSE: 1.125413417816162, erank: 3.4558022022247314
depth: 3, iteration: 125500, test_RMSE: 1.125413417816162, erank: 3.441218137741089
depth: 3, iteration: 126000, test_RMSE: 1.125413417816162, erank: 3.426830291748047
depth: 3, iteration: 126500, test_RMSE: 1.125413417816162, erank: 3.4125661849975586
depth: 3, iteration: 127000, test_RMSE: 1.125413417816162, erank: 3.3983724117279053
depth: 3, iteration: 127500, test_RMSE: 1.125413417816162, erank: 3.38430118560791
depth: 3, iteration: 128000, test_RMSE: 1.125413417816162, erank: 3.3704142570495605
depth: 3, iteration: 128500, test_RMSE: 1.125413417816162, erank: 3.356578826904297
depth: 3, iteration: 129000, test_RMSE: 1.125413417816162, erank: 3.3429362773895264
depth: 3, iteration: 129500, test_RMSE: 1.125413417816162, erank: 3.3293395042419434
depth: 3, iteration: 130000, test_RMSE: 1.125413417816162, erank: 3.3159196376800537
depth: 3, iteration: 130500, test_RMSE: 1.125413417816162, erank: 3.3025689125061035
depth: 3, iteration: 131000, test_RMSE: 1.125413417816162, erank: 3.289397954940796
depth: 3, iteration: 131500, test_RMSE: 1.125413417816162, erank: 3.276270866394043
depth: 3, iteration: 132000, test_RMSE: 1.125413417816162, erank: 3.2633187770843506
depth: 3, iteration: 132500, test_RMSE: 1.125413417816162, erank: 3.2504794597625732
depth: 3, iteration: 133000, test_RMSE: 1.125413417816162, erank: 3.237741708755493
depth: 3, iteration: 133500, test_RMSE: 1.125413417816162, erank: 3.225044012069702
depth: 3, iteration: 134000, test_RMSE: 1.125413417816162, erank: 3.2125139236450195
depth: 3, iteration: 134500, test_RMSE: 1.1254132986068726, erank: 3.200024366378784
depth: 3, iteration: 135000, test_RMSE: 1.1254132986068726, erank: 3.187700033187866
depth: 3, iteration: 135500, test_RMSE: 1.125413417816162, erank: 3.17547869682312
depth: 3, iteration: 136000, test_RMSE: 1.1254132986068726, erank: 3.1632866859436035
depth: 3, iteration: 136500, test_RMSE: 1.125413417816162, erank: 3.151259183883667
depth: 3, iteration: 137000, test_RMSE: 1.125413417816162, erank: 3.1393253803253174
depth: 3, iteration: 137500, test_RMSE: 1.125413417816162, erank: 3.127420663833618
depth: 3, iteration: 138000, test_RMSE: 1.125413417816162, erank: 3.1156771183013916
depth: 3, iteration: 138500, test_RMSE: 1.125413417816162, erank: 3.103961706161499
depth: 3, iteration: 139000, test_RMSE: 1.1254132986068726, erank: 3.0924034118652344
depth: 3, iteration: 139500, test_RMSE: 1.1254132986068726, erank: 3.080934762954712
depth: 3, iteration: 140000, test_RMSE: 1.125413417816162, erank: 3.0695595741271973
depth: 3, iteration: 140500, test_RMSE: 1.125413417816162, erank: 3.058202028274536
depth: 3, iteration: 141000, test_RMSE: 1.1254132986068726, erank: 3.0470046997070312
depth: 3, iteration: 141500, test_RMSE: 1.1254132986068726, erank: 3.035886526107788
depth: 3, iteration: 142000, test_RMSE: 1.125413417816162, erank: 3.0247881412506104
depth: 3, iteration: 142500, test_RMSE: 1.125413417816162, erank: 3.013847589492798
depth: 3, iteration: 143000, test_RMSE: 1.125413417816162, erank: 3.002985715866089
depth: 3, iteration: 143500, test_RMSE: 1.1254132986068726, erank: 2.9922103881835938
depth: 3, iteration: 144000, test_RMSE: 1.1254132986068726, erank: 2.9814393520355225
depth: 3, iteration: 144500, test_RMSE: 1.1254132986068726, erank: 2.9708220958709717
depth: 3, iteration: 145000, test_RMSE: 1.1254132986068726, erank: 2.9602878093719482
depth: 3, iteration: 145500, test_RMSE: 1.125413417816162, erank: 2.949829339981079
depth: 3, iteration: 146000, test_RMSE: 1.125413417816162, erank: 2.939380168914795
depth: 3, iteration: 146500, test_RMSE: 1.1254132986068726, erank: 2.929072856903076
depth: 3, iteration: 147000, test_RMSE: 1.1254132986068726, erank: 2.9188477993011475
depth: 3, iteration: 147500, test_RMSE: 1.1254132986068726, erank: 2.9086990356445312
depth: 3, iteration: 148000, test_RMSE: 1.1254132986068726, erank: 2.898604393005371
depth: 3, iteration: 148500, test_RMSE: 1.1254132986068726, erank: 2.8885416984558105
depth: 3, iteration: 149000, test_RMSE: 1.125413417816162, erank: 2.878610134124756
depth: 3, iteration: 149500, test_RMSE: 1.1254132986068726, erank: 2.8687515258789062
depth: 3, iteration: 150000, test_RMSE: 1.1254132986068726, erank: 2.8589491844177246
depth: 3, iteration: 150500, test_RMSE: 1.1254132986068726, erank: 2.8491859436035156
depth: 3, iteration: 151000, test_RMSE: 1.125413417816162, erank: 2.839524984359741
depth: 3, iteration: 151500, test_RMSE: 1.125413417816162, erank: 2.8299455642700195
depth: 3, iteration: 152000, test_RMSE: 1.125413417816162, erank: 2.8204355239868164
depth: 3, iteration: 152500, test_RMSE: 1.1254132986068726, erank: 2.810993194580078
depth: 3, iteration: 153000, test_RMSE: 1.125413417816162, erank: 2.801617383956909
depth: 3, iteration: 153500, test_RMSE: 1.125413417816162, erank: 2.7922420501708984
depth: 3, iteration: 154000, test_RMSE: 1.125413417816162, erank: 2.78298282623291
depth: 3, iteration: 154500, test_RMSE: 1.1254132986068726, erank: 2.7738022804260254
depth: 3, iteration: 155000, test_RMSE: 1.125413417816162, erank: 2.764683246612549
depth: 3, iteration: 155500, test_RMSE: 1.125413417816162, erank: 2.755624294281006
depth: 3, iteration: 156000, test_RMSE: 1.1254132986068726, erank: 2.7466342449188232
depth: 3, iteration: 156500, test_RMSE: 1.125413417816162, erank: 2.7376344203948975
depth: 3, iteration: 157000, test_RMSE: 1.1254132986068726, erank: 2.7287538051605225
depth: 3, iteration: 157500, test_RMSE: 1.125413417816162, erank: 2.719947099685669
depth: 3, iteration: 158000, test_RMSE: 1.1254132986068726, erank: 2.7111971378326416
depth: 3, iteration: 158500, test_RMSE: 1.125413417816162, erank: 2.702507495880127
depth: 3, iteration: 159000, test_RMSE: 1.125413417816162, erank: 2.6938743591308594
depth: 3, iteration: 159500, test_RMSE: 1.125413417816162, erank: 2.6853017807006836
depth: 3, iteration: 160000, test_RMSE: 1.125413417816162, erank: 2.6767241954803467
depth: 3, iteration: 160500, test_RMSE: 1.125413417816162, erank: 2.6682422161102295
depth: 3, iteration: 161000, test_RMSE: 1.125413417816162, erank: 2.659841299057007
depth: 3, iteration: 161500, test_RMSE: 1.125413417816162, erank: 2.651494264602661
depth: 3, iteration: 162000, test_RMSE: 1.125413417816162, erank: 2.6431992053985596
depth: 3, iteration: 162500, test_RMSE: 1.125413417816162, erank: 2.634965658187866
depth: 3, iteration: 163000, test_RMSE: 1.125413417816162, erank: 2.6267781257629395
depth: 3, iteration: 163500, test_RMSE: 1.125413417816162, erank: 2.618647813796997
depth: 3, iteration: 164000, test_RMSE: 1.125413417816162, erank: 2.610520362854004
depth: 3, iteration: 164500, test_RMSE: 1.125413417816162, erank: 2.6024646759033203
depth: 3, iteration: 165000, test_RMSE: 1.125413417816162, erank: 2.5944807529449463
depth: 3, iteration: 165500, test_RMSE: 1.125413417816162, erank: 2.586561679840088
depth: 3, iteration: 166000, test_RMSE: 1.125413417816162, erank: 2.578691005706787
depth: 3, iteration: 166500, test_RMSE: 1.125413417816162, erank: 2.570866107940674
depth: 3, iteration: 167000, test_RMSE: 1.125413417816162, erank: 2.5630946159362793
depth: 3, iteration: 167500, test_RMSE: 1.125413417816162, erank: 2.5553715229034424
depth: 3, iteration: 168000, test_RMSE: 1.125413417816162, erank: 2.5476889610290527
depth: 3, iteration: 168500, test_RMSE: 1.125413417816162, erank: 2.540050506591797
depth: 3, iteration: 169000, test_RMSE: 1.125413417816162, erank: 2.5324225425720215
depth: 3, iteration: 169500, test_RMSE: 1.125413417816162, erank: 2.5248796939849854
depth: 3, iteration: 170000, test_RMSE: 1.1254135370254517, erank: 2.5173892974853516
depth: 3, iteration: 170500, test_RMSE: 1.125413417816162, erank: 2.5099525451660156
depth: 3, iteration: 171000, test_RMSE: 1.1254135370254517, erank: 2.5025570392608643
depth: 3, iteration: 171500, test_RMSE: 1.125413417816162, erank: 2.495209217071533
depth: 3, iteration: 172000, test_RMSE: 1.1254135370254517, erank: 2.4879114627838135
depth: 3, iteration: 172500, test_RMSE: 1.1254135370254517, erank: 2.4806525707244873
depth: 3, iteration: 173000, test_RMSE: 1.1254135370254517, erank: 2.473440408706665
depth: 3, iteration: 173500, test_RMSE: 1.1254135370254517, erank: 2.466270923614502
depth: 3, iteration: 174000, test_RMSE: 1.1254135370254517, erank: 2.4591424465179443
depth: 3, iteration: 174500, test_RMSE: 1.1254135370254517, erank: 2.4520018100738525
depth: 3, iteration: 175000, test_RMSE: 1.1254135370254517, erank: 2.444951295852661
depth: 3, iteration: 175500, test_RMSE: 1.1254135370254517, erank: 2.4379589557647705
depth: 3, iteration: 176000, test_RMSE: 1.1254135370254517, erank: 2.430980682373047
depth: 3, iteration: 176500, test_RMSE: 1.1254135370254517, erank: 2.4240610599517822
depth: 3, iteration: 177000, test_RMSE: 1.1254135370254517, erank: 2.417186975479126
depth: 3, iteration: 177500, test_RMSE: 1.1254135370254517, erank: 2.410351037979126
depth: 3, iteration: 178000, test_RMSE: 1.1254135370254517, erank: 2.4035568237304688
depth: 3, iteration: 178500, test_RMSE: 1.1254135370254517, erank: 2.396804094314575
depth: 3, iteration: 179000, test_RMSE: 1.1254136562347412, erank: 2.3900904655456543
depth: 3, iteration: 179500, test_RMSE: 1.1254135370254517, erank: 2.383413553237915
depth: 3, iteration: 180000, test_RMSE: 1.1254135370254517, erank: 2.3767788410186768
depth: 3, iteration: 180500, test_RMSE: 1.1254136562347412, erank: 2.3701796531677246
depth: 3, iteration: 181000, test_RMSE: 1.1254135370254517, erank: 2.3636176586151123
depth: 3, iteration: 181500, test_RMSE: 1.1254135370254517, erank: 2.3570966720581055
depth: 3, iteration: 182000, test_RMSE: 1.1254136562347412, erank: 2.3506131172180176
depth: 3, iteration: 182500, test_RMSE: 1.1254136562347412, erank: 2.3441622257232666
depth: 3, iteration: 183000, test_RMSE: 1.1254136562347412, erank: 2.3376708030700684
depth: 3, iteration: 183500, test_RMSE: 1.1254136562347412, erank: 2.3312923908233643
depth: 3, iteration: 184000, test_RMSE: 1.1254136562347412, erank: 2.3249471187591553
depth: 3, iteration: 184500, test_RMSE: 1.1254136562347412, erank: 2.31864070892334
depth: 3, iteration: 185000, test_RMSE: 1.1254136562347412, erank: 2.3123655319213867
depth: 3, iteration: 185500, test_RMSE: 1.1254136562347412, erank: 2.306128978729248
depth: 3, iteration: 186000, test_RMSE: 1.1254136562347412, erank: 2.29992938041687
depth: 3, iteration: 186500, test_RMSE: 1.1254136562347412, erank: 2.2937636375427246
depth: 3, iteration: 187000, test_RMSE: 1.1254136562347412, erank: 2.2876415252685547
depth: 3, iteration: 187500, test_RMSE: 1.1254136562347412, erank: 2.2815520763397217
depth: 3, iteration: 188000, test_RMSE: 1.1254136562347412, erank: 2.275494337081909
depth: 3, iteration: 188500, test_RMSE: 1.1254136562347412, erank: 2.2694714069366455
depth: 3, iteration: 189000, test_RMSE: 1.1254136562347412, erank: 2.263478994369507
depth: 3, iteration: 189500, test_RMSE: 1.1254136562347412, erank: 2.257520914077759
depth: 3, iteration: 190000, test_RMSE: 1.1254137754440308, erank: 2.251608371734619
depth: 3, iteration: 190500, test_RMSE: 1.1254137754440308, erank: 2.245722532272339
depth: 3, iteration: 191000, test_RMSE: 1.1254137754440308, erank: 2.2398672103881836
depth: 3, iteration: 191500, test_RMSE: 1.1254137754440308, erank: 2.2340478897094727
depth: 3, iteration: 192000, test_RMSE: 1.1254137754440308, erank: 2.2282612323760986
depth: 3, iteration: 192500, test_RMSE: 1.1254137754440308, erank: 2.222496509552002
depth: 3, iteration: 193000, test_RMSE: 1.1254137754440308, erank: 2.2166988849639893
depth: 3, iteration: 193500, test_RMSE: 1.1254137754440308, erank: 2.21099853515625
depth: 3, iteration: 194000, test_RMSE: 1.1254137754440308, erank: 2.2053258419036865
depth: 3, iteration: 194500, test_RMSE: 1.1254137754440308, erank: 2.1996827125549316
depth: 3, iteration: 195000, test_RMSE: 1.1254137754440308, erank: 2.1940693855285645
depth: 3, iteration: 195500, test_RMSE: 1.1254137754440308, erank: 2.188493013381958
depth: 3, iteration: 196000, test_RMSE: 1.1254137754440308, erank: 2.1829488277435303
depth: 3, iteration: 196500, test_RMSE: 1.1254138946533203, erank: 2.1774299144744873
depth: 3, iteration: 197000, test_RMSE: 1.1254137754440308, erank: 2.1719400882720947
depth: 3, iteration: 197500, test_RMSE: 1.1254138946533203, erank: 2.1664834022521973
depth: 3, iteration: 198000, test_RMSE: 1.1254138946533203, erank: 2.1610538959503174
depth: 3, iteration: 198500, test_RMSE: 1.1254138946533203, erank: 2.1556529998779297
depth: 3, iteration: 199000, test_RMSE: 1.1254138946533203, erank: 2.150277853012085
depth: 3, iteration: 199500, test_RMSE: 1.1254138946533203, erank: 2.1449296474456787
