depth: 1, iteration: 0, test_RMSE: 1.1268714666366577, erank: 80.8166732788086
depth: 1, iteration: 500, test_RMSE: 1.126084327697754, erank: 64.59966278076172
depth: 1, iteration: 1000, test_RMSE: 1.1258440017700195, erank: 63.59467315673828
depth: 1, iteration: 1500, test_RMSE: 1.1257368326187134, erank: 61.246360778808594
depth: 1, iteration: 2000, test_RMSE: 1.1257444620132446, erank: 58.45400619506836
depth: 1, iteration: 2500, test_RMSE: 1.1258881092071533, erank: 55.29734420776367
depth: 1, iteration: 3000, test_RMSE: 1.1263060569763184, erank: 52.22409439086914
depth: 1, iteration: 3500, test_RMSE: 1.127220869064331, erank: 49.0930061340332
depth: 1, iteration: 4000, test_RMSE: 1.1288834810256958, erank: 45.75007247924805
depth: 1, iteration: 4500, test_RMSE: 1.131549596786499, erank: 42.184104919433594
depth: 1, iteration: 5000, test_RMSE: 1.1352237462997437, erank: 38.76870346069336
depth: 1, iteration: 5500, test_RMSE: 1.140535593032837, erank: 35.46247863769531
depth: 1, iteration: 6000, test_RMSE: 1.1467458009719849, erank: 32.060482025146484
depth: 1, iteration: 6500, test_RMSE: 1.1537708044052124, erank: 28.815221786499023
depth: 1, iteration: 7000, test_RMSE: 1.1616888046264648, erank: 25.736169815063477
depth: 1, iteration: 7500, test_RMSE: 1.170958399772644, erank: 22.975234985351562
depth: 1, iteration: 8000, test_RMSE: 1.1818681955337524, erank: 20.45363426208496
depth: 1, iteration: 8500, test_RMSE: 1.1946580410003662, erank: 18.13919448852539
depth: 1, iteration: 9000, test_RMSE: 1.209619402885437, erank: 16.030500411987305
depth: 1, iteration: 9500, test_RMSE: 1.2262028455734253, erank: 14.089889526367188
depth: 1, iteration: 10000, test_RMSE: 1.2438507080078125, erank: 12.3671293258667
depth: 1, iteration: 10500, test_RMSE: 1.2627111673355103, erank: 10.83068561553955
depth: 1, iteration: 11000, test_RMSE: 1.2820014953613281, erank: 9.502004623413086
depth: 1, iteration: 11500, test_RMSE: 1.30096435546875, erank: 8.37342643737793
depth: 1, iteration: 12000, test_RMSE: 1.3190561532974243, erank: 7.437073230743408
depth: 1, iteration: 12500, test_RMSE: 1.3358290195465088, erank: 6.654412746429443
depth: 1, iteration: 13000, test_RMSE: 1.3511298894882202, erank: 5.9882426261901855
depth: 1, iteration: 13500, test_RMSE: 1.3632289171218872, erank: 5.4445953369140625
depth: 1, iteration: 14000, test_RMSE: 1.3706552982330322, erank: 5.102674961090088
depth: 1, iteration: 14500, test_RMSE: 1.3727778196334839, erank: 5.020747661590576
depth: 1, iteration: 15000, test_RMSE: 1.3742741346359253, erank: 4.967068195343018
depth: 1, iteration: 15500, test_RMSE: 1.3747022151947021, erank: 4.952106952667236
depth: 1, iteration: 16000, test_RMSE: 1.3747025728225708, erank: 4.952215194702148
depth: 1, iteration: 16500, test_RMSE: 1.3747000694274902, erank: 4.952428817749023
depth: 1, iteration: 17000, test_RMSE: 1.3746994733810425, erank: 4.9518537521362305
depth: 1, iteration: 17500, test_RMSE: 1.37470281124115, erank: 4.951601982116699
depth: 1, iteration: 18000, test_RMSE: 1.3747024536132812, erank: 4.952188968658447
depth: 1, iteration: 18500, test_RMSE: 1.3747013807296753, erank: 4.951596260070801
depth: 1, iteration: 19000, test_RMSE: 1.3747014999389648, erank: 4.951430797576904
depth: 1, iteration: 19500, test_RMSE: 1.3747016191482544, erank: 4.9524006843566895
depth: 1, iteration: 20000, test_RMSE: 1.3747013807296753, erank: 4.95245885848999
depth: 1, iteration: 20500, test_RMSE: 1.3747011423110962, erank: 4.9512834548950195
depth: 1, iteration: 21000, test_RMSE: 1.374700903892517, erank: 4.951884746551514
depth: 1, iteration: 21500, test_RMSE: 1.3747038841247559, erank: 4.95107364654541
depth: 1, iteration: 22000, test_RMSE: 1.3747022151947021, erank: 4.9511027336120605
depth: 1, iteration: 22500, test_RMSE: 1.3747045993804932, erank: 4.951372146606445
depth: 1, iteration: 23000, test_RMSE: 1.3747007846832275, erank: 4.95184850692749
depth: 1, iteration: 23500, test_RMSE: 1.3746992349624634, erank: 4.952116966247559
depth: 1, iteration: 24000, test_RMSE: 1.3747016191482544, erank: 4.951963424682617
depth: 1, iteration: 24500, test_RMSE: 1.3747018575668335, erank: 4.951747894287109
depth: 1, iteration: 25000, test_RMSE: 1.37470281124115, erank: 4.952004432678223
depth: 1, iteration: 25500, test_RMSE: 1.3747024536132812, erank: 4.9513325691223145
depth: 1, iteration: 26000, test_RMSE: 1.374700903892517, erank: 4.953309535980225
depth: 1, iteration: 26500, test_RMSE: 1.3747036457061768, erank: 4.952057838439941
depth: 1, iteration: 27000, test_RMSE: 1.3747024536132812, erank: 4.952853202819824
depth: 1, iteration: 27500, test_RMSE: 1.3747018575668335, erank: 4.951399326324463
depth: 1, iteration: 28000, test_RMSE: 1.3747031688690186, erank: 4.952425956726074
depth: 1, iteration: 28500, test_RMSE: 1.374701976776123, erank: 4.9518938064575195
depth: 1, iteration: 29000, test_RMSE: 1.3747003078460693, erank: 4.951496124267578
depth: 1, iteration: 29500, test_RMSE: 1.3747038841247559, erank: 4.951968669891357
