depth: 1, iteration: 0, test_RMSE: 1.127289891242981, erank: 76.3851089477539
depth: 1, iteration: 500, test_RMSE: 1.1272858381271362, erank: 2.6426923274993896
depth: 1, iteration: 1000, test_RMSE: 1.127285361289978, erank: 2.0072202682495117
depth: 1, iteration: 1500, test_RMSE: 1.1272848844528198, erank: 1.7853662967681885
depth: 1, iteration: 2000, test_RMSE: 1.1272844076156616, erank: 1.5920315980911255
depth: 1, iteration: 2500, test_RMSE: 1.1272836923599243, erank: 1.4891422986984253
depth: 1, iteration: 3000, test_RMSE: 1.127282977104187, erank: 1.3889011144638062
depth: 1, iteration: 3500, test_RMSE: 1.1272822618484497, erank: 1.334781527519226
depth: 1, iteration: 4000, test_RMSE: 1.1272813081741333, erank: 1.2802224159240723
depth: 1, iteration: 4500, test_RMSE: 1.127280354499817, erank: 1.2542824745178223
depth: 1, iteration: 5000, test_RMSE: 1.1272794008255005, erank: 1.2126647233963013
depth: 1, iteration: 5500, test_RMSE: 1.127278208732605, erank: 1.1905690431594849
depth: 1, iteration: 6000, test_RMSE: 1.12727689743042, erank: 1.1588385105133057
depth: 1, iteration: 6500, test_RMSE: 1.1272757053375244, erank: 1.1392303705215454
depth: 1, iteration: 7000, test_RMSE: 1.1272742748260498, erank: 1.1300771236419678
depth: 1, iteration: 7500, test_RMSE: 1.1272729635238647, erank: 1.1111962795257568
depth: 1, iteration: 8000, test_RMSE: 1.1272714138031006, erank: 1.1061251163482666
depth: 1, iteration: 8500, test_RMSE: 1.127269983291626, erank: 1.093993067741394
depth: 1, iteration: 9000, test_RMSE: 1.1272683143615723, erank: 1.0839550495147705
depth: 1, iteration: 9500, test_RMSE: 1.1272666454315186, erank: 1.1081326007843018
depth: 1, iteration: 10000, test_RMSE: 1.1272644996643066, erank: 1.1503217220306396
depth: 1, iteration: 10500, test_RMSE: 1.127261757850647, erank: 1.2221229076385498
depth: 1, iteration: 11000, test_RMSE: 1.1272586584091187, erank: 1.3316525220870972
depth: 1, iteration: 11500, test_RMSE: 1.127254843711853, erank: 1.4755383729934692
depth: 1, iteration: 12000, test_RMSE: 1.1272505521774292, erank: 1.6490511894226074
depth: 1, iteration: 12500, test_RMSE: 1.1272457838058472, erank: 1.8519136905670166
depth: 1, iteration: 13000, test_RMSE: 1.1272404193878174, erank: 2.092916250228882
depth: 1, iteration: 13500, test_RMSE: 1.1272348165512085, erank: 2.3682045936584473
depth: 1, iteration: 14000, test_RMSE: 1.1272287368774414, erank: 2.6960184574127197
depth: 1, iteration: 14500, test_RMSE: 1.1272224187850952, erank: 3.0781140327453613
depth: 1, iteration: 15000, test_RMSE: 1.1272159814834595, erank: 3.510603904724121
depth: 1, iteration: 15500, test_RMSE: 1.1272093057632446, erank: 4.004488468170166
depth: 1, iteration: 16000, test_RMSE: 1.1272025108337402, erank: 4.5552754402160645
depth: 1, iteration: 16500, test_RMSE: 1.1271957159042358, erank: 5.167720317840576
depth: 1, iteration: 17000, test_RMSE: 1.127188801765442, erank: 5.849817276000977
depth: 1, iteration: 17500, test_RMSE: 1.1271820068359375, erank: 6.595667839050293
depth: 1, iteration: 18000, test_RMSE: 1.127174973487854, erank: 7.400630950927734
depth: 1, iteration: 18500, test_RMSE: 1.1271682977676392, erank: 8.263656616210938
depth: 1, iteration: 19000, test_RMSE: 1.1271615028381348, erank: 9.173160552978516
depth: 1, iteration: 19500, test_RMSE: 1.1271547079086304, erank: 10.125584602355957
depth: 1, iteration: 20000, test_RMSE: 1.1271480321884155, erank: 11.09779167175293
depth: 1, iteration: 20500, test_RMSE: 1.1271414756774902, erank: 12.084660530090332
depth: 1, iteration: 21000, test_RMSE: 1.1271350383758545, erank: 13.07582950592041
depth: 1, iteration: 21500, test_RMSE: 1.1271287202835083, erank: 14.070040702819824
depth: 1, iteration: 22000, test_RMSE: 1.1271225214004517, erank: 15.061043739318848
depth: 1, iteration: 22500, test_RMSE: 1.1271165609359741, erank: 16.051969528198242
depth: 1, iteration: 23000, test_RMSE: 1.1271106004714966, erank: 17.035526275634766
depth: 1, iteration: 23500, test_RMSE: 1.1271047592163086, erank: 18.00482177734375
depth: 1, iteration: 24000, test_RMSE: 1.1270992755889893, erank: 18.96327018737793
depth: 1, iteration: 24500, test_RMSE: 1.12709379196167, erank: 19.906511306762695
depth: 1, iteration: 25000, test_RMSE: 1.1270884275436401, erank: 20.833906173706055
depth: 1, iteration: 25500, test_RMSE: 1.1270833015441895, erank: 21.744274139404297
depth: 1, iteration: 26000, test_RMSE: 1.1270782947540283, erank: 22.633853912353516
depth: 1, iteration: 26500, test_RMSE: 1.1270732879638672, erank: 23.499969482421875
depth: 1, iteration: 27000, test_RMSE: 1.1270685195922852, erank: 24.345012664794922
depth: 1, iteration: 27500, test_RMSE: 1.1270638704299927, erank: 25.168161392211914
depth: 1, iteration: 28000, test_RMSE: 1.1270594596862793, erank: 25.969995498657227
depth: 1, iteration: 28500, test_RMSE: 1.127055048942566, erank: 26.7486629486084
depth: 1, iteration: 29000, test_RMSE: 1.1270508766174316, erank: 27.504880905151367
depth: 1, iteration: 29500, test_RMSE: 1.1270469427108765, erank: 28.23848533630371
depth: 1, iteration: 30000, test_RMSE: 1.1270428895950317, erank: 28.952011108398438
depth: 1, iteration: 30500, test_RMSE: 1.1270390748977661, erank: 29.645442962646484
depth: 1, iteration: 31000, test_RMSE: 1.1270354986190796, erank: 30.32076644897461
depth: 1, iteration: 31500, test_RMSE: 1.1270318031311035, erank: 30.976428985595703
depth: 1, iteration: 32000, test_RMSE: 1.1270283460617065, erank: 31.61309051513672
depth: 1, iteration: 32500, test_RMSE: 1.1270248889923096, erank: 32.231239318847656
depth: 1, iteration: 33000, test_RMSE: 1.1270216703414917, erank: 32.831275939941406
depth: 1, iteration: 33500, test_RMSE: 1.1270184516906738, erank: 33.413516998291016
depth: 1, iteration: 34000, test_RMSE: 1.1270153522491455, erank: 33.97895812988281
depth: 1, iteration: 34500, test_RMSE: 1.1270123720169067, erank: 34.52679443359375
depth: 1, iteration: 35000, test_RMSE: 1.1270095109939575, erank: 35.05811309814453
depth: 1, iteration: 35500, test_RMSE: 1.1270066499710083, erank: 35.5732421875
depth: 1, iteration: 36000, test_RMSE: 1.127003788948059, erank: 36.073368072509766
depth: 1, iteration: 36500, test_RMSE: 1.1270010471343994, erank: 36.55786895751953
depth: 1, iteration: 37000, test_RMSE: 1.1269984245300293, erank: 37.028934478759766
depth: 1, iteration: 37500, test_RMSE: 1.1269958019256592, erank: 37.48579025268555
depth: 1, iteration: 38000, test_RMSE: 1.1269932985305786, erank: 37.92975997924805
depth: 1, iteration: 38500, test_RMSE: 1.1269909143447876, erank: 38.36124038696289
depth: 1, iteration: 39000, test_RMSE: 1.1269885301589966, erank: 38.7812385559082
depth: 1, iteration: 39500, test_RMSE: 1.1269861459732056, erank: 39.188865661621094
depth: 1, iteration: 40000, test_RMSE: 1.126983880996704, erank: 39.585533142089844
depth: 1, iteration: 40500, test_RMSE: 1.1269816160202026, erank: 39.97224044799805
depth: 1, iteration: 41000, test_RMSE: 1.1269794702529907, erank: 40.349361419677734
depth: 1, iteration: 41500, test_RMSE: 1.1269772052764893, erank: 40.717166900634766
depth: 1, iteration: 42000, test_RMSE: 1.126975178718567, erank: 41.07561111450195
depth: 1, iteration: 42500, test_RMSE: 1.1269731521606445, erank: 41.425079345703125
depth: 1, iteration: 43000, test_RMSE: 1.1269710063934326, erank: 41.76524353027344
depth: 1, iteration: 43500, test_RMSE: 1.1269690990447998, erank: 42.09699630737305
depth: 1, iteration: 44000, test_RMSE: 1.126967191696167, erank: 42.42039108276367
depth: 1, iteration: 44500, test_RMSE: 1.1269652843475342, erank: 42.73594665527344
depth: 1, iteration: 45000, test_RMSE: 1.126963496208191, erank: 43.04376983642578
depth: 1, iteration: 45500, test_RMSE: 1.126961588859558, erank: 43.34416961669922
depth: 1, iteration: 46000, test_RMSE: 1.1269598007202148, erank: 43.63742446899414
depth: 1, iteration: 46500, test_RMSE: 1.1269580125808716, erank: 43.9237060546875
depth: 1, iteration: 47000, test_RMSE: 1.1269564628601074, erank: 44.20372772216797
depth: 1, iteration: 47500, test_RMSE: 1.1269546747207642, erank: 44.477455139160156
depth: 1, iteration: 48000, test_RMSE: 1.1269530057907104, erank: 44.74533462524414
depth: 1, iteration: 48500, test_RMSE: 1.1269513368606567, erank: 45.007354736328125
depth: 1, iteration: 49000, test_RMSE: 1.1269497871398926, erank: 45.26347732543945
depth: 1, iteration: 49500, test_RMSE: 1.1269482374191284, erank: 45.513938903808594
depth: 1, iteration: 50000, test_RMSE: 1.1269466876983643, erank: 45.75911331176758
depth: 1, iteration: 50500, test_RMSE: 1.1269452571868896, erank: 45.999271392822266
depth: 1, iteration: 51000, test_RMSE: 1.1269437074661255, erank: 46.2342529296875
depth: 1, iteration: 51500, test_RMSE: 1.1269422769546509, erank: 46.464412689208984
depth: 1, iteration: 52000, test_RMSE: 1.1269408464431763, erank: 46.69009780883789
depth: 1, iteration: 52500, test_RMSE: 1.1269394159317017, erank: 46.91114807128906
depth: 1, iteration: 53000, test_RMSE: 1.1269381046295166, erank: 47.12760925292969
depth: 1, iteration: 53500, test_RMSE: 1.126936674118042, erank: 47.339603424072266
depth: 1, iteration: 54000, test_RMSE: 1.1269352436065674, erank: 47.547428131103516
depth: 1, iteration: 54500, test_RMSE: 1.1269340515136719, erank: 47.75088119506836
depth: 1, iteration: 55000, test_RMSE: 1.1269327402114868, erank: 47.95026397705078
depth: 1, iteration: 55500, test_RMSE: 1.1269314289093018, erank: 48.14594268798828
depth: 1, iteration: 56000, test_RMSE: 1.1269301176071167, erank: 48.337684631347656
depth: 1, iteration: 56500, test_RMSE: 1.1269289255142212, erank: 48.52585220336914
depth: 1, iteration: 57000, test_RMSE: 1.1269277334213257, erank: 48.710357666015625
depth: 1, iteration: 57500, test_RMSE: 1.1269265413284302, erank: 48.89142990112305
depth: 1, iteration: 58000, test_RMSE: 1.1269253492355347, erank: 49.0689582824707
depth: 1, iteration: 58500, test_RMSE: 1.1269241571426392, erank: 49.24348831176758
depth: 1, iteration: 59000, test_RMSE: 1.1269230842590332, erank: 49.414798736572266
depth: 1, iteration: 59500, test_RMSE: 1.1269218921661377, erank: 49.58295822143555
depth: 1, iteration: 60000, test_RMSE: 1.1269207000732422, erank: 49.748104095458984
depth: 1, iteration: 60500, test_RMSE: 1.1269196271896362, erank: 49.91032791137695
depth: 1, iteration: 61000, test_RMSE: 1.1269185543060303, erank: 50.06963348388672
depth: 1, iteration: 61500, test_RMSE: 1.1269174814224243, erank: 50.22597122192383
depth: 1, iteration: 62000, test_RMSE: 1.1269164085388184, erank: 50.37966537475586
depth: 1, iteration: 62500, test_RMSE: 1.126915454864502, erank: 50.53075408935547
depth: 1, iteration: 63000, test_RMSE: 1.1269142627716064, erank: 50.67913055419922
depth: 1, iteration: 63500, test_RMSE: 1.12691330909729, erank: 50.8250846862793
depth: 1, iteration: 64000, test_RMSE: 1.126912236213684, erank: 50.96856689453125
depth: 1, iteration: 64500, test_RMSE: 1.1269112825393677, erank: 51.109710693359375
depth: 1, iteration: 65000, test_RMSE: 1.1269103288650513, erank: 51.248653411865234
depth: 1, iteration: 65500, test_RMSE: 1.1269092559814453, erank: 51.385223388671875
depth: 1, iteration: 66000, test_RMSE: 1.126908302307129, erank: 51.519866943359375
depth: 1, iteration: 66500, test_RMSE: 1.1269073486328125, erank: 51.65220642089844
depth: 1, iteration: 67000, test_RMSE: 1.1269065141677856, erank: 51.78258514404297
depth: 1, iteration: 67500, test_RMSE: 1.1269055604934692, erank: 51.910736083984375
depth: 1, iteration: 68000, test_RMSE: 1.1269047260284424, erank: 52.037105560302734
depth: 1, iteration: 68500, test_RMSE: 1.1269036531448364, erank: 52.16145324707031
depth: 1, iteration: 69000, test_RMSE: 1.1269028186798096, erank: 52.283817291259766
depth: 1, iteration: 69500, test_RMSE: 1.1269019842147827, erank: 52.404598236083984
depth: 1, iteration: 70000, test_RMSE: 1.1269010305404663, erank: 52.52340316772461
depth: 1, iteration: 70500, test_RMSE: 1.1269001960754395, erank: 52.64055633544922
depth: 1, iteration: 71000, test_RMSE: 1.1268993616104126, erank: 52.75597381591797
depth: 1, iteration: 71500, test_RMSE: 1.1268985271453857, erank: 52.86968994140625
depth: 1, iteration: 72000, test_RMSE: 1.1268976926803589, erank: 52.981727600097656
depth: 1, iteration: 72500, test_RMSE: 1.1268967390060425, erank: 53.09210968017578
depth: 1, iteration: 73000, test_RMSE: 1.1268960237503052, erank: 53.200950622558594
depth: 1, iteration: 73500, test_RMSE: 1.1268953084945679, erank: 53.30821228027344
depth: 1, iteration: 74000, test_RMSE: 1.1268943548202515, erank: 53.41401290893555
depth: 1, iteration: 74500, test_RMSE: 1.1268935203552246, erank: 53.51823425292969
depth: 1, iteration: 75000, test_RMSE: 1.1268928050994873, erank: 53.62102127075195
depth: 1, iteration: 75500, test_RMSE: 1.1268919706344604, erank: 53.722434997558594
depth: 1, iteration: 76000, test_RMSE: 1.1268912553787231, erank: 53.82249450683594
depth: 1, iteration: 76500, test_RMSE: 1.1268904209136963, erank: 53.92119216918945
depth: 1, iteration: 77000, test_RMSE: 1.126889705657959, erank: 54.01859664916992
depth: 1, iteration: 77500, test_RMSE: 1.1268889904022217, erank: 54.11461639404297
depth: 1, iteration: 78000, test_RMSE: 1.1268882751464844, erank: 54.209503173828125
depth: 1, iteration: 78500, test_RMSE: 1.126887559890747, erank: 54.303123474121094
depth: 1, iteration: 79000, test_RMSE: 1.1268868446350098, erank: 54.39558792114258
depth: 1, iteration: 79500, test_RMSE: 1.126886010169983, erank: 54.48686218261719
depth: 1, iteration: 80000, test_RMSE: 1.1268854141235352, erank: 54.5770263671875
depth: 1, iteration: 80500, test_RMSE: 1.1268845796585083, erank: 54.666011810302734
depth: 1, iteration: 81000, test_RMSE: 1.1268839836120605, erank: 54.753902435302734
depth: 1, iteration: 81500, test_RMSE: 1.1268832683563232, erank: 54.840702056884766
depth: 1, iteration: 82000, test_RMSE: 1.126882553100586, erank: 54.926387786865234
depth: 1, iteration: 82500, test_RMSE: 1.1268819570541382, erank: 55.0110969543457
depth: 1, iteration: 83000, test_RMSE: 1.1268812417984009, erank: 55.0947380065918
depth: 1, iteration: 83500, test_RMSE: 1.1268805265426636, erank: 55.17747116088867
depth: 1, iteration: 84000, test_RMSE: 1.1268799304962158, erank: 55.259124755859375
depth: 1, iteration: 84500, test_RMSE: 1.1268792152404785, erank: 55.33997344970703
depth: 1, iteration: 85000, test_RMSE: 1.1268786191940308, erank: 55.41972351074219
depth: 1, iteration: 85500, test_RMSE: 1.126878023147583, erank: 55.49860763549805
depth: 1, iteration: 86000, test_RMSE: 1.1268773078918457, erank: 55.576595306396484
depth: 1, iteration: 86500, test_RMSE: 1.1268765926361084, erank: 55.65355682373047
depth: 1, iteration: 87000, test_RMSE: 1.1268759965896606, erank: 55.72966766357422
depth: 1, iteration: 87500, test_RMSE: 1.126875400543213, erank: 55.80494689941406
depth: 1, iteration: 88000, test_RMSE: 1.1268748044967651, erank: 55.87934494018555
depth: 1, iteration: 88500, test_RMSE: 1.1268742084503174, erank: 55.952880859375
depth: 1, iteration: 89000, test_RMSE: 1.1268736124038696, erank: 56.02560806274414
depth: 1, iteration: 89500, test_RMSE: 1.1268730163574219, erank: 56.09748840332031
depth: 1, iteration: 90000, test_RMSE: 1.1268723011016846, erank: 56.1684684753418
depth: 1, iteration: 90500, test_RMSE: 1.1268718242645264, erank: 56.238765716552734
depth: 1, iteration: 91000, test_RMSE: 1.1268712282180786, erank: 56.30821228027344
depth: 1, iteration: 91500, test_RMSE: 1.1268706321716309, erank: 56.376853942871094
depth: 1, iteration: 92000, test_RMSE: 1.126870036125183, erank: 56.444854736328125
depth: 1, iteration: 92500, test_RMSE: 1.1268694400787354, erank: 56.511993408203125
depth: 1, iteration: 93000, test_RMSE: 1.1268689632415771, erank: 56.57843017578125
depth: 1, iteration: 93500, test_RMSE: 1.1268683671951294, erank: 56.644107818603516
depth: 1, iteration: 94000, test_RMSE: 1.1268677711486816, erank: 56.7091064453125
depth: 1, iteration: 94500, test_RMSE: 1.1268671751022339, erank: 56.77333450317383
depth: 1, iteration: 95000, test_RMSE: 1.1268666982650757, erank: 56.836936950683594
depth: 1, iteration: 95500, test_RMSE: 1.126866102218628, erank: 56.89987564086914
depth: 1, iteration: 96000, test_RMSE: 1.1268655061721802, erank: 56.96209716796875
depth: 1, iteration: 96500, test_RMSE: 1.126865029335022, erank: 57.02367401123047
depth: 1, iteration: 97000, test_RMSE: 1.1268644332885742, erank: 57.08469772338867
depth: 1, iteration: 97500, test_RMSE: 1.126863956451416, erank: 57.144859313964844
depth: 1, iteration: 98000, test_RMSE: 1.1268634796142578, erank: 57.20450973510742
depth: 1, iteration: 98500, test_RMSE: 1.12686288356781, erank: 57.26351547241211
depth: 1, iteration: 99000, test_RMSE: 1.1268624067306519, erank: 57.32197570800781
depth: 1, iteration: 99500, test_RMSE: 1.1268619298934937, erank: 57.37973403930664
depth: 1, iteration: 100000, test_RMSE: 1.126861333847046, erank: 57.436946868896484
depth: 1, iteration: 100500, test_RMSE: 1.1268608570098877, erank: 57.493614196777344
depth: 1, iteration: 101000, test_RMSE: 1.1268603801727295, erank: 57.54973220825195
depth: 1, iteration: 101500, test_RMSE: 1.1268597841262817, erank: 57.605247497558594
depth: 1, iteration: 102000, test_RMSE: 1.126859426498413, erank: 57.66023635864258
depth: 1, iteration: 102500, test_RMSE: 1.1268588304519653, erank: 57.71472930908203
depth: 1, iteration: 103000, test_RMSE: 1.1268582344055176, erank: 57.76866912841797
depth: 1, iteration: 103500, test_RMSE: 1.126857876777649, erank: 57.82210159301758
depth: 1, iteration: 104000, test_RMSE: 1.1268573999404907, erank: 57.87495422363281
depth: 1, iteration: 104500, test_RMSE: 1.1268569231033325, erank: 57.9273567199707
depth: 1, iteration: 105000, test_RMSE: 1.1268564462661743, erank: 57.97930908203125
depth: 1, iteration: 105500, test_RMSE: 1.1268558502197266, erank: 58.030757904052734
depth: 1, iteration: 106000, test_RMSE: 1.1268553733825684, erank: 58.081642150878906
depth: 1, iteration: 106500, test_RMSE: 1.1268550157546997, erank: 58.13217544555664
depth: 1, iteration: 107000, test_RMSE: 1.1268545389175415, erank: 58.18214797973633
depth: 1, iteration: 107500, test_RMSE: 1.1268540620803833, erank: 58.23177719116211
depth: 1, iteration: 108000, test_RMSE: 1.126853585243225, erank: 58.28083419799805
depth: 1, iteration: 108500, test_RMSE: 1.126853108406067, erank: 58.329490661621094
depth: 1, iteration: 109000, test_RMSE: 1.1268526315689087, erank: 58.377708435058594
depth: 1, iteration: 109500, test_RMSE: 1.12685227394104, erank: 58.42557907104492
depth: 1, iteration: 110000, test_RMSE: 1.1268517971038818, erank: 58.47287368774414
depth: 1, iteration: 110500, test_RMSE: 1.1268513202667236, erank: 58.51990509033203
depth: 1, iteration: 111000, test_RMSE: 1.1268508434295654, erank: 58.56644058227539
depth: 1, iteration: 111500, test_RMSE: 1.1268504858016968, erank: 58.61259078979492
depth: 1, iteration: 112000, test_RMSE: 1.1268501281738281, erank: 58.65833282470703
depth: 1, iteration: 112500, test_RMSE: 1.1268495321273804, erank: 58.70366668701172
depth: 1, iteration: 113000, test_RMSE: 1.1268491744995117, erank: 58.74860763549805
depth: 1, iteration: 113500, test_RMSE: 1.1268486976623535, erank: 58.79310989379883
depth: 1, iteration: 114000, test_RMSE: 1.1268482208251953, erank: 58.837249755859375
depth: 1, iteration: 114500, test_RMSE: 1.1268478631973267, erank: 58.880950927734375
depth: 1, iteration: 115000, test_RMSE: 1.1268473863601685, erank: 58.924373626708984
depth: 1, iteration: 115500, test_RMSE: 1.1268470287322998, erank: 58.967350006103516
depth: 1, iteration: 116000, test_RMSE: 1.1268465518951416, erank: 59.0100212097168
depth: 1, iteration: 116500, test_RMSE: 1.126846194267273, erank: 59.05227279663086
depth: 1, iteration: 117000, test_RMSE: 1.1268457174301147, erank: 59.09415817260742
depth: 1, iteration: 117500, test_RMSE: 1.1268452405929565, erank: 59.13576126098633
depth: 1, iteration: 118000, test_RMSE: 1.126844882965088, erank: 59.17694854736328
depth: 1, iteration: 118500, test_RMSE: 1.1268445253372192, erank: 59.21782302856445
depth: 1, iteration: 119000, test_RMSE: 1.1268441677093506, erank: 59.258384704589844
depth: 1, iteration: 119500, test_RMSE: 1.1268436908721924, erank: 59.298580169677734
depth: 1, iteration: 120000, test_RMSE: 1.1268433332443237, erank: 59.33840560913086
depth: 1, iteration: 120500, test_RMSE: 1.1268428564071655, erank: 59.37794494628906
depth: 1, iteration: 121000, test_RMSE: 1.1268426179885864, erank: 59.417171478271484
depth: 1, iteration: 121500, test_RMSE: 1.1268421411514282, erank: 59.455997467041016
depth: 1, iteration: 122000, test_RMSE: 1.1268417835235596, erank: 59.49459457397461
depth: 1, iteration: 122500, test_RMSE: 1.1268413066864014, erank: 59.5328483581543
depth: 1, iteration: 123000, test_RMSE: 1.1268409490585327, erank: 59.57075881958008
depth: 1, iteration: 123500, test_RMSE: 1.126840591430664, erank: 59.60838317871094
depth: 1, iteration: 124000, test_RMSE: 1.1268402338027954, erank: 59.64579772949219
depth: 1, iteration: 124500, test_RMSE: 1.1268397569656372, erank: 59.68275451660156
depth: 1, iteration: 125000, test_RMSE: 1.1268393993377686, erank: 59.719451904296875
depth: 1, iteration: 125500, test_RMSE: 1.1268390417099, erank: 59.75591278076172
depth: 1, iteration: 126000, test_RMSE: 1.1268386840820312, erank: 59.79205322265625
depth: 1, iteration: 126500, test_RMSE: 1.1268383264541626, erank: 59.82787322998047
depth: 1, iteration: 127000, test_RMSE: 1.126837968826294, erank: 59.863487243652344
depth: 1, iteration: 127500, test_RMSE: 1.1268376111984253, erank: 59.898834228515625
depth: 1, iteration: 128000, test_RMSE: 1.1268372535705566, erank: 59.933860778808594
depth: 1, iteration: 128500, test_RMSE: 1.126836895942688, erank: 59.96862030029297
depth: 1, iteration: 129000, test_RMSE: 1.1268365383148193, erank: 60.00312042236328
depth: 1, iteration: 129500, test_RMSE: 1.1268360614776611, erank: 60.03740692138672
depth: 1, iteration: 130000, test_RMSE: 1.1268357038497925, erank: 60.07145690917969
depth: 1, iteration: 130500, test_RMSE: 1.1268354654312134, erank: 60.10520935058594
depth: 1, iteration: 131000, test_RMSE: 1.1268351078033447, erank: 60.13877868652344
depth: 1, iteration: 131500, test_RMSE: 1.126834750175476, erank: 60.1719970703125
depth: 1, iteration: 132000, test_RMSE: 1.1268343925476074, erank: 60.20500183105469
depth: 1, iteration: 132500, test_RMSE: 1.1268340349197388, erank: 60.237796783447266
depth: 1, iteration: 133000, test_RMSE: 1.1268336772918701, erank: 60.27031707763672
depth: 1, iteration: 133500, test_RMSE: 1.1268333196640015, erank: 60.30262756347656
depth: 1, iteration: 134000, test_RMSE: 1.1268329620361328, erank: 60.33467102050781
depth: 1, iteration: 134500, test_RMSE: 1.1268326044082642, erank: 60.36650085449219
depth: 1, iteration: 135000, test_RMSE: 1.126832365989685, erank: 60.39811325073242
depth: 1, iteration: 135500, test_RMSE: 1.1268320083618164, erank: 60.42945861816406
depth: 1, iteration: 136000, test_RMSE: 1.1268316507339478, erank: 60.46055603027344
depth: 1, iteration: 136500, test_RMSE: 1.126831293106079, erank: 60.49155807495117
depth: 1, iteration: 137000, test_RMSE: 1.1268310546875, erank: 60.52222442626953
depth: 1, iteration: 137500, test_RMSE: 1.1268305778503418, erank: 60.552738189697266
depth: 1, iteration: 138000, test_RMSE: 1.1268303394317627, erank: 60.582942962646484
depth: 1, iteration: 138500, test_RMSE: 1.126829981803894, erank: 60.612998962402344
depth: 1, iteration: 139000, test_RMSE: 1.1268296241760254, erank: 60.64289093017578
depth: 1, iteration: 139500, test_RMSE: 1.1268292665481567, erank: 60.67247772216797
depth: 1, iteration: 140000, test_RMSE: 1.1268290281295776, erank: 60.701908111572266
depth: 1, iteration: 140500, test_RMSE: 1.126828670501709, erank: 60.73115158081055
depth: 1, iteration: 141000, test_RMSE: 1.1268283128738403, erank: 60.76011276245117
depth: 1, iteration: 141500, test_RMSE: 1.1268279552459717, erank: 60.788917541503906
depth: 1, iteration: 142000, test_RMSE: 1.1268277168273926, erank: 60.81756591796875
depth: 1, iteration: 142500, test_RMSE: 1.1268274784088135, erank: 60.84596633911133
depth: 1, iteration: 143000, test_RMSE: 1.1268271207809448, erank: 60.874202728271484
depth: 1, iteration: 143500, test_RMSE: 1.1268267631530762, erank: 60.902191162109375
depth: 1, iteration: 144000, test_RMSE: 1.1268264055252075, erank: 60.929954528808594
depth: 1, iteration: 144500, test_RMSE: 1.1268261671066284, erank: 60.95762252807617
depth: 1, iteration: 145000, test_RMSE: 1.1268258094787598, erank: 60.98512649536133
depth: 1, iteration: 145500, test_RMSE: 1.1268255710601807, erank: 61.01247024536133
depth: 1, iteration: 146000, test_RMSE: 1.126825213432312, erank: 61.0395622253418
depth: 1, iteration: 146500, test_RMSE: 1.1268248558044434, erank: 61.066463470458984
depth: 1, iteration: 147000, test_RMSE: 1.1268246173858643, erank: 61.093109130859375
depth: 1, iteration: 147500, test_RMSE: 1.1268242597579956, erank: 61.11977005004883
depth: 1, iteration: 148000, test_RMSE: 1.126823902130127, erank: 61.146183013916016
depth: 1, iteration: 148500, test_RMSE: 1.1268236637115479, erank: 61.172340393066406
depth: 1, iteration: 149000, test_RMSE: 1.1268234252929688, erank: 61.19845199584961
depth: 1, iteration: 149500, test_RMSE: 1.1268230676651, erank: 61.224369049072266
depth: 1, iteration: 150000, test_RMSE: 1.1268227100372314, erank: 61.24998092651367
depth: 1, iteration: 150500, test_RMSE: 1.126822590827942, erank: 61.275543212890625
depth: 1, iteration: 151000, test_RMSE: 1.1268222332000732, erank: 61.30091094970703
depth: 1, iteration: 151500, test_RMSE: 1.1268219947814941, erank: 61.32602310180664
depth: 1, iteration: 152000, test_RMSE: 1.1268216371536255, erank: 61.35111618041992
depth: 1, iteration: 152500, test_RMSE: 1.1268213987350464, erank: 61.37593078613281
depth: 1, iteration: 153000, test_RMSE: 1.1268210411071777, erank: 61.400665283203125
depth: 1, iteration: 153500, test_RMSE: 1.1268208026885986, erank: 61.425235748291016
depth: 1, iteration: 154000, test_RMSE: 1.12682044506073, erank: 61.449668884277344
depth: 1, iteration: 154500, test_RMSE: 1.1268202066421509, erank: 61.473819732666016
depth: 1, iteration: 155000, test_RMSE: 1.1268198490142822, erank: 61.49789047241211
depth: 1, iteration: 155500, test_RMSE: 1.1268196105957031, erank: 61.521820068359375
depth: 1, iteration: 156000, test_RMSE: 1.126819372177124, erank: 61.5456428527832
depth: 1, iteration: 156500, test_RMSE: 1.1268190145492554, erank: 61.56927490234375
depth: 1, iteration: 157000, test_RMSE: 1.1268187761306763, erank: 61.592708587646484
depth: 1, iteration: 157500, test_RMSE: 1.1268185377120972, erank: 61.616119384765625
depth: 1, iteration: 158000, test_RMSE: 1.1268181800842285, erank: 61.639366149902344
depth: 1, iteration: 158500, test_RMSE: 1.1268179416656494, erank: 61.66232681274414
depth: 1, iteration: 159000, test_RMSE: 1.1268177032470703, erank: 61.6852912902832
depth: 1, iteration: 159500, test_RMSE: 1.1268173456192017, erank: 61.70806121826172
depth: 1, iteration: 160000, test_RMSE: 1.1268171072006226, erank: 61.73069381713867
depth: 1, iteration: 160500, test_RMSE: 1.1268168687820435, erank: 61.75321578979492
depth: 1, iteration: 161000, test_RMSE: 1.1268166303634644, erank: 61.77553939819336
depth: 1, iteration: 161500, test_RMSE: 1.1268163919448853, erank: 61.79778289794922
depth: 1, iteration: 162000, test_RMSE: 1.1268160343170166, erank: 61.81991958618164
depth: 1, iteration: 162500, test_RMSE: 1.1268157958984375, erank: 61.841915130615234
depth: 1, iteration: 163000, test_RMSE: 1.1268154382705688, erank: 61.86368179321289
depth: 1, iteration: 163500, test_RMSE: 1.1268153190612793, erank: 61.88545608520508
depth: 1, iteration: 164000, test_RMSE: 1.1268149614334106, erank: 61.90699768066406
depth: 1, iteration: 164500, test_RMSE: 1.1268147230148315, erank: 61.928489685058594
depth: 1, iteration: 165000, test_RMSE: 1.1268144845962524, erank: 61.9498176574707
depth: 1, iteration: 165500, test_RMSE: 1.1268142461776733, erank: 61.971004486083984
depth: 1, iteration: 166000, test_RMSE: 1.1268140077590942, erank: 61.99213409423828
depth: 1, iteration: 166500, test_RMSE: 1.1268136501312256, erank: 62.01312255859375
depth: 1, iteration: 167000, test_RMSE: 1.1268134117126465, erank: 62.03391647338867
depth: 1, iteration: 167500, test_RMSE: 1.1268131732940674, erank: 62.05471420288086
depth: 1, iteration: 168000, test_RMSE: 1.1268129348754883, erank: 62.07537078857422
depth: 1, iteration: 168500, test_RMSE: 1.1268126964569092, erank: 62.0958251953125
depth: 1, iteration: 169000, test_RMSE: 1.12681245803833, erank: 62.11626052856445
depth: 1, iteration: 169500, test_RMSE: 1.126812219619751, erank: 62.13655090332031
depth: 1, iteration: 170000, test_RMSE: 1.1268119812011719, erank: 62.15676498413086
depth: 1, iteration: 170500, test_RMSE: 1.1268117427825928, erank: 62.17680358886719
depth: 1, iteration: 171000, test_RMSE: 1.1268113851547241, erank: 62.19670104980469
depth: 1, iteration: 171500, test_RMSE: 1.126811146736145, erank: 62.21654510498047
depth: 1, iteration: 172000, test_RMSE: 1.126810908317566, erank: 62.236305236816406
depth: 1, iteration: 172500, test_RMSE: 1.1268106698989868, erank: 62.25583267211914
depth: 1, iteration: 173000, test_RMSE: 1.1268104314804077, erank: 62.27537155151367
depth: 1, iteration: 173500, test_RMSE: 1.1268101930618286, erank: 62.294647216796875
depth: 1, iteration: 174000, test_RMSE: 1.1268099546432495, erank: 62.313899993896484
depth: 1, iteration: 174500, test_RMSE: 1.1268097162246704, erank: 62.333065032958984
depth: 1, iteration: 175000, test_RMSE: 1.1268094778060913, erank: 62.3520622253418
depth: 1, iteration: 175500, test_RMSE: 1.1268092393875122, erank: 62.37100601196289
depth: 1, iteration: 176000, test_RMSE: 1.1268088817596436, erank: 62.38980484008789
depth: 1, iteration: 176500, test_RMSE: 1.126808762550354, erank: 62.408546447753906
depth: 1, iteration: 177000, test_RMSE: 1.1268084049224854, erank: 62.42715072631836
depth: 1, iteration: 177500, test_RMSE: 1.1268082857131958, erank: 62.44572830200195
depth: 1, iteration: 178000, test_RMSE: 1.1268080472946167, erank: 62.46416091918945
depth: 1, iteration: 178500, test_RMSE: 1.1268078088760376, erank: 62.482513427734375
depth: 1, iteration: 179000, test_RMSE: 1.1268075704574585, erank: 62.50080871582031
depth: 1, iteration: 179500, test_RMSE: 1.1268073320388794, erank: 62.5189323425293
depth: 1, iteration: 180000, test_RMSE: 1.1268070936203003, erank: 62.5369987487793
depth: 1, iteration: 180500, test_RMSE: 1.1268068552017212, erank: 62.554893493652344
depth: 1, iteration: 181000, test_RMSE: 1.126806616783142, erank: 62.57279586791992
depth: 1, iteration: 181500, test_RMSE: 1.126806378364563, erank: 62.590553283691406
depth: 1, iteration: 182000, test_RMSE: 1.1268061399459839, erank: 62.608253479003906
depth: 1, iteration: 182500, test_RMSE: 1.1268060207366943, erank: 62.62577819824219
depth: 1, iteration: 183000, test_RMSE: 1.1268056631088257, erank: 62.643306732177734
depth: 1, iteration: 183500, test_RMSE: 1.1268054246902466, erank: 62.660728454589844
depth: 1, iteration: 184000, test_RMSE: 1.1268051862716675, erank: 62.67797088623047
depth: 1, iteration: 184500, test_RMSE: 1.1268049478530884, erank: 62.695186614990234
depth: 1, iteration: 185000, test_RMSE: 1.1268048286437988, erank: 62.712284088134766
depth: 1, iteration: 185500, test_RMSE: 1.1268045902252197, erank: 62.72945785522461
depth: 1, iteration: 186000, test_RMSE: 1.126804232597351, erank: 62.74638748168945
depth: 1, iteration: 186500, test_RMSE: 1.1268041133880615, erank: 62.76317596435547
depth: 1, iteration: 187000, test_RMSE: 1.1268038749694824, erank: 62.779903411865234
depth: 1, iteration: 187500, test_RMSE: 1.1268036365509033, erank: 62.79658508300781
depth: 1, iteration: 188000, test_RMSE: 1.1268033981323242, erank: 62.813175201416016
depth: 1, iteration: 188500, test_RMSE: 1.1268032789230347, erank: 62.829708099365234
depth: 1, iteration: 189000, test_RMSE: 1.126802921295166, erank: 62.8460693359375
depth: 1, iteration: 189500, test_RMSE: 1.1268028020858765, erank: 62.86243438720703
depth: 1, iteration: 190000, test_RMSE: 1.1268025636672974, erank: 62.87871170043945
depth: 1, iteration: 190500, test_RMSE: 1.1268023252487183, erank: 62.8949089050293
depth: 1, iteration: 191000, test_RMSE: 1.1268020868301392, erank: 62.91098403930664
depth: 1, iteration: 191500, test_RMSE: 1.12680184841156, erank: 62.927001953125
depth: 1, iteration: 192000, test_RMSE: 1.126801609992981, erank: 62.942848205566406
depth: 1, iteration: 192500, test_RMSE: 1.1268013715744019, erank: 62.95878982543945
depth: 1, iteration: 193000, test_RMSE: 1.1268012523651123, erank: 62.97452163696289
depth: 1, iteration: 193500, test_RMSE: 1.1268010139465332, erank: 62.99020004272461
depth: 1, iteration: 194000, test_RMSE: 1.126800775527954, erank: 63.00578689575195
depth: 1, iteration: 194500, test_RMSE: 1.1268006563186646, erank: 63.0213508605957
depth: 1, iteration: 195000, test_RMSE: 1.1268004179000854, erank: 63.036861419677734
depth: 1, iteration: 195500, test_RMSE: 1.1268000602722168, erank: 63.052223205566406
depth: 1, iteration: 196000, test_RMSE: 1.1267999410629272, erank: 63.067527770996094
depth: 1, iteration: 196500, test_RMSE: 1.1267998218536377, erank: 63.08274459838867
depth: 1, iteration: 197000, test_RMSE: 1.1267995834350586, erank: 63.097938537597656
depth: 1, iteration: 197500, test_RMSE: 1.1267993450164795, erank: 63.11295700073242
depth: 1, iteration: 198000, test_RMSE: 1.1267991065979004, erank: 63.12800216674805
depth: 1, iteration: 198500, test_RMSE: 1.1267989873886108, erank: 63.14296340942383
depth: 1, iteration: 199000, test_RMSE: 1.1267987489700317, erank: 63.15781021118164
depth: 1, iteration: 199500, test_RMSE: 1.1267985105514526, erank: 63.17253875732422
