depth: 1, iteration: 0, test_RMSE: 1.1294320821762085, erank: 80.64805603027344
depth: 1, iteration: 500, test_RMSE: 1.1294320821762085, erank: 72.98629760742188
depth: 1, iteration: 1000, test_RMSE: 1.1294320821762085, erank: 70.02960205078125
depth: 1, iteration: 1500, test_RMSE: 1.1294320821762085, erank: 69.3262710571289
depth: 1, iteration: 2000, test_RMSE: 1.1294320821762085, erank: 69.01642608642578
depth: 1, iteration: 2500, test_RMSE: 1.1294320821762085, erank: 68.87308502197266
depth: 1, iteration: 3000, test_RMSE: 1.1294320821762085, erank: 68.79129028320312
depth: 1, iteration: 3500, test_RMSE: 1.1294320821762085, erank: 68.73777770996094
depth: 1, iteration: 4000, test_RMSE: 1.1294320821762085, erank: 68.70069122314453
depth: 1, iteration: 4500, test_RMSE: 1.1294320821762085, erank: 68.67369842529297
depth: 1, iteration: 5000, test_RMSE: 1.1294320821762085, erank: 68.6534652709961
depth: 1, iteration: 5500, test_RMSE: 1.1294320821762085, erank: 68.63778686523438
depth: 1, iteration: 6000, test_RMSE: 1.1294320821762085, erank: 68.62532043457031
depth: 1, iteration: 6500, test_RMSE: 1.1294320821762085, erank: 68.61524200439453
depth: 1, iteration: 7000, test_RMSE: 1.1294320821762085, erank: 68.60686492919922
depth: 1, iteration: 7500, test_RMSE: 1.1294320821762085, erank: 68.5999984741211
depth: 1, iteration: 8000, test_RMSE: 1.1294320821762085, erank: 68.59410858154297
depth: 1, iteration: 8500, test_RMSE: 1.1294320821762085, erank: 68.58900451660156
depth: 1, iteration: 9000, test_RMSE: 1.1294320821762085, erank: 68.58468627929688
depth: 1, iteration: 9500, test_RMSE: 1.1294320821762085, erank: 68.5809555053711
depth: 1, iteration: 10000, test_RMSE: 1.1294320821762085, erank: 68.57759094238281
depth: 1, iteration: 10500, test_RMSE: 1.1294320821762085, erank: 68.57467651367188
depth: 1, iteration: 11000, test_RMSE: 1.1294320821762085, erank: 68.5719985961914
depth: 1, iteration: 11500, test_RMSE: 1.1294320821762085, erank: 68.56964874267578
depth: 1, iteration: 12000, test_RMSE: 1.1294320821762085, erank: 68.56752014160156
depth: 1, iteration: 12500, test_RMSE: 1.1294320821762085, erank: 68.56565856933594
depth: 1, iteration: 13000, test_RMSE: 1.1294320821762085, erank: 68.56388854980469
depth: 1, iteration: 13500, test_RMSE: 1.1294320821762085, erank: 68.56232452392578
depth: 1, iteration: 14000, test_RMSE: 1.1294320821762085, erank: 68.56088256835938
depth: 1, iteration: 14500, test_RMSE: 1.1294320821762085, erank: 68.55950927734375
depth: 1, iteration: 15000, test_RMSE: 1.1294320821762085, erank: 68.55833435058594
depth: 1, iteration: 15500, test_RMSE: 1.1294320821762085, erank: 68.5571517944336
depth: 1, iteration: 16000, test_RMSE: 1.1294320821762085, erank: 68.55604553222656
depth: 1, iteration: 16500, test_RMSE: 1.1294320821762085, erank: 68.55506134033203
depth: 1, iteration: 17000, test_RMSE: 1.1294320821762085, erank: 68.55421447753906
depth: 1, iteration: 17500, test_RMSE: 1.1294320821762085, erank: 68.55329895019531
depth: 1, iteration: 18000, test_RMSE: 1.1294320821762085, erank: 68.55244445800781
depth: 1, iteration: 18500, test_RMSE: 1.1294320821762085, erank: 68.55172729492188
depth: 1, iteration: 19000, test_RMSE: 1.1294320821762085, erank: 68.55107879638672
depth: 1, iteration: 19500, test_RMSE: 1.1294320821762085, erank: 68.55042266845703
depth: 1, iteration: 20000, test_RMSE: 1.1294320821762085, erank: 68.54976654052734
depth: 1, iteration: 20500, test_RMSE: 1.1294320821762085, erank: 68.54917907714844
depth: 1, iteration: 21000, test_RMSE: 1.1294320821762085, erank: 68.54859161376953
depth: 1, iteration: 21500, test_RMSE: 1.1294320821762085, erank: 68.54803466796875
depth: 1, iteration: 22000, test_RMSE: 1.1294320821762085, erank: 68.54754638671875
depth: 1, iteration: 22500, test_RMSE: 1.1294320821762085, erank: 68.54705810546875
depth: 1, iteration: 23000, test_RMSE: 1.1294320821762085, erank: 68.54660034179688
depth: 1, iteration: 23500, test_RMSE: 1.1294320821762085, erank: 68.54617309570312
depth: 1, iteration: 24000, test_RMSE: 1.1294320821762085, erank: 68.54571533203125
depth: 1, iteration: 24500, test_RMSE: 1.1294320821762085, erank: 68.54531860351562
depth: 1, iteration: 25000, test_RMSE: 1.1294320821762085, erank: 68.54496765136719
depth: 1, iteration: 25500, test_RMSE: 1.1294320821762085, erank: 68.54460144042969
depth: 1, iteration: 26000, test_RMSE: 1.1294320821762085, erank: 68.54428100585938
depth: 1, iteration: 26500, test_RMSE: 1.1294320821762085, erank: 68.54388427734375
depth: 1, iteration: 27000, test_RMSE: 1.1294320821762085, erank: 68.54362487792969
depth: 1, iteration: 27500, test_RMSE: 1.1294320821762085, erank: 68.54329681396484
depth: 1, iteration: 28000, test_RMSE: 1.1294320821762085, erank: 68.54300689697266
depth: 1, iteration: 28500, test_RMSE: 1.1294320821762085, erank: 68.54270935058594
depth: 1, iteration: 29000, test_RMSE: 1.1294320821762085, erank: 68.54241943359375
depth: 1, iteration: 29500, test_RMSE: 1.1294320821762085, erank: 68.54215240478516
depth: 1, iteration: 30000, test_RMSE: 1.1294320821762085, erank: 68.54192352294922
depth: 1, iteration: 30500, test_RMSE: 1.1294320821762085, erank: 68.54166412353516
depth: 1, iteration: 31000, test_RMSE: 1.1294320821762085, erank: 68.5414047241211
depth: 1, iteration: 31500, test_RMSE: 1.1294320821762085, erank: 68.54114532470703
depth: 1, iteration: 32000, test_RMSE: 1.1294320821762085, erank: 68.54097747802734
depth: 1, iteration: 32500, test_RMSE: 1.1294320821762085, erank: 68.54068756103516
depth: 1, iteration: 33000, test_RMSE: 1.1294320821762085, erank: 68.5405502319336
depth: 1, iteration: 33500, test_RMSE: 1.1294320821762085, erank: 68.54048919677734
depth: 1, iteration: 34000, test_RMSE: 1.1294320821762085, erank: 68.54042053222656
depth: 1, iteration: 34500, test_RMSE: 1.1294320821762085, erank: 68.54032135009766
depth: 1, iteration: 35000, test_RMSE: 1.1294320821762085, erank: 68.5402603149414
depth: 1, iteration: 35500, test_RMSE: 1.1294320821762085, erank: 68.5401611328125
depth: 1, iteration: 36000, test_RMSE: 1.1294320821762085, erank: 68.54002380371094
depth: 1, iteration: 36500, test_RMSE: 1.1294320821762085, erank: 68.53996276855469
depth: 1, iteration: 37000, test_RMSE: 1.1294320821762085, erank: 68.53993225097656
depth: 1, iteration: 37500, test_RMSE: 1.1294320821762085, erank: 68.53983306884766
depth: 1, iteration: 38000, test_RMSE: 1.1294320821762085, erank: 68.53976440429688
depth: 1, iteration: 38500, test_RMSE: 1.1294320821762085, erank: 68.53963470458984
depth: 1, iteration: 39000, test_RMSE: 1.1294320821762085, erank: 68.53963470458984
depth: 1, iteration: 39500, test_RMSE: 1.1294320821762085, erank: 68.5395736694336
depth: 1, iteration: 40000, test_RMSE: 1.1294320821762085, erank: 68.53943634033203
depth: 1, iteration: 40500, test_RMSE: 1.1294320821762085, erank: 68.53943634033203
depth: 1, iteration: 41000, test_RMSE: 1.1294320821762085, erank: 68.53934478759766
depth: 1, iteration: 41500, test_RMSE: 1.1294320821762085, erank: 68.539306640625
depth: 1, iteration: 42000, test_RMSE: 1.1294320821762085, erank: 68.53924560546875
depth: 1, iteration: 42500, test_RMSE: 1.1294320821762085, erank: 68.53917694091797
depth: 1, iteration: 43000, test_RMSE: 1.1294320821762085, erank: 68.53904724121094
depth: 1, iteration: 43500, test_RMSE: 1.1294320821762085, erank: 68.53901672363281
depth: 1, iteration: 44000, test_RMSE: 1.1294320821762085, erank: 68.53901672363281
depth: 1, iteration: 44500, test_RMSE: 1.1294320821762085, erank: 68.53901672363281
depth: 1, iteration: 45000, test_RMSE: 1.1294320821762085, erank: 68.5389175415039
depth: 1, iteration: 45500, test_RMSE: 1.1294320821762085, erank: 68.53887939453125
depth: 1, iteration: 46000, test_RMSE: 1.1294320821762085, erank: 68.53885650634766
depth: 1, iteration: 46500, test_RMSE: 1.1294320821762085, erank: 68.53874969482422
depth: 1, iteration: 47000, test_RMSE: 1.1294320821762085, erank: 68.53868865966797
depth: 1, iteration: 47500, test_RMSE: 1.1294320821762085, erank: 68.53865814208984
depth: 1, iteration: 48000, test_RMSE: 1.1294320821762085, erank: 68.53865814208984
depth: 1, iteration: 48500, test_RMSE: 1.1294320821762085, erank: 68.53858947753906
depth: 1, iteration: 49000, test_RMSE: 1.1294320821762085, erank: 68.53852844238281
depth: 1, iteration: 49500, test_RMSE: 1.1294320821762085, erank: 68.53852844238281
depth: 1, iteration: 50000, test_RMSE: 1.1294320821762085, erank: 68.53845977783203
depth: 1, iteration: 50500, test_RMSE: 1.1294320821762085, erank: 68.5384292602539
depth: 1, iteration: 51000, test_RMSE: 1.1294320821762085, erank: 68.5384292602539
depth: 1, iteration: 51500, test_RMSE: 1.1294320821762085, erank: 68.53836059570312
depth: 1, iteration: 52000, test_RMSE: 1.1294320821762085, erank: 68.53826904296875
depth: 1, iteration: 52500, test_RMSE: 1.1294320821762085, erank: 68.53820037841797
depth: 1, iteration: 53000, test_RMSE: 1.1294320821762085, erank: 68.53820037841797
depth: 1, iteration: 53500, test_RMSE: 1.1294320821762085, erank: 68.53820037841797
depth: 1, iteration: 54000, test_RMSE: 1.1294320821762085, erank: 68.53820037841797
depth: 1, iteration: 54500, test_RMSE: 1.1294320821762085, erank: 68.53813171386719
depth: 1, iteration: 55000, test_RMSE: 1.1294320821762085, erank: 68.53810119628906
depth: 1, iteration: 55500, test_RMSE: 1.1294320821762085, erank: 68.53810119628906
depth: 1, iteration: 56000, test_RMSE: 1.1294320821762085, erank: 68.53807067871094
depth: 1, iteration: 56500, test_RMSE: 1.1294320821762085, erank: 68.53803253173828
depth: 1, iteration: 57000, test_RMSE: 1.1294320821762085, erank: 68.53793334960938
depth: 1, iteration: 57500, test_RMSE: 1.1294320821762085, erank: 68.53787231445312
depth: 1, iteration: 58000, test_RMSE: 1.1294320821762085, erank: 68.53787231445312
depth: 1, iteration: 58500, test_RMSE: 1.1294320821762085, erank: 68.53787231445312
depth: 1, iteration: 59000, test_RMSE: 1.1294320821762085, erank: 68.537841796875
depth: 1, iteration: 59500, test_RMSE: 1.1294320821762085, erank: 68.53780364990234
depth: 1, iteration: 60000, test_RMSE: 1.1294320821762085, erank: 68.53780364990234
depth: 1, iteration: 60500, test_RMSE: 1.1294320821762085, erank: 68.5377426147461
depth: 1, iteration: 61000, test_RMSE: 1.1294320821762085, erank: 68.53777313232422
depth: 1, iteration: 61500, test_RMSE: 1.1294320821762085, erank: 68.53771209716797
depth: 1, iteration: 62000, test_RMSE: 1.1294320821762085, erank: 68.5377426147461
depth: 1, iteration: 62500, test_RMSE: 1.1294320821762085, erank: 68.5377426147461
depth: 1, iteration: 63000, test_RMSE: 1.1294320821762085, erank: 68.53767395019531
depth: 1, iteration: 63500, test_RMSE: 1.1294320821762085, erank: 68.53764343261719
depth: 1, iteration: 64000, test_RMSE: 1.1294320821762085, erank: 68.53767395019531
depth: 1, iteration: 64500, test_RMSE: 1.1294320821762085, erank: 68.53767395019531
depth: 1, iteration: 65000, test_RMSE: 1.1294320821762085, erank: 68.53760528564453
depth: 1, iteration: 65500, test_RMSE: 1.1294320821762085, erank: 68.53758239746094
depth: 1, iteration: 66000, test_RMSE: 1.1294320821762085, erank: 68.5374755859375
depth: 1, iteration: 66500, test_RMSE: 1.1294320821762085, erank: 68.53744506835938
depth: 1, iteration: 67000, test_RMSE: 1.1294320821762085, erank: 68.5374755859375
depth: 1, iteration: 67500, test_RMSE: 1.1294320821762085, erank: 68.5374755859375
depth: 1, iteration: 68000, test_RMSE: 1.1294320821762085, erank: 68.53744506835938
depth: 1, iteration: 68500, test_RMSE: 1.1294320821762085, erank: 68.5374755859375
depth: 1, iteration: 69000, test_RMSE: 1.1294320821762085, erank: 68.53744506835938
depth: 1, iteration: 69500, test_RMSE: 1.1294320821762085, erank: 68.53734588623047
depth: 1, iteration: 70000, test_RMSE: 1.1294320821762085, erank: 68.53741455078125
depth: 1, iteration: 70500, test_RMSE: 1.1294320821762085, erank: 68.53738403320312
depth: 1, iteration: 71000, test_RMSE: 1.1294320821762085, erank: 68.53734588623047
depth: 1, iteration: 71500, test_RMSE: 1.1294320821762085, erank: 68.53731536865234
depth: 1, iteration: 72000, test_RMSE: 1.1294320821762085, erank: 68.53728485107422
depth: 1, iteration: 72500, test_RMSE: 1.1294320821762085, erank: 68.53728485107422
depth: 1, iteration: 73000, test_RMSE: 1.1294320821762085, erank: 68.53721618652344
depth: 1, iteration: 73500, test_RMSE: 1.1294320821762085, erank: 68.53715515136719
depth: 1, iteration: 74000, test_RMSE: 1.1294320821762085, erank: 68.53721618652344
depth: 1, iteration: 74500, test_RMSE: 1.1294320821762085, erank: 68.53721618652344
depth: 1, iteration: 75000, test_RMSE: 1.1294320821762085, erank: 68.53721618652344
depth: 1, iteration: 75500, test_RMSE: 1.1294320821762085, erank: 68.53721618652344
depth: 1, iteration: 76000, test_RMSE: 1.1294320821762085, erank: 68.53715515136719
depth: 1, iteration: 76500, test_RMSE: 1.1294320821762085, erank: 68.5370864868164
depth: 1, iteration: 77000, test_RMSE: 1.1294320821762085, erank: 68.53712463378906
depth: 1, iteration: 77500, test_RMSE: 1.1294320821762085, erank: 68.53705596923828
depth: 1, iteration: 78000, test_RMSE: 1.1294320821762085, erank: 68.53701782226562
depth: 1, iteration: 78500, test_RMSE: 1.1294320821762085, erank: 68.5370864868164
depth: 1, iteration: 79000, test_RMSE: 1.1294320821762085, erank: 68.53705596923828
depth: 1, iteration: 79500, test_RMSE: 1.1294320821762085, erank: 68.53701782226562
depth: 1, iteration: 80000, test_RMSE: 1.1294320821762085, erank: 68.53699493408203
depth: 1, iteration: 80500, test_RMSE: 1.1294320821762085, erank: 68.53699493408203
depth: 1, iteration: 81000, test_RMSE: 1.1294320821762085, erank: 68.53695678710938
depth: 1, iteration: 81500, test_RMSE: 1.1294320821762085, erank: 68.53705596923828
depth: 1, iteration: 82000, test_RMSE: 1.1294320821762085, erank: 68.53695678710938
depth: 1, iteration: 82500, test_RMSE: 1.1294320821762085, erank: 68.53699493408203
depth: 1, iteration: 83000, test_RMSE: 1.1294320821762085, erank: 68.53692626953125
depth: 1, iteration: 83500, test_RMSE: 1.1294320821762085, erank: 68.5368881225586
depth: 1, iteration: 84000, test_RMSE: 1.1294320821762085, erank: 68.53682708740234
depth: 1, iteration: 84500, test_RMSE: 1.1294320821762085, erank: 68.53679656982422
depth: 1, iteration: 85000, test_RMSE: 1.1294320821762085, erank: 68.53675842285156
depth: 1, iteration: 85500, test_RMSE: 1.1294320821762085, erank: 68.53672790527344
depth: 1, iteration: 86000, test_RMSE: 1.1294320821762085, erank: 68.53675842285156
depth: 1, iteration: 86500, test_RMSE: 1.1294320821762085, erank: 68.53679656982422
depth: 1, iteration: 87000, test_RMSE: 1.1294320821762085, erank: 68.53675842285156
depth: 1, iteration: 87500, test_RMSE: 1.1294320821762085, erank: 68.53682708740234
depth: 1, iteration: 88000, test_RMSE: 1.1294320821762085, erank: 68.53682708740234
depth: 1, iteration: 88500, test_RMSE: 1.1294320821762085, erank: 68.53682708740234
depth: 1, iteration: 89000, test_RMSE: 1.1294320821762085, erank: 68.53682708740234
depth: 1, iteration: 89500, test_RMSE: 1.1294320821762085, erank: 68.53675842285156
depth: 1, iteration: 90000, test_RMSE: 1.1294320821762085, erank: 68.53669738769531
depth: 1, iteration: 90500, test_RMSE: 1.1294320821762085, erank: 68.53669738769531
depth: 1, iteration: 91000, test_RMSE: 1.1294320821762085, erank: 68.53669738769531
depth: 1, iteration: 91500, test_RMSE: 1.1294320821762085, erank: 68.53669738769531
depth: 1, iteration: 92000, test_RMSE: 1.1294320821762085, erank: 68.53672790527344
depth: 1, iteration: 92500, test_RMSE: 1.1294320821762085, erank: 68.53669738769531
depth: 1, iteration: 93000, test_RMSE: 1.1294320821762085, erank: 68.53669738769531
depth: 1, iteration: 93500, test_RMSE: 1.1294320821762085, erank: 68.53669738769531
depth: 1, iteration: 94000, test_RMSE: 1.1294320821762085, erank: 68.53665924072266
depth: 1, iteration: 94500, test_RMSE: 1.1294320821762085, erank: 68.53669738769531
depth: 1, iteration: 95000, test_RMSE: 1.1294320821762085, erank: 68.53665924072266
depth: 1, iteration: 95500, test_RMSE: 1.1294320821762085, erank: 68.53662872314453
depth: 1, iteration: 96000, test_RMSE: 1.1294320821762085, erank: 68.5365982055664
depth: 1, iteration: 96500, test_RMSE: 1.1294320821762085, erank: 68.53662872314453
depth: 1, iteration: 97000, test_RMSE: 1.1294320821762085, erank: 68.53662872314453
depth: 1, iteration: 97500, test_RMSE: 1.1294320821762085, erank: 68.53662872314453
depth: 1, iteration: 98000, test_RMSE: 1.1294320821762085, erank: 68.53656768798828
depth: 1, iteration: 98500, test_RMSE: 1.1294320821762085, erank: 68.5365982055664
depth: 1, iteration: 99000, test_RMSE: 1.1294320821762085, erank: 68.5364990234375
depth: 1, iteration: 99500, test_RMSE: 1.1294320821762085, erank: 68.5364990234375
depth: 1, iteration: 100000, test_RMSE: 1.1294320821762085, erank: 68.53652954101562
depth: 1, iteration: 100500, test_RMSE: 1.1294320821762085, erank: 68.53656768798828
depth: 1, iteration: 101000, test_RMSE: 1.1294320821762085, erank: 68.53656768798828
depth: 1, iteration: 101500, test_RMSE: 1.1294320821762085, erank: 68.53656768798828
depth: 1, iteration: 102000, test_RMSE: 1.1294320821762085, erank: 68.53662872314453
depth: 1, iteration: 102500, test_RMSE: 1.1294320821762085, erank: 68.53656768798828
depth: 1, iteration: 103000, test_RMSE: 1.1294320821762085, erank: 68.5365982055664
depth: 1, iteration: 103500, test_RMSE: 1.1294320821762085, erank: 68.5364990234375
depth: 1, iteration: 104000, test_RMSE: 1.1294320821762085, erank: 68.5364990234375
depth: 1, iteration: 104500, test_RMSE: 1.1294320821762085, erank: 68.53643798828125
depth: 1, iteration: 105000, test_RMSE: 1.1294320821762085, erank: 68.53633117675781
depth: 1, iteration: 105500, test_RMSE: 1.1294320821762085, erank: 68.53636932373047
depth: 1, iteration: 106000, test_RMSE: 1.1294320821762085, erank: 68.53630065917969
depth: 1, iteration: 106500, test_RMSE: 1.1294320821762085, erank: 68.53633117675781
depth: 1, iteration: 107000, test_RMSE: 1.1294320821762085, erank: 68.53630065917969
depth: 1, iteration: 107500, test_RMSE: 1.1294320821762085, erank: 68.53627014160156
depth: 1, iteration: 108000, test_RMSE: 1.1294320821762085, erank: 68.53630065917969
depth: 1, iteration: 108500, test_RMSE: 1.1294320821762085, erank: 68.53630065917969
depth: 1, iteration: 109000, test_RMSE: 1.1294320821762085, erank: 68.53633117675781
depth: 1, iteration: 109500, test_RMSE: 1.1294320821762085, erank: 68.53636932373047
depth: 1, iteration: 110000, test_RMSE: 1.1294320821762085, erank: 68.53636932373047
depth: 1, iteration: 110500, test_RMSE: 1.1294320821762085, erank: 68.53633117675781
depth: 1, iteration: 111000, test_RMSE: 1.1294320821762085, erank: 68.53636932373047
depth: 1, iteration: 111500, test_RMSE: 1.1294320821762085, erank: 68.53636932373047
depth: 1, iteration: 112000, test_RMSE: 1.1294320821762085, erank: 68.53630065917969
depth: 1, iteration: 112500, test_RMSE: 1.1294320821762085, erank: 68.53630065917969
depth: 1, iteration: 113000, test_RMSE: 1.1294320821762085, erank: 68.53627014160156
depth: 1, iteration: 113500, test_RMSE: 1.1294320821762085, erank: 68.53627014160156
depth: 1, iteration: 114000, test_RMSE: 1.1294320821762085, erank: 68.53630065917969
depth: 1, iteration: 114500, test_RMSE: 1.1294320821762085, erank: 68.53627014160156
depth: 1, iteration: 115000, test_RMSE: 1.1294320821762085, erank: 68.53623962402344
depth: 1, iteration: 115500, test_RMSE: 1.1294320821762085, erank: 68.53623962402344
depth: 1, iteration: 116000, test_RMSE: 1.1294320821762085, erank: 68.53623962402344
depth: 1, iteration: 116500, test_RMSE: 1.1294320821762085, erank: 68.53627014160156
depth: 1, iteration: 117000, test_RMSE: 1.1294320821762085, erank: 68.53630065917969
depth: 1, iteration: 117500, test_RMSE: 1.1294320821762085, erank: 68.53630065917969
depth: 1, iteration: 118000, test_RMSE: 1.1294320821762085, erank: 68.53623962402344
depth: 1, iteration: 118500, test_RMSE: 1.1294320821762085, erank: 68.53623962402344
depth: 1, iteration: 119000, test_RMSE: 1.1294320821762085, erank: 68.53620147705078
depth: 1, iteration: 119500, test_RMSE: 1.1294320821762085, erank: 68.53614044189453
depth: 1, iteration: 120000, test_RMSE: 1.1294320821762085, erank: 68.5361099243164
depth: 1, iteration: 120500, test_RMSE: 1.1294320821762085, erank: 68.5361099243164
depth: 1, iteration: 121000, test_RMSE: 1.1294320821762085, erank: 68.5360107421875
depth: 1, iteration: 121500, test_RMSE: 1.1294320821762085, erank: 68.53604125976562
depth: 1, iteration: 122000, test_RMSE: 1.1294320821762085, erank: 68.53604125976562
depth: 1, iteration: 122500, test_RMSE: 1.1294320821762085, erank: 68.53604125976562
depth: 1, iteration: 123000, test_RMSE: 1.1294320821762085, erank: 68.53607177734375
depth: 1, iteration: 123500, test_RMSE: 1.1294320821762085, erank: 68.53604125976562
depth: 1, iteration: 124000, test_RMSE: 1.1294320821762085, erank: 68.5361099243164
depth: 1, iteration: 124500, test_RMSE: 1.1294320821762085, erank: 68.5360107421875
depth: 1, iteration: 125000, test_RMSE: 1.1294320821762085, erank: 68.53604125976562
depth: 1, iteration: 125500, test_RMSE: 1.1294320821762085, erank: 68.5361099243164
depth: 1, iteration: 126000, test_RMSE: 1.1294320821762085, erank: 68.53614044189453
depth: 1, iteration: 126500, test_RMSE: 1.1294320821762085, erank: 68.5361099243164
depth: 1, iteration: 127000, test_RMSE: 1.1294320821762085, erank: 68.5361099243164
depth: 1, iteration: 127500, test_RMSE: 1.1294320821762085, erank: 68.53607177734375
depth: 1, iteration: 128000, test_RMSE: 1.1294320821762085, erank: 68.5361099243164
depth: 1, iteration: 128500, test_RMSE: 1.1294320821762085, erank: 68.53604125976562
depth: 1, iteration: 129000, test_RMSE: 1.1294320821762085, erank: 68.53614044189453
depth: 1, iteration: 129500, test_RMSE: 1.1294320821762085, erank: 68.53604125976562
depth: 1, iteration: 130000, test_RMSE: 1.1294320821762085, erank: 68.53607177734375
depth: 1, iteration: 130500, test_RMSE: 1.1294320821762085, erank: 68.53607177734375
depth: 1, iteration: 131000, test_RMSE: 1.1294320821762085, erank: 68.53604125976562
depth: 1, iteration: 131500, test_RMSE: 1.1294320821762085, erank: 68.5361099243164
depth: 1, iteration: 132000, test_RMSE: 1.1294320821762085, erank: 68.53607177734375
depth: 1, iteration: 132500, test_RMSE: 1.1294320821762085, erank: 68.5360107421875
depth: 1, iteration: 133000, test_RMSE: 1.1294320821762085, erank: 68.53604125976562
depth: 1, iteration: 133500, test_RMSE: 1.1294320821762085, erank: 68.5359115600586
depth: 1, iteration: 134000, test_RMSE: 1.1294320821762085, erank: 68.53598022460938
depth: 1, iteration: 134500, test_RMSE: 1.1294320821762085, erank: 68.53598022460938
depth: 1, iteration: 135000, test_RMSE: 1.1294320821762085, erank: 68.53594207763672
depth: 1, iteration: 135500, test_RMSE: 1.1294320821762085, erank: 68.53594207763672
depth: 1, iteration: 136000, test_RMSE: 1.1294320821762085, erank: 68.53594207763672
depth: 1, iteration: 136500, test_RMSE: 1.1294320821762085, erank: 68.53598022460938
depth: 1, iteration: 137000, test_RMSE: 1.1294320821762085, erank: 68.53598022460938
depth: 1, iteration: 137500, test_RMSE: 1.1294320821762085, erank: 68.53598022460938
depth: 1, iteration: 138000, test_RMSE: 1.1294320821762085, erank: 68.53604125976562
depth: 1, iteration: 138500, test_RMSE: 1.1294320821762085, erank: 68.53604125976562
depth: 1, iteration: 139000, test_RMSE: 1.1294320821762085, erank: 68.53607177734375
depth: 1, iteration: 139500, test_RMSE: 1.1294320821762085, erank: 68.53604125976562
depth: 1, iteration: 140000, test_RMSE: 1.1294320821762085, erank: 68.53604125976562
depth: 1, iteration: 140500, test_RMSE: 1.1294320821762085, erank: 68.53604125976562
depth: 1, iteration: 141000, test_RMSE: 1.1294320821762085, erank: 68.53598022460938
depth: 1, iteration: 141500, test_RMSE: 1.1294320821762085, erank: 68.53598022460938
depth: 1, iteration: 142000, test_RMSE: 1.1294320821762085, erank: 68.53598022460938
depth: 1, iteration: 142500, test_RMSE: 1.1294320821762085, erank: 68.53594207763672
depth: 1, iteration: 143000, test_RMSE: 1.1294320821762085, erank: 68.53587341308594
depth: 1, iteration: 143500, test_RMSE: 1.1294320821762085, erank: 68.53587341308594
depth: 1, iteration: 144000, test_RMSE: 1.1294320821762085, erank: 68.5359115600586
depth: 1, iteration: 144500, test_RMSE: 1.1294320821762085, erank: 68.5359115600586
depth: 1, iteration: 145000, test_RMSE: 1.1294320821762085, erank: 68.53594207763672
depth: 1, iteration: 145500, test_RMSE: 1.1294320821762085, erank: 68.53594207763672
depth: 1, iteration: 146000, test_RMSE: 1.1294320821762085, erank: 68.5360107421875
depth: 1, iteration: 146500, test_RMSE: 1.1294320821762085, erank: 68.5359115600586
depth: 1, iteration: 147000, test_RMSE: 1.1294320821762085, erank: 68.5359115600586
depth: 1, iteration: 147500, test_RMSE: 1.1294320821762085, erank: 68.5360107421875
depth: 1, iteration: 148000, test_RMSE: 1.1294320821762085, erank: 68.53598022460938
depth: 1, iteration: 148500, test_RMSE: 1.1294320821762085, erank: 68.53594207763672
depth: 1, iteration: 149000, test_RMSE: 1.1294320821762085, erank: 68.53598022460938
depth: 1, iteration: 149500, test_RMSE: 1.1294320821762085, erank: 68.53604125976562
depth: 1, iteration: 150000, test_RMSE: 1.1294320821762085, erank: 68.5361099243164
depth: 1, iteration: 150500, test_RMSE: 1.1294320821762085, erank: 68.53607177734375
depth: 1, iteration: 151000, test_RMSE: 1.1294320821762085, erank: 68.53604125976562
depth: 1, iteration: 151500, test_RMSE: 1.1294320821762085, erank: 68.5361099243164
depth: 1, iteration: 152000, test_RMSE: 1.1294320821762085, erank: 68.5361099243164
depth: 1, iteration: 152500, test_RMSE: 1.1294320821762085, erank: 68.53607177734375
depth: 1, iteration: 153000, test_RMSE: 1.1294320821762085, erank: 68.53607177734375
depth: 1, iteration: 153500, test_RMSE: 1.1294320821762085, erank: 68.53607177734375
depth: 1, iteration: 154000, test_RMSE: 1.1294320821762085, erank: 68.53607177734375
depth: 1, iteration: 154500, test_RMSE: 1.1294320821762085, erank: 68.53604125976562
depth: 1, iteration: 155000, test_RMSE: 1.1294320821762085, erank: 68.53604125976562
depth: 1, iteration: 155500, test_RMSE: 1.1294320821762085, erank: 68.53594207763672
depth: 1, iteration: 156000, test_RMSE: 1.1294320821762085, erank: 68.5359115600586
depth: 1, iteration: 156500, test_RMSE: 1.1294320821762085, erank: 68.5359115600586
depth: 1, iteration: 157000, test_RMSE: 1.1294320821762085, erank: 68.53585052490234
depth: 1, iteration: 157500, test_RMSE: 1.1294320821762085, erank: 68.53581237792969
depth: 1, iteration: 158000, test_RMSE: 1.1294320821762085, erank: 68.5357437133789
depth: 1, iteration: 158500, test_RMSE: 1.1294320821762085, erank: 68.53572082519531
depth: 1, iteration: 159000, test_RMSE: 1.1294320821762085, erank: 68.5357437133789
depth: 1, iteration: 159500, test_RMSE: 1.1294320821762085, erank: 68.53572082519531
depth: 1, iteration: 160000, test_RMSE: 1.1294320821762085, erank: 68.53578186035156
depth: 1, iteration: 160500, test_RMSE: 1.1294320821762085, erank: 68.53572082519531
depth: 1, iteration: 161000, test_RMSE: 1.1294320821762085, erank: 68.53572082519531
depth: 1, iteration: 161500, test_RMSE: 1.1294320821762085, erank: 68.5357437133789
depth: 1, iteration: 162000, test_RMSE: 1.1294320821762085, erank: 68.53585052490234
depth: 1, iteration: 162500, test_RMSE: 1.1294320821762085, erank: 68.53585052490234
depth: 1, iteration: 163000, test_RMSE: 1.1294320821762085, erank: 68.53585052490234
depth: 1, iteration: 163500, test_RMSE: 1.1294320821762085, erank: 68.5359115600586
depth: 1, iteration: 164000, test_RMSE: 1.1294320821762085, erank: 68.5359115600586
depth: 1, iteration: 164500, test_RMSE: 1.1294320821762085, erank: 68.5359115600586
depth: 1, iteration: 165000, test_RMSE: 1.1294320821762085, erank: 68.5359115600586
depth: 1, iteration: 165500, test_RMSE: 1.1294320821762085, erank: 68.53587341308594
depth: 1, iteration: 166000, test_RMSE: 1.1294320821762085, erank: 68.5359115600586
depth: 1, iteration: 166500, test_RMSE: 1.1294320821762085, erank: 68.5360107421875
depth: 1, iteration: 167000, test_RMSE: 1.1294320821762085, erank: 68.5359115600586
depth: 1, iteration: 167500, test_RMSE: 1.1294320821762085, erank: 68.53585052490234
depth: 1, iteration: 168000, test_RMSE: 1.1294320821762085, erank: 68.5359115600586
depth: 1, iteration: 168500, test_RMSE: 1.1294320821762085, erank: 68.53585052490234
depth: 1, iteration: 169000, test_RMSE: 1.1294320821762085, erank: 68.53581237792969
depth: 1, iteration: 169500, test_RMSE: 1.1294320821762085, erank: 68.53585052490234
depth: 1, iteration: 170000, test_RMSE: 1.1294320821762085, erank: 68.53585052490234
depth: 1, iteration: 170500, test_RMSE: 1.1294320821762085, erank: 68.53587341308594
depth: 1, iteration: 171000, test_RMSE: 1.1294320821762085, erank: 68.53585052490234
depth: 1, iteration: 171500, test_RMSE: 1.1294320821762085, erank: 68.53581237792969
depth: 1, iteration: 172000, test_RMSE: 1.1294320821762085, erank: 68.53585052490234
depth: 1, iteration: 172500, test_RMSE: 1.1294320821762085, erank: 68.5357437133789
depth: 1, iteration: 173000, test_RMSE: 1.1294320821762085, erank: 68.5357437133789
depth: 1, iteration: 173500, test_RMSE: 1.1294320821762085, erank: 68.53572082519531
depth: 1, iteration: 174000, test_RMSE: 1.1294320821762085, erank: 68.53572082519531
depth: 1, iteration: 174500, test_RMSE: 1.1294320821762085, erank: 68.53578186035156
depth: 1, iteration: 175000, test_RMSE: 1.1294320821762085, erank: 68.53572082519531
depth: 1, iteration: 175500, test_RMSE: 1.1294320821762085, erank: 68.53572082519531
depth: 1, iteration: 176000, test_RMSE: 1.1294320821762085, erank: 68.53568267822266
depth: 1, iteration: 176500, test_RMSE: 1.1294320821762085, erank: 68.53572082519531
depth: 1, iteration: 177000, test_RMSE: 1.1294320821762085, erank: 68.5357437133789
depth: 1, iteration: 177500, test_RMSE: 1.1294320821762085, erank: 68.53581237792969
depth: 1, iteration: 178000, test_RMSE: 1.1294320821762085, erank: 68.53578186035156
depth: 1, iteration: 178500, test_RMSE: 1.1294320821762085, erank: 68.53585052490234
depth: 1, iteration: 179000, test_RMSE: 1.1294320821762085, erank: 68.53585052490234
depth: 1, iteration: 179500, test_RMSE: 1.1294320821762085, erank: 68.53581237792969
depth: 1, iteration: 180000, test_RMSE: 1.1294320821762085, erank: 68.53587341308594
depth: 1, iteration: 180500, test_RMSE: 1.1294320821762085, erank: 68.53578186035156
depth: 1, iteration: 181000, test_RMSE: 1.1294320821762085, erank: 68.53585052490234
depth: 1, iteration: 181500, test_RMSE: 1.1294320821762085, erank: 68.53578186035156
depth: 1, iteration: 182000, test_RMSE: 1.1294320821762085, erank: 68.53581237792969
depth: 1, iteration: 182500, test_RMSE: 1.1294320821762085, erank: 68.53578186035156
depth: 1, iteration: 183000, test_RMSE: 1.1294320821762085, erank: 68.5357437133789
depth: 1, iteration: 183500, test_RMSE: 1.1294320821762085, erank: 68.53572082519531
depth: 1, iteration: 184000, test_RMSE: 1.1294320821762085, erank: 68.5357437133789
depth: 1, iteration: 184500, test_RMSE: 1.1294320821762085, erank: 68.53572082519531
depth: 1, iteration: 185000, test_RMSE: 1.1294320821762085, erank: 68.53568267822266
depth: 1, iteration: 185500, test_RMSE: 1.1294320821762085, erank: 68.53568267822266
depth: 1, iteration: 186000, test_RMSE: 1.1294320821762085, erank: 68.53568267822266
depth: 1, iteration: 186500, test_RMSE: 1.1294320821762085, erank: 68.53568267822266
depth: 1, iteration: 187000, test_RMSE: 1.1294320821762085, erank: 68.53565216064453
depth: 1, iteration: 187500, test_RMSE: 1.1294320821762085, erank: 68.53558349609375
depth: 1, iteration: 188000, test_RMSE: 1.1294320821762085, erank: 68.53558349609375
depth: 1, iteration: 188500, test_RMSE: 1.1294320821762085, erank: 68.53558349609375
depth: 1, iteration: 189000, test_RMSE: 1.1294320821762085, erank: 68.53558349609375
depth: 1, iteration: 189500, test_RMSE: 1.1294320821762085, erank: 68.53561401367188
depth: 1, iteration: 190000, test_RMSE: 1.1294320821762085, erank: 68.53565216064453
depth: 1, iteration: 190500, test_RMSE: 1.1294320821762085, erank: 68.53565216064453
depth: 1, iteration: 191000, test_RMSE: 1.1294320821762085, erank: 68.53568267822266
depth: 1, iteration: 191500, test_RMSE: 1.1294320821762085, erank: 68.53572082519531
depth: 1, iteration: 192000, test_RMSE: 1.1294320821762085, erank: 68.53568267822266
depth: 1, iteration: 192500, test_RMSE: 1.1294320821762085, erank: 68.53572082519531
depth: 1, iteration: 193000, test_RMSE: 1.1294320821762085, erank: 68.53568267822266
depth: 1, iteration: 193500, test_RMSE: 1.1294320821762085, erank: 68.53568267822266
depth: 1, iteration: 194000, test_RMSE: 1.1294320821762085, erank: 68.53568267822266
depth: 1, iteration: 194500, test_RMSE: 1.1294320821762085, erank: 68.53572082519531
depth: 1, iteration: 195000, test_RMSE: 1.1294320821762085, erank: 68.53572082519531
depth: 1, iteration: 195500, test_RMSE: 1.1294320821762085, erank: 68.53572082519531
depth: 1, iteration: 196000, test_RMSE: 1.1294320821762085, erank: 68.53572082519531
depth: 1, iteration: 196500, test_RMSE: 1.1294320821762085, erank: 68.53572082519531
depth: 1, iteration: 197000, test_RMSE: 1.1294320821762085, erank: 68.53572082519531
depth: 1, iteration: 197500, test_RMSE: 1.1294320821762085, erank: 68.53572082519531
depth: 1, iteration: 198000, test_RMSE: 1.1294320821762085, erank: 68.53572082519531
depth: 1, iteration: 198500, test_RMSE: 1.1294320821762085, erank: 68.53565216064453
depth: 1, iteration: 199000, test_RMSE: 1.1294320821762085, erank: 68.53565216064453
depth: 1, iteration: 199500, test_RMSE: 1.1294320821762085, erank: 68.53565216064453
