depth: 1, iteration: 0, test_RMSE: 1.1270689964294434, erank: 80.1642074584961
depth: 1, iteration: 500, test_RMSE: 1.1379179954528809, erank: 54.0785026550293
depth: 1, iteration: 1000, test_RMSE: 1.176574468612671, erank: 40.98146057128906
depth: 1, iteration: 1500, test_RMSE: 1.2404687404632568, erank: 32.143104553222656
depth: 1, iteration: 2000, test_RMSE: 1.3122758865356445, erank: 26.55344009399414
depth: 1, iteration: 2500, test_RMSE: 1.3876078128814697, erank: 22.64537811279297
depth: 1, iteration: 3000, test_RMSE: 1.466212511062622, erank: 19.747760772705078
depth: 1, iteration: 3500, test_RMSE: 1.5484960079193115, erank: 17.51823616027832
depth: 1, iteration: 4000, test_RMSE: 1.6349693536758423, erank: 15.7560453414917
depth: 1, iteration: 4500, test_RMSE: 1.726121425628662, erank: 14.254557609558105
depth: 1, iteration: 5000, test_RMSE: 1.8220947980880737, erank: 13.017094612121582
depth: 1, iteration: 5500, test_RMSE: 1.9232157468795776, erank: 11.966492652893066
depth: 1, iteration: 6000, test_RMSE: 2.029294490814209, erank: 11.037467956542969
depth: 1, iteration: 6500, test_RMSE: 2.1394150257110596, erank: 10.233620643615723
depth: 1, iteration: 7000, test_RMSE: 2.251646041870117, erank: 9.5659818649292
depth: 1, iteration: 7500, test_RMSE: 2.3625142574310303, erank: 8.981307029724121
depth: 1, iteration: 8000, test_RMSE: 2.468928575515747, erank: 8.452007293701172
depth: 1, iteration: 8500, test_RMSE: 2.578627824783325, erank: 7.930821895599365
depth: 1, iteration: 9000, test_RMSE: 2.7048122882843018, erank: 7.363860607147217
depth: 1, iteration: 9500, test_RMSE: 2.8448328971862793, erank: 6.816003322601318
depth: 1, iteration: 10000, test_RMSE: 2.9921858310699463, erank: 6.38316535949707
depth: 1, iteration: 10500, test_RMSE: 3.144915819168091, erank: 6.068199157714844
depth: 1, iteration: 11000, test_RMSE: 3.3031198978424072, erank: 5.805750846862793
depth: 1, iteration: 11500, test_RMSE: 3.46640944480896, erank: 5.562273979187012
depth: 1, iteration: 12000, test_RMSE: 3.6333518028259277, erank: 5.336894512176514
depth: 1, iteration: 12500, test_RMSE: 3.8013992309570312, erank: 5.132101058959961
depth: 1, iteration: 13000, test_RMSE: 3.9667892456054688, erank: 4.951381683349609
depth: 1, iteration: 13500, test_RMSE: 4.123147010803223, erank: 4.794480800628662
depth: 1, iteration: 14000, test_RMSE: 4.260627746582031, erank: 4.653845310211182
depth: 1, iteration: 14500, test_RMSE: 4.377376556396484, erank: 4.522782802581787
depth: 1, iteration: 15000, test_RMSE: 4.4955902099609375, erank: 4.388386249542236
depth: 1, iteration: 15500, test_RMSE: 4.634860992431641, erank: 4.236937999725342
depth: 1, iteration: 16000, test_RMSE: 4.797032356262207, erank: 4.074368476867676
depth: 1, iteration: 16500, test_RMSE: 4.977715015411377, erank: 3.9042015075683594
depth: 1, iteration: 17000, test_RMSE: 5.171812057495117, erank: 3.7310307025909424
depth: 1, iteration: 17500, test_RMSE: 5.3750834465026855, erank: 3.559805154800415
depth: 1, iteration: 18000, test_RMSE: 5.5845136642456055, erank: 3.3934648036956787
depth: 1, iteration: 18500, test_RMSE: 5.7981109619140625, erank: 3.2311415672302246
depth: 1, iteration: 19000, test_RMSE: 6.0144944190979, erank: 3.077887535095215
depth: 1, iteration: 19500, test_RMSE: 6.2328362464904785, erank: 2.9316153526306152
depth: 1, iteration: 20000, test_RMSE: 6.453091144561768, erank: 2.802777051925659
depth: 1, iteration: 20500, test_RMSE: 6.676532745361328, erank: 2.705389976501465
depth: 1, iteration: 21000, test_RMSE: 6.905088901519775, erank: 2.6282832622528076
depth: 1, iteration: 21500, test_RMSE: 7.138382911682129, erank: 2.5625741481781006
depth: 1, iteration: 22000, test_RMSE: 7.375061511993408, erank: 2.504082679748535
depth: 1, iteration: 22500, test_RMSE: 7.614091873168945, erank: 2.4504806995391846
depth: 1, iteration: 23000, test_RMSE: 7.854644775390625, erank: 2.4026825428009033
depth: 1, iteration: 23500, test_RMSE: 8.096038818359375, erank: 2.3570704460144043
depth: 1, iteration: 24000, test_RMSE: 8.337739944458008, erank: 2.3153393268585205
depth: 1, iteration: 24500, test_RMSE: 8.57919979095459, erank: 2.276370048522949
depth: 1, iteration: 25000, test_RMSE: 8.820058822631836, erank: 2.2402241230010986
depth: 1, iteration: 25500, test_RMSE: 9.059965133666992, erank: 2.205753803253174
depth: 1, iteration: 26000, test_RMSE: 9.298665046691895, erank: 2.1738758087158203
depth: 1, iteration: 26500, test_RMSE: 9.535947799682617, erank: 2.1439571380615234
depth: 1, iteration: 27000, test_RMSE: 9.771629333496094, erank: 2.11613392829895
depth: 1, iteration: 27500, test_RMSE: 10.005558967590332, erank: 2.0893919467926025
depth: 1, iteration: 28000, test_RMSE: 10.23759937286377, erank: 2.0645573139190674
depth: 1, iteration: 28500, test_RMSE: 10.467684745788574, erank: 2.0406100749969482
depth: 1, iteration: 29000, test_RMSE: 10.695687294006348, erank: 2.0178487300872803
depth: 1, iteration: 29500, test_RMSE: 10.921550750732422, erank: 1.9971585273742676
