depth: 1, iteration: 0, test_RMSE: 1.1240298748016357, erank: 80.86690521240234
depth: 1, iteration: 500, test_RMSE: 1.126493215560913, erank: 61.459632873535156
depth: 1, iteration: 1000, test_RMSE: 1.132354497909546, erank: 53.97922897338867
depth: 1, iteration: 1500, test_RMSE: 1.1415871381759644, erank: 47.235939025878906
depth: 1, iteration: 2000, test_RMSE: 1.1531858444213867, erank: 40.90045166015625
depth: 1, iteration: 2500, test_RMSE: 1.1672475337982178, erank: 35.24485397338867
depth: 1, iteration: 3000, test_RMSE: 1.182687520980835, erank: 30.127717971801758
depth: 1, iteration: 3500, test_RMSE: 1.199773907661438, erank: 25.267810821533203
depth: 1, iteration: 4000, test_RMSE: 1.22104012966156, erank: 20.76095199584961
depth: 1, iteration: 4500, test_RMSE: 1.2490057945251465, erank: 16.587032318115234
depth: 1, iteration: 5000, test_RMSE: 1.283324122428894, erank: 12.769721984863281
depth: 1, iteration: 5500, test_RMSE: 1.323256492614746, erank: 9.44754695892334
depth: 1, iteration: 6000, test_RMSE: 1.3649698495864868, erank: 6.747459888458252
depth: 1, iteration: 6500, test_RMSE: 1.3924332857131958, erank: 5.193282604217529
depth: 1, iteration: 7000, test_RMSE: 1.395201325416565, erank: 5.03700590133667
depth: 1, iteration: 7500, test_RMSE: 1.395212173461914, erank: 5.044219017028809
depth: 1, iteration: 8000, test_RMSE: 1.3951994180679321, erank: 5.056459903717041
depth: 1, iteration: 8500, test_RMSE: 1.3952041864395142, erank: 5.063774585723877
depth: 1, iteration: 9000, test_RMSE: 1.3951925039291382, erank: 5.072988986968994
depth: 1, iteration: 9500, test_RMSE: 1.3952019214630127, erank: 5.088142395019531
depth: 1, iteration: 10000, test_RMSE: 1.39519202709198, erank: 5.098284721374512
depth: 1, iteration: 10500, test_RMSE: 1.3951987028121948, erank: 5.109984874725342
depth: 1, iteration: 11000, test_RMSE: 1.3952034711837769, erank: 5.12447452545166
depth: 1, iteration: 11500, test_RMSE: 1.3952226638793945, erank: 5.129371643066406
depth: 1, iteration: 12000, test_RMSE: 1.3952186107635498, erank: 5.136650085449219
depth: 1, iteration: 12500, test_RMSE: 1.3952293395996094, erank: 5.146973609924316
depth: 1, iteration: 13000, test_RMSE: 1.3952081203460693, erank: 5.142173767089844
depth: 1, iteration: 13500, test_RMSE: 1.3952285051345825, erank: 5.143814563751221
depth: 1, iteration: 14000, test_RMSE: 1.3952175378799438, erank: 5.146453857421875
depth: 1, iteration: 14500, test_RMSE: 1.3952176570892334, erank: 5.146650791168213
depth: 1, iteration: 15000, test_RMSE: 1.3951987028121948, erank: 5.148931503295898
depth: 1, iteration: 15500, test_RMSE: 1.3952089548110962, erank: 5.147369861602783
depth: 1, iteration: 16000, test_RMSE: 1.3952091932296753, erank: 5.148179531097412
depth: 1, iteration: 16500, test_RMSE: 1.3952217102050781, erank: 5.1455254554748535
depth: 1, iteration: 17000, test_RMSE: 1.3952186107635498, erank: 5.149532318115234
depth: 1, iteration: 17500, test_RMSE: 1.3951990604400635, erank: 5.150288105010986
depth: 1, iteration: 18000, test_RMSE: 1.39522123336792, erank: 5.1460795402526855
depth: 1, iteration: 18500, test_RMSE: 1.3952224254608154, erank: 5.1540608406066895
depth: 1, iteration: 19000, test_RMSE: 1.3952172994613647, erank: 5.146925449371338
depth: 1, iteration: 19500, test_RMSE: 1.3952335119247437, erank: 5.147461414337158
depth: 1, iteration: 20000, test_RMSE: 1.395198941230774, erank: 5.147124767303467
depth: 1, iteration: 20500, test_RMSE: 1.3951901197433472, erank: 5.147906303405762
depth: 1, iteration: 21000, test_RMSE: 1.3952206373214722, erank: 5.146266937255859
depth: 1, iteration: 21500, test_RMSE: 1.395207405090332, erank: 5.152580261230469
depth: 1, iteration: 22000, test_RMSE: 1.395222783088684, erank: 5.1506218910217285
depth: 1, iteration: 22500, test_RMSE: 1.3952354192733765, erank: 5.1454339027404785
depth: 1, iteration: 23000, test_RMSE: 1.3952122926712036, erank: 5.1482625007629395
depth: 1, iteration: 23500, test_RMSE: 1.395211935043335, erank: 5.151132106781006
depth: 1, iteration: 24000, test_RMSE: 1.395233154296875, erank: 5.145679473876953
depth: 1, iteration: 24500, test_RMSE: 1.3952041864395142, erank: 5.153427600860596
depth: 1, iteration: 25000, test_RMSE: 1.395208716392517, erank: 5.149717330932617
depth: 1, iteration: 25500, test_RMSE: 1.395226240158081, erank: 5.148201942443848
depth: 1, iteration: 26000, test_RMSE: 1.3951988220214844, erank: 5.151294231414795
depth: 1, iteration: 26500, test_RMSE: 1.3952285051345825, erank: 5.15008544921875
depth: 1, iteration: 27000, test_RMSE: 1.3952231407165527, erank: 5.153056621551514
depth: 1, iteration: 27500, test_RMSE: 1.3952244520187378, erank: 5.149652004241943
depth: 1, iteration: 28000, test_RMSE: 1.3951834440231323, erank: 5.147934436798096
depth: 1, iteration: 28500, test_RMSE: 1.3952019214630127, erank: 5.144452095031738
depth: 1, iteration: 29000, test_RMSE: 1.395179033279419, erank: 5.149990558624268
depth: 1, iteration: 29500, test_RMSE: 1.3952187299728394, erank: 5.149652481079102
