depth: 1, iteration: 0, test_RMSE: 1.1255700588226318, erank: 80.37518310546875
depth: 1, iteration: 500, test_RMSE: 1.1300435066223145, erank: 57.01089859008789
depth: 1, iteration: 1000, test_RMSE: 1.137745976448059, erank: 46.68740463256836
depth: 1, iteration: 1500, test_RMSE: 1.1491286754608154, erank: 38.921058654785156
depth: 1, iteration: 2000, test_RMSE: 1.1831893920898438, erank: 32.18202209472656
depth: 1, iteration: 2500, test_RMSE: 1.250504493713379, erank: 26.510438919067383
depth: 1, iteration: 3000, test_RMSE: 1.3287103176116943, erank: 22.44719696044922
depth: 1, iteration: 3500, test_RMSE: 1.4153306484222412, erank: 19.381649017333984
depth: 1, iteration: 4000, test_RMSE: 1.5082710981369019, erank: 17.001033782958984
depth: 1, iteration: 4500, test_RMSE: 1.6048181056976318, erank: 15.077576637268066
depth: 1, iteration: 5000, test_RMSE: 1.7044347524642944, erank: 13.515445709228516
depth: 1, iteration: 5500, test_RMSE: 1.8079566955566406, erank: 12.27236557006836
depth: 1, iteration: 6000, test_RMSE: 1.9162627458572388, erank: 11.19579029083252
depth: 1, iteration: 6500, test_RMSE: 2.02935791015625, erank: 10.25461483001709
depth: 1, iteration: 7000, test_RMSE: 2.1468682289123535, erank: 9.459468841552734
depth: 1, iteration: 7500, test_RMSE: 2.26835298538208, erank: 8.781051635742188
depth: 1, iteration: 8000, test_RMSE: 2.39318585395813, erank: 8.183733940124512
depth: 1, iteration: 8500, test_RMSE: 2.5207042694091797, erank: 7.656724452972412
depth: 1, iteration: 9000, test_RMSE: 2.649822235107422, erank: 7.192194938659668
depth: 1, iteration: 9500, test_RMSE: 2.7787747383117676, erank: 6.792220115661621
depth: 1, iteration: 10000, test_RMSE: 2.9054908752441406, erank: 6.459016799926758
depth: 1, iteration: 10500, test_RMSE: 3.029528856277466, erank: 6.16320276260376
depth: 1, iteration: 11000, test_RMSE: 3.1536271572113037, erank: 5.890583515167236
depth: 1, iteration: 11500, test_RMSE: 3.280517339706421, erank: 5.633816719055176
depth: 1, iteration: 12000, test_RMSE: 3.409823417663574, erank: 5.407548427581787
depth: 1, iteration: 12500, test_RMSE: 3.540739059448242, erank: 5.197481155395508
depth: 1, iteration: 13000, test_RMSE: 3.675016164779663, erank: 4.990606307983398
depth: 1, iteration: 13500, test_RMSE: 3.8183743953704834, erank: 4.786594390869141
depth: 1, iteration: 14000, test_RMSE: 3.9763686656951904, erank: 4.5943756103515625
depth: 1, iteration: 14500, test_RMSE: 4.149332046508789, erank: 4.411374092102051
depth: 1, iteration: 15000, test_RMSE: 4.334211826324463, erank: 4.238317966461182
depth: 1, iteration: 15500, test_RMSE: 4.528463363647461, erank: 4.072685241699219
depth: 1, iteration: 16000, test_RMSE: 4.730395317077637, erank: 3.915384292602539
depth: 1, iteration: 16500, test_RMSE: 4.9388017654418945, erank: 3.7677688598632812
depth: 1, iteration: 17000, test_RMSE: 5.152468681335449, erank: 3.627124547958374
depth: 1, iteration: 17500, test_RMSE: 5.369697093963623, erank: 3.4979052543640137
depth: 1, iteration: 18000, test_RMSE: 5.587238788604736, erank: 3.3820483684539795
depth: 1, iteration: 18500, test_RMSE: 5.800603866577148, erank: 3.2832112312316895
depth: 1, iteration: 19000, test_RMSE: 6.007402420043945, erank: 3.197732448577881
depth: 1, iteration: 19500, test_RMSE: 6.2077956199646, erank: 3.124939203262329
depth: 1, iteration: 20000, test_RMSE: 6.404102325439453, erank: 3.0598978996276855
depth: 1, iteration: 20500, test_RMSE: 6.598223686218262, erank: 3.0004825592041016
depth: 1, iteration: 21000, test_RMSE: 6.791316032409668, erank: 2.9436280727386475
depth: 1, iteration: 21500, test_RMSE: 6.983911991119385, erank: 2.891286849975586
depth: 1, iteration: 22000, test_RMSE: 7.175938606262207, erank: 2.841301441192627
depth: 1, iteration: 22500, test_RMSE: 7.367363929748535, erank: 2.7929904460906982
depth: 1, iteration: 23000, test_RMSE: 7.5579938888549805, erank: 2.749152183532715
depth: 1, iteration: 23500, test_RMSE: 7.74780797958374, erank: 2.706573247909546
depth: 1, iteration: 24000, test_RMSE: 7.936717510223389, erank: 2.665830373764038
depth: 1, iteration: 24500, test_RMSE: 8.124717712402344, erank: 2.6271615028381348
depth: 1, iteration: 25000, test_RMSE: 8.311567306518555, erank: 2.591069459915161
depth: 1, iteration: 25500, test_RMSE: 8.497174263000488, erank: 2.5568056106567383
depth: 1, iteration: 26000, test_RMSE: 8.68165397644043, erank: 2.5230469703674316
depth: 1, iteration: 26500, test_RMSE: 8.864964485168457, erank: 2.4920055866241455
depth: 1, iteration: 27000, test_RMSE: 9.047015190124512, erank: 2.4620254039764404
depth: 1, iteration: 27500, test_RMSE: 9.22792911529541, erank: 2.4331681728363037
depth: 1, iteration: 28000, test_RMSE: 9.407524108886719, erank: 2.406428337097168
depth: 1, iteration: 28500, test_RMSE: 9.58594799041748, erank: 2.3804705142974854
depth: 1, iteration: 29000, test_RMSE: 9.763286590576172, erank: 2.3558847904205322
depth: 1, iteration: 29500, test_RMSE: 9.939496040344238, erank: 2.3318371772766113
