depth: 1, iteration: 0, test_RMSE: 1.1265801191329956, erank: 80.41075134277344
depth: 1, iteration: 500, test_RMSE: 1.1317341327667236, erank: 60.47385025024414
depth: 1, iteration: 1000, test_RMSE: 1.1498751640319824, erank: 50.653072357177734
depth: 1, iteration: 1500, test_RMSE: 1.1962450742721558, erank: 42.295963287353516
depth: 1, iteration: 2000, test_RMSE: 1.2680524587631226, erank: 35.47500228881836
depth: 1, iteration: 2500, test_RMSE: 1.3575854301452637, erank: 29.965059280395508
depth: 1, iteration: 3000, test_RMSE: 1.456578016281128, erank: 25.709136962890625
depth: 1, iteration: 3500, test_RMSE: 1.5580416917800903, erank: 22.33868408203125
depth: 1, iteration: 4000, test_RMSE: 1.661023736000061, erank: 19.657743453979492
depth: 1, iteration: 4500, test_RMSE: 1.7663682699203491, erank: 17.441965103149414
depth: 1, iteration: 5000, test_RMSE: 1.8747330904006958, erank: 15.588238716125488
depth: 1, iteration: 5500, test_RMSE: 1.9865299463272095, erank: 14.037827491760254
depth: 1, iteration: 6000, test_RMSE: 2.102301597595215, erank: 12.705474853515625
depth: 1, iteration: 6500, test_RMSE: 2.222259044647217, erank: 11.514623641967773
depth: 1, iteration: 7000, test_RMSE: 2.3465282917022705, erank: 10.473939895629883
depth: 1, iteration: 7500, test_RMSE: 2.475165843963623, erank: 9.540019989013672
depth: 1, iteration: 8000, test_RMSE: 2.6078124046325684, erank: 8.716779708862305
depth: 1, iteration: 8500, test_RMSE: 2.7441658973693848, erank: 8.012248992919922
depth: 1, iteration: 9000, test_RMSE: 2.884089946746826, erank: 7.395947456359863
depth: 1, iteration: 9500, test_RMSE: 3.0273783206939697, erank: 6.8633928298950195
depth: 1, iteration: 10000, test_RMSE: 3.1734390258789062, erank: 6.413753986358643
depth: 1, iteration: 10500, test_RMSE: 3.3213229179382324, erank: 6.04634952545166
depth: 1, iteration: 11000, test_RMSE: 3.469188690185547, erank: 5.767678737640381
depth: 1, iteration: 11500, test_RMSE: 3.614415168762207, erank: 5.556414604187012
depth: 1, iteration: 12000, test_RMSE: 3.7511351108551025, erank: 5.389185905456543
depth: 1, iteration: 12500, test_RMSE: 3.869821548461914, erank: 5.256937503814697
depth: 1, iteration: 13000, test_RMSE: 3.972135543823242, erank: 5.132552146911621
depth: 1, iteration: 13500, test_RMSE: 4.084150314331055, erank: 4.991329193115234
depth: 1, iteration: 14000, test_RMSE: 4.22147798538208, erank: 4.8333740234375
depth: 1, iteration: 14500, test_RMSE: 4.381103515625, erank: 4.666518211364746
depth: 1, iteration: 15000, test_RMSE: 4.5570173263549805, erank: 4.491640090942383
depth: 1, iteration: 15500, test_RMSE: 4.7466816902160645, erank: 4.30770206451416
depth: 1, iteration: 16000, test_RMSE: 4.948761940002441, erank: 4.115399360656738
depth: 1, iteration: 16500, test_RMSE: 5.161770343780518, erank: 3.917064666748047
depth: 1, iteration: 17000, test_RMSE: 5.384483814239502, erank: 3.712869882583618
depth: 1, iteration: 17500, test_RMSE: 5.615930557250977, erank: 3.5026206970214844
depth: 1, iteration: 18000, test_RMSE: 5.855526447296143, erank: 3.285876989364624
depth: 1, iteration: 18500, test_RMSE: 6.106165885925293, erank: 3.161710500717163
depth: 1, iteration: 19000, test_RMSE: 6.367763042449951, erank: 3.0772361755371094
depth: 1, iteration: 19500, test_RMSE: 6.638409614562988, erank: 3.00150465965271
depth: 1, iteration: 20000, test_RMSE: 6.916332721710205, erank: 2.9317843914031982
depth: 1, iteration: 20500, test_RMSE: 7.199952602386475, erank: 2.8659427165985107
depth: 1, iteration: 21000, test_RMSE: 7.487907409667969, erank: 2.8024919033050537
depth: 1, iteration: 21500, test_RMSE: 7.77907657623291, erank: 2.742964267730713
depth: 1, iteration: 22000, test_RMSE: 8.072530746459961, erank: 2.68571138381958
depth: 1, iteration: 22500, test_RMSE: 8.367505073547363, erank: 2.632319450378418
depth: 1, iteration: 23000, test_RMSE: 8.663397789001465, erank: 2.581944704055786
depth: 1, iteration: 23500, test_RMSE: 8.959653854370117, erank: 2.5347321033477783
depth: 1, iteration: 24000, test_RMSE: 9.255842208862305, erank: 2.48956036567688
depth: 1, iteration: 24500, test_RMSE: 9.551558494567871, erank: 2.447495222091675
depth: 1, iteration: 25000, test_RMSE: 9.84647274017334, erank: 2.4070680141448975
depth: 1, iteration: 25500, test_RMSE: 10.140286445617676, erank: 2.3695287704467773
depth: 1, iteration: 26000, test_RMSE: 10.432713508605957, erank: 2.3337202072143555
depth: 1, iteration: 26500, test_RMSE: 10.723526000976562, erank: 2.3002982139587402
depth: 1, iteration: 27000, test_RMSE: 11.012513160705566, erank: 2.2686290740966797
depth: 1, iteration: 27500, test_RMSE: 11.29948616027832, erank: 2.2387776374816895
depth: 1, iteration: 28000, test_RMSE: 11.584293365478516, erank: 2.2102911472320557
depth: 1, iteration: 28500, test_RMSE: 11.866786003112793, erank: 2.1835591793060303
depth: 1, iteration: 29000, test_RMSE: 12.146851539611816, erank: 2.1573359966278076
depth: 1, iteration: 29500, test_RMSE: 12.4243803024292, erank: 2.1336331367492676
