depth: 1, iteration: 0, test_RMSE: 1.131014108657837, erank: 80.11727905273438
depth: 1, iteration: 500, test_RMSE: 1.129228115081787, erank: 60.639564514160156
depth: 1, iteration: 1000, test_RMSE: 1.132521390914917, erank: 53.833133697509766
depth: 1, iteration: 1500, test_RMSE: 1.1407305002212524, erank: 47.39897537231445
depth: 1, iteration: 2000, test_RMSE: 1.1541709899902344, erank: 41.374996185302734
depth: 1, iteration: 2500, test_RMSE: 1.1742814779281616, erank: 35.68205642700195
depth: 1, iteration: 3000, test_RMSE: 1.207818865776062, erank: 30.08136558532715
depth: 1, iteration: 3500, test_RMSE: 1.2614058256149292, erank: 24.756908416748047
depth: 1, iteration: 4000, test_RMSE: 1.336042046546936, erank: 19.794300079345703
depth: 1, iteration: 4500, test_RMSE: 1.4293413162231445, erank: 15.485213279724121
depth: 1, iteration: 5000, test_RMSE: 1.5363492965698242, erank: 11.968795776367188
depth: 1, iteration: 5500, test_RMSE: 1.650569200515747, erank: 9.220454216003418
depth: 1, iteration: 6000, test_RMSE: 1.7657312154769897, erank: 7.2189717292785645
depth: 1, iteration: 6500, test_RMSE: 1.8800674676895142, erank: 5.936868667602539
depth: 1, iteration: 7000, test_RMSE: 1.9954612255096436, erank: 5.472858905792236
depth: 1, iteration: 7500, test_RMSE: 2.1204299926757812, erank: 5.26585578918457
depth: 1, iteration: 8000, test_RMSE: 2.2548956871032715, erank: 5.132713794708252
depth: 1, iteration: 8500, test_RMSE: 2.397580862045288, erank: 4.999059677124023
depth: 1, iteration: 9000, test_RMSE: 2.546757459640503, erank: 4.865919589996338
depth: 1, iteration: 9500, test_RMSE: 2.7016515731811523, erank: 4.737457752227783
depth: 1, iteration: 10000, test_RMSE: 2.86234188079834, erank: 4.610854148864746
depth: 1, iteration: 10500, test_RMSE: 3.0292112827301025, erank: 4.488332748413086
depth: 1, iteration: 11000, test_RMSE: 3.202707290649414, erank: 4.3674235343933105
depth: 1, iteration: 11500, test_RMSE: 3.383239269256592, erank: 4.250399589538574
depth: 1, iteration: 12000, test_RMSE: 3.5712108612060547, erank: 4.134626388549805
depth: 1, iteration: 12500, test_RMSE: 3.7670865058898926, erank: 4.022106170654297
depth: 1, iteration: 13000, test_RMSE: 3.971360683441162, erank: 3.910517930984497
depth: 1, iteration: 13500, test_RMSE: 4.184424877166748, erank: 3.803001880645752
depth: 1, iteration: 14000, test_RMSE: 4.406663417816162, erank: 3.696512460708618
depth: 1, iteration: 14500, test_RMSE: 4.638322353363037, erank: 3.5944721698760986
depth: 1, iteration: 15000, test_RMSE: 4.879578113555908, erank: 3.4933598041534424
depth: 1, iteration: 15500, test_RMSE: 5.13043212890625, erank: 3.3971924781799316
depth: 1, iteration: 16000, test_RMSE: 5.3907952308654785, erank: 3.3040359020233154
depth: 1, iteration: 16500, test_RMSE: 5.660407066345215, erank: 3.21366810798645
depth: 1, iteration: 17000, test_RMSE: 5.938865661621094, erank: 3.128124952316284
depth: 1, iteration: 17500, test_RMSE: 6.225497245788574, erank: 3.046278476715088
depth: 1, iteration: 18000, test_RMSE: 6.519424915313721, erank: 2.9680368900299072
depth: 1, iteration: 18500, test_RMSE: 6.819616317749023, erank: 2.8951685428619385
depth: 1, iteration: 19000, test_RMSE: 7.125062942504883, erank: 2.825615406036377
depth: 1, iteration: 19500, test_RMSE: 7.434832572937012, erank: 2.761110544204712
depth: 1, iteration: 20000, test_RMSE: 7.748101711273193, erank: 2.6997172832489014
depth: 1, iteration: 20500, test_RMSE: 8.064136505126953, erank: 2.64261794090271
depth: 1, iteration: 21000, test_RMSE: 8.382335662841797, erank: 2.588550567626953
depth: 1, iteration: 21500, test_RMSE: 8.702130317687988, erank: 2.538149833679199
depth: 1, iteration: 22000, test_RMSE: 9.023055076599121, erank: 2.4903979301452637
depth: 1, iteration: 22500, test_RMSE: 9.344663619995117, erank: 2.44569993019104
depth: 1, iteration: 23000, test_RMSE: 9.666595458984375, erank: 2.4035959243774414
depth: 1, iteration: 23500, test_RMSE: 9.988483428955078, erank: 2.364419460296631
depth: 1, iteration: 24000, test_RMSE: 10.310004234313965, erank: 2.326730489730835
depth: 1, iteration: 24500, test_RMSE: 10.630903244018555, erank: 2.291581392288208
depth: 1, iteration: 25000, test_RMSE: 10.950886726379395, erank: 2.258469820022583
depth: 1, iteration: 25500, test_RMSE: 11.269705772399902, erank: 2.2271976470947266
depth: 1, iteration: 26000, test_RMSE: 11.587172508239746, erank: 2.1974611282348633
depth: 1, iteration: 26500, test_RMSE: 11.903067588806152, erank: 2.169625997543335
depth: 1, iteration: 27000, test_RMSE: 12.217226028442383, erank: 2.143129348754883
depth: 1, iteration: 27500, test_RMSE: 12.529488563537598, erank: 2.117950439453125
depth: 1, iteration: 28000, test_RMSE: 12.839713096618652, erank: 2.093975067138672
depth: 1, iteration: 28500, test_RMSE: 13.147769927978516, erank: 2.0710320472717285
depth: 1, iteration: 29000, test_RMSE: 13.453554153442383, erank: 2.0496127605438232
depth: 1, iteration: 29500, test_RMSE: 13.756976127624512, erank: 2.028963565826416
