(CVXPY) Nov 10 10:07:33 AM: Your problem has 10000 variables, 10000 constraints, and 0 parameters.
(CVXPY) Nov 10 10:07:33 AM: It is compliant with the following grammars: DCP, DQCP
(CVXPY) Nov 10 10:07:33 AM: (If you need to solve this problem multiple times, but with different data, consider using parameters.)
(CVXPY) Nov 10 10:07:33 AM: CVXPY will first compile your problem; then, it will invoke a numerical solver to obtain a solution.
(CVXPY) Nov 10 10:07:33 AM: Your problem is compiled with the CPP canonicalization backend.
(CVXPY) Nov 10 10:07:33 AM: Compiling problem (target solver=SCS).
(CVXPY) Nov 10 10:07:33 AM: Reduction chain: Dcp2Cone -> CvxAttr2Constr -> ConeMatrixStuffing -> SCS
(CVXPY) Nov 10 10:07:33 AM: Applying reduction Dcp2Cone
(CVXPY) Nov 10 10:07:33 AM: Applying reduction CvxAttr2Constr
(CVXPY) Nov 10 10:07:33 AM: Applying reduction ConeMatrixStuffing
(CVXPY) Nov 10 10:07:33 AM: Applying reduction SCS
(CVXPY) Nov 10 10:07:33 AM: Finished problem compilation (took 6.173e-02 seconds).
(CVXPY) Nov 10 10:07:33 AM: Invoking solver SCS  to obtain a solution.
(CVXPY) Nov 10 10:14:15 AM: Problem status: optimal
(CVXPY) Nov 10 10:14:15 AM: Optimal value: 2.203e+02
(CVXPY) Nov 10 10:14:15 AM: Compilation took 6.173e-02 seconds
(CVXPY) Nov 10 10:14:15 AM: Solver (including time spent in interface) took 4.015e+02 seconds
===============================================================================
                                     CVXPY                                     
                                     v1.6.7                                    
===============================================================================
-------------------------------------------------------------------------------
                                  Compilation                                  
-------------------------------------------------------------------------------
-------------------------------------------------------------------------------
                                Numerical solver                               
-------------------------------------------------------------------------------
------------------------------------------------------------------
	       SCS v3.2.9 - Splitting Conic Solver
	(c) Brendan O'Donoghue, Stanford University, 2012
------------------------------------------------------------------
problem:  variables n: 30100, constraints m: 50100
cones: 	  l: linear vars: 30000
	  s: psd vars: 20100, ssize: 1
settings: eps_abs: 1.0e-05, eps_rel: 1.0e-05, eps_infeas: 1.0e-07
	  alpha: 1.50, scale: 1.00e-01, adaptive_scale: 1
	  max_iters: 100000, normalize: 1, rho_x: 1.00e-06
	  acceleration_lookback: 10, acceleration_interval: 10
lin-sys:  sparse-direct-amd-qdldl
	  nnz(A): 58100, nnz(P): 0
------------------------------------------------------------------
 iter | pri res | dua res |   gap   |   obj   |  scale  | time (s)
------------------------------------------------------------------
     0| 1.50e+01  5.62e-01  1.71e+03 -5.57e+02  1.00e-01  7.71e-02 
   250| 1.98e-03  1.89e-04  3.68e-02  2.20e+02  1.00e-01  5.63e+00 
   500| 1.64e-03  1.57e-04  3.05e-02  2.20e+02  1.00e-01  1.12e+01 
   750| 1.38e-03  1.31e-04  2.55e-02  2.20e+02  1.00e-01  1.67e+01 
  1000| 1.15e-03  1.10e-04  2.13e-02  2.20e+02  1.00e-01  2.23e+01 
  1250| 9.66e-04  9.12e-05  1.79e-02  2.20e+02  1.00e-01  2.78e+01 
  1500| 9.93e-04  7.61e-05  1.49e-02  2.20e+02  1.00e-01  3.34e+01 
  1750| 9.34e-04  6.34e-05  1.22e-02  2.20e+02  1.00e-01  3.90e+01 
  2000| 9.13e-04  5.23e-05  1.01e-02  2.20e+02  1.00e-01  4.45e+01 
  2250| 8.41e-04  4.77e-05  8.22e-03  2.20e+02  1.00e-01  5.01e+01 
  2500| 9.15e-04  6.04e-05  6.82e-03  2.20e+02  1.00e-01  5.57e+01 
  2750| 1.71e+00  1.31e-01  3.67e+01  2.02e+02  1.00e-01  6.12e+01 
  3000| 8.03e-04  6.45e-05  4.00e-03  2.20e+02  1.00e-01  6.68e+01 
  3250| 8.39e-04  5.97e-05  3.32e-03  2.20e+02  1.00e-01  7.23e+01 
  3500| 7.93e-04  2.62e-05  2.51e-03  2.20e+02  1.00e-01  7.78e+01 
  3750| 7.56e-04  2.03e-05  1.92e-03  2.20e+02  1.00e-01  8.33e+01 
  4000| 6.84e-04  2.22e-05  1.43e-03  2.20e+02  1.00e-01  8.88e+01 
  4250| 7.18e-04  6.52e-05  1.15e-03  2.20e+02  1.00e-01  9.43e+01 
  4500| 6.92e-04  2.38e-05  5.47e-04  2.20e+02  1.00e-01  9.98e+01 
  4750| 6.86e-04  3.28e-06  4.48e-04  2.20e+02  1.00e-01  1.05e+02 
  5000| 6.86e-04  1.99e-05  6.55e-05  2.20e+02  1.00e-01  1.11e+02 
  5250| 6.05e-04  5.46e-06  3.42e-05  2.20e+02  1.00e-01  1.17e+02 
  5500| 7.70e-01  5.86e-02  5.08e-01  2.20e+02  1.00e-01  1.22e+02 
  5750| 6.05e-04  4.49e-06  1.97e-04  2.20e+02  1.00e-01  1.28e+02 
  6000| 6.05e-04  1.30e-06  7.63e-05  2.20e+02  1.00e-01  1.33e+02 
  6250| 6.05e-04  4.61e-06  1.89e-04  2.20e+02  1.00e-01  1.39e+02 
  6500| 6.05e-04  2.44e-06  1.39e-04  2.20e+02  1.00e-01  1.44e+02 
  6750| 6.05e-04  2.12e-06  1.58e-04  2.20e+02  1.00e-01  1.50e+02 
  7000| 6.05e-04  1.82e-06  1.70e-04  2.20e+02  1.00e-01  1.56e+02 
  7250| 6.05e-04  1.18e-06  1.54e-04  2.20e+02  1.00e-01  1.61e+02 
  7500| 6.05e-04  1.92e-06  1.57e-04  2.20e+02  1.00e-01  1.67e+02 
  7750| 6.05e-04  1.40e-05  4.20e-06  2.20e+02  1.00e-01  1.72e+02 
  8000| 6.05e-04  3.26e-06  1.78e-04  2.20e+02  1.00e-01  1.78e+02 
  8250| 3.12e+01  7.15e-01  9.11e+01  2.66e+02  1.00e-01  1.83e+02 
  8500| 6.05e-04  1.12e-06  1.75e-04  2.20e+02  1.00e-01  1.89e+02 
  8750| 6.05e-04  8.13e-07  1.60e-04  2.20e+02  1.00e-01  1.94e+02 
  9000| 1.49e-04  7.92e-07  1.57e-04  2.20e+02  1.00e-01  2.00e+02 
  9250| 1.51e-04  3.19e-06  1.56e-04  2.20e+02  1.00e-01  2.05e+02 
  9500| 1.51e-04  2.65e-06  1.62e-04  2.20e+02  1.00e-01  2.11e+02 
  9750| 1.57e-04  1.49e-06  1.59e-04  2.20e+02  1.00e-01  2.16e+02 
 10000| 1.56e-04  1.04e-06  1.52e-04  2.20e+02  1.00e-01  2.22e+02 
 10250| 1.42e-04  2.53e-06  1.47e-04  2.20e+02  1.00e-01  2.27e+02 
 10500| 1.34e-04  7.58e-07  1.48e-04  2.20e+02  1.00e-01  2.33e+02 
 10750| 1.22e-04  5.47e-06  1.53e-04  2.20e+02  1.00e-01  2.39e+02 
 11000| 3.09e-01  2.36e-02  3.80e-01  2.20e+02  1.00e-01  2.44e+02 
 11250| 1.21e-04  6.86e-07  1.37e-04  2.20e+02  1.00e-01  2.50e+02 
 11500| 1.22e-04  6.94e-07  1.34e-04  2.20e+02  1.00e-01  2.55e+02 
 11750| 1.21e-04  4.23e-06  1.36e-04  2.20e+02  1.00e-01  2.61e+02 
 12000| 1.22e-04  1.85e-06  1.19e-04  2.20e+02  1.00e-01  2.66e+02 
 12250| 1.18e-04  1.51e-06  1.32e-04  2.20e+02  1.00e-01  2.72e+02 
 12500| 1.19e-04  6.22e-07  1.23e-04  2.20e+02  1.00e-01  2.78e+02 
 12750| 1.22e-04  6.30e-07  1.23e-04  2.20e+02  1.00e-01  2.83e+02 
 13000| 1.13e-04  1.47e-06  1.21e-04  2.20e+02  1.00e-01  2.89e+02 
 13250| 1.11e-04  9.28e-07  1.15e-04  2.20e+02  1.00e-01  2.94e+02 
 13500| 1.14e-04  8.49e-07  1.03e-04  2.20e+02  1.00e-01  3.00e+02 
 13750| 1.92e+00  1.45e-01  9.32e+00  2.25e+02  1.00e-01  3.06e+02 
 14000| 1.16e-04  2.03e-06  9.93e-05  2.20e+02  1.00e-01  3.11e+02 
 14250| 1.17e-04  4.67e-07  9.09e-05  2.20e+02  1.00e-01  3.17e+02 
 14500| 1.15e-04  7.61e-07  9.00e-05  2.20e+02  1.00e-01  3.22e+02 
 14750| 1.07e-04  4.45e-07  9.01e-05  2.20e+02  1.00e-01  3.28e+02 
 15000| 1.09e-04  4.51e-07  8.99e-05  2.20e+02  1.00e-01  3.34e+02 
 15250| 1.08e-04  4.67e-07  9.05e-05  2.20e+02  1.00e-01  3.39e+02 
 15500| 1.00e-04  4.46e-07  9.17e-05  2.20e+02  1.00e-01  3.45e+02 
 15750| 9.76e-05  5.45e-07  8.78e-05  2.20e+02  1.00e-01  3.50e+02 
 16000| 9.73e-05  6.71e-07  8.39e-05  2.20e+02  1.00e-01  3.56e+02 
 16250| 9.78e-05  4.41e-07  8.80e-05  2.20e+02  1.00e-01  3.62e+02 
 16500| 8.25e-01  6.35e-02  8.12e-01  2.21e+02  1.00e-01  3.67e+02 
 16750| 9.63e-05  4.33e-07  9.11e-05  2.20e+02  1.00e-01  3.73e+02 
 17000| 9.50e-05  2.23e-06  8.44e-05  2.20e+02  1.00e-01  3.78e+02 
 17250| 9.35e-05  4.83e-07  8.24e-05  2.20e+02  1.00e-01  3.84e+02 
 17500| 9.34e-05  1.40e-06  8.39e-05  2.20e+02  1.00e-01  3.89e+02 
 17750| 9.27e-05  6.29e-06  8.88e-05  2.20e+02  1.00e-01  3.95e+02 
 18000| 9.06e-05  3.93e-07  7.35e-05  2.20e+02  1.00e-01  4.00e+02 
 18050| 8.37e-05  5.55e-06  8.01e-05  2.20e+02  1.00e-01  4.01e+02 
------------------------------------------------------------------
status:  solved
timings: total: 4.01e+02s = setup: 5.18e-02s + solve: 4.01e+02s
	 lin-sys: 2.59e+01s, cones: 3.64e+02s, accel: 3.00e+00s
------------------------------------------------------------------
objective = 220.267947
------------------------------------------------------------------
-------------------------------------------------------------------------------
                                    Summary                                    
-------------------------------------------------------------------------------
