(CVXPY) Nov 10 09:48:30 AM: Your problem has 10000 variables, 10000 constraints, and 0 parameters.
(CVXPY) Nov 10 09:48:30 AM: It is compliant with the following grammars: DCP, DQCP
(CVXPY) Nov 10 09:48:30 AM: (If you need to solve this problem multiple times, but with different data, consider using parameters.)
(CVXPY) Nov 10 09:48:30 AM: CVXPY will first compile your problem; then, it will invoke a numerical solver to obtain a solution.
(CVXPY) Nov 10 09:48:30 AM: Your problem is compiled with the CPP canonicalization backend.
(CVXPY) Nov 10 09:48:30 AM: Compiling problem (target solver=SCS).
(CVXPY) Nov 10 09:48:30 AM: Reduction chain: Dcp2Cone -> CvxAttr2Constr -> ConeMatrixStuffing -> SCS
(CVXPY) Nov 10 09:48:30 AM: Applying reduction Dcp2Cone
(CVXPY) Nov 10 09:48:30 AM: Applying reduction CvxAttr2Constr
(CVXPY) Nov 10 09:48:30 AM: Applying reduction ConeMatrixStuffing
(CVXPY) Nov 10 09:48:30 AM: Applying reduction SCS
(CVXPY) Nov 10 09:48:30 AM: Finished problem compilation (took 5.466e-02 seconds).
(CVXPY) Nov 10 09:48:30 AM: Invoking solver SCS  to obtain a solution.
(CVXPY) Nov 10 09:52:33 AM: Problem status: optimal
(CVXPY) Nov 10 09:52:33 AM: Optimal value: 1.826e+02
(CVXPY) Nov 10 09:52:33 AM: Compilation took 5.466e-02 seconds
(CVXPY) Nov 10 09:52:33 AM: Solver (including time spent in interface) took 2.425e+02 seconds
===============================================================================
                                     CVXPY                                     
                                     v1.6.7                                    
===============================================================================
-------------------------------------------------------------------------------
                                  Compilation                                  
-------------------------------------------------------------------------------
-------------------------------------------------------------------------------
                                Numerical solver                               
-------------------------------------------------------------------------------
------------------------------------------------------------------
	       SCS v3.2.9 - Splitting Conic Solver
	(c) Brendan O'Donoghue, Stanford University, 2012
------------------------------------------------------------------
problem:  variables n: 30100, constraints m: 50100
cones: 	  l: linear vars: 30000
	  s: psd vars: 20100, ssize: 1
settings: eps_abs: 1.0e-05, eps_rel: 1.0e-05, eps_infeas: 1.0e-07
	  alpha: 1.50, scale: 1.00e-01, adaptive_scale: 1
	  max_iters: 100000, normalize: 1, rho_x: 1.00e-06
	  acceleration_lookback: 10, acceleration_interval: 10
lin-sys:  sparse-direct-amd-qdldl
	  nnz(A): 52100, nnz(P): 0
------------------------------------------------------------------
 iter | pri res | dua res |   gap   |   obj   |  scale  | time (s)
------------------------------------------------------------------
     0| 1.41e+01  5.00e-01  1.50e+03 -6.67e+02  1.00e-01  7.37e-02 
   250| 1.42e-03  8.49e-05  2.10e-02  1.83e+02  1.00e-01  5.68e+00 
   500| 1.27e-03  7.13e-05  1.77e-02  1.83e+02  1.00e-01  1.13e+01 
   750| 1.04e-03  6.19e-05  1.53e-02  1.83e+02  1.00e-01  1.68e+01 
  1000| 1.60e+00  1.23e-01  9.52e+00  1.78e+02  1.00e-01  2.25e+01 
  1250| 8.23e-04  4.88e-05  1.21e-02  1.83e+02  1.00e-01  2.81e+01 
  1500| 7.42e-04  4.35e-05  1.07e-02  1.83e+02  1.00e-01  3.37e+01 
  1750| 7.08e-04  4.08e-05  9.46e-03  1.83e+02  1.00e-01  3.93e+01 
  2000| 6.59e-04  3.29e-05  8.25e-03  1.83e+02  1.00e-01  4.49e+01 
  2250| 6.31e-04  3.56e-05  7.34e-03  1.83e+02  1.00e-01  5.04e+01 
  2500| 6.07e-04  2.64e-05  6.52e-03  1.83e+02  1.00e-01  5.59e+01 
  2750| 6.05e-04  2.34e-05  5.76e-03  1.83e+02  1.00e-01  6.15e+01 
  3000| 6.05e-04  2.00e-05  5.03e-03  1.83e+02  1.00e-01  6.70e+01 
  3250| 6.05e-04  4.49e-05  4.37e-03  1.83e+02  1.00e-01  7.26e+01 
  3500| 6.05e-04  2.24e-05  3.87e-03  1.83e+02  1.00e-01  7.81e+01 
  3750| 7.03e-01  4.76e-02  2.86e+00  1.81e+02  1.00e-01  8.37e+01 
  4000| 6.05e-04  1.15e-05  2.86e-03  1.83e+02  1.00e-01  8.92e+01 
  4250| 6.05e-04  9.39e-06  2.37e-03  1.83e+02  1.00e-01  9.48e+01 
  4500| 6.05e-04  8.29e-06  2.01e-03  1.83e+02  1.00e-01  1.00e+02 
  4750| 6.05e-04  1.47e-05  1.72e-03  1.83e+02  1.00e-01  1.06e+02 
  5000| 6.05e-04  6.38e-06  1.52e-03  1.83e+02  1.00e-01  1.11e+02 
  5250| 6.05e-04  5.11e-06  1.25e-03  1.83e+02  1.00e-01  1.17e+02 
  5500| 6.05e-04  4.16e-06  1.03e-03  1.83e+02  1.00e-01  1.23e+02 
  5750| 6.05e-04  4.27e-05  9.84e-04  1.83e+02  1.00e-01  1.28e+02 
  6000| 6.05e-04  2.04e-05  6.43e-04  1.83e+02  1.00e-01  1.34e+02 
  6250| 6.05e-04  2.29e-06  5.63e-04  1.83e+02  1.00e-01  1.39e+02 
  6500| 7.87e+00  4.26e-01  1.90e+01  1.73e+02  1.00e-01  1.45e+02 
  6750| 6.05e-04  1.79e-06  3.77e-04  1.83e+02  1.00e-01  1.50e+02 
  7000| 6.05e-04  1.27e-06  3.25e-04  1.83e+02  1.00e-01  1.56e+02 
  7250| 6.05e-04  1.92e-06  2.62e-04  1.83e+02  1.00e-01  1.61e+02 
  7500| 6.05e-04  1.03e-06  2.54e-04  1.83e+02  1.00e-01  1.67e+02 
  7750| 6.05e-04  8.22e-07  2.04e-04  1.83e+02  1.00e-01  1.73e+02 
  8000| 6.05e-04  5.62e-07  1.40e-04  1.83e+02  1.00e-01  1.78e+02 
  8250| 6.05e-04  4.43e-07  1.10e-04  1.83e+02  1.00e-01  1.84e+02 
  8500| 6.05e-04  4.63e-06  4.06e-05  1.83e+02  1.00e-01  1.89e+02 
  8750| 6.05e-04  1.99e-07  2.48e-05  1.83e+02  1.00e-01  1.95e+02 
  9000| 6.05e-04  1.22e-07  3.02e-05  1.83e+02  1.00e-01  2.00e+02 
  9250| 3.21e+03  4.47e-01  2.33e+00  1.82e+02  1.00e-01  2.06e+02 
  9500| 6.05e-04  1.13e-07  2.80e-05  1.83e+02  1.00e-01  2.12e+02 
  9750| 6.05e-04  1.09e-07  2.70e-05  1.83e+02  1.00e-01  2.17e+02 
 10000| 6.05e-04  1.05e-07  2.59e-05  1.83e+02  1.00e-01  2.23e+02 
 10250| 6.05e-04  1.00e-07  2.48e-05  1.83e+02  1.00e-01  2.28e+02 
 10500| 6.05e-04  9.61e-08  2.38e-05  1.83e+02  1.00e-01  2.34e+02 
 10750| 6.05e-04  2.35e-07  1.86e-05  1.83e+02  3.16e-01  2.40e+02 
 10900| 8.22e-06  7.00e-06  2.96e-06  1.83e+02  5.78e-01  2.42e+02 
------------------------------------------------------------------
status:  solved
timings: total: 2.42e+02s = setup: 4.67e-02s + solve: 2.42e+02s
	 lin-sys: 1.54e+01s, cones: 2.20e+02s, accel: 1.82e+00s
------------------------------------------------------------------
objective = 182.599513
------------------------------------------------------------------
-------------------------------------------------------------------------------
                                    Summary                                    
-------------------------------------------------------------------------------
