(CVXPY) Nov 10 10:01:17 AM: Your problem has 10000 variables, 10000 constraints, and 0 parameters.
(CVXPY) Nov 10 10:01:17 AM: It is compliant with the following grammars: DCP, DQCP
(CVXPY) Nov 10 10:01:17 AM: (If you need to solve this problem multiple times, but with different data, consider using parameters.)
(CVXPY) Nov 10 10:01:17 AM: CVXPY will first compile your problem; then, it will invoke a numerical solver to obtain a solution.
(CVXPY) Nov 10 10:01:17 AM: Your problem is compiled with the CPP canonicalization backend.
(CVXPY) Nov 10 10:01:17 AM: Compiling problem (target solver=SCS).
(CVXPY) Nov 10 10:01:17 AM: Reduction chain: Dcp2Cone -> CvxAttr2Constr -> ConeMatrixStuffing -> SCS
(CVXPY) Nov 10 10:01:17 AM: Applying reduction Dcp2Cone
(CVXPY) Nov 10 10:01:17 AM: Applying reduction CvxAttr2Constr
(CVXPY) Nov 10 10:01:17 AM: Applying reduction ConeMatrixStuffing
(CVXPY) Nov 10 10:01:17 AM: Applying reduction SCS
(CVXPY) Nov 10 10:01:17 AM: Finished problem compilation (took 6.195e-02 seconds).
(CVXPY) Nov 10 10:01:17 AM: Invoking solver SCS  to obtain a solution.
(CVXPY) Nov 10 10:07:29 AM: Problem status: optimal
(CVXPY) Nov 10 10:07:29 AM: Optimal value: 2.198e+02
(CVXPY) Nov 10 10:07:29 AM: Compilation took 6.195e-02 seconds
(CVXPY) Nov 10 10:07:29 AM: Solver (including time spent in interface) took 3.719e+02 seconds
===============================================================================
                                     CVXPY                                     
                                     v1.6.7                                    
===============================================================================
-------------------------------------------------------------------------------
                                  Compilation                                  
-------------------------------------------------------------------------------
-------------------------------------------------------------------------------
                                Numerical solver                               
-------------------------------------------------------------------------------
------------------------------------------------------------------
	       SCS v3.2.9 - Splitting Conic Solver
	(c) Brendan O'Donoghue, Stanford University, 2012
------------------------------------------------------------------
problem:  variables n: 30100, constraints m: 50100
cones: 	  l: linear vars: 30000
	  s: psd vars: 20100, ssize: 1
settings: eps_abs: 1.0e-05, eps_rel: 1.0e-05, eps_infeas: 1.0e-07
	  alpha: 1.50, scale: 1.00e-01, adaptive_scale: 1
	  max_iters: 100000, normalize: 1, rho_x: 1.00e-06
	  acceleration_lookback: 10, acceleration_interval: 10
lin-sys:  sparse-direct-amd-qdldl
	  nnz(A): 56100, nnz(P): 0
------------------------------------------------------------------
 iter | pri res | dua res |   gap   |   obj   |  scale  | time (s)
------------------------------------------------------------------
     0| 1.48e+01  5.45e-01  1.63e+03 -5.99e+02  1.00e-01  7.90e-02 
   250| 1.76e-03  1.72e-04  3.78e-02  2.20e+02  1.00e-01  5.68e+00 
   500| 1.49e-03  1.45e-04  3.21e-02  2.20e+02  1.00e-01  1.12e+01 
   750| 1.28e-03  1.25e-04  2.74e-02  2.20e+02  1.00e-01  1.68e+01 
  1000| 1.09e-03  1.07e-04  2.34e-02  2.20e+02  1.00e-01  2.23e+01 
  1250| 9.79e-04  9.17e-05  2.00e-02  2.20e+02  1.00e-01  2.78e+01 
  1500| 9.77e-04  7.68e-05  1.71e-02  2.20e+02  1.00e-01  3.34e+01 
  1750| 9.86e-04  6.57e-05  1.45e-02  2.20e+02  1.00e-01  3.90e+01 
  2000| 8.74e-04  5.58e-05  1.24e-02  2.20e+02  1.00e-01  4.46e+01 
  2250| 9.71e-04  7.75e-05  1.02e-02  2.20e+02  1.00e-01  5.02e+01 
  2500| 1.03e-03  3.94e-05  8.49e-03  2.20e+02  1.00e-01  5.58e+01 
  2750| 1.85e+00  1.42e-01  2.38e+01  2.08e+02  1.00e-01  6.14e+01 
  3000| 8.24e-04  7.06e-05  6.05e-03  2.20e+02  1.00e-01  6.69e+01 
  3250| 7.37e-04  2.20e-05  4.86e-03  2.20e+02  1.00e-01  7.24e+01 
  3500| 8.04e-04  1.83e-05  3.89e-03  2.20e+02  1.00e-01  7.79e+01 
  3750| 6.88e-04  2.45e-05  3.16e-03  2.20e+02  1.00e-01  8.34e+01 
  4000| 6.49e-04  2.97e-05  2.57e-03  2.20e+02  1.00e-01  8.90e+01 
  4250| 6.35e-04  2.56e-05  2.24e-03  2.20e+02  1.00e-01  9.47e+01 
  4500| 6.12e-04  5.66e-05  1.64e-03  2.20e+02  1.00e-01  1.00e+02 
  4750| 6.24e-04  2.49e-05  1.39e-03  2.20e+02  1.00e-01  1.06e+02 
  5000| 6.82e-04  1.93e-05  1.07e-03  2.20e+02  1.00e-01  1.11e+02 
  5250| 6.05e-04  6.54e-06  8.29e-04  2.20e+02  1.00e-01  1.17e+02 
  5500| 5.58e-01  4.26e-02  1.53e-01  2.20e+02  1.00e-01  1.23e+02 
  5750| 6.05e-04  1.43e-05  2.95e-04  2.20e+02  1.00e-01  1.28e+02 
  6000| 6.05e-04  2.20e-05  2.94e-04  2.20e+02  1.00e-01  1.34e+02 
  6250| 6.05e-04  7.04e-06  2.39e-04  2.20e+02  1.00e-01  1.39e+02 
  6500| 6.13e-04  3.99e-05  4.18e-04  2.20e+02  1.00e-01  1.45e+02 
  6750| 6.05e-04  4.61e-06  1.24e-04  2.20e+02  1.00e-01  1.50e+02 
  7000| 6.05e-04  3.79e-06  8.99e-05  2.20e+02  1.00e-01  1.56e+02 
  7250| 6.05e-04  3.59e-06  5.63e-05  2.20e+02  1.00e-01  1.61e+02 
  7500| 6.05e-04  1.78e-05  1.15e-04  2.20e+02  1.00e-01  1.67e+02 
  7750| 6.05e-04  1.88e-06  3.38e-05  2.20e+02  1.00e-01  1.73e+02 
  8000| 6.05e-04  7.88e-06  5.20e-05  2.20e+02  1.00e-01  1.78e+02 
  8250| 5.19e+01  1.42e+00  1.10e+02  2.75e+02  1.00e-01  1.84e+02 
  8500| 6.05e-04  1.25e-05  7.46e-05  2.20e+02  1.00e-01  1.89e+02 
  8750| 6.05e-04  3.85e-06  7.06e-07  2.20e+02  1.00e-01  1.95e+02 
  9000| 6.05e-04  9.79e-07  1.08e-04  2.20e+02  1.00e-01  2.00e+02 
  9250| 6.05e-04  3.37e-06  1.21e-04  2.20e+02  1.00e-01  2.06e+02 
  9500| 6.05e-04  2.18e-06  1.16e-04  2.20e+02  1.00e-01  2.12e+02 
  9750| 6.05e-04  3.38e-06  1.14e-04  2.20e+02  1.00e-01  2.17e+02 
 10000| 6.05e-04  1.59e-06  1.09e-04  2.20e+02  1.00e-01  2.23e+02 
 10250| 6.05e-04  1.48e-06  1.34e-04  2.20e+02  1.00e-01  2.29e+02 
 10500| 6.05e-04  7.91e-07  1.11e-04  2.20e+02  1.00e-01  2.34e+02 
 10750| 6.05e-04  2.52e-06  1.05e-04  2.20e+02  1.00e-01  2.40e+02 
 11000| 3.13e+00  2.33e-01  6.28e+00  2.23e+02  1.00e-01  2.45e+02 
 11250| 1.32e-04  1.49e-06  1.36e-04  2.20e+02  1.00e-01  2.51e+02 
 11500| 1.28e-04  1.52e-06  1.19e-04  2.20e+02  1.00e-01  2.56e+02 
 11750| 1.31e-04  1.87e-06  1.12e-04  2.20e+02  1.00e-01  2.62e+02 
 12000| 1.20e-04  1.64e-06  1.09e-04  2.20e+02  1.00e-01  2.68e+02 
 12250| 1.23e-04  9.65e-07  1.11e-04  2.20e+02  1.00e-01  2.73e+02 
 12500| 1.15e-04  4.70e-07  9.72e-05  2.20e+02  1.00e-01  2.79e+02 
 12750| 1.16e-04  2.17e-06  9.97e-05  2.20e+02  1.00e-01  2.85e+02 
 13000| 1.12e-04  4.38e-07  9.49e-05  2.20e+02  1.00e-01  2.90e+02 
 13250| 1.12e-04  4.26e-07  9.35e-05  2.20e+02  1.00e-01  2.96e+02 
 13500| 1.10e-04  4.24e-06  9.75e-05  2.20e+02  1.00e-01  3.01e+02 
 13750| 2.90e-01  2.22e-02  1.24e-01  2.20e+02  1.00e-01  3.07e+02 
 14000| 1.04e-04  3.44e-06  9.24e-05  2.20e+02  1.00e-01  3.13e+02 
 14250| 1.05e-04  4.00e-07  8.70e-05  2.20e+02  1.00e-01  3.18e+02 
 14500| 9.93e-05  8.57e-07  8.24e-05  2.20e+02  1.00e-01  3.24e+02 
 14750| 9.90e-05  3.79e-07  8.28e-05  2.20e+02  1.00e-01  3.30e+02 
 15000| 9.79e-05  4.21e-07  8.16e-05  2.20e+02  1.00e-01  3.35e+02 
 15250| 9.73e-05  6.15e-07  7.90e-05  2.20e+02  1.00e-01  3.41e+02 
 15500| 9.72e-05  1.07e-06  7.96e-05  2.20e+02  1.00e-01  3.47e+02 
 15750| 9.70e-05  3.61e-07  7.54e-05  2.20e+02  1.00e-01  3.52e+02 
 16000| 9.61e-05  3.44e-07  7.49e-05  2.20e+02  1.00e-01  3.58e+02 
 16250| 9.15e-05  3.35e-07  7.67e-05  2.20e+02  1.00e-01  3.64e+02 
 16500| 3.30e-01  2.53e-02  2.48e-01  2.20e+02  1.00e-01  3.70e+02 
 16600| 8.83e-05  3.36e-07  7.01e-05  2.20e+02  1.00e-01  3.72e+02 
------------------------------------------------------------------
status:  solved
timings: total: 3.72e+02s = setup: 5.29e-02s + solve: 3.72e+02s
	 lin-sys: 2.37e+01s, cones: 3.37e+02s, accel: 2.78e+00s
------------------------------------------------------------------
objective = 219.762258
------------------------------------------------------------------
-------------------------------------------------------------------------------
                                    Summary                                    
-------------------------------------------------------------------------------
