(CVXPY) Nov 10 09:56:51 AM: Your problem has 10000 variables, 10000 constraints, and 0 parameters.
(CVXPY) Nov 10 09:56:51 AM: It is compliant with the following grammars: DCP, DQCP
(CVXPY) Nov 10 09:56:51 AM: (If you need to solve this problem multiple times, but with different data, consider using parameters.)
(CVXPY) Nov 10 09:56:51 AM: CVXPY will first compile your problem; then, it will invoke a numerical solver to obtain a solution.
(CVXPY) Nov 10 09:56:51 AM: Your problem is compiled with the CPP canonicalization backend.
(CVXPY) Nov 10 09:56:51 AM: Compiling problem (target solver=SCS).
(CVXPY) Nov 10 09:56:51 AM: Reduction chain: Dcp2Cone -> CvxAttr2Constr -> ConeMatrixStuffing -> SCS
(CVXPY) Nov 10 09:56:51 AM: Applying reduction Dcp2Cone
(CVXPY) Nov 10 09:56:51 AM: Applying reduction CvxAttr2Constr
(CVXPY) Nov 10 09:56:51 AM: Applying reduction ConeMatrixStuffing
(CVXPY) Nov 10 09:56:51 AM: Applying reduction SCS
(CVXPY) Nov 10 09:56:51 AM: Finished problem compilation (took 5.747e-02 seconds).
(CVXPY) Nov 10 09:56:51 AM: Invoking solver SCS  to obtain a solution.
(CVXPY) Nov 10 10:01:13 AM: Problem status: optimal
(CVXPY) Nov 10 10:01:13 AM: Optimal value: 2.188e+02
(CVXPY) Nov 10 10:01:13 AM: Compilation took 5.747e-02 seconds
(CVXPY) Nov 10 10:01:13 AM: Solver (including time spent in interface) took 2.622e+02 seconds
===============================================================================
                                     CVXPY                                     
                                     v1.6.7                                    
===============================================================================
-------------------------------------------------------------------------------
                                  Compilation                                  
-------------------------------------------------------------------------------
-------------------------------------------------------------------------------
                                Numerical solver                               
-------------------------------------------------------------------------------
------------------------------------------------------------------
	       SCS v3.2.9 - Splitting Conic Solver
	(c) Brendan O'Donoghue, Stanford University, 2012
------------------------------------------------------------------
problem:  variables n: 30100, constraints m: 50100
cones: 	  l: linear vars: 30000
	  s: psd vars: 20100, ssize: 1
settings: eps_abs: 1.0e-05, eps_rel: 1.0e-05, eps_infeas: 1.0e-07
	  alpha: 1.50, scale: 1.00e-01, adaptive_scale: 1
	  max_iters: 100000, normalize: 1, rho_x: 1.00e-06
	  acceleration_lookback: 10, acceleration_interval: 10
lin-sys:  sparse-direct-amd-qdldl
	  nnz(A): 54100, nnz(P): 0
------------------------------------------------------------------
 iter | pri res | dua res |   gap   |   obj   |  scale  | time (s)
------------------------------------------------------------------
     0| 1.42e+01  5.02e-01  1.56e+03 -6.32e+02  1.00e-01  7.49e-02 
   250| 4.81e-03  1.20e-04  2.77e-02  2.19e+02  1.00e-01  5.67e+00 
   500| 2.59e-03  1.03e-04  2.42e-02  2.19e+02  1.00e-01  1.14e+01 
   750| 1.19e-03  9.01e-05  2.11e-02  2.19e+02  1.00e-01  1.71e+01 
  1000| 8.75e-04  7.89e-05  1.84e-02  2.19e+02  1.00e-01  2.27e+01 
  1250| 8.23e-04  6.85e-05  1.60e-02  2.19e+02  1.00e-01  2.84e+01 
  1500| 7.44e-04  5.98e-05  1.40e-02  2.19e+02  1.00e-01  3.40e+01 
  1750| 7.06e-04  6.86e-05  1.24e-02  2.19e+02  1.00e-01  3.97e+01 
  2000| 6.71e-04  4.62e-05  1.08e-02  2.19e+02  1.00e-01  4.53e+01 
  2250| 6.27e-04  3.96e-05  9.35e-03  2.19e+02  1.00e-01  5.10e+01 
  2500| 6.14e-04  3.56e-05  8.19e-03  2.19e+02  1.00e-01  5.66e+01 
  2750| 4.00e-01  4.08e-02  7.98e-02  2.19e+02  1.00e-01  6.22e+01 
  3000| 6.05e-04  4.11e-05  6.06e-03  2.19e+02  1.00e-01  6.79e+01 
  3250| 6.05e-04  2.27e-05  5.09e-03  2.19e+02  1.00e-01  7.35e+01 
  3500| 6.05e-04  1.99e-05  4.45e-03  2.19e+02  1.00e-01  7.92e+01 
  3750| 6.05e-04  1.66e-05  3.72e-03  2.19e+02  1.00e-01  8.49e+01 
  4000| 6.05e-04  1.32e-05  3.14e-03  2.19e+02  1.00e-01  9.05e+01 
  4250| 6.05e-04  1.30e-05  2.64e-03  2.19e+02  1.00e-01  9.61e+01 
  4500| 6.05e-04  9.82e-06  2.21e-03  2.19e+02  1.00e-01  1.02e+02 
  4750| 6.05e-04  9.52e-06  1.90e-03  2.19e+02  1.00e-01  1.07e+02 
  5000| 6.05e-04  9.04e-06  1.61e-03  2.19e+02  1.00e-01  1.13e+02 
  5250| 6.05e-04  6.73e-06  1.32e-03  2.19e+02  1.00e-01  1.19e+02 
  5500| 3.71e-01  2.89e-02  1.30e+00  2.18e+02  1.00e-01  1.24e+02 
  5750| 6.05e-04  8.11e-06  9.08e-04  2.19e+02  1.00e-01  1.30e+02 
  6000| 6.05e-04  4.37e-06  7.45e-04  2.19e+02  1.00e-01  1.36e+02 
  6250| 6.05e-04  4.70e-06  6.43e-04  2.19e+02  1.00e-01  1.41e+02 
  6500| 6.05e-04  2.27e-06  5.07e-04  2.19e+02  1.00e-01  1.47e+02 
  6750| 6.05e-04  1.68e-05  3.33e-04  2.19e+02  1.00e-01  1.53e+02 
  7000| 6.05e-04  1.93e-06  3.34e-04  2.19e+02  1.00e-01  1.58e+02 
  7250| 6.05e-04  1.22e-06  2.75e-04  2.19e+02  1.00e-01  1.64e+02 
  7500| 6.05e-04  1.04e-06  2.18e-04  2.19e+02  1.00e-01  1.70e+02 
  7750| 6.05e-04  8.90e-07  1.96e-04  2.19e+02  1.00e-01  1.75e+02 
  8000| 6.05e-04  1.89e-06  1.59e-04  2.19e+02  1.00e-01  1.81e+02 
  8250| 2.09e+02  5.44e-01  9.33e+00  2.14e+02  1.00e-01  1.87e+02 
  8500| 6.05e-04  5.20e-07  1.22e-04  2.19e+02  1.00e-01  1.92e+02 
  8750| 6.05e-04  4.18e-07  9.80e-05  2.19e+02  1.00e-01  1.98e+02 
  9000| 6.05e-04  1.49e-06  3.58e-05  2.19e+02  1.00e-01  2.04e+02 
  9250| 6.05e-04  1.13e-06  5.07e-05  2.19e+02  1.00e-01  2.09e+02 
  9500| 6.05e-04  1.91e-07  4.42e-05  2.19e+02  1.00e-01  2.15e+02 
  9750| 6.05e-04  1.13e-07  1.81e-05  2.19e+02  1.00e-01  2.21e+02 
 10000| 6.05e-04  5.35e-08  1.04e-05  2.19e+02  1.00e-01  2.26e+02 
 10250| 6.05e-04  4.02e-08  9.53e-06  2.19e+02  1.00e-01  2.32e+02 
 10500| 6.05e-04  3.70e-08  8.75e-06  2.19e+02  1.00e-01  2.38e+02 
 10750| 6.05e-04  3.40e-08  8.00e-06  2.19e+02  1.00e-01  2.44e+02 
 11000| 1.38e+04  4.91e-01  1.18e+00  2.19e+02  1.00e-01  2.50e+02 
 11250| 6.05e-04  2.78e-08  6.54e-06  2.19e+02  1.00e-01  2.57e+02 
 11500| 1.64e-06  2.62e-05  6.57e-06  2.19e+02  1.00e+01  2.62e+02 
 11525| 8.69e-06  2.81e-06  1.66e-07  2.19e+02  7.87e-01  2.62e+02 
------------------------------------------------------------------
status:  solved
timings: total: 2.62e+02s = setup: 4.89e-02s + solve: 2.62e+02s
	 lin-sys: 1.64e+01s, cones: 2.38e+02s, accel: 1.92e+00s
------------------------------------------------------------------
objective = 218.771157
------------------------------------------------------------------
-------------------------------------------------------------------------------
                                    Summary                                    
-------------------------------------------------------------------------------
