depth: 3, iteration: 0, test_RMSE: 1.127811074256897, erank: 57.1962776184082
depth: 3, iteration: 1000, test_RMSE: 1.127811074256897, erank: 57.19384765625
depth: 3, iteration: 2000, test_RMSE: 1.127811074256897, erank: 57.18553161621094
depth: 3, iteration: 3000, test_RMSE: 1.127811074256897, erank: 57.171409606933594
depth: 3, iteration: 4000, test_RMSE: 1.1278109550476074, erank: 57.151344299316406
depth: 3, iteration: 5000, test_RMSE: 1.1278109550476074, erank: 57.125301361083984
depth: 3, iteration: 6000, test_RMSE: 1.1278109550476074, erank: 57.093223571777344
depth: 3, iteration: 7000, test_RMSE: 1.1278109550476074, erank: 57.05512237548828
depth: 3, iteration: 8000, test_RMSE: 1.1278109550476074, erank: 57.01084518432617
depth: 3, iteration: 9000, test_RMSE: 1.1278109550476074, erank: 56.960411071777344
depth: 3, iteration: 10000, test_RMSE: 1.1278108358383179, erank: 56.903621673583984
depth: 3, iteration: 11000, test_RMSE: 1.1278108358383179, erank: 56.84037780761719
depth: 3, iteration: 12000, test_RMSE: 1.1278108358383179, erank: 56.77057647705078
depth: 3, iteration: 13000, test_RMSE: 1.1278108358383179, erank: 56.69412612915039
depth: 3, iteration: 14000, test_RMSE: 1.1278107166290283, erank: 56.61083984375
depth: 3, iteration: 15000, test_RMSE: 1.1278107166290283, erank: 56.52072525024414
depth: 3, iteration: 16000, test_RMSE: 1.1278107166290283, erank: 56.42348861694336
depth: 3, iteration: 17000, test_RMSE: 1.1278105974197388, erank: 56.318817138671875
depth: 3, iteration: 18000, test_RMSE: 1.1278105974197388, erank: 56.20662307739258
depth: 3, iteration: 19000, test_RMSE: 1.1278104782104492, erank: 56.086734771728516
depth: 3, iteration: 20000, test_RMSE: 1.1278104782104492, erank: 55.958831787109375
depth: 3, iteration: 21000, test_RMSE: 1.1278103590011597, erank: 55.822593688964844
depth: 3, iteration: 22000, test_RMSE: 1.1278103590011597, erank: 55.6778450012207
depth: 3, iteration: 23000, test_RMSE: 1.1278103590011597, erank: 55.524200439453125
depth: 3, iteration: 24000, test_RMSE: 1.1278102397918701, erank: 55.361507415771484
depth: 3, iteration: 25000, test_RMSE: 1.1278101205825806, erank: 55.18918228149414
depth: 3, iteration: 26000, test_RMSE: 1.127810001373291, erank: 55.00690460205078
depth: 3, iteration: 27000, test_RMSE: 1.1278098821640015, erank: 54.81434631347656
depth: 3, iteration: 28000, test_RMSE: 1.1278098821640015, erank: 54.61103820800781
depth: 3, iteration: 29000, test_RMSE: 1.127809762954712, erank: 54.39658737182617
depth: 3, iteration: 30000, test_RMSE: 1.1278096437454224, erank: 54.17039489746094
depth: 3, iteration: 31000, test_RMSE: 1.1278095245361328, erank: 53.93199157714844
depth: 3, iteration: 32000, test_RMSE: 1.1278094053268433, erank: 53.68070602416992
depth: 3, iteration: 33000, test_RMSE: 1.1278091669082642, erank: 53.416072845458984
depth: 3, iteration: 34000, test_RMSE: 1.1278090476989746, erank: 53.137298583984375
depth: 3, iteration: 35000, test_RMSE: 1.127808928489685, erank: 52.843841552734375
depth: 3, iteration: 36000, test_RMSE: 1.127808690071106, erank: 52.53477478027344
depth: 3, iteration: 37000, test_RMSE: 1.1278084516525269, erank: 52.20940399169922
depth: 3, iteration: 38000, test_RMSE: 1.1278082132339478, erank: 51.86680603027344
depth: 3, iteration: 39000, test_RMSE: 1.1278079748153687, erank: 51.50607681274414
depth: 3, iteration: 40000, test_RMSE: 1.1278077363967896, erank: 51.12617492675781
depth: 3, iteration: 41000, test_RMSE: 1.1278074979782104, erank: 50.72605895996094
depth: 3, iteration: 42000, test_RMSE: 1.1278071403503418, erank: 50.30475616455078
depth: 3, iteration: 43000, test_RMSE: 1.1278069019317627, erank: 49.860652923583984
depth: 3, iteration: 44000, test_RMSE: 1.127806544303894, erank: 49.392818450927734
depth: 3, iteration: 45000, test_RMSE: 1.1278061866760254, erank: 48.899696350097656
depth: 3, iteration: 46000, test_RMSE: 1.1278057098388672, erank: 48.3798942565918
depth: 3, iteration: 47000, test_RMSE: 1.127805233001709, erank: 47.831668853759766
depth: 3, iteration: 48000, test_RMSE: 1.1278047561645508, erank: 47.25353240966797
depth: 3, iteration: 49000, test_RMSE: 1.1278042793273926, erank: 46.643455505371094
depth: 3, iteration: 50000, test_RMSE: 1.1278036832809448, erank: 45.99987030029297
depth: 3, iteration: 51000, test_RMSE: 1.1278029680252075, erank: 45.320472717285156
depth: 3, iteration: 52000, test_RMSE: 1.1278023719787598, erank: 44.6032829284668
depth: 3, iteration: 53000, test_RMSE: 1.127801537513733, erank: 43.84611511230469
depth: 3, iteration: 54000, test_RMSE: 1.1278005838394165, erank: 43.04660415649414
depth: 3, iteration: 55000, test_RMSE: 1.1277997493743896, erank: 42.20260238647461
depth: 3, iteration: 56000, test_RMSE: 1.1277986764907837, erank: 41.31157684326172
depth: 3, iteration: 57000, test_RMSE: 1.1277976036071777, erank: 40.3708381652832
depth: 3, iteration: 58000, test_RMSE: 1.1277962923049927, erank: 39.37837600708008
depth: 3, iteration: 59000, test_RMSE: 1.1277949810028076, erank: 38.33159637451172
depth: 3, iteration: 60000, test_RMSE: 1.127793312072754, erank: 37.228363037109375
depth: 3, iteration: 61000, test_RMSE: 1.1277915239334106, erank: 36.066551208496094
depth: 3, iteration: 62000, test_RMSE: 1.1277896165847778, erank: 34.844688415527344
depth: 3, iteration: 63000, test_RMSE: 1.1277873516082764, erank: 33.56116485595703
depth: 3, iteration: 64000, test_RMSE: 1.1277848482131958, erank: 32.21546936035156
depth: 3, iteration: 65000, test_RMSE: 1.1277819871902466, erank: 30.80742835998535
depth: 3, iteration: 66000, test_RMSE: 1.1277787685394287, erank: 29.33843994140625
depth: 3, iteration: 67000, test_RMSE: 1.1277751922607422, erank: 27.80995750427246
depth: 3, iteration: 68000, test_RMSE: 1.1277709007263184, erank: 26.226482391357422
depth: 3, iteration: 69000, test_RMSE: 1.1277660131454468, erank: 24.592552185058594
depth: 3, iteration: 70000, test_RMSE: 1.1277602910995483, erank: 22.916004180908203
depth: 3, iteration: 71000, test_RMSE: 1.1277536153793335, erank: 21.205944061279297
depth: 3, iteration: 72000, test_RMSE: 1.1277457475662231, erank: 19.474267959594727
depth: 3, iteration: 73000, test_RMSE: 1.1277364492416382, erank: 17.735151290893555
depth: 3, iteration: 74000, test_RMSE: 1.12772536277771, erank: 16.005268096923828
depth: 3, iteration: 75000, test_RMSE: 1.1277118921279907, erank: 14.303153991699219
depth: 3, iteration: 76000, test_RMSE: 1.1276954412460327, erank: 12.648972511291504
depth: 3, iteration: 77000, test_RMSE: 1.127675175666809, erank: 11.063796043395996
depth: 3, iteration: 78000, test_RMSE: 1.1276499032974243, erank: 9.568020820617676
depth: 3, iteration: 79000, test_RMSE: 1.1276178359985352, erank: 8.18044662475586
depth: 3, iteration: 80000, test_RMSE: 1.127576470375061, erank: 6.917025089263916
depth: 3, iteration: 81000, test_RMSE: 1.1275222301483154, erank: 5.789321422576904
depth: 3, iteration: 82000, test_RMSE: 1.127449631690979, erank: 4.803567409515381
depth: 3, iteration: 83000, test_RMSE: 1.1273503303527832, erank: 3.9605164527893066
depth: 3, iteration: 84000, test_RMSE: 1.1272108554840088, erank: 3.2552781105041504
depth: 3, iteration: 85000, test_RMSE: 1.1270097494125366, erank: 2.678370237350464
depth: 3, iteration: 86000, test_RMSE: 1.1267107725143433, erank: 2.217019557952881
depth: 3, iteration: 87000, test_RMSE: 1.1262537240982056, erank: 1.8566101789474487
depth: 3, iteration: 88000, test_RMSE: 1.1255433559417725, erank: 1.5822324752807617
depth: 3, iteration: 89000, test_RMSE: 1.1244678497314453, erank: 1.3800157308578491
depth: 3, iteration: 90000, test_RMSE: 1.123138427734375, erank: 1.237801432609558
depth: 3, iteration: 91000, test_RMSE: 1.123176097869873, erank: 1.145127534866333
depth: 3, iteration: 92000, test_RMSE: 1.1308568716049194, erank: 1.0922033786773682
depth: 3, iteration: 93000, test_RMSE: 1.1518986225128174, erank: 1.0677911043167114
depth: 3, iteration: 94000, test_RMSE: 1.1747188568115234, erank: 1.0595842599868774
depth: 3, iteration: 95000, test_RMSE: 1.1886940002441406, erank: 1.0585877895355225
depth: 3, iteration: 96000, test_RMSE: 1.1957783699035645, erank: 1.0605801343917847
depth: 3, iteration: 97000, test_RMSE: 1.1994860172271729, erank: 1.0640732049942017
depth: 3, iteration: 98000, test_RMSE: 1.201613187789917, erank: 1.0686477422714233
depth: 3, iteration: 99000, test_RMSE: 1.2029305696487427, erank: 1.0742764472961426
depth: 3, iteration: 100000, test_RMSE: 1.2037819623947144, erank: 1.0811034440994263
depth: 3, iteration: 101000, test_RMSE: 1.2043373584747314, erank: 1.0893923044204712
depth: 3, iteration: 102000, test_RMSE: 1.204688549041748, erank: 1.0995310544967651
depth: 3, iteration: 103000, test_RMSE: 1.2048882246017456, erank: 1.1120678186416626
depth: 3, iteration: 104000, test_RMSE: 1.204965353012085, erank: 1.1277787685394287
depth: 3, iteration: 105000, test_RMSE: 1.2049330472946167, erank: 1.147782325744629
depth: 3, iteration: 106000, test_RMSE: 1.2047911882400513, erank: 1.1737167835235596
depth: 3, iteration: 107000, test_RMSE: 1.204525113105774, erank: 1.2080354690551758
depth: 3, iteration: 108000, test_RMSE: 1.2041031122207642, erank: 1.2544914484024048
depth: 3, iteration: 109000, test_RMSE: 1.2034697532653809, erank: 1.3188998699188232
depth: 3, iteration: 110000, test_RMSE: 1.2025421857833862, erank: 1.4102416038513184
depth: 3, iteration: 111000, test_RMSE: 1.201228380203247, erank: 1.5416898727416992
depth: 3, iteration: 112000, test_RMSE: 1.199560523033142, erank: 1.7289628982543945
depth: 3, iteration: 113000, test_RMSE: 1.198240876197815, erank: 1.9782160520553589
depth: 3, iteration: 114000, test_RMSE: 1.1998839378356934, erank: 2.2582125663757324
depth: 3, iteration: 115000, test_RMSE: 1.2084263563156128, erank: 2.5046677589416504
depth: 3, iteration: 116000, test_RMSE: 1.222408652305603, erank: 2.7004706859588623
depth: 3, iteration: 117000, test_RMSE: 1.236251711845398, erank: 2.868485450744629
depth: 3, iteration: 118000, test_RMSE: 1.2504332065582275, erank: 2.9958996772766113
depth: 3, iteration: 119000, test_RMSE: 1.2663006782531738, erank: 3.0670714378356934
depth: 3, iteration: 120000, test_RMSE: 1.2807127237319946, erank: 3.1012656688690186
depth: 3, iteration: 121000, test_RMSE: 1.291460394859314, erank: 3.1225409507751465
depth: 3, iteration: 122000, test_RMSE: 1.2990273237228394, erank: 3.1423258781433105
depth: 3, iteration: 123000, test_RMSE: 1.3044589757919312, erank: 3.164947032928467
depth: 3, iteration: 124000, test_RMSE: 1.3084614276885986, erank: 3.1927082538604736
depth: 3, iteration: 125000, test_RMSE: 1.311424970626831, erank: 3.2277090549468994
depth: 3, iteration: 126000, test_RMSE: 1.3135648965835571, erank: 3.272385597229004
depth: 3, iteration: 127000, test_RMSE: 1.3150111436843872, erank: 3.329564332962036
depth: 3, iteration: 128000, test_RMSE: 1.315871238708496, erank: 3.4021010398864746
depth: 3, iteration: 129000, test_RMSE: 1.31630539894104, erank: 3.4915740489959717
depth: 3, iteration: 130000, test_RMSE: 1.3166420459747314, erank: 3.5957443714141846
depth: 3, iteration: 131000, test_RMSE: 1.317477822303772, erank: 3.705512046813965
depth: 3, iteration: 132000, test_RMSE: 1.3195185661315918, erank: 3.805581569671631
depth: 3, iteration: 133000, test_RMSE: 1.3229966163635254, erank: 3.882521390914917
depth: 3, iteration: 134000, test_RMSE: 1.3272936344146729, erank: 3.933302879333496
depth: 3, iteration: 135000, test_RMSE: 1.3314838409423828, erank: 3.963904619216919
depth: 3, iteration: 136000, test_RMSE: 1.3350344896316528, erank: 3.9820663928985596
depth: 3, iteration: 137000, test_RMSE: 1.3378684520721436, erank: 3.993351697921753
depth: 3, iteration: 138000, test_RMSE: 1.3401082754135132, erank: 4.00095796585083
depth: 3, iteration: 139000, test_RMSE: 1.3419016599655151, erank: 4.006580829620361
depth: 3, iteration: 140000, test_RMSE: 1.3433653116226196, erank: 4.011111259460449
depth: 3, iteration: 141000, test_RMSE: 1.3445806503295898, erank: 4.015048027038574
depth: 3, iteration: 142000, test_RMSE: 1.3456038236618042, erank: 4.018675327301025
depth: 3, iteration: 143000, test_RMSE: 1.3464752435684204, erank: 4.022181034088135
depth: 3, iteration: 144000, test_RMSE: 1.347222924232483, erank: 4.02569580078125
depth: 3, iteration: 145000, test_RMSE: 1.3478686809539795, erank: 4.029327869415283
depth: 3, iteration: 146000, test_RMSE: 1.3484286069869995, erank: 4.033174991607666
depth: 3, iteration: 147000, test_RMSE: 1.348915934562683, erank: 4.037330150604248
depth: 3, iteration: 148000, test_RMSE: 1.3493403196334839, erank: 4.041893005371094
depth: 3, iteration: 149000, test_RMSE: 1.34971022605896, erank: 4.0469746589660645
depth: 3, iteration: 150000, test_RMSE: 1.3500312566757202, erank: 4.052696704864502
depth: 3, iteration: 151000, test_RMSE: 1.3503077030181885, erank: 4.059216499328613
depth: 3, iteration: 152000, test_RMSE: 1.3505433797836304, erank: 4.066708564758301
depth: 3, iteration: 153000, test_RMSE: 1.350739598274231, erank: 4.075401306152344
depth: 3, iteration: 154000, test_RMSE: 1.3508970737457275, erank: 4.085569381713867
depth: 3, iteration: 155000, test_RMSE: 1.3510149717330933, erank: 4.097559928894043
depth: 3, iteration: 156000, test_RMSE: 1.3510907888412476, erank: 4.111804962158203
depth: 3, iteration: 157000, test_RMSE: 1.3511205911636353, erank: 4.1288628578186035
depth: 3, iteration: 158000, test_RMSE: 1.351098656654358, erank: 4.1494293212890625
depth: 3, iteration: 159000, test_RMSE: 1.351016640663147, erank: 4.17437744140625
depth: 3, iteration: 160000, test_RMSE: 1.3508660793304443, erank: 4.204773902893066
depth: 3, iteration: 161000, test_RMSE: 1.350636601448059, erank: 4.241902828216553
depth: 3, iteration: 162000, test_RMSE: 1.3503221273422241, erank: 4.2871928215026855
depth: 3, iteration: 163000, test_RMSE: 1.349928379058838, erank: 4.3420000076293945
depth: 3, iteration: 164000, test_RMSE: 1.3494889736175537, erank: 4.407207489013672
depth: 3, iteration: 165000, test_RMSE: 1.3490914106369019, erank: 4.482402801513672
depth: 3, iteration: 166000, test_RMSE: 1.3489048480987549, erank: 4.564878940582275
depth: 3, iteration: 167000, test_RMSE: 1.3491761684417725, erank: 4.6490020751953125
depth: 3, iteration: 168000, test_RMSE: 1.3501403331756592, erank: 4.727093696594238
depth: 3, iteration: 169000, test_RMSE: 1.3518526554107666, erank: 4.7923126220703125
depth: 3, iteration: 170000, test_RMSE: 1.3540916442871094, erank: 4.84158992767334
depth: 3, iteration: 171000, test_RMSE: 1.3564733266830444, erank: 4.876061916351318
depth: 3, iteration: 172000, test_RMSE: 1.3586711883544922, erank: 4.899148464202881
depth: 3, iteration: 173000, test_RMSE: 1.360526204109192, erank: 4.914421558380127
depth: 3, iteration: 174000, test_RMSE: 1.3620189428329468, erank: 4.924671649932861
depth: 3, iteration: 175000, test_RMSE: 1.363197922706604, erank: 4.931733131408691
depth: 3, iteration: 176000, test_RMSE: 1.3641277551651, erank: 4.9367756843566895
depth: 3, iteration: 177000, test_RMSE: 1.364866852760315, erank: 4.940503120422363
depth: 3, iteration: 178000, test_RMSE: 1.3654617071151733, erank: 4.9433512687683105
depth: 3, iteration: 179000, test_RMSE: 1.3659460544586182, erank: 4.945589542388916
depth: 3, iteration: 180000, test_RMSE: 1.366344928741455, erank: 4.947389125823975
depth: 3, iteration: 181000, test_RMSE: 1.3666765689849854, erank: 4.948862552642822
depth: 3, iteration: 182000, test_RMSE: 1.3669549226760864, erank: 4.95008659362793
depth: 3, iteration: 183000, test_RMSE: 1.3671901226043701, erank: 4.95111608505249
depth: 3, iteration: 184000, test_RMSE: 1.3673899173736572, erank: 4.951987266540527
depth: 3, iteration: 185000, test_RMSE: 1.367560863494873, erank: 4.95273494720459
depth: 3, iteration: 186000, test_RMSE: 1.36770761013031, erank: 4.9533820152282715
depth: 3, iteration: 187000, test_RMSE: 1.367834210395813, erank: 4.9539384841918945
depth: 3, iteration: 188000, test_RMSE: 1.3679437637329102, erank: 4.954425811767578
depth: 3, iteration: 189000, test_RMSE: 1.368038535118103, erank: 4.9548492431640625
depth: 3, iteration: 190000, test_RMSE: 1.3681210279464722, erank: 4.955225944519043
depth: 3, iteration: 191000, test_RMSE: 1.3681926727294922, erank: 4.955554485321045
depth: 3, iteration: 192000, test_RMSE: 1.3682559728622437, erank: 4.955848217010498
depth: 3, iteration: 193000, test_RMSE: 1.3683112859725952, erank: 4.9561052322387695
depth: 3, iteration: 194000, test_RMSE: 1.368359923362732, erank: 4.956338405609131
depth: 3, iteration: 195000, test_RMSE: 1.3684022426605225, erank: 4.956542015075684
depth: 3, iteration: 196000, test_RMSE: 1.3684395551681519, erank: 4.95672082901001
depth: 3, iteration: 197000, test_RMSE: 1.3684723377227783, erank: 4.956883907318115
depth: 3, iteration: 198000, test_RMSE: 1.3685013055801392, erank: 4.957032203674316
depth: 3, iteration: 199000, test_RMSE: 1.3685269355773926, erank: 4.957162857055664
