depth: 3, iteration: 0, test_RMSE: 1.1252219676971436, erank: 56.72395324707031
depth: 3, iteration: 1000, test_RMSE: 1.1252219676971436, erank: 56.71573257446289
depth: 3, iteration: 2000, test_RMSE: 1.1252219676971436, erank: 56.69312286376953
depth: 3, iteration: 3000, test_RMSE: 1.1252219676971436, erank: 56.65610122680664
depth: 3, iteration: 4000, test_RMSE: 1.1252219676971436, erank: 56.60457992553711
depth: 3, iteration: 5000, test_RMSE: 1.1252219676971436, erank: 56.53837966918945
depth: 3, iteration: 6000, test_RMSE: 1.1252219676971436, erank: 56.45750427246094
depth: 3, iteration: 7000, test_RMSE: 1.1252219676971436, erank: 56.36172103881836
depth: 3, iteration: 8000, test_RMSE: 1.1252219676971436, erank: 56.250972747802734
depth: 3, iteration: 9000, test_RMSE: 1.1252219676971436, erank: 56.12504577636719
depth: 3, iteration: 10000, test_RMSE: 1.1252219676971436, erank: 55.983787536621094
depth: 3, iteration: 11000, test_RMSE: 1.1252219676971436, erank: 55.82695770263672
depth: 3, iteration: 12000, test_RMSE: 1.1252219676971436, erank: 55.654380798339844
depth: 3, iteration: 13000, test_RMSE: 1.1252219676971436, erank: 55.46577453613281
depth: 3, iteration: 14000, test_RMSE: 1.1252219676971436, erank: 55.2608642578125
depth: 3, iteration: 15000, test_RMSE: 1.125222086906433, erank: 55.03946304321289
depth: 3, iteration: 16000, test_RMSE: 1.1252219676971436, erank: 54.80107498168945
depth: 3, iteration: 17000, test_RMSE: 1.125222086906433, erank: 54.54542922973633
depth: 3, iteration: 18000, test_RMSE: 1.1252219676971436, erank: 54.27217483520508
depth: 3, iteration: 19000, test_RMSE: 1.1252219676971436, erank: 53.9808464050293
depth: 3, iteration: 20000, test_RMSE: 1.1252219676971436, erank: 53.67088317871094
depth: 3, iteration: 21000, test_RMSE: 1.1252219676971436, erank: 53.34200668334961
depth: 3, iteration: 22000, test_RMSE: 1.1252219676971436, erank: 52.993568420410156
depth: 3, iteration: 23000, test_RMSE: 1.1252219676971436, erank: 52.62482452392578
depth: 3, iteration: 24000, test_RMSE: 1.1252219676971436, erank: 52.23529052734375
depth: 3, iteration: 25000, test_RMSE: 1.1252219676971436, erank: 51.82421112060547
depth: 3, iteration: 26000, test_RMSE: 1.1252219676971436, erank: 51.39084243774414
depth: 3, iteration: 27000, test_RMSE: 1.125221848487854, erank: 50.93428421020508
depth: 3, iteration: 28000, test_RMSE: 1.125221848487854, erank: 50.45358657836914
depth: 3, iteration: 29000, test_RMSE: 1.125221848487854, erank: 49.94771194458008
depth: 3, iteration: 30000, test_RMSE: 1.1252217292785645, erank: 49.41562271118164
depth: 3, iteration: 31000, test_RMSE: 1.1252217292785645, erank: 48.85604476928711
depth: 3, iteration: 32000, test_RMSE: 1.125221610069275, erank: 48.26769256591797
depth: 3, iteration: 33000, test_RMSE: 1.1252214908599854, erank: 47.648983001708984
depth: 3, iteration: 34000, test_RMSE: 1.1252213716506958, erank: 46.99843978881836
depth: 3, iteration: 35000, test_RMSE: 1.1252212524414062, erank: 46.31416320800781
depth: 3, iteration: 36000, test_RMSE: 1.1252211332321167, erank: 45.59428405761719
depth: 3, iteration: 37000, test_RMSE: 1.1252210140228271, erank: 44.8367805480957
depth: 3, iteration: 38000, test_RMSE: 1.1252208948135376, erank: 44.039024353027344
depth: 3, iteration: 39000, test_RMSE: 1.1252206563949585, erank: 43.19881820678711
depth: 3, iteration: 40000, test_RMSE: 1.125220537185669, erank: 42.31309127807617
depth: 3, iteration: 41000, test_RMSE: 1.1252201795578003, erank: 41.37884521484375
depth: 3, iteration: 42000, test_RMSE: 1.1252199411392212, erank: 40.39276885986328
depth: 3, iteration: 43000, test_RMSE: 1.1252195835113525, erank: 39.35122299194336
depth: 3, iteration: 44000, test_RMSE: 1.1252192258834839, erank: 38.25043869018555
depth: 3, iteration: 45000, test_RMSE: 1.1252187490463257, erank: 37.08572769165039
depth: 3, iteration: 46000, test_RMSE: 1.125218152999878, erank: 35.8529052734375
depth: 3, iteration: 47000, test_RMSE: 1.1252175569534302, erank: 34.54710006713867
depth: 3, iteration: 48000, test_RMSE: 1.1252167224884033, erank: 33.16352844238281
depth: 3, iteration: 49000, test_RMSE: 1.1252158880233765, erank: 31.697500228881836
depth: 3, iteration: 50000, test_RMSE: 1.1252148151397705, erank: 30.143962860107422
depth: 3, iteration: 51000, test_RMSE: 1.1252135038375854, erank: 28.499454498291016
depth: 3, iteration: 52000, test_RMSE: 1.1252119541168213, erank: 26.760942459106445
depth: 3, iteration: 53000, test_RMSE: 1.1252100467681885, erank: 24.92764663696289
depth: 3, iteration: 54000, test_RMSE: 1.1252076625823975, erank: 23.001718521118164
depth: 3, iteration: 55000, test_RMSE: 1.1252045631408691, erank: 20.989294052124023
depth: 3, iteration: 56000, test_RMSE: 1.125200629234314, erank: 18.902891159057617
depth: 3, iteration: 57000, test_RMSE: 1.1251956224441528, erank: 16.762252807617188
depth: 3, iteration: 58000, test_RMSE: 1.125188946723938, erank: 14.597468376159668
depth: 3, iteration: 59000, test_RMSE: 1.1251800060272217, erank: 12.448751449584961
depth: 3, iteration: 60000, test_RMSE: 1.1251676082611084, erank: 10.367119789123535
depth: 3, iteration: 61000, test_RMSE: 1.1251499652862549, erank: 8.411520004272461
depth: 3, iteration: 62000, test_RMSE: 1.1251239776611328, erank: 6.642388820648193
depth: 3, iteration: 63000, test_RMSE: 1.1250845193862915, erank: 5.112780570983887
depth: 3, iteration: 64000, test_RMSE: 1.1250227689743042, erank: 3.857273817062378
depth: 3, iteration: 65000, test_RMSE: 1.1249233484268188, erank: 2.884880542755127
depth: 3, iteration: 66000, test_RMSE: 1.1247669458389282, erank: 2.178048610687256
depth: 3, iteration: 67000, test_RMSE: 1.1245758533477783, erank: 1.6996852159500122
depth: 3, iteration: 68000, test_RMSE: 1.1247332096099854, erank: 1.4041895866394043
depth: 3, iteration: 69000, test_RMSE: 1.1272573471069336, erank: 1.243359088897705
depth: 3, iteration: 70000, test_RMSE: 1.1370842456817627, erank: 1.1657779216766357
depth: 3, iteration: 71000, test_RMSE: 1.1589064598083496, erank: 1.128062129020691
depth: 3, iteration: 72000, test_RMSE: 1.1907694339752197, erank: 1.1096099615097046
depth: 3, iteration: 73000, test_RMSE: 1.2228807210922241, erank: 1.102509617805481
depth: 3, iteration: 74000, test_RMSE: 1.248476505279541, erank: 1.1020430326461792
depth: 3, iteration: 75000, test_RMSE: 1.267431378364563, erank: 1.1054847240447998
depth: 3, iteration: 76000, test_RMSE: 1.281747579574585, erank: 1.1116023063659668
depth: 3, iteration: 77000, test_RMSE: 1.2931104898452759, erank: 1.1200120449066162
depth: 3, iteration: 78000, test_RMSE: 1.3025790452957153, erank: 1.1307989358901978
depth: 3, iteration: 79000, test_RMSE: 1.3107702732086182, erank: 1.144372582435608
depth: 3, iteration: 80000, test_RMSE: 1.3180359601974487, erank: 1.1614406108856201
depth: 3, iteration: 81000, test_RMSE: 1.3245701789855957, erank: 1.1830692291259766
depth: 3, iteration: 82000, test_RMSE: 1.330470085144043, erank: 1.2107946872711182
depth: 3, iteration: 83000, test_RMSE: 1.3357669115066528, erank: 1.2468020915985107
depth: 3, iteration: 84000, test_RMSE: 1.3404439687728882, erank: 1.294110655784607
depth: 3, iteration: 85000, test_RMSE: 1.3444496393203735, erank: 1.3567442893981934
depth: 3, iteration: 86000, test_RMSE: 1.3477256298065186, erank: 1.4394278526306152
depth: 3, iteration: 87000, test_RMSE: 1.3502681255340576, erank: 1.5464075803756714
depth: 3, iteration: 88000, test_RMSE: 1.352236270904541, erank: 1.678792953491211
depth: 3, iteration: 89000, test_RMSE: 1.354026436805725, erank: 1.8319884538650513
depth: 3, iteration: 90000, test_RMSE: 1.3561427593231201, erank: 1.9966890811920166
depth: 3, iteration: 91000, test_RMSE: 1.3588236570358276, erank: 2.1637985706329346
depth: 3, iteration: 92000, test_RMSE: 1.3617510795593262, erank: 2.3277175426483154
depth: 3, iteration: 93000, test_RMSE: 1.3642772436141968, erank: 2.4856154918670654
depth: 3, iteration: 94000, test_RMSE: 1.3661020994186401, erank: 2.633678913116455
depth: 3, iteration: 95000, test_RMSE: 1.367582082748413, erank: 2.7650651931762695
depth: 3, iteration: 96000, test_RMSE: 1.3692703247070312, erank: 2.8739044666290283
depth: 3, iteration: 97000, test_RMSE: 1.371376633644104, erank: 2.960171699523926
depth: 3, iteration: 98000, test_RMSE: 1.3737635612487793, erank: 3.0291967391967773
depth: 3, iteration: 99000, test_RMSE: 1.3762269020080566, erank: 3.087571859359741
depth: 3, iteration: 100000, test_RMSE: 1.3786444664001465, erank: 3.1407647132873535
depth: 3, iteration: 101000, test_RMSE: 1.3809696435928345, erank: 3.1927073001861572
depth: 3, iteration: 102000, test_RMSE: 1.3831868171691895, erank: 3.2462809085845947
depth: 3, iteration: 103000, test_RMSE: 1.3852850198745728, erank: 3.3036417961120605
depth: 3, iteration: 104000, test_RMSE: 1.387249231338501, erank: 3.366443395614624
depth: 3, iteration: 105000, test_RMSE: 1.3890652656555176, erank: 3.4357357025146484
depth: 3, iteration: 106000, test_RMSE: 1.3907324075698853, erank: 3.511725664138794
depth: 3, iteration: 107000, test_RMSE: 1.3922739028930664, erank: 3.593353509902954
depth: 3, iteration: 108000, test_RMSE: 1.3937394618988037, erank: 3.678208589553833
depth: 3, iteration: 109000, test_RMSE: 1.3951904773712158, erank: 3.762934923171997
depth: 3, iteration: 110000, test_RMSE: 1.396669864654541, erank: 3.844261407852173
depth: 3, iteration: 111000, test_RMSE: 1.3981809616088867, erank: 3.919954776763916
depth: 3, iteration: 112000, test_RMSE: 1.3996877670288086, erank: 3.9893369674682617
depth: 3, iteration: 113000, test_RMSE: 1.401135802268982, erank: 4.05284309387207
depth: 3, iteration: 114000, test_RMSE: 1.4024710655212402, erank: 4.111485958099365
depth: 3, iteration: 115000, test_RMSE: 1.4036494493484497, erank: 4.166382312774658
depth: 3, iteration: 116000, test_RMSE: 1.404639482498169, erank: 4.21853494644165
depth: 3, iteration: 117000, test_RMSE: 1.4054187536239624, erank: 4.268819808959961
depth: 3, iteration: 118000, test_RMSE: 1.4059756994247437, erank: 4.317986488342285
depth: 3, iteration: 119000, test_RMSE: 1.406304955482483, erank: 4.366628170013428
depth: 3, iteration: 120000, test_RMSE: 1.4064085483551025, erank: 4.415222644805908
depth: 3, iteration: 121000, test_RMSE: 1.4062944650650024, erank: 4.464114189147949
depth: 3, iteration: 122000, test_RMSE: 1.4059746265411377, erank: 4.513483047485352
depth: 3, iteration: 123000, test_RMSE: 1.4054664373397827, erank: 4.5633697509765625
depth: 3, iteration: 124000, test_RMSE: 1.404791235923767, erank: 4.613646030426025
depth: 3, iteration: 125000, test_RMSE: 1.403975248336792, erank: 4.664025783538818
depth: 3, iteration: 126000, test_RMSE: 1.4030472040176392, erank: 4.714117050170898
depth: 3, iteration: 127000, test_RMSE: 1.4020378589630127, erank: 4.763436794281006
depth: 3, iteration: 128000, test_RMSE: 1.400978922843933, erank: 4.8114705085754395
depth: 3, iteration: 129000, test_RMSE: 1.3999000787734985, erank: 4.857760429382324
depth: 3, iteration: 130000, test_RMSE: 1.3988279104232788, erank: 4.901893138885498
depth: 3, iteration: 131000, test_RMSE: 1.3977831602096558, erank: 4.943603038787842
depth: 3, iteration: 132000, test_RMSE: 1.3967819213867188, erank: 4.982728481292725
depth: 3, iteration: 133000, test_RMSE: 1.395833969116211, erank: 5.019210338592529
depth: 3, iteration: 134000, test_RMSE: 1.3949440717697144, erank: 5.0531182289123535
depth: 3, iteration: 135000, test_RMSE: 1.394113302230835, erank: 5.0845561027526855
depth: 3, iteration: 136000, test_RMSE: 1.3933391571044922, erank: 5.113668441772461
depth: 3, iteration: 137000, test_RMSE: 1.3926177024841309, erank: 5.140625953674316
depth: 3, iteration: 138000, test_RMSE: 1.3919436931610107, erank: 5.165621280670166
depth: 3, iteration: 139000, test_RMSE: 1.3913116455078125, erank: 5.188802242279053
depth: 3, iteration: 140000, test_RMSE: 1.3907151222229004, erank: 5.210363388061523
depth: 3, iteration: 141000, test_RMSE: 1.390149474143982, erank: 5.230416774749756
depth: 3, iteration: 142000, test_RMSE: 1.389609694480896, erank: 5.249121189117432
depth: 3, iteration: 143000, test_RMSE: 1.3890917301177979, erank: 5.266580104827881
depth: 3, iteration: 144000, test_RMSE: 1.3885921239852905, erank: 5.282900810241699
depth: 3, iteration: 145000, test_RMSE: 1.3881077766418457, erank: 5.298184394836426
depth: 3, iteration: 146000, test_RMSE: 1.3876370191574097, erank: 5.312497138977051
depth: 3, iteration: 147000, test_RMSE: 1.38717782497406, erank: 5.3259172439575195
depth: 3, iteration: 148000, test_RMSE: 1.3867281675338745, erank: 5.33851432800293
depth: 3, iteration: 149000, test_RMSE: 1.3862872123718262, erank: 5.350338935852051
depth: 3, iteration: 150000, test_RMSE: 1.3858546018600464, erank: 5.361450672149658
depth: 3, iteration: 151000, test_RMSE: 1.3854292631149292, erank: 5.371891498565674
depth: 3, iteration: 152000, test_RMSE: 1.3850107192993164, erank: 5.381717205047607
depth: 3, iteration: 153000, test_RMSE: 1.3845983743667603, erank: 5.390960693359375
depth: 3, iteration: 154000, test_RMSE: 1.3841925859451294, erank: 5.399667739868164
depth: 3, iteration: 155000, test_RMSE: 1.3837931156158447, erank: 5.407871246337891
depth: 3, iteration: 156000, test_RMSE: 1.3833998441696167, erank: 5.415597915649414
depth: 3, iteration: 157000, test_RMSE: 1.3830128908157349, erank: 5.4228901863098145
depth: 3, iteration: 158000, test_RMSE: 1.3826323747634888, erank: 5.429776668548584
depth: 3, iteration: 159000, test_RMSE: 1.3822580575942993, erank: 5.436276435852051
depth: 3, iteration: 160000, test_RMSE: 1.3818910121917725, erank: 5.442423343658447
depth: 3, iteration: 161000, test_RMSE: 1.381530523300171, erank: 5.448239326477051
depth: 3, iteration: 162000, test_RMSE: 1.3811768293380737, erank: 5.45373010635376
depth: 3, iteration: 163000, test_RMSE: 1.3808302879333496, erank: 5.458945274353027
depth: 3, iteration: 164000, test_RMSE: 1.380491018295288, erank: 5.463885307312012
depth: 3, iteration: 165000, test_RMSE: 1.3801591396331787, erank: 5.468569278717041
depth: 3, iteration: 166000, test_RMSE: 1.379834532737732, erank: 5.4730119705200195
depth: 3, iteration: 167000, test_RMSE: 1.379517674446106, erank: 5.477238178253174
depth: 3, iteration: 168000, test_RMSE: 1.3792084455490112, erank: 5.481245040893555
depth: 3, iteration: 169000, test_RMSE: 1.3789072036743164, erank: 5.485070705413818
depth: 3, iteration: 170000, test_RMSE: 1.3786137104034424, erank: 5.488708019256592
depth: 3, iteration: 171000, test_RMSE: 1.3783282041549683, erank: 5.4921722412109375
depth: 3, iteration: 172000, test_RMSE: 1.3780498504638672, erank: 5.495474338531494
depth: 3, iteration: 173000, test_RMSE: 1.3777798414230347, erank: 5.498632907867432
depth: 3, iteration: 174000, test_RMSE: 1.3775169849395752, erank: 5.501645565032959
depth: 3, iteration: 175000, test_RMSE: 1.3772622346878052, erank: 5.5045166015625
depth: 3, iteration: 176000, test_RMSE: 1.3770151138305664, erank: 5.507266521453857
depth: 3, iteration: 177000, test_RMSE: 1.3767752647399902, erank: 5.509890079498291
depth: 3, iteration: 178000, test_RMSE: 1.3765430450439453, erank: 5.512410640716553
depth: 3, iteration: 179000, test_RMSE: 1.3763186931610107, erank: 5.514820575714111
depth: 3, iteration: 180000, test_RMSE: 1.3761012554168701, erank: 5.517127513885498
depth: 3, iteration: 181000, test_RMSE: 1.3758914470672607, erank: 5.5193400382995605
depth: 3, iteration: 182000, test_RMSE: 1.3756887912750244, erank: 5.5214667320251465
depth: 3, iteration: 183000, test_RMSE: 1.3754929304122925, erank: 5.523505687713623
depth: 3, iteration: 184000, test_RMSE: 1.375304102897644, erank: 5.525457859039307
depth: 3, iteration: 185000, test_RMSE: 1.3751214742660522, erank: 5.527339458465576
depth: 3, iteration: 186000, test_RMSE: 1.3749455213546753, erank: 5.529141426086426
depth: 3, iteration: 187000, test_RMSE: 1.3747756481170654, erank: 5.5308756828308105
depth: 3, iteration: 188000, test_RMSE: 1.37461256980896, erank: 5.532552242279053
depth: 3, iteration: 189000, test_RMSE: 1.3744553327560425, erank: 5.534152030944824
depth: 3, iteration: 190000, test_RMSE: 1.3743044137954712, erank: 5.535690784454346
depth: 3, iteration: 191000, test_RMSE: 1.374159336090088, erank: 5.537170886993408
depth: 3, iteration: 192000, test_RMSE: 1.374019980430603, erank: 5.538605690002441
depth: 3, iteration: 193000, test_RMSE: 1.3738864660263062, erank: 5.539980411529541
depth: 3, iteration: 194000, test_RMSE: 1.3737578392028809, erank: 5.541302680969238
depth: 3, iteration: 195000, test_RMSE: 1.373634934425354, erank: 5.542578220367432
depth: 3, iteration: 196000, test_RMSE: 1.3735171556472778, erank: 5.5438079833984375
depth: 3, iteration: 197000, test_RMSE: 1.3734039068222046, erank: 5.544987201690674
depth: 3, iteration: 198000, test_RMSE: 1.373295545578003, erank: 5.546133518218994
depth: 3, iteration: 199000, test_RMSE: 1.3731919527053833, erank: 5.547226428985596
