depth: 3, iteration: 0, test_RMSE: 1.1219878196716309, erank: 56.73820877075195
depth: 3, iteration: 1000, test_RMSE: 1.1219878196716309, erank: 56.73179626464844
depth: 3, iteration: 2000, test_RMSE: 1.1219878196716309, erank: 56.7165641784668
depth: 3, iteration: 3000, test_RMSE: 1.1219878196716309, erank: 56.692527770996094
depth: 3, iteration: 4000, test_RMSE: 1.1219878196716309, erank: 56.659610748291016
depth: 3, iteration: 5000, test_RMSE: 1.1219878196716309, erank: 56.61796951293945
depth: 3, iteration: 6000, test_RMSE: 1.1219878196716309, erank: 56.567237854003906
depth: 3, iteration: 7000, test_RMSE: 1.1219878196716309, erank: 56.50760269165039
depth: 3, iteration: 8000, test_RMSE: 1.1219878196716309, erank: 56.43893051147461
depth: 3, iteration: 9000, test_RMSE: 1.1219878196716309, erank: 56.36112976074219
depth: 3, iteration: 10000, test_RMSE: 1.1219878196716309, erank: 56.27415084838867
depth: 3, iteration: 11000, test_RMSE: 1.1219878196716309, erank: 56.177818298339844
depth: 3, iteration: 12000, test_RMSE: 1.1219878196716309, erank: 56.07202911376953
depth: 3, iteration: 13000, test_RMSE: 1.1219878196716309, erank: 55.956748962402344
depth: 3, iteration: 14000, test_RMSE: 1.1219878196716309, erank: 55.831748962402344
depth: 3, iteration: 15000, test_RMSE: 1.1219878196716309, erank: 55.69693374633789
depth: 3, iteration: 16000, test_RMSE: 1.1219878196716309, erank: 55.55227279663086
depth: 3, iteration: 17000, test_RMSE: 1.1219878196716309, erank: 55.3974494934082
depth: 3, iteration: 18000, test_RMSE: 1.1219878196716309, erank: 55.232200622558594
depth: 3, iteration: 19000, test_RMSE: 1.1219877004623413, erank: 55.056392669677734
depth: 3, iteration: 20000, test_RMSE: 1.1219877004623413, erank: 54.86968231201172
depth: 3, iteration: 21000, test_RMSE: 1.1219877004623413, erank: 54.67192840576172
depth: 3, iteration: 22000, test_RMSE: 1.1219875812530518, erank: 54.462860107421875
depth: 3, iteration: 23000, test_RMSE: 1.1219875812530518, erank: 54.242225646972656
depth: 3, iteration: 24000, test_RMSE: 1.1219875812530518, erank: 54.0096321105957
depth: 3, iteration: 25000, test_RMSE: 1.1219874620437622, erank: 53.764732360839844
depth: 3, iteration: 26000, test_RMSE: 1.1219874620437622, erank: 53.50718688964844
depth: 3, iteration: 27000, test_RMSE: 1.1219873428344727, erank: 53.2364501953125
depth: 3, iteration: 28000, test_RMSE: 1.121987223625183, erank: 52.95219039916992
depth: 3, iteration: 29000, test_RMSE: 1.121987223625183, erank: 52.653865814208984
depth: 3, iteration: 30000, test_RMSE: 1.1219871044158936, erank: 52.34103012084961
depth: 3, iteration: 31000, test_RMSE: 1.121986985206604, erank: 52.01313781738281
depth: 3, iteration: 32000, test_RMSE: 1.1219868659973145, erank: 51.66950988769531
depth: 3, iteration: 33000, test_RMSE: 1.121986746788025, erank: 51.30956268310547
depth: 3, iteration: 34000, test_RMSE: 1.1219866275787354, erank: 50.932559967041016
depth: 3, iteration: 35000, test_RMSE: 1.1219865083694458, erank: 50.53775405883789
depth: 3, iteration: 36000, test_RMSE: 1.1219863891601562, erank: 50.124393463134766
depth: 3, iteration: 37000, test_RMSE: 1.1219862699508667, erank: 49.69156265258789
depth: 3, iteration: 38000, test_RMSE: 1.1219860315322876, erank: 49.23825454711914
depth: 3, iteration: 39000, test_RMSE: 1.121985912322998, erank: 48.76350784301758
depth: 3, iteration: 40000, test_RMSE: 1.121985673904419, erank: 48.26626205444336
depth: 3, iteration: 41000, test_RMSE: 1.1219854354858398, erank: 47.74518966674805
depth: 3, iteration: 42000, test_RMSE: 1.1219851970672607, erank: 47.199012756347656
depth: 3, iteration: 43000, test_RMSE: 1.121984839439392, erank: 46.62644577026367
depth: 3, iteration: 44000, test_RMSE: 1.1219844818115234, erank: 46.02580261230469
depth: 3, iteration: 45000, test_RMSE: 1.1219841241836548, erank: 45.39561080932617
depth: 3, iteration: 46000, test_RMSE: 1.1219837665557861, erank: 44.734092712402344
depth: 3, iteration: 47000, test_RMSE: 1.1219834089279175, erank: 44.039432525634766
depth: 3, iteration: 48000, test_RMSE: 1.1219829320907593, erank: 43.309120178222656
depth: 3, iteration: 49000, test_RMSE: 1.1219823360443115, erank: 42.5416145324707
depth: 3, iteration: 50000, test_RMSE: 1.1219816207885742, erank: 41.73420333862305
depth: 3, iteration: 51000, test_RMSE: 1.1219810247421265, erank: 40.88470458984375
depth: 3, iteration: 52000, test_RMSE: 1.1219801902770996, erank: 39.99011993408203
depth: 3, iteration: 53000, test_RMSE: 1.1219793558120728, erank: 39.0481071472168
depth: 3, iteration: 54000, test_RMSE: 1.1219782829284668, erank: 38.05570602416992
depth: 3, iteration: 55000, test_RMSE: 1.1219772100448608, erank: 37.009925842285156
depth: 3, iteration: 56000, test_RMSE: 1.1219758987426758, erank: 35.907772064208984
depth: 3, iteration: 57000, test_RMSE: 1.1219743490219116, erank: 34.74635696411133
depth: 3, iteration: 58000, test_RMSE: 1.121972680091858, erank: 33.52283477783203
depth: 3, iteration: 59000, test_RMSE: 1.1219706535339355, erank: 32.23505401611328
depth: 3, iteration: 60000, test_RMSE: 1.121968388557434, erank: 30.879974365234375
depth: 3, iteration: 61000, test_RMSE: 1.121965765953064, erank: 29.456554412841797
depth: 3, iteration: 62000, test_RMSE: 1.1219626665115356, erank: 27.96393585205078
depth: 3, iteration: 63000, test_RMSE: 1.1219589710235596, erank: 26.40241241455078
depth: 3, iteration: 64000, test_RMSE: 1.1219544410705566, erank: 24.774106979370117
depth: 3, iteration: 65000, test_RMSE: 1.1219491958618164, erank: 23.08283233642578
depth: 3, iteration: 66000, test_RMSE: 1.1219427585601807, erank: 21.335376739501953
depth: 3, iteration: 67000, test_RMSE: 1.1219348907470703, erank: 19.5411319732666
depth: 3, iteration: 68000, test_RMSE: 1.1219251155853271, erank: 17.71385383605957
depth: 3, iteration: 69000, test_RMSE: 1.1219128370285034, erank: 15.871002197265625
depth: 3, iteration: 70000, test_RMSE: 1.1218972206115723, erank: 14.034306526184082
depth: 3, iteration: 71000, test_RMSE: 1.1218769550323486, erank: 12.230513572692871
depth: 3, iteration: 72000, test_RMSE: 1.1218503713607788, erank: 10.48893928527832
depth: 3, iteration: 73000, test_RMSE: 1.1218146085739136, erank: 8.842009544372559
depth: 3, iteration: 74000, test_RMSE: 1.121765375137329, erank: 7.321285247802734
depth: 3, iteration: 75000, test_RMSE: 1.1216957569122314, erank: 5.955144882202148
depth: 3, iteration: 76000, test_RMSE: 1.121593952178955, erank: 4.765548229217529
depth: 3, iteration: 77000, test_RMSE: 1.1214405298233032, erank: 3.7646324634552
depth: 3, iteration: 78000, test_RMSE: 1.1212010383605957, erank: 2.953467607498169
depth: 3, iteration: 79000, test_RMSE: 1.1208168268203735, erank: 2.3221616744995117
depth: 3, iteration: 80000, test_RMSE: 1.1202088594436646, erank: 1.8525282144546509
depth: 3, iteration: 81000, test_RMSE: 1.1194154024124146, erank: 1.5220409631729126
depth: 3, iteration: 82000, test_RMSE: 1.1196069717407227, erank: 1.3075071573257446
depth: 3, iteration: 83000, test_RMSE: 1.1269056797027588, erank: 1.1859076023101807
depth: 3, iteration: 84000, test_RMSE: 1.1508742570877075, erank: 1.1301923990249634
depth: 3, iteration: 85000, test_RMSE: 1.1822198629379272, erank: 1.110694408416748
depth: 3, iteration: 86000, test_RMSE: 1.2055962085723877, erank: 1.1069512367248535
depth: 3, iteration: 87000, test_RMSE: 1.2201170921325684, erank: 1.1100760698318481
depth: 3, iteration: 88000, test_RMSE: 1.2291311025619507, erank: 1.117114543914795
depth: 3, iteration: 89000, test_RMSE: 1.2349311113357544, erank: 1.1273419857025146
depth: 3, iteration: 90000, test_RMSE: 1.2387691736221313, erank: 1.1409308910369873
depth: 3, iteration: 91000, test_RMSE: 1.2413408756256104, erank: 1.1585849523544312
depth: 3, iteration: 92000, test_RMSE: 1.243049144744873, erank: 1.1815073490142822
depth: 3, iteration: 93000, test_RMSE: 1.2441319227218628, erank: 1.2115191221237183
depth: 3, iteration: 94000, test_RMSE: 1.2447283267974854, erank: 1.251243233680725
depth: 3, iteration: 95000, test_RMSE: 1.2449209690093994, erank: 1.30437171459198
depth: 3, iteration: 96000, test_RMSE: 1.2447752952575684, erank: 1.3755782842636108
depth: 3, iteration: 97000, test_RMSE: 1.2444075345993042, erank: 1.4696625471115112
depth: 3, iteration: 98000, test_RMSE: 1.2441188097000122, erank: 1.588617205619812
depth: 3, iteration: 99000, test_RMSE: 1.2445873022079468, erank: 1.7265373468399048
depth: 3, iteration: 100000, test_RMSE: 1.2469053268432617, erank: 1.8674284219741821
depth: 3, iteration: 101000, test_RMSE: 1.2520673274993896, erank: 1.993125081062317
depth: 3, iteration: 102000, test_RMSE: 1.2600942850112915, erank: 2.0953309535980225
depth: 3, iteration: 103000, test_RMSE: 1.2697699069976807, erank: 2.1780576705932617
depth: 3, iteration: 104000, test_RMSE: 1.2793997526168823, erank: 2.2518014907836914
depth: 3, iteration: 105000, test_RMSE: 1.2877476215362549, erank: 2.3278896808624268
depth: 3, iteration: 106000, test_RMSE: 1.2943311929702759, erank: 2.415924072265625
depth: 3, iteration: 107000, test_RMSE: 1.2992502450942993, erank: 2.522296190261841
depth: 3, iteration: 108000, test_RMSE: 1.3030437231063843, erank: 2.6469979286193848
depth: 3, iteration: 109000, test_RMSE: 1.306665301322937, erank: 2.7789740562438965
depth: 3, iteration: 110000, test_RMSE: 1.3111321926116943, erank: 2.898080348968506
depth: 3, iteration: 111000, test_RMSE: 1.3166561126708984, erank: 2.9895148277282715
depth: 3, iteration: 112000, test_RMSE: 1.3224736452102661, erank: 3.0542263984680176
depth: 3, iteration: 113000, test_RMSE: 1.3277860879898071, erank: 3.101966381072998
depth: 3, iteration: 114000, test_RMSE: 1.332287311553955, erank: 3.1417531967163086
depth: 3, iteration: 115000, test_RMSE: 1.3359830379486084, erank: 3.1793735027313232
depth: 3, iteration: 116000, test_RMSE: 1.3389596939086914, erank: 3.2184016704559326
depth: 3, iteration: 117000, test_RMSE: 1.3412984609603882, erank: 3.2612316608428955
depth: 3, iteration: 118000, test_RMSE: 1.3430631160736084, erank: 3.309668779373169
depth: 3, iteration: 119000, test_RMSE: 1.3443098068237305, erank: 3.3650543689727783
depth: 3, iteration: 120000, test_RMSE: 1.3451067209243774, erank: 3.4279978275299072
depth: 3, iteration: 121000, test_RMSE: 1.3455570936203003, erank: 3.4979612827301025
depth: 3, iteration: 122000, test_RMSE: 1.3458223342895508, erank: 3.5727498531341553
depth: 3, iteration: 123000, test_RMSE: 1.3461205959320068, erank: 3.6483371257781982
depth: 3, iteration: 124000, test_RMSE: 1.3466806411743164, erank: 3.7196688652038574
depth: 3, iteration: 125000, test_RMSE: 1.3476545810699463, erank: 3.782263994216919
depth: 3, iteration: 126000, test_RMSE: 1.3490551710128784, erank: 3.8337385654449463
depth: 3, iteration: 127000, test_RMSE: 1.3507739305496216, erank: 3.8741424083709717
depth: 3, iteration: 128000, test_RMSE: 1.352658987045288, erank: 3.905135154724121
depth: 3, iteration: 129000, test_RMSE: 1.35458242893219, erank: 3.9288854598999023
depth: 3, iteration: 130000, test_RMSE: 1.3564636707305908, erank: 3.947375535964966
depth: 3, iteration: 131000, test_RMSE: 1.358263373374939, erank: 3.9621355533599854
depth: 3, iteration: 132000, test_RMSE: 1.3599666357040405, erank: 3.9742679595947266
depth: 3, iteration: 133000, test_RMSE: 1.361572027206421, erank: 3.984543561935425
depth: 3, iteration: 134000, test_RMSE: 1.3630841970443726, erank: 3.993500232696533
depth: 3, iteration: 135000, test_RMSE: 1.3645083904266357, erank: 4.001533508300781
depth: 3, iteration: 136000, test_RMSE: 1.3658514022827148, erank: 4.008910179138184
depth: 3, iteration: 137000, test_RMSE: 1.3671185970306396, erank: 4.015861988067627
depth: 3, iteration: 138000, test_RMSE: 1.3683152198791504, erank: 4.022558689117432
depth: 3, iteration: 139000, test_RMSE: 1.3694452047348022, erank: 4.029150009155273
depth: 3, iteration: 140000, test_RMSE: 1.3705123662948608, erank: 4.035762786865234
depth: 3, iteration: 141000, test_RMSE: 1.3715193271636963, erank: 4.042522430419922
depth: 3, iteration: 142000, test_RMSE: 1.3724688291549683, erank: 4.0495476722717285
depth: 3, iteration: 143000, test_RMSE: 1.3733623027801514, erank: 4.056972980499268
depth: 3, iteration: 144000, test_RMSE: 1.3742012977600098, erank: 4.0649237632751465
depth: 3, iteration: 145000, test_RMSE: 1.374986171722412, erank: 4.073547840118408
depth: 3, iteration: 146000, test_RMSE: 1.3757164478302002, erank: 4.083028793334961
depth: 3, iteration: 147000, test_RMSE: 1.3763915300369263, erank: 4.0935564041137695
depth: 3, iteration: 148000, test_RMSE: 1.3770097494125366, erank: 4.1053571701049805
depth: 3, iteration: 149000, test_RMSE: 1.3775688409805298, erank: 4.118708610534668
depth: 3, iteration: 150000, test_RMSE: 1.3780648708343506, erank: 4.133928298950195
depth: 3, iteration: 151000, test_RMSE: 1.3784940242767334, erank: 4.151394844055176
depth: 3, iteration: 152000, test_RMSE: 1.3788501024246216, erank: 4.171535491943359
depth: 3, iteration: 153000, test_RMSE: 1.3791264295578003, erank: 4.194848537445068
depth: 3, iteration: 154000, test_RMSE: 1.3793164491653442, erank: 4.221880912780762
depth: 3, iteration: 155000, test_RMSE: 1.3794126510620117, erank: 4.25316047668457
depth: 3, iteration: 156000, test_RMSE: 1.379410982131958, erank: 4.289157867431641
depth: 3, iteration: 157000, test_RMSE: 1.3793118000030518, erank: 4.330191135406494
depth: 3, iteration: 158000, test_RMSE: 1.3791251182556152, erank: 4.376199245452881
depth: 3, iteration: 159000, test_RMSE: 1.3788739442825317, erank: 4.426630973815918
depth: 3, iteration: 160000, test_RMSE: 1.3785983324050903, erank: 4.480249404907227
depth: 3, iteration: 161000, test_RMSE: 1.3783533573150635, erank: 4.53521728515625
depth: 3, iteration: 162000, test_RMSE: 1.3781993389129639, erank: 4.589338779449463
depth: 3, iteration: 163000, test_RMSE: 1.3781886100769043, erank: 4.640509605407715
depth: 3, iteration: 164000, test_RMSE: 1.378351092338562, erank: 4.6871418952941895
depth: 3, iteration: 165000, test_RMSE: 1.3786890506744385, erank: 4.728396892547607
depth: 3, iteration: 166000, test_RMSE: 1.3791805505752563, erank: 4.7640814781188965
depth: 3, iteration: 167000, test_RMSE: 1.3797876834869385, erank: 4.794501781463623
depth: 3, iteration: 168000, test_RMSE: 1.380467414855957, erank: 4.8201985359191895
depth: 3, iteration: 169000, test_RMSE: 1.3811777830123901, erank: 4.8418049812316895
depth: 3, iteration: 170000, test_RMSE: 1.381884217262268, erank: 4.85994291305542
depth: 3, iteration: 171000, test_RMSE: 1.3825609683990479, erank: 4.8752007484436035
depth: 3, iteration: 172000, test_RMSE: 1.383191466331482, erank: 4.888094425201416
depth: 3, iteration: 173000, test_RMSE: 1.3837668895721436, erank: 4.899055004119873
depth: 3, iteration: 174000, test_RMSE: 1.3842848539352417, erank: 4.908454418182373
depth: 3, iteration: 175000, test_RMSE: 1.3847466707229614, erank: 4.916570663452148
depth: 3, iteration: 176000, test_RMSE: 1.385156273841858, erank: 4.923641204833984
depth: 3, iteration: 177000, test_RMSE: 1.3855186700820923, erank: 4.929839611053467
depth: 3, iteration: 178000, test_RMSE: 1.385839581489563, erank: 4.935342311859131
depth: 3, iteration: 179000, test_RMSE: 1.386123776435852, erank: 4.940234661102295
depth: 3, iteration: 180000, test_RMSE: 1.386376976966858, erank: 4.9446234703063965
depth: 3, iteration: 181000, test_RMSE: 1.3866022825241089, erank: 4.948580265045166
depth: 3, iteration: 182000, test_RMSE: 1.3868046998977661, erank: 4.952157020568848
depth: 3, iteration: 183000, test_RMSE: 1.3869869709014893, erank: 4.955418109893799
depth: 3, iteration: 184000, test_RMSE: 1.3871521949768066, erank: 4.9583868980407715
depth: 3, iteration: 185000, test_RMSE: 1.3873025178909302, erank: 4.961105823516846
depth: 3, iteration: 186000, test_RMSE: 1.3874399662017822, erank: 4.9636101722717285
depth: 3, iteration: 187000, test_RMSE: 1.3875670433044434, erank: 4.965916633605957
depth: 3, iteration: 188000, test_RMSE: 1.3876841068267822, erank: 4.96804141998291
depth: 3, iteration: 189000, test_RMSE: 1.3877935409545898, erank: 4.970005512237549
depth: 3, iteration: 190000, test_RMSE: 1.3878958225250244, erank: 4.971826553344727
depth: 3, iteration: 191000, test_RMSE: 1.3879919052124023, erank: 4.973523139953613
depth: 3, iteration: 192000, test_RMSE: 1.3880826234817505, erank: 4.97509765625
depth: 3, iteration: 193000, test_RMSE: 1.388168454170227, erank: 4.976566791534424
depth: 3, iteration: 194000, test_RMSE: 1.3882497549057007, erank: 4.9779372215271
depth: 3, iteration: 195000, test_RMSE: 1.3883274793624878, erank: 4.979220867156982
depth: 3, iteration: 196000, test_RMSE: 1.3884015083312988, erank: 4.980421543121338
depth: 3, iteration: 197000, test_RMSE: 1.3884727954864502, erank: 4.981545925140381
depth: 3, iteration: 198000, test_RMSE: 1.3885407447814941, erank: 4.982603073120117
depth: 3, iteration: 199000, test_RMSE: 1.3886065483093262, erank: 4.98359489440918
