depth: 3, iteration: 0, test_RMSE: 1.1221024990081787, erank: 56.54267120361328
depth: 3, iteration: 1000, test_RMSE: 1.1221023797988892, erank: 56.54738235473633
depth: 3, iteration: 2000, test_RMSE: 1.1221023797988892, erank: 56.54344940185547
depth: 3, iteration: 3000, test_RMSE: 1.1221023797988892, erank: 56.530696868896484
depth: 3, iteration: 4000, test_RMSE: 1.1221023797988892, erank: 56.509246826171875
depth: 3, iteration: 5000, test_RMSE: 1.1221023797988892, erank: 56.478885650634766
depth: 3, iteration: 6000, test_RMSE: 1.1221022605895996, erank: 56.43960952758789
depth: 3, iteration: 7000, test_RMSE: 1.1221022605895996, erank: 56.391292572021484
depth: 3, iteration: 8000, test_RMSE: 1.1221022605895996, erank: 56.3337516784668
depth: 3, iteration: 9000, test_RMSE: 1.12210214138031, erank: 56.26688003540039
depth: 3, iteration: 10000, test_RMSE: 1.1221020221710205, erank: 56.19059753417969
depth: 3, iteration: 11000, test_RMSE: 1.1221020221710205, erank: 56.10476303100586
depth: 3, iteration: 12000, test_RMSE: 1.1221020221710205, erank: 56.009124755859375
depth: 3, iteration: 13000, test_RMSE: 1.1221020221710205, erank: 55.90357208251953
depth: 3, iteration: 14000, test_RMSE: 1.122101902961731, erank: 55.78778839111328
depth: 3, iteration: 15000, test_RMSE: 1.122101902961731, erank: 55.66154479980469
depth: 3, iteration: 16000, test_RMSE: 1.1221017837524414, erank: 55.524574279785156
depth: 3, iteration: 17000, test_RMSE: 1.1221017837524414, erank: 55.37666320800781
depth: 3, iteration: 18000, test_RMSE: 1.1221016645431519, erank: 55.217559814453125
depth: 3, iteration: 19000, test_RMSE: 1.1221016645431519, erank: 55.046810150146484
depth: 3, iteration: 20000, test_RMSE: 1.1221015453338623, erank: 54.86406326293945
depth: 3, iteration: 21000, test_RMSE: 1.1221015453338623, erank: 54.669010162353516
depth: 3, iteration: 22000, test_RMSE: 1.1221014261245728, erank: 54.46123504638672
depth: 3, iteration: 23000, test_RMSE: 1.1221013069152832, erank: 54.240482330322266
depth: 3, iteration: 24000, test_RMSE: 1.1221013069152832, erank: 54.00613021850586
depth: 3, iteration: 25000, test_RMSE: 1.122101068496704, erank: 53.75770568847656
depth: 3, iteration: 26000, test_RMSE: 1.122101068496704, erank: 53.49464797973633
depth: 3, iteration: 27000, test_RMSE: 1.1221009492874146, erank: 53.216426849365234
depth: 3, iteration: 28000, test_RMSE: 1.122100830078125, erank: 52.92237854003906
depth: 3, iteration: 29000, test_RMSE: 1.1221007108688354, erank: 52.611854553222656
depth: 3, iteration: 30000, test_RMSE: 1.1221004724502563, erank: 52.28411865234375
depth: 3, iteration: 31000, test_RMSE: 1.1221003532409668, erank: 51.938480377197266
depth: 3, iteration: 32000, test_RMSE: 1.1221001148223877, erank: 51.57412338256836
depth: 3, iteration: 33000, test_RMSE: 1.1220999956130981, erank: 51.19003677368164
depth: 3, iteration: 34000, test_RMSE: 1.122099757194519, erank: 50.78547668457031
depth: 3, iteration: 35000, test_RMSE: 1.12209951877594, erank: 50.359275817871094
depth: 3, iteration: 36000, test_RMSE: 1.1220992803573608, erank: 49.910484313964844
depth: 3, iteration: 37000, test_RMSE: 1.1220990419387817, erank: 49.43787384033203
depth: 3, iteration: 38000, test_RMSE: 1.122098684310913, erank: 48.940345764160156
depth: 3, iteration: 39000, test_RMSE: 1.122098445892334, erank: 48.41641616821289
depth: 3, iteration: 40000, test_RMSE: 1.1220982074737549, erank: 47.86492156982422
depth: 3, iteration: 41000, test_RMSE: 1.1220977306365967, erank: 47.28451156616211
depth: 3, iteration: 42000, test_RMSE: 1.122097373008728, erank: 46.67323303222656
depth: 3, iteration: 43000, test_RMSE: 1.1220968961715698, erank: 46.02997589111328
depth: 3, iteration: 44000, test_RMSE: 1.1220964193344116, erank: 45.35280227661133
depth: 3, iteration: 45000, test_RMSE: 1.1220959424972534, erank: 44.639991760253906
depth: 3, iteration: 46000, test_RMSE: 1.1220953464508057, erank: 43.88986587524414
depth: 3, iteration: 47000, test_RMSE: 1.122094750404358, erank: 43.10054016113281
depth: 3, iteration: 48000, test_RMSE: 1.1220940351486206, erank: 42.270294189453125
depth: 3, iteration: 49000, test_RMSE: 1.1220933198928833, erank: 41.39698791503906
depth: 3, iteration: 50000, test_RMSE: 1.1220924854278564, erank: 40.47914505004883
depth: 3, iteration: 51000, test_RMSE: 1.12209153175354, erank: 39.514801025390625
depth: 3, iteration: 52000, test_RMSE: 1.1220905780792236, erank: 38.502437591552734
depth: 3, iteration: 53000, test_RMSE: 1.1220893859863281, erank: 37.4404411315918
depth: 3, iteration: 54000, test_RMSE: 1.122088074684143, erank: 36.32758712768555
depth: 3, iteration: 55000, test_RMSE: 1.122086763381958, erank: 35.16276550292969
depth: 3, iteration: 56000, test_RMSE: 1.1220850944519043, erank: 33.945682525634766
depth: 3, iteration: 57000, test_RMSE: 1.1220834255218506, erank: 32.676204681396484
depth: 3, iteration: 58000, test_RMSE: 1.1220813989639282, erank: 31.354873657226562
depth: 3, iteration: 59000, test_RMSE: 1.1220791339874268, erank: 29.98318862915039
depth: 3, iteration: 60000, test_RMSE: 1.1220765113830566, erank: 28.563344955444336
depth: 3, iteration: 61000, test_RMSE: 1.1220736503601074, erank: 27.098596572875977
depth: 3, iteration: 62000, test_RMSE: 1.1220703125, erank: 25.593647003173828
depth: 3, iteration: 63000, test_RMSE: 1.1220664978027344, erank: 24.054433822631836
depth: 3, iteration: 64000, test_RMSE: 1.1220619678497314, erank: 22.488101959228516
depth: 3, iteration: 65000, test_RMSE: 1.1220568418502808, erank: 20.903667449951172
depth: 3, iteration: 66000, test_RMSE: 1.1220507621765137, erank: 19.311521530151367
depth: 3, iteration: 67000, test_RMSE: 1.1220438480377197, erank: 17.723407745361328
depth: 3, iteration: 68000, test_RMSE: 1.1220355033874512, erank: 16.15247917175293
depth: 3, iteration: 69000, test_RMSE: 1.1220256090164185, erank: 14.612950325012207
depth: 3, iteration: 70000, test_RMSE: 1.1220135688781738, erank: 13.11911678314209
depth: 3, iteration: 71000, test_RMSE: 1.1219990253448486, erank: 11.685739517211914
depth: 3, iteration: 72000, test_RMSE: 1.121981143951416, erank: 10.3264741897583
depth: 3, iteration: 73000, test_RMSE: 1.1219589710235596, erank: 9.053848266601562
depth: 3, iteration: 74000, test_RMSE: 1.1219311952590942, erank: 7.8782477378845215
depth: 3, iteration: 75000, test_RMSE: 1.1218957901000977, erank: 6.807307243347168
depth: 3, iteration: 76000, test_RMSE: 1.121849775314331, erank: 5.845760822296143
depth: 3, iteration: 77000, test_RMSE: 1.1217892169952393, erank: 4.994846820831299
depth: 3, iteration: 78000, test_RMSE: 1.1217079162597656, erank: 4.252712249755859
depth: 3, iteration: 79000, test_RMSE: 1.1215962171554565, erank: 3.614611864089966
depth: 3, iteration: 80000, test_RMSE: 1.1214395761489868, erank: 3.0734002590179443
depth: 3, iteration: 81000, test_RMSE: 1.1212154626846313, erank: 2.6204872131347656
depth: 3, iteration: 82000, test_RMSE: 1.1208921670913696, erank: 2.2465736865997314
depth: 3, iteration: 83000, test_RMSE: 1.1204391717910767, erank: 1.9425665140151978
depth: 3, iteration: 84000, test_RMSE: 1.1199027299880981, erank: 1.7008079290390015
depth: 3, iteration: 85000, test_RMSE: 1.1197843551635742, erank: 1.5162806510925293
depth: 3, iteration: 86000, test_RMSE: 1.122381567955017, erank: 1.3880900144577026
depth: 3, iteration: 87000, test_RMSE: 1.1332610845565796, erank: 1.319014549255371
depth: 3, iteration: 88000, test_RMSE: 1.153848648071289, erank: 1.31055748462677
depth: 3, iteration: 89000, test_RMSE: 1.173503041267395, erank: 1.3598941564559937
depth: 3, iteration: 90000, test_RMSE: 1.1855086088180542, erank: 1.4673199653625488
depth: 3, iteration: 91000, test_RMSE: 1.1916875839233398, erank: 1.6350051164627075
depth: 3, iteration: 92000, test_RMSE: 1.1968815326690674, erank: 1.8338121175765991
depth: 3, iteration: 93000, test_RMSE: 1.2083711624145508, erank: 1.9797714948654175
depth: 3, iteration: 94000, test_RMSE: 1.2271831035614014, erank: 2.0354983806610107
depth: 3, iteration: 95000, test_RMSE: 1.2441774606704712, erank: 2.0477445125579834
depth: 3, iteration: 96000, test_RMSE: 1.2555649280548096, erank: 2.0501532554626465
depth: 3, iteration: 97000, test_RMSE: 1.2629655599594116, erank: 2.051309823989868
depth: 3, iteration: 98000, test_RMSE: 1.2680798768997192, erank: 2.052668809890747
depth: 3, iteration: 99000, test_RMSE: 1.2718333005905151, erank: 2.0544447898864746
depth: 3, iteration: 100000, test_RMSE: 1.2747055292129517, erank: 2.056678056716919
depth: 3, iteration: 101000, test_RMSE: 1.2769665718078613, erank: 2.059406280517578
depth: 3, iteration: 102000, test_RMSE: 1.2787829637527466, erank: 2.0626883506774902
depth: 3, iteration: 103000, test_RMSE: 1.2802646160125732, erank: 2.06661057472229
depth: 3, iteration: 104000, test_RMSE: 1.2814866304397583, erank: 2.0712924003601074
depth: 3, iteration: 105000, test_RMSE: 1.2825021743774414, erank: 2.076900005340576
depth: 3, iteration: 106000, test_RMSE: 1.2833489179611206, erank: 2.0836527347564697
depth: 3, iteration: 107000, test_RMSE: 1.2840534448623657, erank: 2.0918500423431396
depth: 3, iteration: 108000, test_RMSE: 1.2846333980560303, erank: 2.1019022464752197
depth: 3, iteration: 109000, test_RMSE: 1.2850992679595947, erank: 2.1143710613250732
depth: 3, iteration: 110000, test_RMSE: 1.2854549884796143, erank: 2.1300389766693115
depth: 3, iteration: 111000, test_RMSE: 1.2856959104537964, erank: 2.1500134468078613
depth: 3, iteration: 112000, test_RMSE: 1.2858099937438965, erank: 2.1758627891540527
depth: 3, iteration: 113000, test_RMSE: 1.2857743501663208, erank: 2.209824800491333
depth: 3, iteration: 114000, test_RMSE: 1.2855545282363892, erank: 2.25504469871521
depth: 3, iteration: 115000, test_RMSE: 1.2851091623306274, erank: 2.3157424926757812
depth: 3, iteration: 116000, test_RMSE: 1.2844178676605225, erank: 2.3969128131866455
depth: 3, iteration: 117000, test_RMSE: 1.2835716009140015, erank: 2.502432346343994
depth: 3, iteration: 118000, test_RMSE: 1.2829854488372803, erank: 2.63002610206604
depth: 3, iteration: 119000, test_RMSE: 1.283638596534729, erank: 2.7644035816192627
depth: 3, iteration: 120000, test_RMSE: 1.2866898775100708, erank: 2.8797199726104736
depth: 3, iteration: 121000, test_RMSE: 1.292119026184082, erank: 2.9591853618621826
depth: 3, iteration: 122000, test_RMSE: 1.2984155416488647, erank: 3.006624460220337
depth: 3, iteration: 123000, test_RMSE: 1.304153323173523, erank: 3.0346834659576416
depth: 3, iteration: 124000, test_RMSE: 1.3088374137878418, erank: 3.0531277656555176
depth: 3, iteration: 125000, test_RMSE: 1.3125331401824951, erank: 3.067268133163452
depth: 3, iteration: 126000, test_RMSE: 1.3154431581497192, erank: 3.0797715187072754
depth: 3, iteration: 127000, test_RMSE: 1.3177497386932373, erank: 3.0920634269714355
depth: 3, iteration: 128000, test_RMSE: 1.3195890188217163, erank: 3.105053663253784
depth: 3, iteration: 129000, test_RMSE: 1.3210591077804565, erank: 3.1194677352905273
depth: 3, iteration: 130000, test_RMSE: 1.3222291469573975, erank: 3.1359989643096924
depth: 3, iteration: 131000, test_RMSE: 1.3231498003005981, erank: 3.1554133892059326
depth: 3, iteration: 132000, test_RMSE: 1.3238548040390015, erank: 3.1786293983459473
depth: 3, iteration: 133000, test_RMSE: 1.3243680000305176, erank: 3.2067630290985107
depth: 3, iteration: 134000, test_RMSE: 1.3247038125991821, erank: 3.2412068843841553
depth: 3, iteration: 135000, test_RMSE: 1.3248720169067383, erank: 3.2836222648620605
depth: 3, iteration: 136000, test_RMSE: 1.3248846530914307, erank: 3.3358652591705322
depth: 3, iteration: 137000, test_RMSE: 1.3247708082199097, erank: 3.3996849060058594
depth: 3, iteration: 138000, test_RMSE: 1.324602723121643, erank: 3.4760172367095947
depth: 3, iteration: 139000, test_RMSE: 1.3245359659194946, erank: 3.563753843307495
depth: 3, iteration: 140000, test_RMSE: 1.3248411417007446, erank: 3.6584062576293945
depth: 3, iteration: 141000, test_RMSE: 1.3258594274520874, erank: 3.7518794536590576
depth: 3, iteration: 142000, test_RMSE: 1.3278248310089111, erank: 3.835129499435425
depth: 3, iteration: 143000, test_RMSE: 1.3306550979614258, erank: 3.9024481773376465
depth: 3, iteration: 144000, test_RMSE: 1.3339606523513794, erank: 3.9535880088806152
depth: 3, iteration: 145000, test_RMSE: 1.3372929096221924, erank: 3.9920804500579834
depth: 3, iteration: 146000, test_RMSE: 1.3403536081314087, erank: 4.022365570068359
depth: 3, iteration: 147000, test_RMSE: 1.3430242538452148, erank: 4.048192501068115
depth: 3, iteration: 148000, test_RMSE: 1.3452975749969482, erank: 4.072294235229492
depth: 3, iteration: 149000, test_RMSE: 1.347212553024292, erank: 4.096663951873779
depth: 3, iteration: 150000, test_RMSE: 1.3488149642944336, erank: 4.122847557067871
depth: 3, iteration: 151000, test_RMSE: 1.350144863128662, erank: 4.152215957641602
depth: 3, iteration: 152000, test_RMSE: 1.3512325286865234, erank: 4.186090469360352
depth: 3, iteration: 153000, test_RMSE: 1.3521000146865845, erank: 4.2258148193359375
depth: 3, iteration: 154000, test_RMSE: 1.3527675867080688, erank: 4.272713661193848
depth: 3, iteration: 155000, test_RMSE: 1.35326087474823, erank: 4.32790994644165
depth: 3, iteration: 156000, test_RMSE: 1.3536278009414673, erank: 4.391905307769775
depth: 3, iteration: 157000, test_RMSE: 1.3539544343948364, erank: 4.463939666748047
depth: 3, iteration: 158000, test_RMSE: 1.3543806076049805, erank: 4.541309356689453
depth: 3, iteration: 159000, test_RMSE: 1.3550875186920166, erank: 4.619176864624023
depth: 3, iteration: 160000, test_RMSE: 1.3562359809875488, erank: 4.691502571105957
depth: 3, iteration: 161000, test_RMSE: 1.3578752279281616, erank: 4.753243923187256
depth: 3, iteration: 162000, test_RMSE: 1.3599004745483398, erank: 4.802146911621094
depth: 3, iteration: 163000, test_RMSE: 1.3621147871017456, erank: 4.838892936706543
depth: 3, iteration: 164000, test_RMSE: 1.3643320798873901, erank: 4.865810871124268
depth: 3, iteration: 165000, test_RMSE: 1.366434931755066, erank: 4.885506629943848
depth: 3, iteration: 166000, test_RMSE: 1.3683735132217407, erank: 4.9001359939575195
depth: 3, iteration: 167000, test_RMSE: 1.3701390027999878, erank: 4.911247253417969
depth: 3, iteration: 168000, test_RMSE: 1.3717416524887085, erank: 4.919893741607666
depth: 3, iteration: 169000, test_RMSE: 1.3731969594955444, erank: 4.926776885986328
depth: 3, iteration: 170000, test_RMSE: 1.3745217323303223, erank: 4.93235969543457
depth: 3, iteration: 171000, test_RMSE: 1.3757295608520508, erank: 4.936963081359863
depth: 3, iteration: 172000, test_RMSE: 1.3768335580825806, erank: 4.940815448760986
depth: 3, iteration: 173000, test_RMSE: 1.3778444528579712, erank: 4.944065570831299
depth: 3, iteration: 174000, test_RMSE: 1.3787719011306763, erank: 4.946845531463623
depth: 3, iteration: 175000, test_RMSE: 1.3796244859695435, erank: 4.949238300323486
depth: 3, iteration: 176000, test_RMSE: 1.3804091215133667, erank: 4.95131254196167
depth: 3, iteration: 177000, test_RMSE: 1.3811324834823608, erank: 4.953118801116943
depth: 3, iteration: 178000, test_RMSE: 1.3817999362945557, erank: 4.954714775085449
depth: 3, iteration: 179000, test_RMSE: 1.382416844367981, erank: 4.956121444702148
depth: 3, iteration: 180000, test_RMSE: 1.3829879760742188, erank: 4.957361221313477
depth: 3, iteration: 181000, test_RMSE: 1.3835166692733765, erank: 4.9584736824035645
depth: 3, iteration: 182000, test_RMSE: 1.3840068578720093, erank: 4.959461688995361
depth: 3, iteration: 183000, test_RMSE: 1.3844616413116455, erank: 4.960354328155518
depth: 3, iteration: 184000, test_RMSE: 1.3848841190338135, erank: 4.961150169372559
depth: 3, iteration: 185000, test_RMSE: 1.3852771520614624, erank: 4.961874008178711
depth: 3, iteration: 186000, test_RMSE: 1.3856427669525146, erank: 4.962527275085449
depth: 3, iteration: 187000, test_RMSE: 1.3859831094741821, erank: 4.9631195068359375
depth: 3, iteration: 188000, test_RMSE: 1.3863005638122559, erank: 4.963660717010498
depth: 3, iteration: 189000, test_RMSE: 1.386596918106079, erank: 4.964147567749023
depth: 3, iteration: 190000, test_RMSE: 1.3868731260299683, erank: 4.964596748352051
depth: 3, iteration: 191000, test_RMSE: 1.387130618095398, erank: 4.965005397796631
depth: 3, iteration: 192000, test_RMSE: 1.3873714208602905, erank: 4.9653801918029785
depth: 3, iteration: 193000, test_RMSE: 1.3875967264175415, erank: 4.965722560882568
depth: 3, iteration: 194000, test_RMSE: 1.3878074884414673, erank: 4.966039180755615
depth: 3, iteration: 195000, test_RMSE: 1.3880048990249634, erank: 4.966329574584961
depth: 3, iteration: 196000, test_RMSE: 1.388189435005188, erank: 4.966598033905029
depth: 3, iteration: 197000, test_RMSE: 1.388363003730774, erank: 4.966841697692871
depth: 3, iteration: 198000, test_RMSE: 1.3885248899459839, erank: 4.967070579528809
depth: 3, iteration: 199000, test_RMSE: 1.3886768817901611, erank: 4.967280387878418
