depth: 3, iteration: 0, test_RMSE: 1.1427867412567139, erank: 57.065650939941406
depth: 3, iteration: 1000, test_RMSE: 1.1427867412567139, erank: 57.042606353759766
depth: 3, iteration: 2000, test_RMSE: 1.1427867412567139, erank: 56.99994659423828
depth: 3, iteration: 3000, test_RMSE: 1.1427866220474243, erank: 56.93770980834961
depth: 3, iteration: 4000, test_RMSE: 1.1427866220474243, erank: 56.855857849121094
depth: 3, iteration: 5000, test_RMSE: 1.1427866220474243, erank: 56.75419998168945
depth: 3, iteration: 6000, test_RMSE: 1.1427866220474243, erank: 56.63254928588867
depth: 3, iteration: 7000, test_RMSE: 1.1427866220474243, erank: 56.4907341003418
depth: 3, iteration: 8000, test_RMSE: 1.1427865028381348, erank: 56.32843017578125
depth: 3, iteration: 9000, test_RMSE: 1.1427865028381348, erank: 56.145442962646484
depth: 3, iteration: 10000, test_RMSE: 1.1427865028381348, erank: 55.94143295288086
depth: 3, iteration: 11000, test_RMSE: 1.1427863836288452, erank: 55.71611404418945
depth: 3, iteration: 12000, test_RMSE: 1.1427863836288452, erank: 55.46900177001953
depth: 3, iteration: 13000, test_RMSE: 1.1427862644195557, erank: 55.199893951416016
depth: 3, iteration: 14000, test_RMSE: 1.1427862644195557, erank: 54.90831756591797
depth: 3, iteration: 15000, test_RMSE: 1.1427861452102661, erank: 54.59381103515625
depth: 3, iteration: 16000, test_RMSE: 1.1427861452102661, erank: 54.25591278076172
depth: 3, iteration: 17000, test_RMSE: 1.1427861452102661, erank: 53.89409637451172
depth: 3, iteration: 18000, test_RMSE: 1.1427860260009766, erank: 53.507694244384766
depth: 3, iteration: 19000, test_RMSE: 1.142785906791687, erank: 53.09623336791992
depth: 3, iteration: 20000, test_RMSE: 1.142785906791687, erank: 52.6588249206543
depth: 3, iteration: 21000, test_RMSE: 1.1427857875823975, erank: 52.194705963134766
depth: 3, iteration: 22000, test_RMSE: 1.1427857875823975, erank: 51.70273208618164
depth: 3, iteration: 23000, test_RMSE: 1.142785668373108, erank: 51.18209457397461
depth: 3, iteration: 24000, test_RMSE: 1.1427855491638184, erank: 50.63142776489258
depth: 3, iteration: 25000, test_RMSE: 1.1427854299545288, erank: 50.04960632324219
depth: 3, iteration: 26000, test_RMSE: 1.1427853107452393, erank: 49.435150146484375
depth: 3, iteration: 27000, test_RMSE: 1.1427851915359497, erank: 48.78642654418945
depth: 3, iteration: 28000, test_RMSE: 1.1427849531173706, erank: 48.10177993774414
depth: 3, iteration: 29000, test_RMSE: 1.142784833908081, erank: 47.379180908203125
depth: 3, iteration: 30000, test_RMSE: 1.142784595489502, erank: 46.616607666015625
depth: 3, iteration: 31000, test_RMSE: 1.1427843570709229, erank: 45.81183624267578
depth: 3, iteration: 32000, test_RMSE: 1.1427841186523438, erank: 44.961944580078125
depth: 3, iteration: 33000, test_RMSE: 1.1427838802337646, erank: 44.06447982788086
depth: 3, iteration: 34000, test_RMSE: 1.142783522605896, erank: 43.116111755371094
depth: 3, iteration: 35000, test_RMSE: 1.1427831649780273, erank: 42.11381149291992
depth: 3, iteration: 36000, test_RMSE: 1.1427826881408691, erank: 41.053951263427734
depth: 3, iteration: 37000, test_RMSE: 1.142782211303711, erank: 39.932823181152344
depth: 3, iteration: 38000, test_RMSE: 1.1427816152572632, erank: 38.74641418457031
depth: 3, iteration: 39000, test_RMSE: 1.1427807807922363, erank: 37.49091720581055
depth: 3, iteration: 40000, test_RMSE: 1.142780065536499, erank: 36.162086486816406
depth: 3, iteration: 41000, test_RMSE: 1.1427791118621826, erank: 34.75614929199219
depth: 3, iteration: 42000, test_RMSE: 1.142777919769287, erank: 33.26967239379883
depth: 3, iteration: 43000, test_RMSE: 1.1427764892578125, erank: 31.699676513671875
depth: 3, iteration: 44000, test_RMSE: 1.1427748203277588, erank: 30.04448127746582
depth: 3, iteration: 45000, test_RMSE: 1.1427727937698364, erank: 28.303646087646484
depth: 3, iteration: 46000, test_RMSE: 1.1427702903747559, erank: 26.479326248168945
depth: 3, iteration: 47000, test_RMSE: 1.142767310142517, erank: 24.576162338256836
depth: 3, iteration: 48000, test_RMSE: 1.142763376235962, erank: 22.603418350219727
depth: 3, iteration: 49000, test_RMSE: 1.1427586078643799, erank: 20.574493408203125
depth: 3, iteration: 50000, test_RMSE: 1.1427522897720337, erank: 18.509065628051758
depth: 3, iteration: 51000, test_RMSE: 1.1427441835403442, erank: 16.433189392089844
depth: 3, iteration: 52000, test_RMSE: 1.1427333354949951, erank: 14.379378318786621
depth: 3, iteration: 53000, test_RMSE: 1.1427184343338013, erank: 12.385775566101074
depth: 3, iteration: 54000, test_RMSE: 1.142697811126709, erank: 10.494657516479492
depth: 3, iteration: 55000, test_RMSE: 1.1426682472229004, erank: 8.748285293579102
depth: 3, iteration: 56000, test_RMSE: 1.1426244974136353, erank: 7.184607982635498
depth: 3, iteration: 57000, test_RMSE: 1.1425572633743286, erank: 5.832429885864258
depth: 3, iteration: 58000, test_RMSE: 1.1424500942230225, erank: 4.7072248458862305
depth: 3, iteration: 59000, test_RMSE: 1.1422739028930664, erank: 3.8098955154418945
depth: 3, iteration: 60000, test_RMSE: 1.141985297203064, erank: 3.128751516342163
depth: 3, iteration: 61000, test_RMSE: 1.141579031944275, erank: 2.6457600593566895
depth: 3, iteration: 62000, test_RMSE: 1.1413908004760742, erank: 2.3443784713745117
depth: 3, iteration: 63000, test_RMSE: 1.1425814628601074, erank: 2.2032828330993652
depth: 3, iteration: 64000, test_RMSE: 1.1463967561721802, erank: 2.1638166904449463
depth: 3, iteration: 65000, test_RMSE: 1.153889775276184, erank: 2.1517257690429688
depth: 3, iteration: 66000, test_RMSE: 1.1660696268081665, erank: 2.1409435272216797
depth: 3, iteration: 67000, test_RMSE: 1.1823055744171143, erank: 2.136762857437134
depth: 3, iteration: 68000, test_RMSE: 1.2011444568634033, erank: 2.138153314590454
depth: 3, iteration: 69000, test_RMSE: 1.2212865352630615, erank: 2.1393232345581055
depth: 3, iteration: 70000, test_RMSE: 1.2412697076797485, erank: 2.138723850250244
depth: 3, iteration: 71000, test_RMSE: 1.2597512006759644, erank: 2.1378555297851562
depth: 3, iteration: 72000, test_RMSE: 1.2759945392608643, erank: 2.1380255222320557
depth: 3, iteration: 73000, test_RMSE: 1.2899150848388672, erank: 2.1396641731262207
depth: 3, iteration: 74000, test_RMSE: 1.3018347024917603, erank: 2.1427249908447266
depth: 3, iteration: 75000, test_RMSE: 1.312210202217102, erank: 2.1470491886138916
depth: 3, iteration: 76000, test_RMSE: 1.3214643001556396, erank: 2.1525096893310547
depth: 3, iteration: 77000, test_RMSE: 1.3299223184585571, erank: 2.1590588092803955
depth: 3, iteration: 78000, test_RMSE: 1.337808609008789, erank: 2.1667160987854004
depth: 3, iteration: 79000, test_RMSE: 1.3452664613723755, erank: 2.1755709648132324
depth: 3, iteration: 80000, test_RMSE: 1.3523846864700317, erank: 2.1857573986053467
depth: 3, iteration: 81000, test_RMSE: 1.3592174053192139, erank: 2.197472333908081
depth: 3, iteration: 82000, test_RMSE: 1.3658002614974976, erank: 2.210970640182495
depth: 3, iteration: 83000, test_RMSE: 1.3721585273742676, erank: 2.2265660762786865
depth: 3, iteration: 84000, test_RMSE: 1.378311038017273, erank: 2.2446563243865967
depth: 3, iteration: 85000, test_RMSE: 1.3842682838439941, erank: 2.2657363414764404
depth: 3, iteration: 86000, test_RMSE: 1.390031337738037, erank: 2.290414810180664
depth: 3, iteration: 87000, test_RMSE: 1.3955888748168945, erank: 2.3194479942321777
depth: 3, iteration: 88000, test_RMSE: 1.4009170532226562, erank: 2.3537607192993164
depth: 3, iteration: 89000, test_RMSE: 1.405980110168457, erank: 2.394458532333374
depth: 3, iteration: 90000, test_RMSE: 1.4107338190078735, erank: 2.442817211151123
depth: 3, iteration: 91000, test_RMSE: 1.4151304960250854, erank: 2.5002033710479736
depth: 3, iteration: 92000, test_RMSE: 1.4191267490386963, erank: 2.5678915977478027
depth: 3, iteration: 93000, test_RMSE: 1.4226971864700317, erank: 2.646743059158325
depth: 3, iteration: 94000, test_RMSE: 1.4258487224578857, erank: 2.736708641052246
depth: 3, iteration: 95000, test_RMSE: 1.4286353588104248, erank: 2.8362905979156494
depth: 3, iteration: 96000, test_RMSE: 1.4311563968658447, erank: 2.942406177520752
depth: 3, iteration: 97000, test_RMSE: 1.4335311651229858, erank: 3.0507826805114746
depth: 3, iteration: 98000, test_RMSE: 1.4358580112457275, erank: 3.1571056842803955
depth: 3, iteration: 99000, test_RMSE: 1.4381850957870483, erank: 3.2580201625823975
depth: 3, iteration: 100000, test_RMSE: 1.4405109882354736, erank: 3.351731061935425
depth: 3, iteration: 101000, test_RMSE: 1.442808747291565, erank: 3.437885046005249
depth: 3, iteration: 102000, test_RMSE: 1.4450485706329346, erank: 3.517014980316162
depth: 3, iteration: 103000, test_RMSE: 1.4472105503082275, erank: 3.5900261402130127
depth: 3, iteration: 104000, test_RMSE: 1.4492847919464111, erank: 3.6579267978668213
depth: 3, iteration: 105000, test_RMSE: 1.4512696266174316, erank: 3.7215423583984375
depth: 3, iteration: 106000, test_RMSE: 1.45316743850708, erank: 3.781519889831543
depth: 3, iteration: 107000, test_RMSE: 1.4549827575683594, erank: 3.8383398056030273
depth: 3, iteration: 108000, test_RMSE: 1.4567205905914307, erank: 3.8922743797302246
depth: 3, iteration: 109000, test_RMSE: 1.4583866596221924, erank: 3.9434585571289062
depth: 3, iteration: 110000, test_RMSE: 1.4599876403808594, erank: 3.9919509887695312
depth: 3, iteration: 111000, test_RMSE: 1.4615308046340942, erank: 4.0377302169799805
depth: 3, iteration: 112000, test_RMSE: 1.4630229473114014, erank: 4.080765247344971
depth: 3, iteration: 113000, test_RMSE: 1.4644719362258911, erank: 4.1210551261901855
depth: 3, iteration: 114000, test_RMSE: 1.4658859968185425, erank: 4.158639430999756
depth: 3, iteration: 115000, test_RMSE: 1.4672729969024658, erank: 4.193559169769287
depth: 3, iteration: 116000, test_RMSE: 1.468640685081482, erank: 4.225963115692139
depth: 3, iteration: 117000, test_RMSE: 1.469994068145752, erank: 4.255983352661133
depth: 3, iteration: 118000, test_RMSE: 1.471339225769043, erank: 4.283789157867432
depth: 3, iteration: 119000, test_RMSE: 1.4726790189743042, erank: 4.309586524963379
depth: 3, iteration: 120000, test_RMSE: 1.4740166664123535, erank: 4.3335185050964355
depth: 3, iteration: 121000, test_RMSE: 1.4753531217575073, erank: 4.355781555175781
depth: 3, iteration: 122000, test_RMSE: 1.4766886234283447, erank: 4.376499652862549
depth: 3, iteration: 123000, test_RMSE: 1.478023886680603, erank: 4.395839691162109
depth: 3, iteration: 124000, test_RMSE: 1.4793570041656494, erank: 4.413912773132324
depth: 3, iteration: 125000, test_RMSE: 1.4806861877441406, erank: 4.430846214294434
depth: 3, iteration: 126000, test_RMSE: 1.4820114374160767, erank: 4.446743011474609
depth: 3, iteration: 127000, test_RMSE: 1.4833296537399292, erank: 4.461691379547119
depth: 3, iteration: 128000, test_RMSE: 1.4846395254135132, erank: 4.4757866859436035
depth: 3, iteration: 129000, test_RMSE: 1.485939860343933, erank: 4.489093780517578
depth: 3, iteration: 130000, test_RMSE: 1.4872291088104248, erank: 4.501692771911621
depth: 3, iteration: 131000, test_RMSE: 1.4885066747665405, erank: 4.513647079467773
depth: 3, iteration: 132000, test_RMSE: 1.4897717237472534, erank: 4.525006294250488
depth: 3, iteration: 133000, test_RMSE: 1.4910231828689575, erank: 4.5358357429504395
depth: 3, iteration: 134000, test_RMSE: 1.492261528968811, erank: 4.546150207519531
depth: 3, iteration: 135000, test_RMSE: 1.4934858083724976, erank: 4.556035995483398
depth: 3, iteration: 136000, test_RMSE: 1.4946962594985962, erank: 4.565504550933838
depth: 3, iteration: 137000, test_RMSE: 1.4958935976028442, erank: 4.574578762054443
depth: 3, iteration: 138000, test_RMSE: 1.4970773458480835, erank: 4.583316802978516
depth: 3, iteration: 139000, test_RMSE: 1.4982472658157349, erank: 4.591721057891846
depth: 3, iteration: 140000, test_RMSE: 1.4994041919708252, erank: 4.599834442138672
depth: 3, iteration: 141000, test_RMSE: 1.5005474090576172, erank: 4.607671737670898
depth: 3, iteration: 142000, test_RMSE: 1.5016781091690063, erank: 4.615259170532227
depth: 3, iteration: 143000, test_RMSE: 1.5027960538864136, erank: 4.622602462768555
depth: 3, iteration: 144000, test_RMSE: 1.503902554512024, erank: 4.629733562469482
depth: 3, iteration: 145000, test_RMSE: 1.5049972534179688, erank: 4.636651992797852
depth: 3, iteration: 146000, test_RMSE: 1.5060802698135376, erank: 4.6433844566345215
depth: 3, iteration: 147000, test_RMSE: 1.5071511268615723, erank: 4.6499433517456055
depth: 3, iteration: 148000, test_RMSE: 1.5082111358642578, erank: 4.656337738037109
depth: 3, iteration: 149000, test_RMSE: 1.509260654449463, erank: 4.662583351135254
depth: 3, iteration: 150000, test_RMSE: 1.510299563407898, erank: 4.668682098388672
depth: 3, iteration: 151000, test_RMSE: 1.5113276243209839, erank: 4.674659729003906
depth: 3, iteration: 152000, test_RMSE: 1.512345790863037, erank: 4.680505275726318
depth: 3, iteration: 153000, test_RMSE: 1.5133532285690308, erank: 4.686243534088135
depth: 3, iteration: 154000, test_RMSE: 1.5143510103225708, erank: 4.691887855529785
depth: 3, iteration: 155000, test_RMSE: 1.515338659286499, erank: 4.697423458099365
depth: 3, iteration: 156000, test_RMSE: 1.5163168907165527, erank: 4.702878475189209
depth: 3, iteration: 157000, test_RMSE: 1.5172849893569946, erank: 4.708244800567627
depth: 3, iteration: 158000, test_RMSE: 1.5182446241378784, erank: 4.713532447814941
depth: 3, iteration: 159000, test_RMSE: 1.5191938877105713, erank: 4.718753337860107
depth: 3, iteration: 160000, test_RMSE: 1.520134687423706, erank: 4.723909378051758
depth: 3, iteration: 161000, test_RMSE: 1.5210665464401245, erank: 4.729003429412842
depth: 3, iteration: 162000, test_RMSE: 1.5219905376434326, erank: 4.734038352966309
depth: 3, iteration: 163000, test_RMSE: 1.5229054689407349, erank: 4.739028453826904
depth: 3, iteration: 164000, test_RMSE: 1.5238112211227417, erank: 4.743964195251465
depth: 3, iteration: 165000, test_RMSE: 1.5247087478637695, erank: 4.748857021331787
depth: 3, iteration: 166000, test_RMSE: 1.5255969762802124, erank: 4.753708362579346
depth: 3, iteration: 167000, test_RMSE: 1.5264756679534912, erank: 4.758520126342773
depth: 3, iteration: 168000, test_RMSE: 1.5273457765579224, erank: 4.763299465179443
depth: 3, iteration: 169000, test_RMSE: 1.528208613395691, erank: 4.768036365509033
depth: 3, iteration: 170000, test_RMSE: 1.5290615558624268, erank: 4.7727508544921875
depth: 3, iteration: 171000, test_RMSE: 1.5299060344696045, erank: 4.777439117431641
depth: 3, iteration: 172000, test_RMSE: 1.5307416915893555, erank: 4.782095909118652
depth: 3, iteration: 173000, test_RMSE: 1.5315699577331543, erank: 4.786721706390381
depth: 3, iteration: 174000, test_RMSE: 1.5323891639709473, erank: 4.79133939743042
depth: 3, iteration: 175000, test_RMSE: 1.5331991910934448, erank: 4.795929908752441
depth: 3, iteration: 176000, test_RMSE: 1.5339996814727783, erank: 4.800493240356445
depth: 3, iteration: 177000, test_RMSE: 1.5347920656204224, erank: 4.805041313171387
depth: 3, iteration: 178000, test_RMSE: 1.5355757474899292, erank: 4.809564113616943
depth: 3, iteration: 179000, test_RMSE: 1.5363497734069824, erank: 4.814083576202393
depth: 3, iteration: 180000, test_RMSE: 1.5371155738830566, erank: 4.818572998046875
depth: 3, iteration: 181000, test_RMSE: 1.5378730297088623, erank: 4.8230462074279785
depth: 3, iteration: 182000, test_RMSE: 1.5386213064193726, erank: 4.827514171600342
depth: 3, iteration: 183000, test_RMSE: 1.5393602848052979, erank: 4.831958770751953
depth: 3, iteration: 184000, test_RMSE: 1.5400898456573486, erank: 4.836390972137451
depth: 3, iteration: 185000, test_RMSE: 1.5408103466033936, erank: 4.840808868408203
depth: 3, iteration: 186000, test_RMSE: 1.5415219068527222, erank: 4.845211982727051
depth: 3, iteration: 187000, test_RMSE: 1.5422241687774658, erank: 4.849614143371582
depth: 3, iteration: 188000, test_RMSE: 1.5429174900054932, erank: 4.853985786437988
depth: 3, iteration: 189000, test_RMSE: 1.543601632118225, erank: 4.85835599899292
depth: 3, iteration: 190000, test_RMSE: 1.544277548789978, erank: 4.86271858215332
depth: 3, iteration: 191000, test_RMSE: 1.5449451208114624, erank: 4.867067813873291
depth: 3, iteration: 192000, test_RMSE: 1.5456035137176514, erank: 4.871397495269775
depth: 3, iteration: 193000, test_RMSE: 1.5462526082992554, erank: 4.8757243156433105
depth: 3, iteration: 194000, test_RMSE: 1.5468934774398804, erank: 4.880035400390625
depth: 3, iteration: 195000, test_RMSE: 1.5475246906280518, erank: 4.884341239929199
depth: 3, iteration: 196000, test_RMSE: 1.5481477975845337, erank: 4.888625621795654
depth: 3, iteration: 197000, test_RMSE: 1.5487632751464844, erank: 4.892909049987793
depth: 3, iteration: 198000, test_RMSE: 1.5493699312210083, erank: 4.897184371948242
depth: 3, iteration: 199000, test_RMSE: 1.5499682426452637, erank: 4.901445388793945
