depth: 1, iteration: 0, test_RMSE: 3.718614101409912, erank: 676.2052612304688
depth: 1, iteration: 500, test_RMSE: 3.718614101409912, erank: 626.0317993164062
depth: 1, iteration: 1000, test_RMSE: 3.718614101409912, erank: 625.6163940429688
depth: 1, iteration: 1500, test_RMSE: 3.718614101409912, erank: 625.1592407226562
depth: 1, iteration: 2000, test_RMSE: 3.718614101409912, erank: 624.6503295898438
depth: 1, iteration: 2500, test_RMSE: 3.718614101409912, erank: 624.0858154296875
depth: 1, iteration: 3000, test_RMSE: 3.718614101409912, erank: 623.4701538085938
depth: 1, iteration: 3500, test_RMSE: 3.718614101409912, erank: 622.8220825195312
depth: 1, iteration: 4000, test_RMSE: 3.718614101409912, erank: 622.1642456054688
depth: 1, iteration: 4500, test_RMSE: 3.718614101409912, erank: 621.5140380859375
depth: 1, iteration: 5000, test_RMSE: 3.718614101409912, erank: 620.8688354492188
depth: 1, iteration: 5500, test_RMSE: 3.718614101409912, erank: 620.218505859375
depth: 1, iteration: 6000, test_RMSE: 3.718614101409912, erank: 619.5389404296875
depth: 1, iteration: 6500, test_RMSE: 3.718614101409912, erank: 618.8283081054688
depth: 1, iteration: 7000, test_RMSE: 3.718614101409912, erank: 618.0974731445312
depth: 1, iteration: 7500, test_RMSE: 3.718614101409912, erank: 617.3458251953125
depth: 1, iteration: 8000, test_RMSE: 3.718614101409912, erank: 616.5809326171875
depth: 1, iteration: 8500, test_RMSE: 3.718614101409912, erank: 615.8002319335938
depth: 1, iteration: 9000, test_RMSE: 3.718614101409912, erank: 614.9982299804688
depth: 1, iteration: 9500, test_RMSE: 3.718614101409912, erank: 614.197021484375
depth: 1, iteration: 10000, test_RMSE: 3.718614101409912, erank: 613.4152221679688
depth: 1, iteration: 10500, test_RMSE: 3.718614101409912, erank: 612.6870727539062
depth: 1, iteration: 11000, test_RMSE: 3.718614101409912, erank: 612.0277709960938
depth: 1, iteration: 11500, test_RMSE: 3.718614101409912, erank: 611.4446411132812
depth: 1, iteration: 12000, test_RMSE: 3.718614101409912, erank: 610.9454345703125
depth: 1, iteration: 12500, test_RMSE: 3.718614101409912, erank: 610.54296875
depth: 1, iteration: 13000, test_RMSE: 3.718614101409912, erank: 610.244873046875
depth: 1, iteration: 13500, test_RMSE: 3.718614101409912, erank: 610.0525512695312
depth: 1, iteration: 14000, test_RMSE: 3.718614101409912, erank: 609.9484252929688
depth: 1, iteration: 14500, test_RMSE: 3.718614101409912, erank: 609.9057006835938
depth: 1, iteration: 15000, test_RMSE: 3.718614101409912, erank: 609.892578125
depth: 1, iteration: 15500, test_RMSE: 3.718614101409912, erank: 609.8882446289062
depth: 1, iteration: 16000, test_RMSE: 3.718614101409912, erank: 609.8890991210938
depth: 1, iteration: 16500, test_RMSE: 3.718614101409912, erank: 609.8876953125
depth: 1, iteration: 17000, test_RMSE: 3.718614101409912, erank: 609.8885498046875
depth: 1, iteration: 17500, test_RMSE: 3.718614101409912, erank: 609.8900146484375
depth: 1, iteration: 18000, test_RMSE: 3.718614101409912, erank: 609.8888549804688
depth: 1, iteration: 18500, test_RMSE: 3.718614101409912, erank: 609.8888549804688
depth: 1, iteration: 19000, test_RMSE: 3.718614101409912, erank: 609.8885498046875
depth: 1, iteration: 19500, test_RMSE: 3.718614101409912, erank: 609.8890991210938
depth: 1, iteration: 20000, test_RMSE: 3.718614101409912, erank: 609.8888549804688
depth: 1, iteration: 20500, test_RMSE: 3.718614101409912, erank: 609.8882446289062
depth: 1, iteration: 21000, test_RMSE: 3.718614101409912, erank: 609.8885498046875
depth: 1, iteration: 21500, test_RMSE: 3.718614101409912, erank: 609.8876953125
depth: 1, iteration: 22000, test_RMSE: 3.718614101409912, erank: 609.8882446289062
depth: 1, iteration: 22500, test_RMSE: 3.718614101409912, erank: 609.8888549804688
depth: 1, iteration: 23000, test_RMSE: 3.718614101409912, erank: 609.889404296875
depth: 1, iteration: 23500, test_RMSE: 3.718614101409912, erank: 609.889404296875
depth: 1, iteration: 24000, test_RMSE: 3.718614101409912, erank: 609.8882446289062
depth: 1, iteration: 24500, test_RMSE: 3.718614101409912, erank: 609.8882446289062
depth: 1, iteration: 25000, test_RMSE: 3.718614101409912, erank: 609.8882446289062
depth: 1, iteration: 25500, test_RMSE: 3.718614101409912, erank: 609.8882446289062
depth: 1, iteration: 26000, test_RMSE: 3.718614101409912, erank: 609.8876953125
depth: 1, iteration: 26500, test_RMSE: 3.718614101409912, erank: 609.8876953125
depth: 1, iteration: 27000, test_RMSE: 3.718614101409912, erank: 609.8876953125
depth: 1, iteration: 27500, test_RMSE: 3.718614101409912, erank: 609.8876953125
depth: 1, iteration: 28000, test_RMSE: 3.718614101409912, erank: 609.8876953125
depth: 1, iteration: 28500, test_RMSE: 3.718614101409912, erank: 609.8876953125
depth: 1, iteration: 29000, test_RMSE: 3.718614101409912, erank: 609.8876953125
depth: 1, iteration: 29500, test_RMSE: 3.718614101409912, erank: 609.8876953125
