depth: 2, iteration: 0, test_MSE: 1.0109117031097412, test_RMSE: 1.0054410490475019, erank: 66.73628997802734, s1: 0.0026257652789354324, s5: 0.002133142203092575

depth: 2, iteration: 1000, test_MSE: 0.7331714034080505, test_RMSE: 0.8562542866509052, erank: 7.767128944396973, s1: 60.9384651184082, s5: 6.741054058074951

depth: 2, iteration: 2000, test_MSE: 0.21850787103176117, test_RMSE: 0.467448254924287, erank: 5.641026973724365, s1: 66.46444702148438, s5: 29.90302085876465

depth: 2, iteration: 3000, test_MSE: 4.104396820068359, test_RMSE: 2.0259310995362996, erank: 4.0649261474609375, s1: 196.07838439941406, s5: 31.97153663635254

depth: 2, iteration: 4000, test_MSE: 34.91862869262695, test_RMSE: 5.909198650631653, erank: 2.659531593322754, s1: 540.8781127929688, s5: 32.529762268066406

depth: 2, iteration: 5000, test_MSE: 96.59271240234375, test_RMSE: 9.828159156339693, erank: 2.1163601875305176, s1: 891.4700927734375, s5: 32.31166458129883

depth: 2, iteration: 6000, test_MSE: 203.07301330566406, test_RMSE: 14.250368883143484, erank: 1.8234279155731201, s1: 1287.1590576171875, s5: 31.84765625

depth: 2, iteration: 7000, test_MSE: 380.7271728515625, test_RMSE: 19.51223136526324, erank: 1.632906198501587, s1: 1757.9583740234375, s5: 31.274194717407227

depth: 2, iteration: 8000, test_MSE: 671.272216796875, test_RMSE: 25.908921567615952, erank: 1.496749997138977, s1: 2330.19384765625, s5: 30.74526596069336

depth: 2, iteration: 9000, test_MSE: 1133.00048828125, test_RMSE: 33.6600726125368, erank: 1.3954088687896729, s1: 3023.489013671875, s5: 30.389514923095703

depth: 2, iteration: 10000, test_MSE: 1818.5560302734375, test_RMSE: 42.64453107109325, erank: 1.320813775062561, s1: 3827.106201171875, s5: 30.194669723510742

depth: 2, iteration: 11000, test_MSE: 2748.941650390625, test_RMSE: 52.43035046984356, erank: 1.2670278549194336, s1: 4702.45361328125, s5: 30.082733154296875

depth: 2, iteration: 12000, test_MSE: 3902.246826171875, test_RMSE: 62.46796640016285, erank: 1.2285315990447998, s1: 5600.26416015625, s5: 30.013458251953125

depth: 2, iteration: 13000, test_MSE: 5222.4912109375, test_RMSE: 72.26680573359735, erank: 1.2008181810379028, s1: 6476.4736328125, s5: 29.97005271911621

depth: 2, iteration: 14000, test_MSE: 6648.0732421875, test_RMSE: 81.53571758553119, erank: 1.1804594993591309, s1: 7305.50390625, s5: 29.938344955444336

depth: 2, iteration: 15000, test_MSE: 8138.62158203125, test_RMSE: 90.2143091866875, erank: 1.1650199890136719, s1: 8081.7763671875, s5: 29.91374969482422

depth: 2, iteration: 16000, test_MSE: 9656.48046875, test_RMSE: 98.26739270353112, erank: 1.1530272960662842, s1: 8801.80078125, s5: 29.89407730102539

depth: 2, iteration: 17000, test_MSE: 11180.591796875, test_RMSE: 105.73831754323973, erank: 1.1434506177902222, s1: 9470.0380859375, s5: 29.87567710876465

depth: 2, iteration: 18000, test_MSE: 12710.33203125, test_RMSE: 112.74010835212995, erank: 1.1355719566345215, s1: 10096.0576171875, s5: 29.86081314086914

depth: 2, iteration: 19000, test_MSE: 14241.7548828125, test_RMSE: 119.33882387057659, erank: 1.1289482116699219, s1: 10686.451171875, s5: 29.846900939941406

depth: 2, iteration: 20000, test_MSE: 15768.0322265625, test_RMSE: 125.5708255390658, erank: 1.1232949495315552, s1: 11243.82421875, s5: 29.833965301513672

depth: 2, iteration: 21000, test_MSE: 17286.8359375, test_RMSE: 131.47941259946364, erank: 1.1184055805206299, s1: 11772.35546875, s5: 29.822046279907227

depth: 2, iteration: 22000, test_MSE: 18799.251953125, test_RMSE: 137.11036413460874, erank: 1.114111304283142, s1: 12275.8955078125, s5: 29.811481475830078

depth: 2, iteration: 23000, test_MSE: 20293.46484375, test_RMSE: 142.45513273922424, erank: 1.1103355884552002, s1: 12753.7236328125, s5: 29.802175521850586

depth: 2, iteration: 24000, test_MSE: 21786.3125, test_RMSE: 147.60187160059996, erank: 1.1069409847259521, s1: 13214.1650390625, s5: 29.793838500976562

depth: 2, iteration: 25000, test_MSE: 23278.048828125, test_RMSE: 152.57145482732017, erank: 1.1038707494735718, s1: 13658.5283203125, s5: 29.785810470581055

depth: 2, iteration: 26000, test_MSE: 24760.224609375, test_RMSE: 157.3538198118336, erank: 1.1010836362838745, s1: 14086.2783203125, s5: 29.7767333984375

depth: 2, iteration: 27000, test_MSE: 26243.4375, test_RMSE: 161.99826387958606, erank: 1.0985273122787476, s1: 14501.755859375, s5: 29.769786834716797

depth: 2, iteration: 28000, test_MSE: 27716.3046875, test_RMSE: 166.48214525137524, erank: 1.096186876296997, s1: 14902.8125, s5: 29.763545989990234

depth: 2, iteration: 29000, test_MSE: 29175.330078125, test_RMSE: 170.80787475442986, erank: 1.0940377712249756, s1: 15289.7412109375, s5: 29.75592613220215

