depth: 5, iteration: 0, test_MSE: 1.010910987854004, test_RMSE: 1.005440693354911, erank: 44.68060302734375, s1: 0.003583217039704323, s5: 0.0023116213269531727

depth: 5, iteration: 1000, test_MSE: 656.6358032226562, test_RMSE: 25.624905916366917, erank: 1.3183704614639282, s1: 2287.237060546875, s5: 0.9846257567405701

depth: 5, iteration: 2000, test_MSE: 2740.490234375, test_RMSE: 52.349691826934375, erank: 1.222824215888977, s1: 4679.49853515625, s5: 35.15119171142578

depth: 5, iteration: 3000, test_MSE: 4453.3994140625, test_RMSE: 66.73379514206052, erank: 1.1904146671295166, s1: 5967.02294921875, s5: 35.302757263183594

depth: 5, iteration: 4000, test_MSE: 5785.2431640625, test_RMSE: 76.06078598109869, erank: 1.170645833015442, s1: 6801.26513671875, s5: 35.449405670166016

depth: 5, iteration: 5000, test_MSE: 6418.2490234375, test_RMSE: 80.11397520681082, erank: 1.163196086883545, s1: 7163.8271484375, s5: 35.41907501220703

depth: 5, iteration: 6000, test_MSE: 7583.900390625, test_RMSE: 87.08559232516593, erank: 1.1516860723495483, s1: 7787.41796875, s5: 35.37495803833008

depth: 5, iteration: 7000, test_MSE: 8500.728515625, test_RMSE: 92.19939541897767, erank: 1.1447399854660034, s1: 8244.7939453125, s5: 35.39945983886719

depth: 5, iteration: 8000, test_MSE: 9309.8291015625, test_RMSE: 96.48745566944181, erank: 1.1388071775436401, s1: 8628.341796875, s5: 35.33499526977539

depth: 5, iteration: 9000, test_MSE: 8608.5263671875, test_RMSE: 92.78214465718875, erank: 1.14401376247406, s1: 8296.9765625, s5: 35.26231384277344

depth: 5, iteration: 10000, test_MSE: 10555.609375, test_RMSE: 102.74049530248529, erank: 1.1320594549179077, s1: 9187.6630859375, s5: 35.273677825927734

depth: 5, iteration: 11000, test_MSE: 11113.71484375, test_RMSE: 105.42160520381958, erank: 1.1292088031768799, s1: 9427.50390625, s5: 35.26565933227539

depth: 5, iteration: 12000, test_MSE: 11984.62109375, test_RMSE: 109.47429421444104, erank: 1.125038504600525, s1: 9789.97265625, s5: 35.10365295410156

depth: 5, iteration: 13000, test_MSE: 12327.2294921875, test_RMSE: 111.02805722963679, erank: 1.123689889907837, s1: 9929.0078125, s5: 35.14728546142578

depth: 5, iteration: 14000, test_MSE: 12940.2109375, test_RMSE: 113.75504796491451, erank: 1.121287226676941, s1: 10172.8017578125, s5: 35.16162109375

depth: 5, iteration: 15000, test_MSE: 13646.7763671875, test_RMSE: 116.81941776600112, erank: 1.1184771060943604, s1: 10446.9775390625, s5: 35.06871032714844

depth: 5, iteration: 16000, test_MSE: 12760.8134765625, test_RMSE: 112.96377063714941, erank: 1.1221058368682861, s1: 10102.1689453125, s5: 35.05099868774414

depth: 5, iteration: 17000, test_MSE: 14205.8818359375, test_RMSE: 119.18842995835418, erank: 1.116504430770874, s1: 10658.9052734375, s5: 34.99455261230469

depth: 5, iteration: 18000, test_MSE: 15103.0146484375, test_RMSE: 122.89432309279994, erank: 1.1133173704147339, s1: 10990.416015625, s5: 34.89842224121094

depth: 5, iteration: 19000, test_MSE: 15481.5703125, test_RMSE: 124.42495855936622, erank: 1.1123456954956055, s1: 11127.2705078125, s5: 34.8933219909668

depth: 5, iteration: 20000, test_MSE: 15544.6591796875, test_RMSE: 124.67822255585575, erank: 1.112241268157959, s1: 11149.990234375, s5: 34.903629302978516

depth: 5, iteration: 21000, test_MSE: 17154.435546875, test_RMSE: 130.974942438907, erank: 1.1075401306152344, s1: 11713.1884765625, s5: 34.83438491821289

depth: 5, iteration: 22000, test_MSE: 17787.955078125, test_RMSE: 133.3714927491066, erank: 1.105779767036438, s1: 11927.5498046875, s5: 34.713592529296875

depth: 5, iteration: 23000, test_MSE: 18123.095703125, test_RMSE: 134.62204761154467, erank: 1.1048749685287476, s1: 12039.408203125, s5: 34.666229248046875

depth: 5, iteration: 24000, test_MSE: 19237.6953125, test_RMSE: 138.7000191510441, erank: 1.1021900177001953, s1: 12404.11328125, s5: 34.524261474609375

depth: 5, iteration: 25000, test_MSE: 19181.109375, test_RMSE: 138.49588215900138, erank: 1.1025187969207764, s1: 12386.0068359375, s5: 34.58545684814453

depth: 5, iteration: 26000, test_MSE: 19943.49609375, test_RMSE: 141.22144346291748, erank: 1.1007450819015503, s1: 12629.78515625, s5: 34.40792465209961

depth: 5, iteration: 27000, test_MSE: 20909.224609375, test_RMSE: 144.60022340707155, erank: 1.0988051891326904, s1: 12932.0146484375, s5: 34.42323303222656

depth: 5, iteration: 28000, test_MSE: 20892.41015625, test_RMSE: 144.54207054089824, erank: 1.098891258239746, s1: 12926.748046875, s5: 34.39997482299805

depth: 5, iteration: 29000, test_MSE: 22242.962890625, test_RMSE: 149.14074859214367, erank: 1.0960637331008911, s1: 13338.12890625, s5: 34.262298583984375

