depth: 4, iteration: 0, test_MSE: 1.0109140872955322, test_RMSE: 1.0054422346885634, erank: 49.46615982055664, s1: 0.00324996467679739, s5: 0.002395760966464877

depth: 4, iteration: 1000, test_MSE: 5.032148237660294e-06, test_RMSE: 0.0022432450239909803, erank: 4.9990034103393555, s1: 53.556514739990234, s5: 36.47054672241211

depth: 4, iteration: 2000, test_MSE: 2.2534366053150734e-06, test_RMSE: 0.0015011450980218647, erank: 4.985900402069092, s1: 53.568115234375, s5: 36.47575378417969

depth: 4, iteration: 3000, test_MSE: 1.282466655538883e-06, test_RMSE: 0.0011324604432556941, erank: 4.97406005859375, s1: 53.576988220214844, s5: 36.480918884277344

depth: 4, iteration: 4000, test_MSE: 1.0296851542079821e-05, test_RMSE: 0.003208870758082946, erank: 4.964604377746582, s1: 53.5809326171875, s5: 36.489837646484375

depth: 4, iteration: 5000, test_MSE: 9.984141797758639e-07, test_RMSE: 0.0009992067752852079, erank: 4.958970069885254, s1: 53.569488525390625, s5: 36.488285064697266

depth: 4, iteration: 6000, test_MSE: 2.8676547572104027e-06, test_RMSE: 0.0016934151166239195, erank: 4.954896450042725, s1: 53.61688232421875, s5: 36.4700927734375

depth: 4, iteration: 7000, test_MSE: 1.5256095139193349e-05, test_RMSE: 0.003905905162595906, erank: 4.952420711517334, s1: 53.57145690917969, s5: 36.486385345458984

depth: 4, iteration: 8000, test_MSE: 3.3546648410265334e-06, test_RMSE: 0.0018315744159128598, erank: 4.951918125152588, s1: 53.59688949584961, s5: 36.48385238647461

depth: 4, iteration: 9000, test_MSE: 2.3375876025966136e-06, test_RMSE: 0.0015289171339862124, erank: 4.951232433319092, s1: 53.56631851196289, s5: 36.49059295654297

depth: 4, iteration: 10000, test_MSE: 1.0844955795619171e-06, test_RMSE: 0.0010413911750931622, erank: 4.950573921203613, s1: 53.59158706665039, s5: 36.49232864379883

depth: 4, iteration: 11000, test_MSE: 5.854490609635832e-06, test_RMSE: 0.0024196054656980405, erank: 4.950711250305176, s1: 53.58031463623047, s5: 36.49584197998047

depth: 4, iteration: 12000, test_MSE: 7.516976893384708e-06, test_RMSE: 0.002741710577975857, erank: 4.949999809265137, s1: 53.557647705078125, s5: 36.493194580078125

depth: 4, iteration: 13000, test_MSE: 4.300354248698568e-06, test_RMSE: 0.0020737295505196835, erank: 4.949888229370117, s1: 53.582366943359375, s5: 36.493900299072266

depth: 4, iteration: 14000, test_MSE: 2.792681470964453e-06, test_RMSE: 0.001671131793415604, erank: 4.949971675872803, s1: 53.5717887878418, s5: 36.48812484741211

depth: 4, iteration: 15000, test_MSE: 1.4257625480240677e-06, test_RMSE: 0.0011940529921339621, erank: 4.949480056762695, s1: 53.588462829589844, s5: 36.486915588378906

depth: 4, iteration: 16000, test_MSE: 4.120585799682885e-06, test_RMSE: 0.0020299226092841288, erank: 4.949495315551758, s1: 53.61514663696289, s5: 36.50141525268555

depth: 4, iteration: 17000, test_MSE: 2.334835016881698e-06, test_RMSE: 0.0015280166939145978, erank: 4.949699401855469, s1: 53.58465576171875, s5: 36.49052429199219

depth: 4, iteration: 18000, test_MSE: 1.4474456293100957e-05, test_RMSE: 0.0038045310214402193, erank: 4.949089050292969, s1: 53.58314895629883, s5: 36.48591232299805

depth: 4, iteration: 19000, test_MSE: 1.9313799839437706e-06, test_RMSE: 0.0013897409772845337, erank: 4.9496989250183105, s1: 53.55542755126953, s5: 36.48649597167969

depth: 4, iteration: 20000, test_MSE: 5.043406417826191e-06, test_RMSE: 0.0022457529734648445, erank: 4.949069976806641, s1: 53.679664611816406, s5: 36.48545455932617

depth: 4, iteration: 21000, test_MSE: 2.4108128400257556e-06, test_RMSE: 0.0015526792456994315, erank: 4.949338436126709, s1: 53.59084701538086, s5: 36.49098205566406

depth: 4, iteration: 22000, test_MSE: 1.0953771152344416e-06, test_RMSE: 0.0010466026539400909, erank: 4.949284553527832, s1: 53.572078704833984, s5: 36.492088317871094

depth: 4, iteration: 23000, test_MSE: 1.823497314035194e-06, test_RMSE: 0.0013503693250497043, erank: 4.949282169342041, s1: 53.585330963134766, s5: 36.504432678222656

depth: 4, iteration: 24000, test_MSE: 3.5587945603765547e-06, test_RMSE: 0.0018864767585042108, erank: 4.948992729187012, s1: 53.61699676513672, s5: 36.49195098876953

depth: 4, iteration: 25000, test_MSE: 1.3977602975501213e-05, test_RMSE: 0.0037386632605118657, erank: 4.949594974517822, s1: 53.61807632446289, s5: 36.46449661254883

depth: 4, iteration: 26000, test_MSE: 2.368838750044233e-06, test_RMSE: 0.0015391032291708808, erank: 4.949043273925781, s1: 53.581565856933594, s5: 36.4800910949707

depth: 4, iteration: 27000, test_MSE: 1.2525362080850755e-06, test_RMSE: 0.001119167640742474, erank: 4.949294567108154, s1: 53.57874298095703, s5: 36.490875244140625

depth: 4, iteration: 28000, test_MSE: 2.0560221400955925e-06, test_RMSE: 0.001433883586660923, erank: 4.949511528015137, s1: 53.5665168762207, s5: 36.496456146240234

depth: 4, iteration: 29000, test_MSE: 1.2488244465203024e-06, test_RMSE: 0.0011175081415901642, erank: 4.949120998382568, s1: 53.608192443847656, s5: 36.49005126953125

