depth: 2, iteration: 0, test_MSE: 1.0109117031097412, test_RMSE: 1.0054410490475019, erank: 66.73628997802734, s1: 0.0026257652789354324, s5: 0.002133142203092575

depth: 2, iteration: 1000, test_MSE: 0.348835825920105, test_RMSE: 0.5906232520990898, erank: 23.023950576782227, s1: 38.17356491088867, s5: 19.732196807861328

depth: 2, iteration: 2000, test_MSE: 0.3312409818172455, test_RMSE: 0.5755353871112058, erank: 21.826580047607422, s1: 38.79084014892578, s5: 20.106565475463867

depth: 2, iteration: 3000, test_MSE: 0.3031250536441803, test_RMSE: 0.5505679373557638, erank: 20.026620864868164, s1: 39.8005485534668, s5: 20.753402709960938

depth: 2, iteration: 4000, test_MSE: 0.26329895853996277, test_RMSE: 0.5131266496099796, erank: 17.683984756469727, s1: 41.27128601074219, s5: 21.786540985107422

depth: 2, iteration: 5000, test_MSE: 0.21213965117931366, test_RMSE: 0.4605862038525618, erank: 14.979947090148926, s1: 43.219974517822266, s5: 23.330799102783203

depth: 2, iteration: 6000, test_MSE: 0.1525627076625824, test_RMSE: 0.3905927644780205, erank: 12.176300048828125, s1: 45.5283317565918, s5: 25.499189376831055

depth: 2, iteration: 7000, test_MSE: 0.09099595993757248, test_RMSE: 0.301655366167374, erank: 9.588020324707031, s1: 48.01752471923828, s5: 28.251771926879883

depth: 2, iteration: 8000, test_MSE: 0.03828199580311775, test_RMSE: 0.19565785392648502, erank: 7.388000011444092, s1: 50.43775177001953, s5: 31.375829696655273

depth: 2, iteration: 9000, test_MSE: 0.007482346147298813, test_RMSE: 0.08650055576294763, erank: 5.7858662605285645, s1: 52.4323616027832, s5: 34.4508056640625

depth: 2, iteration: 10000, test_MSE: 0.0001488736888859421, test_RMSE: 0.012201380613928167, erank: 5.0159525871276855, s1: 53.48652648925781, s5: 36.310325622558594

depth: 2, iteration: 11000, test_MSE: 8.955937147447912e-08, test_RMSE: 0.0002992647180582421, erank: 4.9545464515686035, s1: 53.573360443115234, s5: 36.50701904296875

depth: 2, iteration: 12000, test_MSE: 5.828445637234836e-08, test_RMSE: 0.00024142173964319857, erank: 4.954169273376465, s1: 53.56380081176758, s5: 36.51020812988281

depth: 2, iteration: 13000, test_MSE: 4.908557116323209e-08, test_RMSE: 0.00022155263745492196, erank: 4.953915596008301, s1: 53.56187057495117, s5: 36.51039123535156

depth: 2, iteration: 14000, test_MSE: 6.190712298348444e-08, test_RMSE: 0.00024881142052463035, erank: 4.954146385192871, s1: 53.566524505615234, s5: 36.510292053222656

depth: 2, iteration: 15000, test_MSE: 8.361287484603963e-08, test_RMSE: 0.0002891589093319444, erank: 4.954523086547852, s1: 53.547264099121094, s5: 36.512786865234375

depth: 2, iteration: 16000, test_MSE: 8.506769688665372e-08, test_RMSE: 0.00029166367083792547, erank: 4.954350471496582, s1: 53.56956100463867, s5: 36.51119613647461

depth: 2, iteration: 17000, test_MSE: 7.744730368131059e-08, test_RMSE: 0.0002782935566650989, erank: 4.954193592071533, s1: 53.56544494628906, s5: 36.510555267333984

depth: 2, iteration: 18000, test_MSE: 9.444784154766239e-08, test_RMSE: 0.0003073236755404022, erank: 4.95455265045166, s1: 53.557559967041016, s5: 36.51508331298828

depth: 2, iteration: 19000, test_MSE: 1.352320282421715e-07, test_RMSE: 0.0003677390763057028, erank: 4.9546427726745605, s1: 53.56005096435547, s5: 36.51005554199219

depth: 2, iteration: 20000, test_MSE: 5.949199177734954e-08, test_RMSE: 0.00024390980254460775, erank: 4.954415798187256, s1: 53.54737854003906, s5: 36.511474609375

depth: 2, iteration: 21000, test_MSE: 1.4688249905248085e-07, test_RMSE: 0.0003832525264789273, erank: 4.954618453979492, s1: 53.57026672363281, s5: 36.51007080078125

depth: 2, iteration: 22000, test_MSE: 1.093612453928472e-07, test_RMSE: 0.0003306981182178804, erank: 4.954592227935791, s1: 53.54884338378906, s5: 36.51041030883789

depth: 2, iteration: 23000, test_MSE: 4.723412061480303e-08, test_RMSE: 0.00021733412206738966, erank: 4.954082012176514, s1: 53.56123733520508, s5: 36.5108528137207

depth: 2, iteration: 24000, test_MSE: 4.476049397794668e-08, test_RMSE: 0.00021156676009701213, erank: 4.953946113586426, s1: 53.561519622802734, s5: 36.51041030883789

depth: 2, iteration: 25000, test_MSE: 8.28910913241998e-08, test_RMSE: 0.00028790813000712537, erank: 4.954312324523926, s1: 53.560054779052734, s5: 36.509700775146484

depth: 2, iteration: 26000, test_MSE: 1.1734644544958428e-07, test_RMSE: 0.00034255867446261566, erank: 4.954832077026367, s1: 53.53828048706055, s5: 36.51392364501953

depth: 2, iteration: 27000, test_MSE: 1.7028084187131753e-07, test_RMSE: 0.0004126509928151361, erank: 4.95469331741333, s1: 53.5623664855957, s5: 36.505104064941406

depth: 2, iteration: 28000, test_MSE: 6.460288659582147e-08, test_RMSE: 0.00025417097905902137, erank: 4.954227447509766, s1: 53.55421829223633, s5: 36.50959014892578

depth: 2, iteration: 29000, test_MSE: 1.3425697886759735e-07, test_RMSE: 0.0003664109426144331, erank: 4.954611778259277, s1: 53.55868911743164, s5: 36.509864807128906

