depth: 3, iteration: 0, test_MSE: 1.0109140872955322, test_RMSE: 1.0054422346885634, erank: 57.05797576904297, s1: 0.0028013507835566998, s5: 0.00238913856446743

depth: 3, iteration: 1000, test_MSE: 0.03176112100481987, test_RMSE: 0.1782165003719349, erank: 6.761821746826172, s1: 50.68628692626953, s5: 32.86055374145508

depth: 3, iteration: 2000, test_MSE: 0.030107812955975533, test_RMSE: 0.17351603083281825, erank: 6.720625400543213, s1: 50.78734588623047, s5: 33.050880432128906

depth: 3, iteration: 3000, test_MSE: 0.029483268037438393, test_RMSE: 0.17170692483833724, erank: 6.704094409942627, s1: 50.822505950927734, s5: 33.103458404541016

depth: 3, iteration: 4000, test_MSE: 0.028750738129019737, test_RMSE: 0.1695604261878925, erank: 6.679850101470947, s1: 50.864105224609375, s5: 33.1480598449707

depth: 3, iteration: 5000, test_MSE: 0.027610529214143753, test_RMSE: 0.1661641634473082, erank: 6.6403632164001465, s1: 50.93035888671875, s5: 33.215415954589844

depth: 3, iteration: 6000, test_MSE: 0.02582058496773243, test_RMSE: 0.16068784947136616, erank: 6.577516078948975, s1: 51.036128997802734, s5: 33.323604583740234

depth: 3, iteration: 7000, test_MSE: 0.02320362813770771, test_RMSE: 0.1523273715971877, erank: 6.485645771026611, s1: 51.204898834228516, s5: 33.48579025268555

depth: 3, iteration: 8000, test_MSE: 0.0200619138777256, test_RMSE: 0.1416400857021966, erank: 6.3814616203308105, s1: 51.39485549926758, s5: 33.68059158325195

depth: 3, iteration: 9000, test_MSE: 0.01678547076880932, test_RMSE: 0.12955875411877546, erank: 6.275488376617432, s1: 51.53876495361328, s5: 33.8936653137207

depth: 3, iteration: 10000, test_MSE: 0.013587326742708683, test_RMSE: 0.11656468909025873, erank: 6.170729637145996, s1: 51.74959182739258, s5: 34.09807586669922

depth: 3, iteration: 11000, test_MSE: 0.010708235204219818, test_RMSE: 0.1034806030337078, erank: 6.071288108825684, s1: 51.90786361694336, s5: 34.316261291503906

depth: 3, iteration: 12000, test_MSE: 0.008265335112810135, test_RMSE: 0.09091388844841108, erank: 5.976365089416504, s1: 52.05076599121094, s5: 34.5264778137207

depth: 3, iteration: 13000, test_MSE: 0.006303139962255955, test_RMSE: 0.07939231677093164, erank: 5.889903545379639, s1: 52.19291687011719, s5: 34.73762512207031

depth: 3, iteration: 14000, test_MSE: 0.004771871026605368, test_RMSE: 0.06907873063834749, erank: 5.809453964233398, s1: 52.33340072631836, s5: 34.93268966674805

depth: 3, iteration: 15000, test_MSE: 0.0036185854114592075, test_RMSE: 0.06015467904875902, erank: 5.735530853271484, s1: 52.504608154296875, s5: 35.08656692504883

depth: 3, iteration: 16000, test_MSE: 0.0027459131088107824, test_RMSE: 0.05240146094156901, erank: 5.668412208557129, s1: 52.589786529541016, s5: 35.24763488769531

depth: 3, iteration: 17000, test_MSE: 0.00207757786847651, test_RMSE: 0.045580454895453926, erank: 5.606534481048584, s1: 52.72035217285156, s5: 35.37457275390625

depth: 3, iteration: 18000, test_MSE: 0.0015713988104835153, test_RMSE: 0.03964087297832271, erank: 5.549879550933838, s1: 52.76182556152344, s5: 35.517425537109375

depth: 3, iteration: 19000, test_MSE: 0.0011733801802620292, test_RMSE: 0.034254637354116435, erank: 5.496457576751709, s1: 52.9378662109375, s5: 35.61720275878906

depth: 3, iteration: 20000, test_MSE: 0.0008836538763716817, test_RMSE: 0.02972631622605939, erank: 5.448092937469482, s1: 52.94086837768555, s5: 35.71757507324219

depth: 3, iteration: 21000, test_MSE: 0.0006641951040364802, test_RMSE: 0.025771982927909918, erank: 5.403195381164551, s1: 52.94596481323242, s5: 35.818763732910156

depth: 3, iteration: 22000, test_MSE: 0.0004807364020962268, test_RMSE: 0.021925701860971904, erank: 5.36090087890625, s1: 53.068302154541016, s5: 35.91554641723633

depth: 3, iteration: 23000, test_MSE: 0.00034492299892008305, test_RMSE: 0.01857210270594267, erank: 5.321523189544678, s1: 53.15589904785156, s5: 35.983192443847656

depth: 3, iteration: 24000, test_MSE: 0.0002456922666169703, test_RMSE: 0.015674573889486447, erank: 5.285177230834961, s1: 53.291236877441406, s5: 36.05052185058594

depth: 3, iteration: 25000, test_MSE: 0.00017994864901993424, test_RMSE: 0.01341449399045429, erank: 5.252596855163574, s1: 53.26292037963867, s5: 36.12855529785156

depth: 3, iteration: 26000, test_MSE: 0.00012873449304606766, test_RMSE: 0.011346122379300678, erank: 5.222378730773926, s1: 53.30475997924805, s5: 36.182884216308594

depth: 3, iteration: 27000, test_MSE: 9.043423051480204e-05, test_RMSE: 0.009509691399556666, erank: 5.194419860839844, s1: 53.448204040527344, s5: 36.209495544433594

depth: 3, iteration: 28000, test_MSE: 6.579860200872645e-05, test_RMSE: 0.008111633744735178, erank: 5.17041540145874, s1: 53.37533187866211, s5: 36.27109146118164

depth: 3, iteration: 29000, test_MSE: 5.0556041969684884e-05, test_RMSE: 0.007110277207654065, erank: 5.148386001586914, s1: 53.36444091796875, s5: 36.3036994934082

