depth: 2, iteration: 0, test_MSE: 1.0109117031097412, test_RMSE: 1.0054410490475019, erank: 66.73628997802734, s1: 0.0026257652789354324, s5: 0.002133142203092575

depth: 2, iteration: 1000, test_MSE: 0.2833673655986786, test_RMSE: 0.532322614209352, erank: 16.46735382080078, s1: 42.55405807495117, s5: 19.182273864746094

depth: 2, iteration: 2000, test_MSE: 0.20453327894210815, test_RMSE: 0.45225355603036244, erank: 13.02482795715332, s1: 45.00649642944336, s5: 21.880756378173828

depth: 2, iteration: 3000, test_MSE: 0.11650565266609192, test_RMSE: 0.34132924378976365, erank: 9.851996421813965, s1: 48.18692398071289, s5: 25.984779357910156

depth: 2, iteration: 4000, test_MSE: 0.04145587235689163, test_RMSE: 0.20360715202784904, erank: 7.269401550292969, s1: 51.13271713256836, s5: 30.84453773498535

depth: 2, iteration: 5000, test_MSE: 0.004200022201985121, test_RMSE: 0.06480757827588624, erank: 5.496658802032471, s1: 53.17702865600586, s5: 34.98606872558594

depth: 2, iteration: 6000, test_MSE: 2.0171814867353532e-06, test_RMSE: 0.0014202751447291307, erank: 4.958774566650391, s1: 53.59264373779297, s5: 36.483394622802734

depth: 2, iteration: 7000, test_MSE: 9.341454756395251e-07, test_RMSE: 0.0009665120152587474, erank: 4.955136299133301, s1: 53.586517333984375, s5: 36.48931121826172

depth: 2, iteration: 8000, test_MSE: 9.491483297097147e-07, test_RMSE: 0.0009742424388773642, erank: 4.9566497802734375, s1: 53.58678436279297, s5: 36.48961639404297

depth: 2, iteration: 9000, test_MSE: 9.750791605256381e-07, test_RMSE: 0.0009874609665833066, erank: 4.958153247833252, s1: 53.586978912353516, s5: 36.48892593383789

depth: 2, iteration: 10000, test_MSE: 1.0067584526041173e-06, test_RMSE: 0.001003373535929724, erank: 4.960337162017822, s1: 53.58803176879883, s5: 36.48841857910156

depth: 2, iteration: 11000, test_MSE: 1.0581748028926086e-06, test_RMSE: 0.0010286762381296695, erank: 4.9626145362854, s1: 53.588871002197266, s5: 36.488739013671875

depth: 2, iteration: 12000, test_MSE: 1.0588695431579254e-06, test_RMSE: 0.0010290138692738429, erank: 4.963691711425781, s1: 53.585018157958984, s5: 36.48880386352539

depth: 2, iteration: 13000, test_MSE: 1.0730661870184122e-06, test_RMSE: 0.0010358890804610366, erank: 4.964230537414551, s1: 53.58354949951172, s5: 36.48821258544922

depth: 2, iteration: 14000, test_MSE: 1.167808704849449e-06, test_RMSE: 0.0010806519813748776, erank: 4.963094711303711, s1: 53.604557037353516, s5: 36.48660659790039

depth: 2, iteration: 15000, test_MSE: 1.0530999361435534e-06, test_RMSE: 0.0010262065757651105, erank: 4.962516784667969, s1: 53.58383560180664, s5: 36.48820877075195

depth: 2, iteration: 16000, test_MSE: 1.0376279533375055e-06, test_RMSE: 0.0010186402472597996, erank: 4.962532043457031, s1: 53.58467483520508, s5: 36.48798751831055

depth: 2, iteration: 17000, test_MSE: 1.0539260983932763e-06, test_RMSE: 0.0010266090289848791, erank: 4.962279319763184, s1: 53.5922966003418, s5: 36.4905891418457

depth: 2, iteration: 18000, test_MSE: 1.1735038469851133e-06, test_RMSE: 0.0010832838256824079, erank: 4.961479663848877, s1: 53.606414794921875, s5: 36.48632049560547

depth: 2, iteration: 19000, test_MSE: 1.0586028338366305e-06, test_RMSE: 0.0010288842664928988, erank: 4.961067199707031, s1: 53.592079162597656, s5: 36.489810943603516

depth: 2, iteration: 20000, test_MSE: 1.034881393024989e-06, test_RMSE: 0.0010172912036506504, erank: 4.961191654205322, s1: 53.59017562866211, s5: 36.488861083984375

depth: 2, iteration: 21000, test_MSE: 1.0566110404397477e-06, test_RMSE: 0.0010279158722579138, erank: 4.9606146812438965, s1: 53.592445373535156, s5: 36.48873519897461

depth: 2, iteration: 22000, test_MSE: 1.0754057484518853e-06, test_RMSE: 0.0010370177184850244, erank: 4.960097312927246, s1: 53.59693908691406, s5: 36.488304138183594

depth: 2, iteration: 23000, test_MSE: 1.0100261533807497e-06, test_RMSE: 0.0010050005738211048, erank: 4.95971155166626, s1: 53.587379455566406, s5: 36.48979568481445

depth: 2, iteration: 24000, test_MSE: 9.972111456590937e-07, test_RMSE: 0.0009986045992579314, erank: 4.95934534072876, s1: 53.58639144897461, s5: 36.48796081542969

depth: 2, iteration: 25000, test_MSE: 1.025221536110621e-06, test_RMSE: 0.0010125322395413497, erank: 4.9587178230285645, s1: 53.59022521972656, s5: 36.48906326293945

depth: 2, iteration: 26000, test_MSE: 1.05747017187241e-06, test_RMSE: 0.0010283336870259624, erank: 4.958912372589111, s1: 53.594947814941406, s5: 36.48796463012695

depth: 2, iteration: 27000, test_MSE: 9.779688525668462e-07, test_RMSE: 0.000988923077173774, erank: 4.958221435546875, s1: 53.58430862426758, s5: 36.48883819580078

depth: 2, iteration: 28000, test_MSE: 1.088436079044186e-06, test_RMSE: 0.001043281399740351, erank: 4.958398342132568, s1: 53.60220718383789, s5: 36.48942184448242

depth: 2, iteration: 29000, test_MSE: 9.736503443491529e-07, test_RMSE: 0.0009867372215281802, erank: 4.957878112792969, s1: 53.56708908081055, s5: 36.49107360839844

