depth: 1, iteration: 0, test_MSE: 1.0109524726867676, test_RMSE: 1.0054613233171963, erank: 80.47223663330078, s1: 0.01983257569372654, s5: 0.017984844744205475

depth: 1, iteration: 1000, test_MSE: 1.0095851421356201, test_RMSE: 1.004781141411213, erank: 1.5287708044052124, s1: 1.2422842979431152, s5: 0.0015107054496183991

depth: 1, iteration: 2000, test_MSE: 1.0066313743591309, test_RMSE: 1.0033102084396086, erank: 1.3273431062698364, s1: 1.9274882078170776, s5: 0.0014515998773276806

depth: 1, iteration: 3000, test_MSE: 1.0004785060882568, test_RMSE: 1.0002392244299645, erank: 1.2029774188995361, s1: 3.0098659992218018, s5: 0.001385853043757379

depth: 1, iteration: 4000, test_MSE: 0.9902744889259338, test_RMSE: 0.9951253634220836, erank: 1.131699800491333, s1: 4.6964287757873535, s5: 0.001400219276547432

depth: 1, iteration: 5000, test_MSE: 0.9751237034797668, test_RMSE: 0.9874835206117452, erank: 1.089674472808838, s1: 7.2047271728515625, s5: 0.0014773063594475389

depth: 1, iteration: 6000, test_MSE: 0.9499024152755737, test_RMSE: 0.9746293732879047, erank: 1.3955539464950562, s1: 10.849469184875488, s5: 0.005130308214575052

depth: 1, iteration: 7000, test_MSE: 0.8791427612304688, test_RMSE: 0.9376261308381229, erank: 4.017073631286621, s1: 16.711688995361328, s5: 1.2543976306915283

depth: 1, iteration: 8000, test_MSE: 0.7587810158729553, test_RMSE: 0.8710803727974562, erank: 9.533268928527832, s1: 25.05934715270996, s5: 5.2284674644470215

depth: 1, iteration: 9000, test_MSE: 0.6320496201515198, test_RMSE: 0.7950154842212319, erank: 12.722119331359863, s1: 33.37841796875, s5: 10.124516487121582

depth: 1, iteration: 10000, test_MSE: 0.5146745443344116, test_RMSE: 0.7174082131774152, erank: 12.332778930664062, s1: 40.18589401245117, s5: 14.308014869689941

depth: 1, iteration: 11000, test_MSE: 0.4028741419315338, test_RMSE: 0.6347236736813381, erank: 10.4339599609375, s1: 45.323760986328125, s5: 17.650020599365234

depth: 1, iteration: 12000, test_MSE: 0.29609888792037964, test_RMSE: 0.5441496925666499, erank: 8.257861137390137, s1: 48.86895751953125, s5: 20.80245590209961

depth: 1, iteration: 13000, test_MSE: 0.20122183859348297, test_RMSE: 0.4485775725484757, erank: 6.701117992401123, s1: 51.00476837158203, s5: 24.125627517700195

depth: 1, iteration: 14000, test_MSE: 0.12679779529571533, test_RMSE: 0.3560867805686071, erank: 5.679749488830566, s1: 52.309837341308594, s5: 27.48251724243164

depth: 1, iteration: 15000, test_MSE: 0.0765177309513092, test_RMSE: 0.27661838505657793, erank: 5.100693702697754, s1: 53.167476654052734, s5: 30.224271774291992

depth: 1, iteration: 16000, test_MSE: 0.04785798862576485, test_RMSE: 0.2187646877943624, erank: 4.947515487670898, s1: 53.87967300415039, s5: 31.83426284790039

depth: 1, iteration: 17000, test_MSE: 0.032571595162153244, test_RMSE: 0.18047602378751934, erank: 4.9494853019714355, s1: 54.48076248168945, s5: 32.625083923339844

depth: 1, iteration: 18000, test_MSE: 0.02367624081671238, test_RMSE: 0.1538708575939979, erank: 4.950697422027588, s1: 54.96249008178711, s5: 33.05187225341797

depth: 1, iteration: 19000, test_MSE: 0.018164772540330887, test_RMSE: 0.13477675074110848, erank: 4.949761867523193, s1: 55.35447692871094, s5: 33.29496383666992

depth: 1, iteration: 20000, test_MSE: 0.014648450538516045, test_RMSE: 0.12103078343345566, erank: 4.949643611907959, s1: 55.681209564208984, s5: 33.436466217041016

depth: 1, iteration: 21000, test_MSE: 0.012387042865157127, test_RMSE: 0.11129709279741824, erank: 4.947512626647949, s1: 55.96013259887695, s5: 33.51800537109375

depth: 1, iteration: 22000, test_MSE: 0.01095637772232294, test_RMSE: 0.10467271718228653, erank: 4.945870876312256, s1: 56.20232009887695, s5: 33.56342315673828

depth: 1, iteration: 23000, test_MSE: 0.010093890130519867, test_RMSE: 0.10046835387583429, erank: 4.944924831390381, s1: 56.41648483276367, s5: 33.58640670776367

depth: 1, iteration: 24000, test_MSE: 0.00963128637522459, test_RMSE: 0.09813911745692738, erank: 4.942819595336914, s1: 56.60863494873047, s5: 33.59457778930664

depth: 1, iteration: 25000, test_MSE: 0.00945407897233963, test_RMSE: 0.09723208818255231, erank: 4.94123649597168, s1: 56.781898498535156, s5: 33.594242095947266

depth: 1, iteration: 26000, test_MSE: 0.009481582790613174, test_RMSE: 0.09737341932279658, erank: 4.939769268035889, s1: 56.93976593017578, s5: 33.58784484863281

depth: 1, iteration: 27000, test_MSE: 0.009660616517066956, test_RMSE: 0.09828843531701456, erank: 4.939508438110352, s1: 57.08393096923828, s5: 33.5775146484375

depth: 1, iteration: 28000, test_MSE: 0.009950659237802029, test_RMSE: 0.09975299112208129, erank: 4.936766147613525, s1: 57.21689224243164, s5: 33.56531524658203

depth: 1, iteration: 29000, test_MSE: 0.010321498848497868, test_RMSE: 0.1015947776635092, erank: 4.935793399810791, s1: 57.339473724365234, s5: 33.55181884765625

