depth: 3, iteration: 0, test_MSE: 1.0109140872955322, test_RMSE: 1.0054422346885634, erank: 57.05797576904297, s1: 0.0028013507835566998, s5: 0.00238913856446743

depth: 3, iteration: 1000, test_MSE: 0.03176123648881912, test_RMSE: 0.17821682437081837, erank: 6.761826038360596, s1: 50.68620681762695, s5: 32.860504150390625

depth: 3, iteration: 2000, test_MSE: 0.03010953962802887, test_RMSE: 0.17352100630191397, erank: 6.7206854820251465, s1: 50.7870979309082, s5: 33.050811767578125

depth: 3, iteration: 3000, test_MSE: 0.029492422938346863, test_RMSE: 0.17173358127735783, erank: 6.70440673828125, s1: 50.822052001953125, s5: 33.102787017822266

depth: 3, iteration: 4000, test_MSE: 0.028783446177840233, test_RMSE: 0.1696568483081076, erank: 6.680987358093262, s1: 50.86229705810547, s5: 33.14607238769531

depth: 3, iteration: 5000, test_MSE: 0.027704106643795967, test_RMSE: 0.16644550652930215, erank: 6.643626689910889, s1: 50.92512512207031, s5: 33.210052490234375

depth: 3, iteration: 6000, test_MSE: 0.02605167031288147, test_RMSE: 0.1614052982800796, erank: 6.585686683654785, s1: 51.0218391418457, s5: 33.30933380126953

depth: 3, iteration: 7000, test_MSE: 0.02369696833193302, test_RMSE: 0.15393819646836526, erank: 6.503579139709473, s1: 51.161869049072266, s5: 33.45543670654297

depth: 3, iteration: 8000, test_MSE: 0.020977867767214775, test_RMSE: 0.14483738387313813, erank: 6.413846492767334, s1: 51.25985336303711, s5: 33.62130355834961

depth: 3, iteration: 9000, test_MSE: 0.018146472051739693, test_RMSE: 0.13470884177269024, erank: 6.324337959289551, s1: 51.52483367919922, s5: 33.78165817260742

depth: 3, iteration: 10000, test_MSE: 0.015442496165633202, test_RMSE: 0.12426784043200076, erank: 6.240436553955078, s1: 51.59307098388672, s5: 33.965065002441406

depth: 3, iteration: 11000, test_MSE: 0.012996618635952473, test_RMSE: 0.11400271328329196, erank: 6.1630940437316895, s1: 51.756629943847656, s5: 34.12506866455078

depth: 3, iteration: 12000, test_MSE: 0.010935381054878235, test_RMSE: 0.10457237233073674, erank: 6.0938544273376465, s1: 51.8589973449707, s5: 34.27806091308594

depth: 3, iteration: 13000, test_MSE: 0.009256048128008842, test_RMSE: 0.09620835789061594, erank: 6.032570838928223, s1: 51.90273666381836, s5: 34.42244338989258

depth: 3, iteration: 14000, test_MSE: 0.007872752845287323, test_RMSE: 0.08872853456068866, erank: 5.977556228637695, s1: 52.1588020324707, s5: 34.53848648071289

depth: 3, iteration: 15000, test_MSE: 0.006835435051470995, test_RMSE: 0.08267668989183707, erank: 5.931818962097168, s1: 52.142669677734375, s5: 34.648929595947266

depth: 3, iteration: 16000, test_MSE: 0.006003586109727621, test_RMSE: 0.07748281170509767, erank: 5.892171382904053, s1: 52.172855377197266, s5: 34.751277923583984

depth: 3, iteration: 17000, test_MSE: 0.0053544905968010426, test_RMSE: 0.07317438484060554, erank: 5.857861042022705, s1: 52.285316467285156, s5: 34.82392501831055

depth: 3, iteration: 18000, test_MSE: 0.004850518424063921, test_RMSE: 0.06964566335432466, erank: 5.82938289642334, s1: 52.35564422607422, s5: 34.885372161865234

depth: 3, iteration: 19000, test_MSE: 0.0044579277746379375, test_RMSE: 0.06676771506228095, erank: 5.8061933517456055, s1: 52.346797943115234, s5: 34.94331741333008

depth: 3, iteration: 20000, test_MSE: 0.004148001782596111, test_RMSE: 0.06440498259138117, erank: 5.786477565765381, s1: 52.416900634765625, s5: 34.988529205322266

depth: 3, iteration: 21000, test_MSE: 0.00391239020973444, test_RMSE: 0.06254910238951827, erank: 5.7712273597717285, s1: 52.45230484008789, s5: 35.02241897583008

depth: 3, iteration: 22000, test_MSE: 0.003743906272575259, test_RMSE: 0.061187468264140975, erank: 5.759619235992432, s1: 52.411346435546875, s5: 35.05557632446289

depth: 3, iteration: 23000, test_MSE: 0.003614668734371662, test_RMSE: 0.06012211518544289, erank: 5.75124979019165, s1: 52.406253814697266, s5: 35.07559585571289

depth: 3, iteration: 24000, test_MSE: 0.0035261695738881826, test_RMSE: 0.059381559207284065, erank: 5.744568347930908, s1: 52.427223205566406, s5: 35.077308654785156

depth: 3, iteration: 25000, test_MSE: 0.003462268505245447, test_RMSE: 0.058841044392884866, erank: 5.740660190582275, s1: 52.442142486572266, s5: 35.096378326416016

depth: 3, iteration: 26000, test_MSE: 0.0034427971113473177, test_RMSE: 0.05867535352554186, erank: 5.738945007324219, s1: 52.42940139770508, s5: 35.10541534423828

depth: 3, iteration: 27000, test_MSE: 0.00341170490719378, test_RMSE: 0.05840980146511183, erank: 5.738093376159668, s1: 52.48435592651367, s5: 35.093841552734375

depth: 3, iteration: 28000, test_MSE: 0.0034260821994394064, test_RMSE: 0.058532744677141244, erank: 5.7388763427734375, s1: 52.47190856933594, s5: 35.09603500366211

depth: 3, iteration: 29000, test_MSE: 0.0034411046653985977, test_RMSE: 0.05866092963292176, erank: 5.740949630737305, s1: 52.40631866455078, s5: 35.093509674072266

