depth: 4, iteration: 0, test_MSE: 1.0109140872955322, test_RMSE: 1.0054422346885634, erank: 49.46615982055664, s1: 0.00324996467679739, s5: 0.002395760966464877

depth: 4, iteration: 1000, test_MSE: 0.0007415212457999587, test_RMSE: 0.02723088771597354, erank: 5.29331111907959, s1: 52.752098083496094, s5: 36.132911682128906

depth: 4, iteration: 2000, test_MSE: 0.0002912830968853086, test_RMSE: 0.01706701780878278, erank: 5.219846725463867, s1: 53.02883529663086, s5: 36.24915313720703

depth: 4, iteration: 3000, test_MSE: 0.0001764351618476212, test_RMSE: 0.013282889815383593, erank: 5.184496879577637, s1: 53.14156723022461, s5: 36.30017852783203

depth: 4, iteration: 4000, test_MSE: 0.00012644240632653236, test_RMSE: 0.011244661236628357, erank: 5.161913871765137, s1: 53.204952239990234, s5: 36.33060073852539

depth: 4, iteration: 5000, test_MSE: 0.00010026861127698794, test_RMSE: 0.010013421556939862, erank: 5.145611763000488, s1: 53.22140884399414, s5: 36.35318374633789

depth: 4, iteration: 6000, test_MSE: 8.373344462597743e-05, test_RMSE: 0.009150598047448999, erank: 5.133886814117432, s1: 53.33129119873047, s5: 36.35697937011719

depth: 4, iteration: 7000, test_MSE: 7.456832099705935e-05, test_RMSE: 0.008635295072958384, erank: 5.127408027648926, s1: 53.328853607177734, s5: 36.36175537109375

depth: 4, iteration: 8000, test_MSE: 7.296675903489813e-05, test_RMSE: 0.008542058243473767, erank: 5.122830390930176, s1: 53.308448791503906, s5: 36.37531661987305

depth: 4, iteration: 9000, test_MSE: 6.771627522539347e-05, test_RMSE: 0.008228989927408678, erank: 5.119254112243652, s1: 53.273597717285156, s5: 36.389408111572266

depth: 4, iteration: 10000, test_MSE: 6.52592207188718e-05, test_RMSE: 0.008078317938709258, erank: 5.114777088165283, s1: 53.435768127441406, s5: 36.370582580566406

depth: 4, iteration: 11000, test_MSE: 6.472014501923695e-05, test_RMSE: 0.00804488315758762, erank: 5.113266944885254, s1: 53.326351165771484, s5: 36.3779182434082

depth: 4, iteration: 12000, test_MSE: 5.7273464335594326e-05, test_RMSE: 0.007567923383306303, erank: 5.11083984375, s1: 53.35828399658203, s5: 36.40218734741211

depth: 4, iteration: 13000, test_MSE: 5.4181338782655075e-05, test_RMSE: 0.00736079742844857, erank: 5.108839511871338, s1: 53.361236572265625, s5: 36.37278366088867

depth: 4, iteration: 14000, test_MSE: 6.323597335722297e-05, test_RMSE: 0.007952104963921375, erank: 5.107481002807617, s1: 53.249568939208984, s5: 36.393402099609375

depth: 4, iteration: 15000, test_MSE: 5.2531751862261444e-05, test_RMSE: 0.007247879128563158, erank: 5.105785846710205, s1: 53.36617660522461, s5: 36.398162841796875

depth: 4, iteration: 16000, test_MSE: 5.065959703642875e-05, test_RMSE: 0.007117555552043746, erank: 5.104687213897705, s1: 53.36720275878906, s5: 36.384822845458984

depth: 4, iteration: 17000, test_MSE: 5.0674087106017396e-05, test_RMSE: 0.007118573389803423, erank: 5.103725433349609, s1: 53.31679916381836, s5: 36.402645111083984

depth: 4, iteration: 18000, test_MSE: 4.6489563828799874e-05, test_RMSE: 0.006818325588353776, erank: 5.1024932861328125, s1: 53.41421127319336, s5: 36.38959503173828

depth: 4, iteration: 19000, test_MSE: 5.046269507147372e-05, test_RMSE: 0.007103709951248975, erank: 5.102497100830078, s1: 53.305904388427734, s5: 36.399131774902344

depth: 4, iteration: 20000, test_MSE: 5.236590368440375e-05, test_RMSE: 0.007236428931759349, erank: 5.101539134979248, s1: 53.30121994018555, s5: 36.41182327270508

depth: 4, iteration: 21000, test_MSE: 4.7907458792906255e-05, test_RMSE: 0.00692152142183395, erank: 5.101405143737793, s1: 53.33000183105469, s5: 36.3972282409668

depth: 4, iteration: 22000, test_MSE: 4.84407355543226e-05, test_RMSE: 0.006959937898740376, erank: 5.101201057434082, s1: 53.333885192871094, s5: 36.4007682800293

depth: 4, iteration: 23000, test_MSE: 4.657045064959675e-05, test_RMSE: 0.006824254585637669, erank: 5.10071325302124, s1: 53.36014938354492, s5: 36.38452911376953

depth: 4, iteration: 24000, test_MSE: 5.167137351236306e-05, test_RMSE: 0.007188280288939981, erank: 5.100958347320557, s1: 53.38977813720703, s5: 36.392608642578125

depth: 4, iteration: 25000, test_MSE: 5.279491233523004e-05, test_RMSE: 0.007266010757990249, erank: 5.101047039031982, s1: 53.32248306274414, s5: 36.39934539794922

depth: 4, iteration: 26000, test_MSE: 5.035972208133899e-05, test_RMSE: 0.007096458418206858, erank: 5.101158618927002, s1: 53.29513168334961, s5: 36.395572662353516

depth: 4, iteration: 27000, test_MSE: 5.8860408898908645e-05, test_RMSE: 0.0076720537601680456, erank: 5.10070276260376, s1: 53.295249938964844, s5: 36.38966369628906

depth: 4, iteration: 28000, test_MSE: 5.381349183153361e-05, test_RMSE: 0.007335767978305585, erank: 5.101613521575928, s1: 53.29990005493164, s5: 36.378116607666016

depth: 4, iteration: 29000, test_MSE: 5.2004259487148374e-05, test_RMSE: 0.007211397887174745, erank: 5.101807594299316, s1: 53.38201141357422, s5: 36.413265228271484

