depth: 1, iteration: 0, test_MSE: 1.0109524726867676, test_RMSE: 1.0054613233171963, erank: 80.47223663330078, s1: 0.01983257569372654, s5: 0.017984844744205475

depth: 1, iteration: 1000, test_MSE: 1.0095877647399902, test_RMSE: 1.0047824464728623, erank: 1.5313127040863037, s1: 1.2416130304336548, s5: 0.0014824437675997615

depth: 1, iteration: 2000, test_MSE: 1.0066320896148682, test_RMSE: 1.003310564887497, erank: 1.3261271715164185, s1: 1.9247492551803589, s5: 0.0014268654631450772

depth: 1, iteration: 3000, test_MSE: 1.0004545450210571, test_RMSE: 1.0002272466899995, erank: 1.2000586986541748, s1: 3.0078201293945312, s5: 0.0013940371572971344

depth: 1, iteration: 4000, test_MSE: 0.9901671409606934, test_RMSE: 0.9950714250548517, erank: 1.1249114274978638, s1: 4.706068515777588, s5: 0.0013363576726987958

depth: 1, iteration: 5000, test_MSE: 0.9747685790061951, test_RMSE: 0.9873036913767693, erank: 1.0866374969482422, s1: 7.252803802490234, s5: 0.0013784817419946194

depth: 1, iteration: 6000, test_MSE: 0.9441254734992981, test_RMSE: 0.9716611927515156, erank: 1.763452172279358, s1: 11.075850486755371, s5: 0.08724719285964966

depth: 1, iteration: 7000, test_MSE: 0.859382152557373, test_RMSE: 0.9270286686814886, erank: 6.215314865112305, s1: 17.492294311523438, s5: 2.1430718898773193

depth: 1, iteration: 8000, test_MSE: 0.7413957715034485, test_RMSE: 0.8610434202195895, erank: 13.266142845153809, s1: 25.811695098876953, s5: 6.66779899597168

depth: 1, iteration: 9000, test_MSE: 0.6297838687896729, test_RMSE: 0.7935892317752761, erank: 16.083974838256836, s1: 33.3363037109375, s5: 11.322456359863281

depth: 1, iteration: 10000, test_MSE: 0.5267281532287598, test_RMSE: 0.7257603965695288, erank: 15.007523536682129, s1: 39.28424835205078, s5: 14.951090812683105

depth: 1, iteration: 11000, test_MSE: 0.42525914311408997, test_RMSE: 0.652118963927664, erank: 12.538615226745605, s1: 43.863319396972656, s5: 17.80455780029297

depth: 1, iteration: 12000, test_MSE: 0.3244016170501709, test_RMSE: 0.5695626541919431, erank: 10.318633079528809, s1: 47.304935455322266, s5: 20.578350067138672

depth: 1, iteration: 13000, test_MSE: 0.2291134148836136, test_RMSE: 0.478657930973272, erank: 8.429693222045898, s1: 49.661781311035156, s5: 23.65238380432129

depth: 1, iteration: 14000, test_MSE: 0.14685186743736267, test_RMSE: 0.3832125616904575, erank: 7.050878047943115, s1: 51.11481857299805, s5: 26.957443237304688

depth: 1, iteration: 15000, test_MSE: 0.08414001762866974, test_RMSE: 0.29006898770580375, erank: 6.038568496704102, s1: 52.110130310058594, s5: 30.176559448242188

depth: 1, iteration: 16000, test_MSE: 0.04294367507100105, test_RMSE: 0.20722855756628006, erank: 5.367754936218262, s1: 52.875221252441406, s5: 32.76707458496094

depth: 1, iteration: 17000, test_MSE: 0.019540097564458847, test_RMSE: 0.13978589901867372, erank: 5.033395767211914, s1: 53.519248962402344, s5: 34.350799560546875

depth: 1, iteration: 18000, test_MSE: 0.008329309523105621, test_RMSE: 0.09126505094013601, erank: 4.968760013580322, s1: 53.922386169433594, s5: 35.0681266784668

depth: 1, iteration: 19000, test_MSE: 0.0036666777450591326, test_RMSE: 0.060553098558695846, erank: 4.968208312988281, s1: 54.122459411621094, s5: 35.41009521484375

depth: 1, iteration: 20000, test_MSE: 0.001771221519447863, test_RMSE: 0.042085882662097784, erank: 4.9679694175720215, s1: 54.20538330078125, s5: 35.632530212402344

depth: 1, iteration: 21000, test_MSE: 0.0009233769960701466, test_RMSE: 0.030387118916905344, erank: 4.9686994552612305, s1: 54.20467758178711, s5: 35.808841705322266

depth: 1, iteration: 22000, test_MSE: 0.0005126468022353947, test_RMSE: 0.02264170493216875, erank: 4.967891693115234, s1: 54.143192291259766, s5: 35.960567474365234

depth: 1, iteration: 23000, test_MSE: 0.00029275112319737673, test_RMSE: 0.017109971455188836, erank: 4.967733860015869, s1: 54.042964935302734, s5: 36.0933952331543

depth: 1, iteration: 24000, test_MSE: 0.00016261744895018637, test_RMSE: 0.012752154678727293, erank: 4.96768045425415, s1: 53.92729568481445, s5: 36.20823669433594

depth: 1, iteration: 25000, test_MSE: 8.223209442803636e-05, test_RMSE: 0.009068191353739529, erank: 4.967292308807373, s1: 53.814964294433594, s5: 36.30522155761719

depth: 1, iteration: 26000, test_MSE: 3.497355282888748e-05, test_RMSE: 0.005913844166774052, erank: 4.9666314125061035, s1: 53.719459533691406, s5: 36.382389068603516

depth: 1, iteration: 27000, test_MSE: 1.1242559594393242e-05, test_RMSE: 0.003352992632618396, erank: 4.963932037353516, s1: 53.64666748046875, s5: 36.44083023071289

depth: 1, iteration: 28000, test_MSE: 2.2727112991560716e-06, test_RMSE: 0.0015075514250452856, erank: 4.9599928855896, s1: 53.59669494628906, s5: 36.480812072753906

depth: 1, iteration: 29000, test_MSE: 1.7378806660417467e-07, test_RMSE: 0.0004168789591766112, erank: 4.954156875610352, s1: 53.56752014160156, s5: 36.50477981567383

