depth: 1, iteration: 0, test_MSE: 1.0109524726867676, test_RMSE: 1.0054613233171963, erank: 80.5293197631836, s1: 0.01983935758471489, s5: 0.01793653704226017

depth: 1, iteration: 1000, test_MSE: 0.9667540192604065, test_RMSE: 0.9832365022009742, erank: 48.213966369628906, s1: 5.905961990356445, s5: 4.0405707359313965

depth: 1, iteration: 2000, test_MSE: 0.9377305507659912, test_RMSE: 0.9683648851367914, erank: 52.592716217041016, s1: 10.85268497467041, s5: 7.729320526123047

depth: 1, iteration: 3000, test_MSE: 0.9062522649765015, test_RMSE: 0.9519728278561849, erank: 49.84619903564453, s1: 14.128040313720703, s5: 9.967585563659668

depth: 1, iteration: 4000, test_MSE: 0.8651202917098999, test_RMSE: 0.9301184288626367, erank: 44.52262878417969, s1: 16.612154006958008, s5: 11.439184188842773

depth: 1, iteration: 5000, test_MSE: 0.8090550899505615, test_RMSE: 0.8994748967873208, erank: 38.197872161865234, s1: 19.116287231445312, s5: 12.748554229736328

depth: 1, iteration: 6000, test_MSE: 0.7317705154418945, test_RMSE: 0.8554358628453068, erank: 31.7220401763916, s1: 22.222108840942383, s5: 14.24443244934082

depth: 1, iteration: 7000, test_MSE: 0.6305549740791321, test_RMSE: 0.7940749171703714, erank: 25.471004486083984, s1: 26.284284591674805, s5: 16.08863639831543

depth: 1, iteration: 8000, test_MSE: 0.5064405798912048, test_RMSE: 0.7116463868321155, erank: 19.817901611328125, s1: 31.180360794067383, s5: 18.344905853271484

depth: 1, iteration: 9000, test_MSE: 0.371474027633667, test_RMSE: 0.6094866919249895, erank: 15.227849006652832, s1: 36.33361053466797, s5: 21.019271850585938

depth: 1, iteration: 10000, test_MSE: 0.24210013449192047, test_RMSE: 0.4920367206743014, erank: 11.714734077453613, s1: 41.184288024902344, s5: 24.148130416870117

depth: 1, iteration: 11000, test_MSE: 0.13369004428386688, test_RMSE: 0.36563649200246257, erank: 9.003155708312988, s1: 45.46410369873047, s5: 27.772550582885742

depth: 1, iteration: 12000, test_MSE: 0.05774807929992676, test_RMSE: 0.24030830052232227, erank: 6.98370361328125, s1: 49.14443588256836, s5: 31.503124237060547

depth: 1, iteration: 13000, test_MSE: 0.01736411452293396, test_RMSE: 0.13177296582734244, erank: 5.601495265960693, s1: 51.95317459106445, s5: 34.41005325317383

depth: 1, iteration: 14000, test_MSE: 0.003125950926914811, test_RMSE: 0.05591020413944856, erank: 5.059445858001709, s1: 53.462059020996094, s5: 35.8369140625

depth: 1, iteration: 15000, test_MSE: 0.00025811459636315703, test_RMSE: 0.01606594523715169, erank: 4.979122161865234, s1: 53.800899505615234, s5: 36.20009994506836

depth: 1, iteration: 16000, test_MSE: 9.058655996341258e-05, test_RMSE: 0.009517697198556623, erank: 4.9779157638549805, s1: 53.85469055175781, s5: 36.251346588134766

depth: 1, iteration: 17000, test_MSE: 8.752081339480355e-05, test_RMSE: 0.009355255923533229, erank: 4.978119373321533, s1: 53.8629150390625, s5: 36.26432800292969

depth: 1, iteration: 18000, test_MSE: 9.218066406901926e-05, test_RMSE: 0.009601076193272256, erank: 4.976522922515869, s1: 53.863948822021484, s5: 36.26812744140625

depth: 1, iteration: 19000, test_MSE: 9.517237776890397e-05, test_RMSE: 0.009755633130089711, erank: 4.975979804992676, s1: 53.863468170166016, s5: 36.269222259521484

depth: 1, iteration: 20000, test_MSE: 9.671076986705884e-05, test_RMSE: 0.00983416340453314, erank: 4.977673530578613, s1: 53.86324691772461, s5: 36.27006149291992

depth: 1, iteration: 21000, test_MSE: 9.742925612954423e-05, test_RMSE: 0.00987062592389886, erank: 4.976665496826172, s1: 53.86323165893555, s5: 36.27009963989258

depth: 1, iteration: 22000, test_MSE: 9.775123180588707e-05, test_RMSE: 0.009886922261547679, erank: 4.978033542633057, s1: 53.862796783447266, s5: 36.27017593383789

depth: 1, iteration: 23000, test_MSE: 9.787533053895459e-05, test_RMSE: 0.009893196174086238, erank: 4.977512836456299, s1: 53.86271667480469, s5: 36.269744873046875

depth: 1, iteration: 24000, test_MSE: 9.79382311925292e-05, test_RMSE: 0.009896374648957526, erank: 4.978043079376221, s1: 53.86261749267578, s5: 36.27001953125

depth: 1, iteration: 25000, test_MSE: 9.796611266210675e-05, test_RMSE: 0.009897783219595524, erank: 4.978489398956299, s1: 53.86302947998047, s5: 36.26993179321289

depth: 1, iteration: 26000, test_MSE: 9.796786616789177e-05, test_RMSE: 0.009897871799932133, erank: 4.977808475494385, s1: 53.86277389526367, s5: 36.27006530761719

depth: 1, iteration: 27000, test_MSE: 9.798487735679373e-05, test_RMSE: 0.009898731098317286, erank: 4.977949619293213, s1: 53.86286926269531, s5: 36.27013397216797

depth: 1, iteration: 28000, test_MSE: 9.799548570299521e-05, test_RMSE: 0.009899266927555555, erank: 4.977279186248779, s1: 53.8629264831543, s5: 36.270111083984375

depth: 1, iteration: 29000, test_MSE: 9.79648029897362e-05, test_RMSE: 0.00989771705949085, erank: 4.976169586181641, s1: 53.86266326904297, s5: 36.269866943359375

