depth: 4, iteration: 0, test_MSE: 1.0109140872955322, test_RMSE: 1.0054422346885634, erank: 49.46615982055664, s1: 0.00324996467679739, s5: 0.002395760966464877

depth: 4, iteration: 1000, test_MSE: 0.0007415165309794247, test_RMSE: 0.027230801144649135, erank: 5.293318271636963, s1: 52.75230407714844, s5: 36.13291549682617

depth: 4, iteration: 2000, test_MSE: 0.00029125987202860415, test_RMSE: 0.017066337393494953, erank: 5.219843864440918, s1: 53.02876663208008, s5: 36.249324798583984

depth: 4, iteration: 3000, test_MSE: 0.00017636768461670727, test_RMSE: 0.013280349566811383, erank: 5.184468746185303, s1: 53.1414909362793, s5: 36.300193786621094

depth: 4, iteration: 4000, test_MSE: 0.00012627778050955385, test_RMSE: 0.011237338675574117, erank: 5.1618332862854, s1: 53.20524597167969, s5: 36.330726623535156

depth: 4, iteration: 5000, test_MSE: 0.00010030574048869312, test_RMSE: 0.010015275357607155, erank: 5.14523983001709, s1: 53.315582275390625, s5: 36.346805572509766

depth: 4, iteration: 6000, test_MSE: 8.965675078798085e-05, test_RMSE: 0.009468724876559718, erank: 5.134862422943115, s1: 53.23252487182617, s5: 36.372493743896484

depth: 4, iteration: 7000, test_MSE: 8.083206921583042e-05, test_RMSE: 0.008990665671452276, erank: 5.127298831939697, s1: 53.24822998046875, s5: 36.372413635253906

depth: 4, iteration: 8000, test_MSE: 6.823791773058474e-05, test_RMSE: 0.008260624536352245, erank: 5.121580123901367, s1: 53.30863571166992, s5: 36.37712097167969

depth: 4, iteration: 9000, test_MSE: 6.274523184401914e-05, test_RMSE: 0.0079211887898231, erank: 5.117148399353027, s1: 53.34672927856445, s5: 36.379600524902344

depth: 4, iteration: 10000, test_MSE: 6.407094042515382e-05, test_RMSE: 0.008004432548604168, erank: 5.113343715667725, s1: 53.28447341918945, s5: 36.37772750854492

depth: 4, iteration: 11000, test_MSE: 6.204127566888928e-05, test_RMSE: 0.007876628445527266, erank: 5.110531806945801, s1: 53.29392623901367, s5: 36.40896224975586

depth: 4, iteration: 12000, test_MSE: 5.3550684242509305e-05, test_RMSE: 0.0073178333024543065, erank: 5.106925010681152, s1: 53.308265686035156, s5: 36.39462661743164

depth: 4, iteration: 13000, test_MSE: 5.001947283744812e-05, test_RMSE: 0.007072444615368021, erank: 5.104242324829102, s1: 53.346683502197266, s5: 36.40138626098633

depth: 4, iteration: 14000, test_MSE: 4.443239595275372e-05, test_RMSE: 0.00666576296853959, erank: 5.100904941558838, s1: 53.41798782348633, s5: 36.387489318847656

depth: 4, iteration: 15000, test_MSE: 5.6668330216780305e-05, test_RMSE: 0.00752783702113564, erank: 5.09968900680542, s1: 53.18143844604492, s5: 36.42332077026367

depth: 4, iteration: 16000, test_MSE: 4.144767444813624e-05, test_RMSE: 0.006437986831932497, erank: 5.0960845947265625, s1: 53.370216369628906, s5: 36.39318084716797

depth: 4, iteration: 17000, test_MSE: 4.972299575456418e-05, test_RMSE: 0.00705145344979063, erank: 5.093916893005371, s1: 53.359195709228516, s5: 36.40592956542969

depth: 4, iteration: 18000, test_MSE: 4.90185157104861e-05, test_RMSE: 0.007001322425834001, erank: 5.091976165771484, s1: 53.39241409301758, s5: 36.401126861572266

depth: 4, iteration: 19000, test_MSE: 3.4860473533626646e-05, test_RMSE: 0.005904275868692676, erank: 5.0886406898498535, s1: 53.475868225097656, s5: 36.3785285949707

depth: 4, iteration: 20000, test_MSE: 3.8895781472092494e-05, test_RMSE: 0.00623664825624249, erank: 5.087270736694336, s1: 53.37091827392578, s5: 36.41551208496094

depth: 4, iteration: 21000, test_MSE: 3.3206746593350545e-05, test_RMSE: 0.005762529530800736, erank: 5.084889888763428, s1: 53.406124114990234, s5: 36.4332160949707

depth: 4, iteration: 22000, test_MSE: 3.254822513554245e-05, test_RMSE: 0.005705105181812379, erank: 5.082854747772217, s1: 53.37793731689453, s5: 36.40656280517578

depth: 4, iteration: 23000, test_MSE: 3.0367480576387607e-05, test_RMSE: 0.0055106697030749, erank: 5.080569267272949, s1: 53.40617752075195, s5: 36.40774154663086

depth: 4, iteration: 24000, test_MSE: 3.5132157790940255e-05, test_RMSE: 0.005927238631178962, erank: 5.078956604003906, s1: 53.31589126586914, s5: 36.408203125

depth: 4, iteration: 25000, test_MSE: 2.97119786409894e-05, test_RMSE: 0.005450869530725295, erank: 5.076837062835693, s1: 53.42191696166992, s5: 36.432334899902344

depth: 4, iteration: 26000, test_MSE: 3.6857487430097535e-05, test_RMSE: 0.006071036767315574, erank: 5.075271129608154, s1: 53.307525634765625, s5: 36.42355728149414

depth: 4, iteration: 27000, test_MSE: 2.596208651084453e-05, test_RMSE: 0.005095300433815903, erank: 5.0728607177734375, s1: 53.413658142089844, s5: 36.40397262573242

depth: 4, iteration: 28000, test_MSE: 2.3462889657821506e-05, test_RMSE: 0.004843850705566957, erank: 5.071201324462891, s1: 53.41609191894531, s5: 36.42354965209961

depth: 4, iteration: 29000, test_MSE: 2.211011633335147e-05, test_RMSE: 0.004702139548476998, erank: 5.069381237030029, s1: 53.429386138916016, s5: 36.42618942260742

