depth: 3, iteration: 0, test_MSE: 1.0109140872955322, test_RMSE: 1.0054422346885634, erank: 57.05797576904297, s1: 0.0028013507835566998, s5: 0.00238913856446743

depth: 3, iteration: 1000, test_MSE: 0.07369353622198105, test_RMSE: 0.2714655341327533, erank: 6.400576114654541, s1: 54.91398239135742, s5: 34.28537368774414

depth: 3, iteration: 2000, test_MSE: 0.03242071717977524, test_RMSE: 0.1800575385252593, erank: 5.881229877471924, s1: 54.38326644897461, s5: 35.42918395996094

depth: 3, iteration: 3000, test_MSE: 0.005763881374150515, test_RMSE: 0.07592023033520456, erank: 5.348268508911133, s1: 53.880558013916016, s5: 36.12248992919922

depth: 3, iteration: 4000, test_MSE: 6.755470167263411e-06, test_RMSE: 0.002599128732337706, erank: 4.999064922332764, s1: 53.60769271850586, s5: 36.45222473144531

depth: 3, iteration: 5000, test_MSE: 1.1203683243365958e-06, test_RMSE: 0.0010584745270135678, erank: 4.957771301269531, s1: 53.58821105957031, s5: 36.48506164550781

depth: 3, iteration: 6000, test_MSE: 9.198205930260883e-07, test_RMSE: 0.0009590727777526001, erank: 4.951373100280762, s1: 53.58519744873047, s5: 36.489810943603516

depth: 3, iteration: 7000, test_MSE: 1.0870313644772978e-06, test_RMSE: 0.001042607962983833, erank: 4.949979305267334, s1: 53.5776481628418, s5: 36.489479064941406

depth: 3, iteration: 8000, test_MSE: 1.140670519816922e-06, test_RMSE: 0.0010680217787184501, erank: 4.949674129486084, s1: 53.5820426940918, s5: 36.49122619628906

depth: 3, iteration: 9000, test_MSE: 1.252722995559452e-06, test_RMSE: 0.0011192510869145725, erank: 4.949744701385498, s1: 53.56737518310547, s5: 36.49262237548828

depth: 3, iteration: 10000, test_MSE: 3.0873954983690055e-06, test_RMSE: 0.0017570986023467793, erank: 4.949586868286133, s1: 53.60145950317383, s5: 36.48723602294922

depth: 3, iteration: 11000, test_MSE: 1.2187115316919517e-06, test_RMSE: 0.001103952685440799, erank: 4.949636936187744, s1: 53.57697677612305, s5: 36.489994049072266

depth: 3, iteration: 12000, test_MSE: 2.329937615286326e-06, test_RMSE: 0.0015264133173181916, erank: 4.94957160949707, s1: 53.59938049316406, s5: 36.491966247558594

depth: 3, iteration: 13000, test_MSE: 1.1484908100101165e-06, test_RMSE: 0.001071676635002423, erank: 4.949552536010742, s1: 53.602901458740234, s5: 36.490760803222656

depth: 3, iteration: 14000, test_MSE: 2.9505292786780046e-06, test_RMSE: 0.0017177104758014385, erank: 4.949853897094727, s1: 53.52082443237305, s5: 36.48398971557617

depth: 3, iteration: 15000, test_MSE: 1.5812237279533292e-06, test_RMSE: 0.0012574671876249214, erank: 4.949653625488281, s1: 53.58927917480469, s5: 36.48987579345703

depth: 3, iteration: 16000, test_MSE: 2.696858928175061e-06, test_RMSE: 0.0016422115966510105, erank: 4.949348449707031, s1: 53.65146255493164, s5: 36.480712890625

depth: 3, iteration: 17000, test_MSE: 2.0069182937731966e-06, test_RMSE: 0.001416657436987925, erank: 4.94932222366333, s1: 53.631874084472656, s5: 36.48188781738281

depth: 3, iteration: 18000, test_MSE: 2.1279997781675775e-06, test_RMSE: 0.0014587665262705946, erank: 4.9498820304870605, s1: 53.54723358154297, s5: 36.4931640625

depth: 3, iteration: 19000, test_MSE: 9.298564691562206e-07, test_RMSE: 0.0009642906559519388, erank: 4.949684143066406, s1: 53.561344146728516, s5: 36.493892669677734

depth: 3, iteration: 20000, test_MSE: 1.674770942372561e-06, test_RMSE: 0.0012941294148471245, erank: 4.949620723724365, s1: 53.57114791870117, s5: 36.49026870727539

depth: 3, iteration: 21000, test_MSE: 3.898071099683875e-06, test_RMSE: 0.0019743533370913816, erank: 4.949129581451416, s1: 53.682674407958984, s5: 36.48548126220703

depth: 3, iteration: 22000, test_MSE: 1.6172964478755603e-06, test_RMSE: 0.0012717297070822715, erank: 4.949563026428223, s1: 53.573612213134766, s5: 36.48643112182617

depth: 3, iteration: 23000, test_MSE: 2.1818407276441576e-06, test_RMSE: 0.0014771055235304476, erank: 4.949801445007324, s1: 53.56777572631836, s5: 36.49427032470703

depth: 3, iteration: 24000, test_MSE: 2.544602921261685e-06, test_RMSE: 0.0015951811562520681, erank: 4.949418544769287, s1: 53.626251220703125, s5: 36.4871826171875

depth: 3, iteration: 25000, test_MSE: 2.3804018383088987e-06, test_RMSE: 0.00154285509310139, erank: 4.949244022369385, s1: 53.6636848449707, s5: 36.48219680786133

depth: 3, iteration: 26000, test_MSE: 8.800155342214566e-07, test_RMSE: 0.000938091431696003, erank: 4.94964075088501, s1: 53.563323974609375, s5: 36.49051284790039

depth: 3, iteration: 27000, test_MSE: 1.3565277185989544e-06, test_RMSE: 0.001164700699149337, erank: 4.949710369110107, s1: 53.577232360839844, s5: 36.489341735839844

depth: 3, iteration: 28000, test_MSE: 2.121164470736403e-06, test_RMSE: 0.0014564218038523053, erank: 4.949523448944092, s1: 53.59122085571289, s5: 36.48731231689453

depth: 3, iteration: 29000, test_MSE: 1.7548786672705319e-06, test_RMSE: 0.001324718335069962, erank: 4.9496235847473145, s1: 53.553680419921875, s5: 36.49462890625

