depth: 3, iteration: 0, test_MSE: 1.0109140872955322, test_RMSE: 1.0054422346885634, erank: 57.05797576904297, s1: 0.0028013507835566998, s5: 0.00238913856446743

depth: 3, iteration: 1000, test_MSE: 0.07370924949645996, test_RMSE: 0.271494474154558, erank: 6.400827884674072, s1: 54.91385269165039, s5: 34.28517532348633

depth: 3, iteration: 2000, test_MSE: 0.032584112137556076, test_RMSE: 0.1805106981249479, erank: 5.884027481079102, s1: 54.38492202758789, s5: 35.425697326660156

depth: 3, iteration: 3000, test_MSE: 0.0060489485040307045, test_RMSE: 0.07777498636470921, erank: 5.356931686401367, s1: 53.887081146240234, s5: 36.113895416259766

depth: 3, iteration: 4000, test_MSE: 7.717908374615945e-06, test_RMSE: 0.002778112376167664, erank: 5.00243616104126, s1: 53.607635498046875, s5: 36.450775146484375

depth: 3, iteration: 5000, test_MSE: 1.022869241751323e-06, test_RMSE: 0.0010113699826232352, erank: 4.958625316619873, s1: 53.58642578125, s5: 36.48643112182617

depth: 3, iteration: 6000, test_MSE: 7.800277330716199e-07, test_RMSE: 0.0008831917872532669, erank: 4.951650619506836, s1: 53.58433532714844, s5: 36.49115753173828

depth: 3, iteration: 7000, test_MSE: 8.757342015996983e-07, test_RMSE: 0.0009358067116663026, erank: 4.950279235839844, s1: 53.580711364746094, s5: 36.49192810058594

depth: 3, iteration: 8000, test_MSE: 7.460653819180152e-07, test_RMSE: 0.0008637507637727536, erank: 4.949936389923096, s1: 53.576812744140625, s5: 36.495399475097656

depth: 3, iteration: 9000, test_MSE: 1.0066656841445365e-06, test_RMSE: 0.001003327306587704, erank: 4.949700355529785, s1: 53.59524154663086, s5: 36.487030029296875

depth: 3, iteration: 10000, test_MSE: 8.465530640933139e-07, test_RMSE: 0.0009200831832466638, erank: 4.94970703125, s1: 53.58308410644531, s5: 36.49385452270508

depth: 3, iteration: 11000, test_MSE: 1.7286128013438429e-06, test_RMSE: 0.001314767204239535, erank: 4.949985027313232, s1: 53.52761459350586, s5: 36.50139617919922

depth: 3, iteration: 12000, test_MSE: 1.3917244814365404e-06, test_RMSE: 0.0011797137285954335, erank: 4.949740409851074, s1: 53.54548263549805, s5: 36.48997497558594

depth: 3, iteration: 13000, test_MSE: 6.683275728391891e-07, test_RMSE: 0.0008175130413878356, erank: 4.949615001678467, s1: 53.55727767944336, s5: 36.501216888427734

depth: 3, iteration: 14000, test_MSE: 1.360149440188252e-06, test_RMSE: 0.001166254449161182, erank: 4.949456691741943, s1: 53.62866973876953, s5: 36.50752258300781

depth: 3, iteration: 15000, test_MSE: 6.151843194857065e-07, test_RMSE: 0.0007843368660758632, erank: 4.949365139007568, s1: 53.5915641784668, s5: 36.49663162231445

depth: 3, iteration: 16000, test_MSE: 2.0604286419256823e-06, test_RMSE: 0.0014354193261641988, erank: 4.9494781494140625, s1: 53.5817985534668, s5: 36.49543380737305

depth: 3, iteration: 17000, test_MSE: 8.372277306989417e-07, test_RMSE: 0.0009150014921839974, erank: 4.949682235717773, s1: 53.52372360229492, s5: 36.5084114074707

depth: 3, iteration: 18000, test_MSE: 7.959542926982976e-07, test_RMSE: 0.0008921627052832335, erank: 4.9496331214904785, s1: 53.56081771850586, s5: 36.50377655029297

depth: 3, iteration: 19000, test_MSE: 5.29954490957607e-07, test_RMSE: 0.0007279797325184315, erank: 4.949790954589844, s1: 53.52876281738281, s5: 36.51133728027344

depth: 3, iteration: 20000, test_MSE: 3.1295380154006125e-07, test_RMSE: 0.0005594227395629009, erank: 4.949664115905762, s1: 53.53639221191406, s5: 36.508174896240234

depth: 3, iteration: 21000, test_MSE: 9.023875122693426e-07, test_RMSE: 0.000949940794086317, erank: 4.949611663818359, s1: 53.52900695800781, s5: 36.508121490478516

depth: 3, iteration: 22000, test_MSE: 4.037591594396872e-08, test_RMSE: 0.00020093759216226496, erank: 4.949489116668701, s1: 53.54905319213867, s5: 36.510257720947266

depth: 3, iteration: 23000, test_MSE: 5.511449785444711e-07, test_RMSE: 0.0007423913917499792, erank: 4.949449062347412, s1: 53.572566986083984, s5: 36.511226654052734

depth: 3, iteration: 24000, test_MSE: 1.5479629382753046e-06, test_RMSE: 0.0012441715871515891, erank: 4.949838161468506, s1: 53.487892150878906, s5: 36.512630462646484

depth: 3, iteration: 25000, test_MSE: 6.878107683405688e-08, test_RMSE: 0.00026226146654447137, erank: 4.949441909790039, s1: 53.567657470703125, s5: 36.51243591308594

depth: 3, iteration: 26000, test_MSE: 2.532846394842636e-07, test_RMSE: 0.0005032739209260337, erank: 4.949674606323242, s1: 53.52375793457031, s5: 36.516845703125

depth: 3, iteration: 27000, test_MSE: 1.9455316646599385e-07, test_RMSE: 0.0004410818138010157, erank: 4.949513912200928, s1: 53.56334686279297, s5: 36.51633071899414

depth: 3, iteration: 28000, test_MSE: 4.290210426916019e-07, test_RMSE: 0.0006549969791469285, erank: 4.949337005615234, s1: 53.59735107421875, s5: 36.50537872314453

depth: 3, iteration: 29000, test_MSE: 5.732649128731282e-07, test_RMSE: 0.0007571425974498649, erank: 4.949365139007568, s1: 53.604156494140625, s5: 36.507545471191406

