depth: 1, iteration: 0, test_MSE: 1.0109524726867676, test_RMSE: 1.0054613233171963, erank: 80.5293197631836, s1: 0.01983935758471489, s5: 0.01793653704226017

depth: 1, iteration: 1000, test_MSE: 0.9668112993240356, test_RMSE: 0.9832656300939414, erank: 48.272464752197266, s1: 5.901913166046143, s5: 4.0441412925720215

depth: 1, iteration: 2000, test_MSE: 0.9379541873931885, test_RMSE: 0.9684803495131888, erank: 52.67634201049805, s1: 10.84239387512207, s5: 7.728417873382568

depth: 1, iteration: 3000, test_MSE: 0.9069632887840271, test_RMSE: 0.9523462021681124, erank: 50.01255798339844, s1: 14.098942756652832, s5: 9.959646224975586

depth: 1, iteration: 4000, test_MSE: 0.8670302629470825, test_RMSE: 0.9311445983020481, erank: 44.843570709228516, s1: 16.536640167236328, s5: 11.411927223205566

depth: 1, iteration: 5000, test_MSE: 0.8135865926742554, test_RMSE: 0.901990350654737, erank: 38.705787658691406, s1: 18.936758041381836, s5: 12.6762113571167

depth: 1, iteration: 6000, test_MSE: 0.7412959337234497, test_RMSE: 0.860985443386501, erank: 32.52470016479492, s1: 21.840730667114258, s5: 14.087628364562988

depth: 1, iteration: 7000, test_MSE: 0.6482113599777222, test_RMSE: 0.805115743218155, erank: 26.513124465942383, s1: 25.56585693359375, s5: 15.788832664489746

depth: 1, iteration: 8000, test_MSE: 0.5346248745918274, test_RMSE: 0.731180466500458, erank: 21.11456298828125, s1: 30.07231903076172, s5: 17.845504760742188

depth: 1, iteration: 9000, test_MSE: 0.40971839427948, test_RMSE: 0.6400924888478852, erank: 16.530324935913086, s1: 34.884002685546875, s5: 20.23729133605957

depth: 1, iteration: 10000, test_MSE: 0.2864017188549042, test_RMSE: 0.53516513232357, erank: 13.035414695739746, s1: 39.49248123168945, s5: 23.00263023376465

depth: 1, iteration: 11000, test_MSE: 0.17742782831192017, test_RMSE: 0.4212218279148413, erank: 10.276718139648438, s1: 43.65736389160156, s5: 26.184688568115234

depth: 1, iteration: 12000, test_MSE: 0.0925125777721405, test_RMSE: 0.30415880354206504, erank: 8.138326644897461, s1: 47.31488037109375, s5: 29.63814353942871

depth: 1, iteration: 13000, test_MSE: 0.03764324262738228, test_RMSE: 0.1940186656674617, erank: 6.527073383331299, s1: 50.368064880371094, s5: 32.820743560791016

depth: 1, iteration: 14000, test_MSE: 0.010573848150670528, test_RMSE: 0.10282921837041517, erank: 5.457381725311279, s1: 52.584449768066406, s5: 35.064517974853516

depth: 1, iteration: 15000, test_MSE: 0.0017227125354111195, test_RMSE: 0.041505572341688286, erank: 5.0537261962890625, s1: 53.593406677246094, s5: 36.11499786376953

depth: 1, iteration: 16000, test_MSE: 5.0646456656977534e-05, test_RMSE: 0.0071166323958019315, erank: 4.977607727050781, s1: 53.69774627685547, s5: 36.3834228515625

depth: 1, iteration: 17000, test_MSE: 1.5400817574118264e-05, test_RMSE: 0.003924387541275488, erank: 4.976700305938721, s1: 53.68215560913086, s5: 36.4126091003418

depth: 1, iteration: 18000, test_MSE: 1.2635545317607466e-05, test_RMSE: 0.0035546512230607754, erank: 4.975218772888184, s1: 53.665950775146484, s5: 36.42642593383789

depth: 1, iteration: 19000, test_MSE: 9.536770448903553e-06, test_RMSE: 0.0030881661951558813, erank: 4.975419521331787, s1: 53.65034484863281, s5: 36.43818283081055

depth: 1, iteration: 20000, test_MSE: 6.850060344731901e-06, test_RMSE: 0.0026172619939035338, erank: 4.974382400512695, s1: 53.63628005981445, s5: 36.44991683959961

depth: 1, iteration: 21000, test_MSE: 4.728028670797357e-06, test_RMSE: 0.002174403060795619, erank: 4.974030494689941, s1: 53.622562408447266, s5: 36.460784912109375

depth: 1, iteration: 22000, test_MSE: 3.119317170785507e-06, test_RMSE: 0.0017661588747294246, erank: 4.973901748657227, s1: 53.61017608642578, s5: 36.47059631347656

depth: 1, iteration: 23000, test_MSE: 1.935900627358933e-06, test_RMSE: 0.0013913664604836976, erank: 4.972905158996582, s1: 53.59882736206055, s5: 36.47998046875

depth: 1, iteration: 24000, test_MSE: 1.1255688150413334e-06, test_RMSE: 0.001060928279876323, erank: 4.970676422119141, s1: 53.58903503417969, s5: 36.488014221191406

depth: 1, iteration: 25000, test_MSE: 5.933346187703137e-07, test_RMSE: 0.0007702821682801139, erank: 4.969568252563477, s1: 53.58015060424805, s5: 36.49461364746094

depth: 1, iteration: 26000, test_MSE: 2.737807847097429e-07, test_RMSE: 0.0005232406565909638, erank: 4.966518402099609, s1: 53.57255554199219, s5: 36.50102233886719

depth: 1, iteration: 27000, test_MSE: 1.0457770116545362e-07, test_RMSE: 0.00032338475716312546, erank: 4.963914394378662, s1: 53.56636047363281, s5: 36.505760192871094

depth: 1, iteration: 28000, test_MSE: 2.774451246523313e-08, test_RMSE: 0.0001665668408334418, erank: 4.959331512451172, s1: 53.56163787841797, s5: 36.509666442871094

depth: 1, iteration: 29000, test_MSE: 2.6178070822169275e-09, test_RMSE: 5.116450998706943e-05, erank: 4.953439235687256, s1: 53.55830001831055, s5: 36.51230239868164