depth: 3, iteration: 0, test_MSE: 1.0109140872955322, test_RMSE: 1.0054422346885634, erank: 57.05797576904297, s1: 0.0028013507835566998, s5: 0.00238913856446743

depth: 3, iteration: 1000, test_MSE: 0.0014769731787964702, test_RMSE: 0.03843140875373254, erank: 5.222439289093018, s1: 53.90114212036133, s5: 35.99249267578125

depth: 3, iteration: 2000, test_MSE: 9.661730291554704e-05, test_RMSE: 0.00982941010007961, erank: 4.963127136230469, s1: 53.86081314086914, s5: 36.26372528076172

depth: 3, iteration: 3000, test_MSE: 9.396751556778327e-05, test_RMSE: 0.009693684313396185, erank: 4.947340965270996, s1: 53.85611343383789, s5: 36.2734375

depth: 3, iteration: 4000, test_MSE: 9.377082460559905e-05, test_RMSE: 0.009683533683815998, erank: 4.9462995529174805, s1: 53.85579299926758, s5: 36.27383041381836

depth: 3, iteration: 5000, test_MSE: 9.379329276271164e-05, test_RMSE: 0.009684693736133922, erank: 4.946365833282471, s1: 53.855831146240234, s5: 36.27391052246094

depth: 3, iteration: 6000, test_MSE: 9.437923290533945e-05, test_RMSE: 0.00971489747271372, erank: 4.946417331695557, s1: 53.86422348022461, s5: 36.2733039855957

depth: 3, iteration: 7000, test_MSE: 9.482281166128814e-05, test_RMSE: 0.009737700532532726, erank: 4.946489334106445, s1: 53.87089157104492, s5: 36.273868560791016

depth: 3, iteration: 8000, test_MSE: 9.531297109788284e-05, test_RMSE: 0.00976283622201473, erank: 4.946423053741455, s1: 53.863773345947266, s5: 36.272159576416016

depth: 3, iteration: 9000, test_MSE: 9.401473653269932e-05, test_RMSE: 0.009696119663695334, erank: 4.946508884429932, s1: 53.8609619140625, s5: 36.273780822753906

depth: 3, iteration: 10000, test_MSE: 9.377508104080334e-05, test_RMSE: 0.009683753458282762, erank: 4.946498394012451, s1: 53.860198974609375, s5: 36.27457809448242

depth: 3, iteration: 11000, test_MSE: 9.906871127896011e-05, test_RMSE: 0.00995332664383924, erank: 4.9460930824279785, s1: 53.93035888671875, s5: 36.26462173461914

depth: 3, iteration: 12000, test_MSE: 9.411368955625221e-05, test_RMSE: 0.00970122103429523, erank: 4.946450710296631, s1: 53.86430358886719, s5: 36.274078369140625

depth: 3, iteration: 13000, test_MSE: 9.598307951819152e-05, test_RMSE: 0.009797095463360123, erank: 4.9463958740234375, s1: 53.871490478515625, s5: 36.280452728271484

depth: 3, iteration: 14000, test_MSE: 9.30551832425408e-05, test_RMSE: 0.009646511454538412, erank: 4.946425437927246, s1: 53.86415481567383, s5: 36.27703857421875

depth: 3, iteration: 15000, test_MSE: 9.39756355364807e-05, test_RMSE: 0.00969410313213557, erank: 4.946418762207031, s1: 53.85843276977539, s5: 36.27854919433594

depth: 3, iteration: 16000, test_MSE: 9.41554899327457e-05, test_RMSE: 0.009703375182520034, erank: 4.946339130401611, s1: 53.865135192871094, s5: 36.272705078125

depth: 3, iteration: 17000, test_MSE: 9.306738502345979e-05, test_RMSE: 0.009647143879069068, erank: 4.946755409240723, s1: 53.76388168334961, s5: 36.28688430786133

depth: 3, iteration: 18000, test_MSE: 9.398208931088448e-05, test_RMSE: 0.00969443599756502, erank: 4.946308612823486, s1: 53.857906341552734, s5: 36.27021026611328

depth: 3, iteration: 19000, test_MSE: 9.312939801020548e-05, test_RMSE: 0.009650357403236704, erank: 4.946452617645264, s1: 53.850101470947266, s5: 36.27816390991211

depth: 3, iteration: 20000, test_MSE: 9.585593943484128e-05, test_RMSE: 0.009790604651135765, erank: 4.946221828460693, s1: 53.87503433227539, s5: 36.27779769897461

depth: 3, iteration: 21000, test_MSE: 9.365563892060891e-05, test_RMSE: 0.009677584353577545, erank: 4.946445465087891, s1: 53.818687438964844, s5: 36.27004623413086

depth: 3, iteration: 22000, test_MSE: 9.587914973963052e-05, test_RMSE: 0.009791789915006883, erank: 4.9461140632629395, s1: 53.86540222167969, s5: 36.270721435546875

depth: 3, iteration: 23000, test_MSE: 9.650753781897947e-05, test_RMSE: 0.009823825009586616, erank: 4.94610071182251, s1: 53.885440826416016, s5: 36.27262496948242

depth: 3, iteration: 24000, test_MSE: 9.48380256886594e-05, test_RMSE: 0.009738481693193215, erank: 4.9462571144104, s1: 53.876983642578125, s5: 36.278289794921875

depth: 3, iteration: 25000, test_MSE: 9.166279778582975e-05, test_RMSE: 0.009574069029719273, erank: 4.946481704711914, s1: 53.79502487182617, s5: 36.27403259277344

depth: 3, iteration: 26000, test_MSE: 9.48617234826088e-05, test_RMSE: 0.009739698326057578, erank: 4.946325778961182, s1: 53.82962417602539, s5: 36.280555725097656

depth: 3, iteration: 27000, test_MSE: 9.511633834335953e-05, test_RMSE: 0.009752760549883275, erank: 4.946183204650879, s1: 53.87157440185547, s5: 36.277828216552734

depth: 3, iteration: 28000, test_MSE: 9.880680590867996e-05, test_RMSE: 0.009940161261703955, erank: 4.946056842803955, s1: 53.893104553222656, s5: 36.26943588256836

depth: 3, iteration: 29000, test_MSE: 9.402688010595739e-05, test_RMSE: 0.009696745851364642, erank: 4.946317195892334, s1: 53.823219299316406, s5: 36.277854919433594

