depth: 2, iteration: 0, test_MSE: 1.0109117031097412, test_RMSE: 1.0054410490475019, erank: 66.73628997802734, s1: 0.0026257652789354324, s5: 0.002133142203092575

depth: 2, iteration: 1000, test_MSE: 0.7342990636825562, test_RMSE: 0.8569125181035437, erank: 7.774971008300781, s1: 60.96587371826172, s5: 6.726858615875244

depth: 2, iteration: 2000, test_MSE: 0.21590662002563477, test_RMSE: 0.46465752982775904, erank: 5.662421226501465, s1: 66.23304748535156, s5: 29.889909744262695

depth: 2, iteration: 3000, test_MSE: 3.7831661701202393, test_RMSE: 1.9450362901807872, erank: 4.120150089263916, s1: 189.1737518310547, s5: 32.020538330078125

depth: 2, iteration: 4000, test_MSE: 33.410301208496094, test_RMSE: 5.780164462063004, erank: 2.69146466255188, s1: 529.3890380859375, s5: 32.59965133666992

depth: 2, iteration: 5000, test_MSE: 91.8612060546875, test_RMSE: 9.584425181234788, erank: 2.142529249191284, s1: 869.6791381835938, s5: 32.39863967895508

depth: 2, iteration: 6000, test_MSE: 190.1978302001953, test_RMSE: 13.79122294070382, erank: 1.8487548828125, s1: 1246.0985107421875, s5: 31.95608139038086

depth: 2, iteration: 7000, test_MSE: 349.1888427734375, test_RMSE: 18.686595269696337, erank: 1.658565878868103, s1: 1684.11767578125, s5: 31.40515899658203

depth: 2, iteration: 8000, test_MSE: 600.0536499023438, test_RMSE: 24.495992527398105, erank: 1.522979974746704, s1: 2203.75341796875, s5: 30.883726119995117

depth: 2, iteration: 9000, test_MSE: 983.8010864257812, test_RMSE: 31.365603555898318, erank: 1.4218347072601318, s1: 2818.1962890625, s5: 30.516279220581055

depth: 2, iteration: 10000, test_MSE: 1530.8931884765625, test_RMSE: 39.12663017021224, erank: 1.347062349319458, s1: 3512.53076171875, s5: 30.307466506958008

depth: 2, iteration: 11000, test_MSE: 2240.551513671875, test_RMSE: 47.3344643327869, erank: 1.293089747428894, s1: 4246.505859375, s5: 30.18813133239746

depth: 2, iteration: 12000, test_MSE: 3073.39013671875, test_RMSE: 55.4381649833285, erank: 1.2546710968017578, s1: 4971.47314453125, s5: 30.114803314208984

depth: 2, iteration: 13000, test_MSE: 3970.528076171875, test_RMSE: 63.01212642160138, erank: 1.2273036241531372, s1: 5648.875, s5: 30.068721771240234

depth: 2, iteration: 14000, test_MSE: 4877.65234375, test_RMSE: 69.84019146415622, erank: 1.2075084447860718, s1: 6259.4365234375, s5: 30.039453506469727

depth: 2, iteration: 15000, test_MSE: 5743.146484375, test_RMSE: 75.7835502228221, erank: 1.1930515766143799, s1: 6791.08984375, s5: 30.02151870727539

depth: 2, iteration: 16000, test_MSE: 6544.8837890625, test_RMSE: 80.90045604978071, erank: 1.182244062423706, s1: 7248.64599609375, s5: 30.008718490600586

depth: 2, iteration: 17000, test_MSE: 7271.5107421875, test_RMSE: 85.2731537014288, erank: 1.1739904880523682, s1: 7639.7841796875, s5: 29.99806785583496

depth: 2, iteration: 18000, test_MSE: 7915.365234375, test_RMSE: 88.96833838155571, erank: 1.1676231622695923, s1: 7970.2021484375, s5: 29.99132537841797

depth: 2, iteration: 19000, test_MSE: 8475.2421875, test_RMSE: 92.06107857015363, erank: 1.1626704931259155, s1: 8246.8134765625, s5: 29.985849380493164

depth: 2, iteration: 20000, test_MSE: 8950.7958984375, test_RMSE: 94.60864600255888, erank: 1.1588263511657715, s1: 8474.5654296875, s5: 29.981595993041992

depth: 2, iteration: 21000, test_MSE: 9345.517578125, test_RMSE: 96.67221719876399, erank: 1.1558529138565063, s1: 8659.056640625, s5: 29.97829246520996

depth: 2, iteration: 22000, test_MSE: 9666.3564453125, test_RMSE: 98.3176303890228, erank: 1.1535704135894775, s1: 8806.333984375, s5: 29.97492790222168

depth: 2, iteration: 23000, test_MSE: 9917.4345703125, test_RMSE: 99.58631718420207, erank: 1.1518585681915283, s1: 8919.8369140625, s5: 29.97344207763672

depth: 2, iteration: 24000, test_MSE: 10106.388671875, test_RMSE: 100.53053601704808, erank: 1.1506160497665405, s1: 9004.236328125, s5: 29.9719181060791

depth: 2, iteration: 25000, test_MSE: 10240.47265625, test_RMSE: 101.1952205207835, erank: 1.1497564315795898, s1: 9063.7333984375, s5: 29.971435546875

depth: 2, iteration: 26000, test_MSE: 10328.4033203125, test_RMSE: 101.62875242918463, erank: 1.1492018699645996, s1: 9102.603515625, s5: 29.971054077148438

depth: 2, iteration: 27000, test_MSE: 10378.044921875, test_RMSE: 101.87268977441893, erank: 1.148896336555481, s1: 9124.2880859375, s5: 29.971078872680664

depth: 2, iteration: 28000, test_MSE: 10398.9970703125, test_RMSE: 101.97547288594694, erank: 1.1487700939178467, s1: 9133.466796875, s5: 29.97100830078125

depth: 2, iteration: 29000, test_MSE: 10400.4951171875, test_RMSE: 101.98281775469582, erank: 1.1487661600112915, s1: 9134.04296875, s5: 29.970855712890625

