depth: 5, iteration: 0, test_MSE: 1.010910987854004, test_RMSE: 1.005440693354911, erank: 44.68060302734375, s1: 0.003583217039704323, s5: 0.0023116213269531727

depth: 5, iteration: 1000, test_MSE: 1.78465161297936e-05, test_RMSE: 0.004224513715185879, erank: 5.04160213470459, s1: 53.51094436645508, s5: 36.45131301879883

depth: 5, iteration: 2000, test_MSE: 9.764904461917467e-06, test_RMSE: 0.003124884711780175, erank: 5.031007289886475, s1: 53.517887115478516, s5: 36.46280288696289

depth: 5, iteration: 3000, test_MSE: 6.058976396161597e-06, test_RMSE: 0.002461498810920208, erank: 5.022856712341309, s1: 53.52329635620117, s5: 36.4710807800293

depth: 5, iteration: 4000, test_MSE: 4.101913418708136e-06, test_RMSE: 0.0020253181030910022, erank: 5.016232490539551, s1: 53.520347595214844, s5: 36.47842788696289

depth: 5, iteration: 5000, test_MSE: 5.3648377615900245e-06, test_RMSE: 0.0023162119422863755, erank: 5.011965274810791, s1: 53.46316146850586, s5: 36.488346099853516

depth: 5, iteration: 6000, test_MSE: 6.3701686485728715e-06, test_RMSE: 0.0025239193031023933, erank: 5.008019924163818, s1: 53.59086608886719, s5: 36.47738265991211

depth: 5, iteration: 7000, test_MSE: 4.707708285422996e-06, test_RMSE: 0.0021697253940125686, erank: 5.00602388381958, s1: 53.51198196411133, s5: 36.47060012817383

depth: 5, iteration: 8000, test_MSE: 9.381186828250065e-06, test_RMSE: 0.003062872316674344, erank: 5.003445148468018, s1: 53.5952033996582, s5: 36.48183822631836

depth: 5, iteration: 9000, test_MSE: 4.649180482374504e-06, test_RMSE: 0.0021561958358123465, erank: 5.001741886138916, s1: 53.65773010253906, s5: 36.481666564941406

depth: 5, iteration: 10000, test_MSE: 2.7319856599206105e-05, test_RMSE: 0.00522684002043358, erank: 5.001527786254883, s1: 53.54488754272461, s5: 36.4881477355957

depth: 5, iteration: 11000, test_MSE: 3.1500758268521167e-06, test_RMSE: 0.0017748452965968941, erank: 5.000458717346191, s1: 53.50069808959961, s5: 36.49263000488281

depth: 5, iteration: 12000, test_MSE: 2.425538923489512e-06, test_RMSE: 0.0015574141785310394, erank: 4.998972415924072, s1: 53.611412048339844, s5: 36.4886589050293

depth: 5, iteration: 13000, test_MSE: 6.213331744220341e-06, test_RMSE: 0.0024926555606863015, erank: 4.998826503753662, s1: 53.47492218017578, s5: 36.50285720825195

depth: 5, iteration: 14000, test_MSE: 4.979592176823644e-06, test_RMSE: 0.002231499983603774, erank: 4.998031139373779, s1: 53.500343322753906, s5: 36.508914947509766

depth: 5, iteration: 15000, test_MSE: 4.91166520077968e-06, test_RMSE: 0.0022162276960591572, erank: 4.996861934661865, s1: 53.61882400512695, s5: 36.47831344604492

depth: 5, iteration: 16000, test_MSE: 9.544431122776587e-06, test_RMSE: 0.003089406273505734, erank: 4.997438430786133, s1: 53.39537811279297, s5: 36.52056884765625

depth: 5, iteration: 17000, test_MSE: 2.23049137275666e-05, test_RMSE: 0.004722807822425829, erank: 4.9955549240112305, s1: 53.75666427612305, s5: 36.478458404541016

depth: 5, iteration: 18000, test_MSE: 7.466521765309153e-06, test_RMSE: 0.0027324936898937484, erank: 4.995887279510498, s1: 53.568607330322266, s5: 36.492523193359375

depth: 5, iteration: 19000, test_MSE: 3.431804998399457e-06, test_RMSE: 0.001852513157416016, erank: 4.995400905609131, s1: 53.547462463378906, s5: 36.500450134277344

depth: 5, iteration: 20000, test_MSE: 6.176861006679246e-06, test_RMSE: 0.002485329154594869, erank: 4.9948649406433105, s1: 53.61331558227539, s5: 36.52155685424805

depth: 5, iteration: 21000, test_MSE: 4.880648702965118e-06, test_RMSE: 0.002209219025575581, erank: 4.994558334350586, s1: 53.54032516479492, s5: 36.47312927246094

depth: 5, iteration: 22000, test_MSE: 2.320803832844831e-05, test_RMSE: 0.0048174721928048855, erank: 4.993978023529053, s1: 53.666160583496094, s5: 36.511714935302734

depth: 5, iteration: 23000, test_MSE: 4.879831976722926e-06, test_RMSE: 0.002209034172828235, erank: 4.994032859802246, s1: 53.52988815307617, s5: 36.49528121948242

depth: 5, iteration: 24000, test_MSE: 6.9434659053513315e-06, test_RMSE: 0.002635045712193876, erank: 4.992513656616211, s1: 53.667484283447266, s5: 36.487674713134766

depth: 5, iteration: 25000, test_MSE: 1.1081795491918456e-05, test_RMSE: 0.003328933086128115, erank: 4.993085861206055, s1: 53.573482513427734, s5: 36.447288513183594

depth: 5, iteration: 26000, test_MSE: 3.149322992612724e-06, test_RMSE: 0.001774633199456362, erank: 4.993052959442139, s1: 53.51961135864258, s5: 36.49641418457031

depth: 5, iteration: 27000, test_MSE: 1.5339992387453094e-05, test_RMSE: 0.00391663023368981, erank: 4.991759300231934, s1: 53.68878173828125, s5: 36.44303894042969

depth: 5, iteration: 28000, test_MSE: 9.058778232429177e-06, test_RMSE: 0.003009780429272072, erank: 4.992085933685303, s1: 53.57061767578125, s5: 36.48088455200195

depth: 5, iteration: 29000, test_MSE: 8.909793905331753e-06, test_RMSE: 0.0029849277889643752, erank: 4.991634845733643, s1: 53.64643096923828, s5: 36.478031158447266

