depth: 2, iteration: 0, test_MSE: 1.0109117031097412, test_RMSE: 1.0054410490475019, erank: 66.73628997802734, s1: 0.0026257652789354324, s5: 0.002133142203092575

depth: 2, iteration: 1000, test_MSE: 0.37783578038215637, test_RMSE: 0.6146834798350744, erank: 25.486469268798828, s1: 35.9720344543457, s5: 19.735673904418945

depth: 2, iteration: 2000, test_MSE: 0.37551349401474, test_RMSE: 0.6127915583742485, erank: 25.31448745727539, s1: 36.05485916137695, s5: 19.782262802124023

depth: 2, iteration: 3000, test_MSE: 0.37141096591949463, test_RMSE: 0.6094349562664539, erank: 25.012908935546875, s1: 36.2017822265625, s5: 19.865467071533203

depth: 2, iteration: 4000, test_MSE: 0.36463338136672974, test_RMSE: 0.603848806711357, erank: 24.521472930908203, s1: 36.44629669189453, s5: 20.005569458007812

depth: 2, iteration: 5000, test_MSE: 0.3538082242012024, test_RMSE: 0.5948178075690088, erank: 23.752490997314453, s1: 36.84149169921875, s5: 20.23552131652832

depth: 2, iteration: 6000, test_MSE: 0.33704566955566406, test_RMSE: 0.5805563448586744, erank: 22.600900650024414, s1: 37.46250534057617, s5: 20.60846710205078

depth: 2, iteration: 7000, test_MSE: 0.3120967447757721, test_RMSE: 0.5586561955046879, erank: 20.96556854248047, s1: 38.402671813964844, s5: 21.198455810546875

depth: 2, iteration: 8000, test_MSE: 0.27697786688804626, test_RMSE: 0.5262868674858288, erank: 18.816530227661133, s1: 39.75654983520508, s5: 22.108362197875977

depth: 2, iteration: 9000, test_MSE: 0.23111607134342194, test_RMSE: 0.48074532898762723, erank: 16.23105239868164, s1: 41.557960510253906, s5: 23.4541072845459

depth: 2, iteration: 10000, test_MSE: 0.1782194972038269, test_RMSE: 0.42216051118481807, erank: 13.563043594360352, s1: 43.64884948730469, s5: 25.221878051757812

depth: 2, iteration: 11000, test_MSE: 0.12691865861415863, test_RMSE: 0.3562564506281376, erank: 11.254281997680664, s1: 45.64680099487305, s5: 27.15706443786621

depth: 2, iteration: 12000, test_MSE: 0.08437478542327881, test_RMSE: 0.29047338160884695, erank: 9.48758602142334, s1: 47.390541076660156, s5: 29.015789031982422

depth: 2, iteration: 13000, test_MSE: 0.052998051047325134, test_RMSE: 0.23021305577079057, erank: 8.19522476196289, s1: 48.831298828125, s5: 30.680089950561523

depth: 2, iteration: 14000, test_MSE: 0.0316002331674099, test_RMSE: 0.17776454417968138, erank: 7.253469467163086, s1: 50.053043365478516, s5: 32.1039924621582

depth: 2, iteration: 15000, test_MSE: 0.01781296357512474, test_RMSE: 0.13346521485062968, erank: 6.568041801452637, s1: 51.09091567993164, s5: 33.29228210449219

depth: 2, iteration: 16000, test_MSE: 0.009370668791234493, test_RMSE: 0.09680221480541906, erank: 6.0670166015625, s1: 51.934940338134766, s5: 34.26442337036133

depth: 2, iteration: 17000, test_MSE: 0.0044980477541685104, test_RMSE: 0.06706748656516442, erank: 5.698171138763428, s1: 52.5889778137207, s5: 35.036842346191406

depth: 2, iteration: 18000, test_MSE: 0.0019263976719230413, test_RMSE: 0.04389074699663975, erank: 5.427905082702637, s1: 52.98991775512695, s5: 35.62607955932617

depth: 2, iteration: 19000, test_MSE: 0.0007140424568206072, test_RMSE: 0.026721572873253684, erank: 5.23766565322876, s1: 53.27417755126953, s5: 36.036930084228516

depth: 2, iteration: 20000, test_MSE: 0.00022261272533796728, test_RMSE: 0.01492021197362716, erank: 5.113471508026123, s1: 53.44227981567383, s5: 36.29100799560547

depth: 2, iteration: 21000, test_MSE: 4.7241228458005935e-05, test_RMSE: 0.006873225477023574, erank: 5.034267425537109, s1: 53.5379524230957, s5: 36.42449188232422

depth: 2, iteration: 22000, test_MSE: 5.0564240154926665e-06, test_RMSE: 0.0022486493758460137, erank: 4.987522602081299, s1: 53.57009506225586, s5: 36.487796783447266

depth: 2, iteration: 23000, test_MSE: 3.591488564325118e-07, test_RMSE: 0.000599290293958205, erank: 4.964688301086426, s1: 53.563724517822266, s5: 36.504554748535156

depth: 2, iteration: 24000, test_MSE: 1.4968195216624736e-07, test_RMSE: 0.0003868875187522174, erank: 4.955583095550537, s1: 53.54993438720703, s5: 36.515750885009766

depth: 2, iteration: 25000, test_MSE: 1.1157565182884355e-07, test_RMSE: 0.00033402941760995173, erank: 4.953084945678711, s1: 53.54065704345703, s5: 36.512969970703125

depth: 2, iteration: 26000, test_MSE: 2.0855509319517296e-07, test_RMSE: 0.0004566783257339601, erank: 4.953213214874268, s1: 53.530452728271484, s5: 36.51405715942383

depth: 2, iteration: 27000, test_MSE: 8.545011809246716e-08, test_RMSE: 0.0002923185216377285, erank: 4.951871871948242, s1: 53.54531478881836, s5: 36.511314392089844

depth: 2, iteration: 28000, test_MSE: 9.061597694426382e-08, test_RMSE: 0.00030102487761689034, erank: 4.951662063598633, s1: 53.568050384521484, s5: 36.518184661865234

depth: 2, iteration: 29000, test_MSE: 9.969431857825839e-08, test_RMSE: 0.00031574407132717216, erank: 4.952097415924072, s1: 53.55057907104492, s5: 36.51652145385742

