depth: 2, iteration: 0, test_MSE: 1.0109117031097412, test_RMSE: 1.0054410490475019, erank: 66.73628997802734, s1: 0.0026257652789354324, s5: 0.002133142203092575

depth: 2, iteration: 1000, test_MSE: 0.28341418504714966, test_RMSE: 0.5323665889658644, erank: 16.469919204711914, s1: 42.55240249633789, s5: 19.181062698364258

depth: 2, iteration: 2000, test_MSE: 0.2049967497587204, test_RMSE: 0.45276566760159764, erank: 13.043951988220215, s1: 44.99004364013672, s5: 21.862442016601562

depth: 2, iteration: 3000, test_MSE: 0.11794181913137436, test_RMSE: 0.34342658477668025, erank: 9.901891708374023, s1: 48.13215637207031, s5: 25.90639305114746

depth: 2, iteration: 4000, test_MSE: 0.043667782098054886, test_RMSE: 0.20896837583245673, erank: 7.354675769805908, s1: 51.03208923339844, s5: 30.668685913085938

depth: 2, iteration: 5000, test_MSE: 0.005281997378915548, test_RMSE: 0.07267735121009536, erank: 5.5825300216674805, s1: 53.08993148803711, s5: 34.768611907958984

depth: 2, iteration: 6000, test_MSE: 9.616448551241774e-06, test_RMSE: 0.0031010399144870376, erank: 4.964343070983887, s1: 53.60158920288086, s5: 36.46733093261719

depth: 2, iteration: 7000, test_MSE: 7.097278285073116e-07, test_RMSE: 0.000842453457769218, erank: 4.954742431640625, s1: 53.58247375488281, s5: 36.49264144897461

depth: 2, iteration: 8000, test_MSE: 6.687308768960065e-07, test_RMSE: 0.000817759669399272, erank: 4.955861568450928, s1: 53.58246994018555, s5: 36.49273681640625

depth: 2, iteration: 9000, test_MSE: 6.23418713985302e-07, test_RMSE: 0.0007895686885795953, erank: 4.957427501678467, s1: 53.581241607666016, s5: 36.4932975769043

depth: 2, iteration: 10000, test_MSE: 5.804093348160677e-07, test_RMSE: 0.0007618460046597788, erank: 4.959035396575928, s1: 53.57965087890625, s5: 36.4947624206543

depth: 2, iteration: 11000, test_MSE: 6.401322707461077e-07, test_RMSE: 0.000800082664945384, erank: 4.960632801055908, s1: 53.578407287597656, s5: 36.494102478027344

depth: 2, iteration: 12000, test_MSE: 5.064469519311388e-07, test_RMSE: 0.000711650863788655, erank: 4.9599995613098145, s1: 53.57042694091797, s5: 36.49760055541992

depth: 2, iteration: 13000, test_MSE: 4.296082636301435e-07, test_RMSE: 0.0006554450881882811, erank: 4.959444046020508, s1: 53.57344055175781, s5: 36.49653625488281

depth: 2, iteration: 14000, test_MSE: 4.0654688859831367e-07, test_RMSE: 0.000637610295241783, erank: 4.9591875076293945, s1: 53.56410217285156, s5: 36.5001106262207

depth: 2, iteration: 15000, test_MSE: 2.9433900294861814e-07, test_RMSE: 0.0005425301862095953, erank: 4.958049774169922, s1: 53.57622146606445, s5: 36.500667572021484

depth: 2, iteration: 16000, test_MSE: 2.968681656057015e-07, test_RMSE: 0.0005448560962361544, erank: 4.957704544067383, s1: 53.57236862182617, s5: 36.500465393066406

depth: 2, iteration: 17000, test_MSE: 2.787418225125293e-07, test_RMSE: 0.0005279600576866864, erank: 4.956844806671143, s1: 53.58748245239258, s5: 36.50069046020508

depth: 2, iteration: 18000, test_MSE: 1.919898835467393e-07, test_RMSE: 0.0004381665020819589, erank: 4.956150531768799, s1: 53.569061279296875, s5: 36.50645446777344

depth: 2, iteration: 19000, test_MSE: 1.2867572252162063e-07, test_RMSE: 0.00035871398428500195, erank: 4.955389022827148, s1: 53.559059143066406, s5: 36.505191802978516

depth: 2, iteration: 20000, test_MSE: 1.745942626030228e-07, test_RMSE: 0.00041784478290750836, erank: 4.95530891418457, s1: 53.56443405151367, s5: 36.509037017822266

depth: 2, iteration: 21000, test_MSE: 1.0756462387462307e-07, test_RMSE: 0.0003279704618934807, erank: 4.954214572906494, s1: 53.56757354736328, s5: 36.508079528808594

depth: 2, iteration: 22000, test_MSE: 1.001277070145079e-07, test_RMSE: 0.000316429624110177, erank: 4.953559875488281, s1: 53.57064437866211, s5: 36.5079460144043

depth: 2, iteration: 23000, test_MSE: 7.688418435236599e-08, test_RMSE: 0.00027727997466886424, erank: 4.952951431274414, s1: 53.55945587158203, s5: 36.50786209106445

depth: 2, iteration: 24000, test_MSE: 5.422817395128732e-08, test_RMSE: 0.00023286943541668862, erank: 4.952413558959961, s1: 53.547515869140625, s5: 36.51190948486328

depth: 2, iteration: 25000, test_MSE: 4.591683122612267e-08, test_RMSE: 0.000214282129973833, erank: 4.951618671417236, s1: 53.55613708496094, s5: 36.509620666503906

depth: 2, iteration: 26000, test_MSE: 5.044409334686861e-08, test_RMSE: 0.0002245976254257124, erank: 4.951235294342041, s1: 53.557762145996094, s5: 36.514610290527344

depth: 2, iteration: 27000, test_MSE: 1.000053373445553e-07, test_RMSE: 0.0003162362049869611, erank: 4.9515838623046875, s1: 53.55868911743164, s5: 36.51582336425781

depth: 2, iteration: 28000, test_MSE: 4.96543854922038e-08, test_RMSE: 0.00022283264009611295, erank: 4.95078706741333, s1: 53.56043243408203, s5: 36.5108528137207

depth: 2, iteration: 29000, test_MSE: 1.8785843991508955e-08, test_RMSE: 0.00013706146063539873, erank: 4.95023250579834, s1: 53.55931091308594, s5: 36.513648986816406

