depth: 3, iteration: 0, test_MSE: 1.0109140872955322, test_RMSE: 1.0054422346885634, erank: 57.05797576904297, s1: 0.0028013507835566998, s5: 0.00238913856446743

depth: 3, iteration: 1000, test_MSE: 23.35637664794922, test_RMSE: 4.832843536464761, erank: 2.7580807209014893, s1: 439.3132019042969, s5: 32.326473236083984

depth: 3, iteration: 2000, test_MSE: 589.361083984375, test_RMSE: 24.27676016243467, erank: 1.4816112518310547, s1: 2176.102294921875, s5: 33.546390533447266

depth: 3, iteration: 3000, test_MSE: 1680.743408203125, test_RMSE: 40.99687071232541, erank: 1.3043678998947144, s1: 3671.353759765625, s5: 33.56768035888672

depth: 3, iteration: 4000, test_MSE: 3187.296142578125, test_RMSE: 56.456143532640674, erank: 1.2297899723052979, s1: 5053.9423828125, s5: 33.52679443359375

depth: 3, iteration: 5000, test_MSE: 4977.7431640625, test_RMSE: 70.55312299297955, erank: 1.1889090538024902, s1: 6314.68310546875, s5: 33.470340728759766

depth: 3, iteration: 6000, test_MSE: 6881.16650390625, test_RMSE: 82.95279684197664, erank: 1.163861870765686, s1: 7423.6044921875, s5: 33.41306686401367

depth: 3, iteration: 7000, test_MSE: 8790.3115234375, test_RMSE: 93.75666122168333, erank: 1.1471729278564453, s1: 8389.927734375, s5: 33.36038589477539

depth: 3, iteration: 8000, test_MSE: 10589.8935546875, test_RMSE: 102.90720846805388, erank: 1.1356406211853027, s1: 9208.29296875, s5: 33.315555572509766

depth: 3, iteration: 9000, test_MSE: 12244.791015625, test_RMSE: 110.65618381105052, erank: 1.1272952556610107, s1: 9901.29296875, s5: 33.279850006103516

depth: 3, iteration: 10000, test_MSE: 13720.658203125, test_RMSE: 117.13521333538007, erank: 1.1211137771606445, s1: 10480.724609375, s5: 33.250614166259766

depth: 3, iteration: 11000, test_MSE: 15024.25, test_RMSE: 122.5734473693222, erank: 1.1164090633392334, s1: 10967.1865234375, s5: 33.22369384765625

depth: 3, iteration: 12000, test_MSE: 16146.857421875, test_RMSE: 127.0702853615864, erank: 1.1128060817718506, s1: 11369.298828125, s5: 33.20534133911133

depth: 3, iteration: 13000, test_MSE: 17086.01171875, test_RMSE: 130.71347183343423, erank: 1.1100541353225708, s1: 11695.2138671875, s5: 33.19019317626953

depth: 3, iteration: 14000, test_MSE: 17871.30078125, test_RMSE: 133.68358456164316, erank: 1.107910394668579, s1: 11960.7939453125, s5: 33.176761627197266

depth: 3, iteration: 15000, test_MSE: 18485.578125, test_RMSE: 135.96167888416207, erank: 1.1063346862792969, s1: 12164.5771484375, s5: 33.167118072509766

depth: 3, iteration: 16000, test_MSE: 18941.8828125, test_RMSE: 137.62951286878842, erank: 1.1052112579345703, s1: 12313.775390625, s5: 33.15998840332031

depth: 3, iteration: 17000, test_MSE: 19263.83203125, test_RMSE: 138.79420748449843, erank: 1.104445457458496, s1: 12417.9287109375, s5: 33.156333923339844

depth: 3, iteration: 18000, test_MSE: 19439.189453125, test_RMSE: 139.42449373451208, erank: 1.104039192199707, s1: 12474.3154296875, s5: 33.15037155151367

depth: 3, iteration: 19000, test_MSE: 19489.134765625, test_RMSE: 139.6034912372359, erank: 1.1039389371871948, s1: 12490.30859375, s5: 33.14896011352539

depth: 3, iteration: 20000, test_MSE: 19390.947265625, test_RMSE: 139.2513815573296, erank: 1.1041755676269531, s1: 12458.8115234375, s5: 33.148712158203125

depth: 3, iteration: 21000, test_MSE: 19221.59765625, test_RMSE: 138.64197653037843, erank: 1.1045928001403809, s1: 12404.2880859375, s5: 33.14958572387695

depth: 3, iteration: 22000, test_MSE: 18923.640625, test_RMSE: 137.56322410077485, erank: 1.1053297519683838, s1: 12307.8271484375, s5: 33.15234375

depth: 3, iteration: 23000, test_MSE: 18545.466796875, test_RMSE: 136.1817417896944, erank: 1.1062909364700317, s1: 12184.0185546875, s5: 33.15859603881836

depth: 3, iteration: 24000, test_MSE: 18110.572265625, test_RMSE: 134.57552625059654, erank: 1.1074271202087402, s1: 12040.6337890625, s5: 33.16582107543945

depth: 3, iteration: 25000, test_MSE: 17603.71484375, test_RMSE: 132.67899171967656, erank: 1.1088074445724487, s1: 11870.9697265625, s5: 33.17406463623047

depth: 3, iteration: 26000, test_MSE: 17031.81640625, test_RMSE: 130.50600141851714, erank: 1.1104377508163452, s1: 11676.6455078125, s5: 33.185813903808594

depth: 3, iteration: 27000, test_MSE: 16439.39453125, test_RMSE: 128.21620229616067, erank: 1.1122232675552368, s1: 11471.896484375, s5: 33.19499969482422

depth: 3, iteration: 28000, test_MSE: 15813.1767578125, test_RMSE: 125.75045430459684, erank: 1.1142241954803467, s1: 11251.265625, s5: 33.205810546875

depth: 3, iteration: 29000, test_MSE: 15193.962890625, test_RMSE: 123.26379391623884, erank: 1.1163307428359985, s1: 11028.9345703125, s5: 33.21924591064453

