depth: 3, iteration: 0, test_MSE: 1.0109140872955322, test_RMSE: 1.0054422346885634, erank: 57.05797576904297, s1: 0.0028013507835566998, s5: 0.00238913856446743

depth: 3, iteration: 1000, test_MSE: 23.546306610107422, test_RMSE: 4.852453669032546, erank: 2.752939462661743, s1: 441.0518798828125, s5: 32.32228469848633

depth: 3, iteration: 2000, test_MSE: 594.0640258789062, test_RMSE: 24.3734286853308, erank: 1.4798945188522339, s1: 2184.735107421875, s5: 33.53690719604492

depth: 3, iteration: 3000, test_MSE: 1705.9681396484375, test_RMSE: 41.303367170830484, erank: 1.302315354347229, s1: 3698.7734375, s5: 33.5541877746582

depth: 3, iteration: 4000, test_MSE: 3267.240234375, test_RMSE: 57.1597781169154, erank: 1.2272250652313232, s1: 5116.8193359375, s5: 33.50707244873047

depth: 3, iteration: 5000, test_MSE: 5158.876953125, test_RMSE: 71.82532250623731, erank: 1.185880184173584, s1: 6428.44091796875, s5: 33.44574737548828

depth: 3, iteration: 6000, test_MSE: 7242.541015625, test_RMSE: 85.10311989360319, erank: 1.1601505279541016, s1: 7615.85498046875, s5: 33.38286209106445

depth: 3, iteration: 7000, test_MSE: 9387.755859375, test_RMSE: 96.89043223856007, erank: 1.1428947448730469, s1: 8670.1728515625, s5: 33.32581329345703

depth: 3, iteration: 8000, test_MSE: 11487.6455078125, test_RMSE: 107.18043435166933, erank: 1.1307827234268188, s1: 9590.380859375, s5: 33.27147674560547

depth: 3, iteration: 9000, test_MSE: 13554.1982421875, test_RMSE: 116.42249886593012, erank: 1.1216363906860352, s1: 10417.12109375, s5: 33.22343444824219

depth: 3, iteration: 10000, test_MSE: 15502.9189453125, test_RMSE: 124.51071819450927, erank: 1.1146873235702515, s1: 11140.3212890625, s5: 33.186222076416016

depth: 3, iteration: 11000, test_MSE: 17361.15234375, test_RMSE: 131.76172564045297, erank: 1.1091268062591553, s1: 11788.958984375, s5: 33.15116882324219

depth: 3, iteration: 12000, test_MSE: 19129.29296875, test_RMSE: 138.30868724975304, erank: 1.1045888662338257, s1: 12374.4755859375, s5: 33.11878204345703

depth: 3, iteration: 13000, test_MSE: 20838.52734375, test_RMSE: 144.35555875597586, erank: 1.1007347106933594, s1: 12915.3681640625, s5: 33.09003829956055

depth: 3, iteration: 14000, test_MSE: 22459.619140625, test_RMSE: 149.86533668805805, erank: 1.0974719524383545, s1: 13407.93359375, s5: 33.064788818359375

depth: 3, iteration: 15000, test_MSE: 24004.677734375, test_RMSE: 154.93443043550712, erank: 1.0946693420410156, s1: 13861.3984375, s5: 33.03789520263672

depth: 3, iteration: 16000, test_MSE: 25461.595703125, test_RMSE: 159.56690039956595, erank: 1.0922520160675049, s1: 14275.5078125, s5: 33.01356887817383

depth: 3, iteration: 17000, test_MSE: 26832.974609375, test_RMSE: 163.8077367201409, erank: 1.0901421308517456, s1: 14654.8994140625, s5: 32.989356994628906

depth: 3, iteration: 18000, test_MSE: 28209.18359375, test_RMSE: 167.95589776411543, erank: 1.088182806968689, s1: 15026.0390625, s5: 32.966758728027344

depth: 3, iteration: 19000, test_MSE: 29532.01171875, test_RMSE: 171.84880482200043, erank: 1.0864216089248657, s1: 15374.3310546875, s5: 32.94490051269531

depth: 3, iteration: 20000, test_MSE: 30771.8203125, test_RMSE: 175.41898504010334, erank: 1.0848699808120728, s1: 15693.5390625, s5: 32.922889709472656

depth: 3, iteration: 21000, test_MSE: 31938.755859375, test_RMSE: 178.7141736387324, erank: 1.083488941192627, s1: 15988.224609375, s5: 32.90121078491211

depth: 3, iteration: 22000, test_MSE: 33067.9375, test_RMSE: 181.84591691869247, erank: 1.0822129249572754, s1: 16268.384765625, s5: 32.88179016113281

depth: 3, iteration: 23000, test_MSE: 34170.99609375, test_RMSE: 184.8539858746627, erank: 1.0810397863388062, s1: 16537.42578125, s5: 32.85954284667969

depth: 3, iteration: 24000, test_MSE: 35202.578125, test_RMSE: 187.62350099334571, erank: 1.079986572265625, s1: 16785.125, s5: 32.83694076538086

depth: 3, iteration: 25000, test_MSE: 36181.56640625, test_RMSE: 190.214527327042, erank: 1.079023838043213, s1: 17016.95703125, s5: 32.82057571411133

depth: 3, iteration: 26000, test_MSE: 37188.98046875, test_RMSE: 192.84444629999072, erank: 1.0780720710754395, s1: 17252.056640625, s5: 32.7999153137207

depth: 3, iteration: 27000, test_MSE: 38116.06640625, test_RMSE: 195.2333639679704, erank: 1.077229619026184, s1: 17465.740234375, s5: 32.77989196777344

depth: 3, iteration: 28000, test_MSE: 39019.13671875, test_RMSE: 197.53262191028094, erank: 1.076440691947937, s1: 17671.2578125, s5: 32.75929641723633

depth: 3, iteration: 29000, test_MSE: 39901.7265625, test_RMSE: 199.7541653195247, erank: 1.0756900310516357, s1: 17869.984375, s5: 32.74081039428711

