depth: 4, iteration: 0, test_MSE: 1.0109140872955322, test_RMSE: 1.0054422346885634, erank: 49.46615982055664, s1: 0.00324996467679739, s5: 0.002395760966464877

depth: 4, iteration: 1000, test_MSE: 80.71294403076172, test_RMSE: 8.984038291924278, erank: 2.0109078884124756, s1: 809.4686279296875, s5: 33.614418029785156

depth: 4, iteration: 2000, test_MSE: 2013.8765869140625, test_RMSE: 44.876236327415675, erank: 1.2610915899276733, s1: 4015.973876953125, s5: 35.808563232421875

depth: 4, iteration: 3000, test_MSE: 3900.2841796875, test_RMSE: 62.452255200973326, erank: 1.203532099723816, s1: 5587.57958984375, s5: 36.006500244140625

depth: 4, iteration: 4000, test_MSE: 5728.26953125, test_RMSE: 75.6853323389017, erank: 1.1725050210952759, s1: 6771.11083984375, s5: 35.95915603637695

depth: 4, iteration: 5000, test_MSE: 7254.359375, test_RMSE: 85.17252711408767, erank: 1.1557211875915527, s1: 7619.58740234375, s5: 35.9998779296875

depth: 4, iteration: 6000, test_MSE: 8459.849609375, test_RMSE: 91.97744076334696, erank: 1.1457393169403076, s1: 8228.302734375, s5: 36.018699645996094

depth: 4, iteration: 7000, test_MSE: 9151.5, test_RMSE: 95.66347265283652, erank: 1.1409146785736084, s1: 8557.962890625, s5: 36.024269104003906

depth: 4, iteration: 8000, test_MSE: 9631.52734375, test_RMSE: 98.14034513771591, erank: 1.1379212141036987, s1: 8779.4931640625, s5: 36.051109313964844

depth: 4, iteration: 9000, test_MSE: 10302.7763671875, test_RMSE: 101.50259290869126, erank: 1.13401198387146, s1: 9080.2294921875, s5: 36.06029510498047

depth: 4, iteration: 10000, test_MSE: 10226.0458984375, test_RMSE: 101.12391358347193, erank: 1.1345853805541992, s1: 9046.361328125, s5: 36.07839584350586

depth: 4, iteration: 11000, test_MSE: 10454.1787109375, test_RMSE: 102.24567820175824, erank: 1.1333926916122437, s1: 9146.5361328125, s5: 36.07899856567383

depth: 4, iteration: 12000, test_MSE: 10545.1953125, test_RMSE: 102.68980140452118, erank: 1.1330482959747314, s1: 9186.3984375, s5: 36.10684585571289

depth: 4, iteration: 13000, test_MSE: 10164.634765625, test_RMSE: 100.81981335841185, erank: 1.1352581977844238, s1: 9019.1533203125, s5: 36.09434509277344

depth: 4, iteration: 14000, test_MSE: 10070.3681640625, test_RMSE: 100.35122402872075, erank: 1.136004090309143, s1: 8977.13671875, s5: 36.124794006347656

depth: 4, iteration: 15000, test_MSE: 9790.2685546875, test_RMSE: 98.9457859369842, erank: 1.1378464698791504, s1: 8851.4951171875, s5: 36.13914108276367

depth: 4, iteration: 16000, test_MSE: 9331.5107421875, test_RMSE: 96.5997450420419, erank: 1.1409070491790771, s1: 8641.69140625, s5: 36.145790100097656

depth: 4, iteration: 17000, test_MSE: 8925.3212890625, test_RMSE: 94.47391856519184, erank: 1.1438217163085938, s1: 8451.5390625, s5: 36.14958953857422

depth: 4, iteration: 18000, test_MSE: 8419.0283203125, test_RMSE: 91.7552631749945, erank: 1.147681713104248, s1: 8208.37109375, s5: 36.14424514770508

depth: 4, iteration: 19000, test_MSE: 7947.23828125, test_RMSE: 89.14728420568963, erank: 1.15165114402771, s1: 7975.02734375, s5: 36.16946792602539

depth: 4, iteration: 20000, test_MSE: 7375.287109375, test_RMSE: 85.87949178572845, erank: 1.1568280458450317, s1: 7682.70849609375, s5: 36.179046630859375

depth: 4, iteration: 21000, test_MSE: 6733.17578125, test_RMSE: 82.05593081094139, erank: 1.163462519645691, s1: 7340.88525390625, s5: 36.17971420288086

depth: 4, iteration: 22000, test_MSE: 6135.314453125, test_RMSE: 78.32824811729802, erank: 1.170487880706787, s1: 7007.5048828125, s5: 36.205501556396484

depth: 4, iteration: 23000, test_MSE: 5470.22412109375, test_RMSE: 73.96096349489878, erank: 1.1795878410339355, s1: 6616.8544921875, s5: 36.205928802490234

depth: 4, iteration: 24000, test_MSE: 4899.2724609375, test_RMSE: 69.99480309949804, erank: 1.1888045072555542, s1: 6262.15576171875, s5: 36.2217903137207

depth: 4, iteration: 25000, test_MSE: 4233.45068359375, test_RMSE: 65.06497278562215, erank: 1.2017138004302979, s1: 5821.224609375, s5: 36.22575759887695

depth: 4, iteration: 26000, test_MSE: 3654.064453125, test_RMSE: 60.44885816229286, erank: 1.2156661748886108, s1: 5408.337890625, s5: 36.238975524902344

depth: 4, iteration: 27000, test_MSE: 3085.793701171875, test_RMSE: 55.54992080257068, erank: 1.2329250574111938, s1: 4970.18603515625, s5: 36.2385368347168

depth: 4, iteration: 28000, test_MSE: 2554.052734375, test_RMSE: 50.53763681035155, erank: 1.2539728879928589, s1: 4521.70751953125, s5: 36.25398254394531

depth: 4, iteration: 29000, test_MSE: 2088.3818359375, test_RMSE: 45.69881657042664, erank: 1.2786062955856323, s1: 4089.1484375, s5: 36.24208068847656

