depth: 1, iteration: 0, test_MSE: 1.0109524726867676, test_RMSE: 1.0054613233171963, erank: 80.52301788330078, s1: 0.01973901316523552, s5: 0.017823003232479095

depth: 1, iteration: 1000, test_MSE: 0.9864929914474487, test_RMSE: 0.9932235354880837, erank: 65.41767120361328, s1: 7.805719375610352, s5: 5.830815315246582

depth: 1, iteration: 2000, test_MSE: 0.9633688926696777, test_RMSE: 0.9815135723308556, erank: 59.899349212646484, s1: 11.491045951843262, s5: 8.510309219360352

depth: 1, iteration: 3000, test_MSE: 0.9326357841491699, test_RMSE: 0.9657306995996192, erank: 53.76357650756836, s1: 13.822237968444824, s5: 10.058882713317871

depth: 1, iteration: 4000, test_MSE: 0.8899863958358765, test_RMSE: 0.9433909029855421, erank: 46.97178649902344, s1: 15.942251205444336, s5: 11.29244613647461

depth: 1, iteration: 5000, test_MSE: 0.8308764100074768, test_RMSE: 0.9115242234891384, erank: 40.17955780029297, s1: 18.40412712097168, s5: 12.603240013122559

depth: 1, iteration: 6000, test_MSE: 0.7501457333564758, test_RMSE: 0.8661095388901313, erank: 33.2578125, s1: 21.55759048461914, s5: 14.163887977600098

depth: 1, iteration: 7000, test_MSE: 0.6462570428848267, test_RMSE: 0.8039011399947301, erank: 26.683170318603516, s1: 25.68403434753418, s5: 16.108253479003906

depth: 1, iteration: 8000, test_MSE: 0.5211696028709412, test_RMSE: 0.7219207732645884, erank: 20.90911102294922, s1: 30.609973907470703, s5: 18.478824615478516

depth: 1, iteration: 9000, test_MSE: 0.38663485646247864, test_RMSE: 0.621799691590852, erank: 16.182851791381836, s1: 35.69804382324219, s5: 21.18543243408203

depth: 1, iteration: 10000, test_MSE: 0.25743427872657776, test_RMSE: 0.5073798170272225, erank: 12.624565124511719, s1: 40.48972702026367, s5: 24.258373260498047

depth: 1, iteration: 11000, test_MSE: 0.14800213277339935, test_RMSE: 0.3847104531636739, erank: 9.967392921447754, s1: 44.794918060302734, s5: 27.659521102905273

depth: 1, iteration: 12000, test_MSE: 0.06918918341398239, test_RMSE: 0.26303836871069286, erank: 7.858789920806885, s1: 48.543540954589844, s5: 31.15516471862793

depth: 1, iteration: 13000, test_MSE: 0.024354631081223488, test_RMSE: 0.15605970357918628, erank: 6.320288181304932, s1: 51.473899841308594, s5: 34.034454345703125

depth: 1, iteration: 14000, test_MSE: 0.0057080406695604324, test_RMSE: 0.07555157622154837, erank: 5.364476680755615, s1: 53.19371032714844, s5: 35.792110443115234

depth: 1, iteration: 15000, test_MSE: 0.0007544970721937716, test_RMSE: 0.027468110095049708, erank: 5.034212112426758, s1: 53.57103729248047, s5: 36.427886962890625

depth: 1, iteration: 16000, test_MSE: 7.220961606435594e-08, test_RMSE: 0.00026871846989806256, erank: 4.974328994750977, s1: 53.56390380859375, s5: 36.50786209106445

depth: 1, iteration: 17000, test_MSE: 7.058291373596148e-08, test_RMSE: 0.0002656744506646461, erank: 4.9738569259643555, s1: 53.5638542175293, s5: 36.50774002075195

depth: 1, iteration: 18000, test_MSE: 6.911938754683433e-08, test_RMSE: 0.0002629056628276278, erank: 4.9734625816345215, s1: 53.56421661376953, s5: 36.50784683227539

depth: 1, iteration: 19000, test_MSE: 6.859980317130976e-08, test_RMSE: 0.00026191564132619066, erank: 4.973459720611572, s1: 53.563838958740234, s5: 36.5074462890625

depth: 1, iteration: 20000, test_MSE: 6.750748582362576e-08, test_RMSE: 0.0002598220272102151, erank: 4.973419189453125, s1: 53.563785552978516, s5: 36.50791931152344

depth: 1, iteration: 21000, test_MSE: 6.781894512641884e-08, test_RMSE: 0.0002604207079447002, erank: 4.973008155822754, s1: 53.56379699707031, s5: 36.50778579711914

depth: 1, iteration: 22000, test_MSE: 6.697225529705975e-08, test_RMSE: 0.00025878998299211614, erank: 4.973395347595215, s1: 53.56403732299805, s5: 36.5076904296875

depth: 1, iteration: 23000, test_MSE: 6.794410722932298e-08, test_RMSE: 0.00026066090468139443, erank: 4.973410129547119, s1: 53.56399917602539, s5: 36.50776290893555

depth: 1, iteration: 24000, test_MSE: 6.637084482008504e-08, test_RMSE: 0.0002576253963026259, erank: 4.972753524780273, s1: 53.56337356567383, s5: 36.50776290893555

depth: 1, iteration: 25000, test_MSE: 6.689524667535807e-08, test_RMSE: 0.00025864115425693193, erank: 4.972667217254639, s1: 53.563655853271484, s5: 36.50799560546875

depth: 1, iteration: 26000, test_MSE: 6.711302802386854e-08, test_RMSE: 0.0002590618227834208, erank: 4.972866058349609, s1: 53.56397247314453, s5: 36.50812530517578

depth: 1, iteration: 27000, test_MSE: 6.858363121864386e-08, test_RMSE: 0.00026188476706109475, erank: 4.973470211029053, s1: 53.56344223022461, s5: 36.508113861083984

depth: 1, iteration: 28000, test_MSE: 6.71066828772382e-08, test_RMSE: 0.0002590495760993216, erank: 4.973194122314453, s1: 53.56388473510742, s5: 36.50823211669922

depth: 1, iteration: 29000, test_MSE: 6.897417392792704e-08, test_RMSE: 0.0002626293470424184, erank: 4.973365783691406, s1: 53.56400680541992, s5: 36.5078010559082

