depth: 1, iteration: 0, test_MSE: 1.0109522342681885, test_RMSE: 1.0054612047554041, erank: 80.75634765625, s1: 0.01949082314968109, s5: 0.017697155475616455

depth: 1, iteration: 1000, test_MSE: 0.9872473478317261, test_RMSE: 0.9936032144833903, erank: 65.60343933105469, s1: 7.76939058303833, s5: 5.821125030517578

depth: 1, iteration: 2000, test_MSE: 0.9646322727203369, test_RMSE: 0.9821569491279573, erank: 60.11704635620117, s1: 11.420588493347168, s5: 8.495203971862793

depth: 1, iteration: 3000, test_MSE: 0.9350218772888184, test_RMSE: 0.9669652927012522, erank: 54.109832763671875, s1: 13.699115753173828, s5: 10.029850006103516

depth: 1, iteration: 4000, test_MSE: 0.8945242166519165, test_RMSE: 0.9457929036802488, erank: 47.55152130126953, s1: 15.71747875213623, s5: 11.223596572875977

depth: 1, iteration: 5000, test_MSE: 0.8391544818878174, test_RMSE: 0.9160537549116958, erank: 40.964962005615234, s1: 17.99451446533203, s5: 12.457189559936523

depth: 1, iteration: 6000, test_MSE: 0.765053391456604, test_RMSE: 0.8746733055584833, erank: 34.351661682128906, s1: 20.81626319885254, s5: 13.895824432373047

depth: 1, iteration: 7000, test_MSE: 0.6718913912773132, test_RMSE: 0.8196898140621934, erank: 28.051132202148438, s1: 24.405235290527344, s5: 15.632651329040527

depth: 1, iteration: 8000, test_MSE: 0.5627957582473755, test_RMSE: 0.7501971462538201, erank: 22.614803314208984, s1: 28.649927139282227, s5: 17.669960021972656

depth: 1, iteration: 9000, test_MSE: 0.4480147957801819, test_RMSE: 0.6693390738483612, erank: 18.1517333984375, s1: 33.038177490234375, s5: 19.888559341430664

depth: 1, iteration: 10000, test_MSE: 0.3389122486114502, test_RMSE: 0.5821617031473731, erank: 14.769545555114746, s1: 37.119483947753906, s5: 22.23040199279785

depth: 1, iteration: 11000, test_MSE: 0.2439107894897461, test_RMSE: 0.49387325245425684, erank: 12.267024040222168, s1: 40.720726013183594, s5: 24.63152503967285

depth: 1, iteration: 12000, test_MSE: 0.1667698472738266, test_RMSE: 0.40837464083097347, erank: 10.40498161315918, s1: 43.80574417114258, s5: 27.029882431030273

depth: 1, iteration: 13000, test_MSE: 0.10795465111732483, test_RMSE: 0.32856453113098627, erank: 8.921747207641602, s1: 46.41303634643555, s5: 29.309419631958008

depth: 1, iteration: 14000, test_MSE: 0.065870501101017, test_RMSE: 0.25665249093086356, erank: 7.730788707733154, s1: 48.65188980102539, s5: 31.391355514526367

depth: 1, iteration: 15000, test_MSE: 0.03770003095269203, test_RMSE: 0.19416495809669682, erank: 6.797022342681885, s1: 50.479679107666016, s5: 33.13459014892578

depth: 1, iteration: 16000, test_MSE: 0.020093003287911415, test_RMSE: 0.14174979113886346, erank: 6.097558498382568, s1: 51.85662841796875, s5: 34.47346115112305

depth: 1, iteration: 17000, test_MSE: 0.009988325648009777, test_RMSE: 0.09994161119378543, erank: 5.586634635925293, s1: 52.82250213623047, s5: 35.42854309082031

depth: 1, iteration: 18000, test_MSE: 0.004854836966842413, test_RMSE: 0.06967666012979104, erank: 5.240567207336426, s1: 53.34830856323242, s5: 36.02445602416992

depth: 1, iteration: 19000, test_MSE: 0.0023664936888962984, test_RMSE: 0.04864662052903879, erank: 5.0887322425842285, s1: 53.51138687133789, s5: 36.310665130615234

depth: 1, iteration: 20000, test_MSE: 0.0010466102976351976, test_RMSE: 0.03235135696744725, erank: 5.026772499084473, s1: 53.574405670166016, s5: 36.44464874267578

depth: 1, iteration: 21000, test_MSE: 0.00034431094536557794, test_RMSE: 0.018555617622854216, erank: 4.997488975524902, s1: 53.56958770751953, s5: 36.485511779785156

depth: 1, iteration: 22000, test_MSE: 2.2741149223293178e-05, test_RMSE: 0.004768768103325342, erank: 4.973474502563477, s1: 53.56260681152344, s5: 36.5045166015625

depth: 1, iteration: 23000, test_MSE: 1.2074671040807061e-08, test_RMSE: 0.00010988480805282895, erank: 4.9631829261779785, s1: 53.55937576293945, s5: 36.5114860534668

depth: 1, iteration: 24000, test_MSE: 1.16686651452369e-08, test_RMSE: 0.0001080215957354681, erank: 4.963066101074219, s1: 53.55943298339844, s5: 36.511627197265625

depth: 1, iteration: 25000, test_MSE: 1.176827257864943e-08, test_RMSE: 0.00010848166932090154, erank: 4.962960243225098, s1: 53.55908203125, s5: 36.51140213012695

depth: 1, iteration: 26000, test_MSE: 1.1895075147094758e-08, test_RMSE: 0.00010906454578411244, erank: 4.963152885437012, s1: 53.55947494506836, s5: 36.51156234741211

depth: 1, iteration: 27000, test_MSE: 1.1406896760490781e-08, test_RMSE: 0.00010680307467714018, erank: 4.962924957275391, s1: 53.55913162231445, s5: 36.51115036010742

depth: 1, iteration: 28000, test_MSE: 1.1923643405964413e-08, test_RMSE: 0.00010919543674515164, erank: 4.963094711303711, s1: 53.559471130371094, s5: 36.51153564453125

depth: 1, iteration: 29000, test_MSE: 1.1767898655534736e-08, test_RMSE: 0.00010847994586804852, erank: 4.962967395782471, s1: 53.559200286865234, s5: 36.51105880737305

