depth: 2, iteration: 0, test_MSE: 1.0109117031097412, test_RMSE: 1.0054410490475019, erank: 66.73628997802734, s1: 0.0026257652789354324, s5: 0.002133142203092575

depth: 2, iteration: 1000, test_MSE: 0.16889505088329315, test_RMSE: 0.41096843051905235, erank: 10.883031845092773, s1: 48.25295639038086, s5: 24.544246673583984

depth: 2, iteration: 2000, test_MSE: 0.013423502445220947, test_RMSE: 0.1158598396564614, erank: 5.896385192871094, s1: 51.99830627441406, s5: 33.84013748168945

depth: 2, iteration: 3000, test_MSE: 9.667630365584046e-05, test_RMSE: 0.00983241087708607, erank: 4.950078010559082, s1: 53.8583869934082, s5: 36.270408630371094

depth: 2, iteration: 4000, test_MSE: 9.420327842235565e-05, test_RMSE: 0.009705837337517854, erank: 4.9500346183776855, s1: 53.85646438598633, s5: 36.273292541503906

depth: 2, iteration: 5000, test_MSE: 9.442951704841107e-05, test_RMSE: 0.009717485119536386, erank: 4.95183801651001, s1: 53.857177734375, s5: 36.27302551269531

depth: 2, iteration: 6000, test_MSE: 9.47527660173364e-05, test_RMSE: 0.009734103246695937, erank: 4.954397201538086, s1: 53.85740661621094, s5: 36.27293395996094

depth: 2, iteration: 7000, test_MSE: 9.510575910098851e-05, test_RMSE: 0.009752218163114917, erank: 4.957300186157227, s1: 53.857425689697266, s5: 36.27265548706055

depth: 2, iteration: 8000, test_MSE: 9.552801202517003e-05, test_RMSE: 0.009773843257653052, erank: 4.959624767303467, s1: 53.85850524902344, s5: 36.27206802368164

depth: 2, iteration: 9000, test_MSE: 9.554490679875016e-05, test_RMSE: 0.009774707504511333, erank: 4.959604740142822, s1: 53.859275817871094, s5: 36.27238082885742

depth: 2, iteration: 10000, test_MSE: 9.542962652631104e-05, test_RMSE: 0.009768808859134824, erank: 4.959860801696777, s1: 53.858985900878906, s5: 36.271976470947266

depth: 2, iteration: 11000, test_MSE: 9.535232675261796e-05, test_RMSE: 0.009764851599108814, erank: 4.958560466766357, s1: 53.859222412109375, s5: 36.27188491821289

depth: 2, iteration: 12000, test_MSE: 9.527899965178221e-05, test_RMSE: 0.009761096232072615, erank: 4.957270622253418, s1: 53.85848617553711, s5: 36.27241516113281

depth: 2, iteration: 13000, test_MSE: 9.516550926491618e-05, test_RMSE: 0.00975528109615075, erank: 4.956676959991455, s1: 53.85822677612305, s5: 36.272029876708984

depth: 2, iteration: 14000, test_MSE: 9.49408276937902e-05, test_RMSE: 0.009743758396727116, erank: 4.955924034118652, s1: 53.857688903808594, s5: 36.27260208129883

depth: 2, iteration: 15000, test_MSE: 9.486589260632172e-05, test_RMSE: 0.009739912351059516, erank: 4.954349517822266, s1: 53.8582649230957, s5: 36.27274703979492

depth: 2, iteration: 16000, test_MSE: 9.474444959778339e-05, test_RMSE: 0.009733676057779167, erank: 4.953914165496826, s1: 53.857574462890625, s5: 36.272850036621094

depth: 2, iteration: 17000, test_MSE: 9.468831558478996e-05, test_RMSE: 0.00973079213552473, erank: 4.952784538269043, s1: 53.85714340209961, s5: 36.27274703979492

depth: 2, iteration: 18000, test_MSE: 9.450106881558895e-05, test_RMSE: 0.009721166021398305, erank: 4.951728820800781, s1: 53.857173919677734, s5: 36.27352523803711

depth: 2, iteration: 19000, test_MSE: 9.440961002837867e-05, test_RMSE: 0.009716460776866167, erank: 4.951111316680908, s1: 53.856590270996094, s5: 36.27291488647461

depth: 2, iteration: 20000, test_MSE: 9.430789214093238e-05, test_RMSE: 0.00971122505871079, erank: 4.950098991394043, s1: 53.856544494628906, s5: 36.27342987060547

depth: 2, iteration: 21000, test_MSE: 9.427589975530282e-05, test_RMSE: 0.00970957773310986, erank: 4.94939661026001, s1: 53.85657501220703, s5: 36.272281646728516

depth: 2, iteration: 22000, test_MSE: 9.408532787347212e-05, test_RMSE: 0.009699759165745928, erank: 4.948672294616699, s1: 53.856441497802734, s5: 36.27421951293945

depth: 2, iteration: 23000, test_MSE: 9.395219967700541e-05, test_RMSE: 0.009692894287931, erank: 4.948098659515381, s1: 53.855995178222656, s5: 36.274017333984375

depth: 2, iteration: 24000, test_MSE: 9.45668580243364e-05, test_RMSE: 0.009724549245303681, erank: 4.947497844696045, s1: 53.850521087646484, s5: 36.274696350097656

depth: 2, iteration: 25000, test_MSE: 9.393903746968135e-05, test_RMSE: 0.009692215302482779, erank: 4.94709587097168, s1: 53.85597229003906, s5: 36.273956298828125

depth: 2, iteration: 26000, test_MSE: 9.393637446919456e-05, test_RMSE: 0.00969207792319039, erank: 4.94674015045166, s1: 53.86089324951172, s5: 36.272647857666016

depth: 2, iteration: 27000, test_MSE: 9.401080751558766e-05, test_RMSE: 0.009695917053873123, erank: 4.946439266204834, s1: 53.86186218261719, s5: 36.27275085449219

depth: 2, iteration: 28000, test_MSE: 9.389397746417671e-05, test_RMSE: 0.009689890477408748, erank: 4.946278095245361, s1: 53.865718841552734, s5: 36.27243423461914

depth: 2, iteration: 29000, test_MSE: 9.351643529953435e-05, test_RMSE: 0.009670389614670876, erank: 4.946170330047607, s1: 53.858211517333984, s5: 36.27448272705078

