depth: 2, iteration: 0, test_MSE: 1.0109117031097412, test_RMSE: 1.0054410490475019, erank: 66.73628997802734, s1: 0.0026257652789354324, s5: 0.002133142203092575

depth: 2, iteration: 1000, test_MSE: 0.348844975233078, test_RMSE: 0.5906309975213611, erank: 23.024629592895508, s1: 38.17317581176758, s5: 19.731943130493164

depth: 2, iteration: 2000, test_MSE: 0.331362783908844, test_RMSE: 0.5756411937212659, erank: 21.8347110748291, s1: 38.78618240356445, s5: 20.103918075561523

depth: 2, iteration: 3000, test_MSE: 0.30369558930397034, test_RMSE: 0.5510858275295876, erank: 20.062196731567383, s1: 39.7796745300293, s5: 20.73954963684082

depth: 2, iteration: 4000, test_MSE: 0.2649839222431183, test_RMSE: 0.5147658907145249, erank: 17.779027938842773, s1: 41.20765686035156, s5: 21.739789962768555

depth: 2, iteration: 5000, test_MSE: 0.21586854755878448, test_RMSE: 0.46461655971218296, erank: 15.168423652648926, s1: 43.07562255859375, s5: 23.20903968811035

depth: 2, iteration: 6000, test_MSE: 0.1591695100069046, test_RMSE: 0.3989605369042214, erank: 12.471890449523926, s1: 45.26979446411133, s5: 25.237112045288086

depth: 2, iteration: 7000, test_MSE: 0.1004730686545372, test_RMSE: 0.3169748706988256, erank: 9.975836753845215, s1: 47.61808395385742, s5: 27.786211013793945

depth: 2, iteration: 8000, test_MSE: 0.048384785652160645, test_RMSE: 0.21996541921893234, erank: 7.831065654754639, s1: 49.9313850402832, s5: 30.66978645324707

depth: 2, iteration: 9000, test_MSE: 0.013806571252644062, test_RMSE: 0.11750136702457577, erank: 6.18866491317749, s1: 51.91121292114258, s5: 33.59931182861328

depth: 2, iteration: 10000, test_MSE: 0.0011749357217922807, test_RMSE: 0.03427733539515988, erank: 5.192965984344482, s1: 53.24416732788086, s5: 35.81179428100586

depth: 2, iteration: 11000, test_MSE: 1.0292745855622343e-07, test_RMSE: 0.00032082309542210867, erank: 4.956176280975342, s1: 53.56709671020508, s5: 36.51017379760742

depth: 2, iteration: 12000, test_MSE: 1.0680742690283296e-07, test_RMSE: 0.0003268140555466257, erank: 4.953419208526611, s1: 53.574466705322266, s5: 36.509742736816406

depth: 2, iteration: 13000, test_MSE: 1.2161630991158745e-07, test_RMSE: 0.00034873530063873296, erank: 4.953352928161621, s1: 53.55815887451172, s5: 36.512351989746094

depth: 2, iteration: 14000, test_MSE: 1.2700938611942547e-07, test_RMSE: 0.00035638376242391496, erank: 4.9534759521484375, s1: 53.558448791503906, s5: 36.514892578125

depth: 2, iteration: 15000, test_MSE: 8.606432544411291e-08, test_RMSE: 0.0002933672194436742, erank: 4.952908992767334, s1: 53.555458068847656, s5: 36.51089859008789

depth: 2, iteration: 16000, test_MSE: 2.22166221419684e-07, test_RMSE: 0.0004713451192276038, erank: 4.953630447387695, s1: 53.55967712402344, s5: 36.514564514160156

depth: 2, iteration: 17000, test_MSE: 9.550513624390078e-08, test_RMSE: 0.00030903905294299097, erank: 4.952508449554443, s1: 53.55640411376953, s5: 36.50776672363281

depth: 2, iteration: 18000, test_MSE: 8.629127279391469e-08, test_RMSE: 0.00029375376217831607, erank: 4.951947212219238, s1: 53.5716552734375, s5: 36.50846481323242

depth: 2, iteration: 19000, test_MSE: 1.613322382354454e-07, test_RMSE: 0.00040166184563068146, erank: 4.952813625335693, s1: 53.5488166809082, s5: 36.512062072753906

depth: 2, iteration: 20000, test_MSE: 5.1935874267883264e-08, test_RMSE: 0.0002278944366760261, erank: 4.951719284057617, s1: 53.56013870239258, s5: 36.5163459777832

depth: 2, iteration: 21000, test_MSE: 9.989987859171379e-08, test_RMSE: 0.00031606942052611446, erank: 4.952094078063965, s1: 53.5609130859375, s5: 36.514495849609375

depth: 2, iteration: 22000, test_MSE: 8.188654021523689e-08, test_RMSE: 0.0002861582433116979, erank: 4.95167875289917, s1: 53.56148147583008, s5: 36.51029586791992

depth: 2, iteration: 23000, test_MSE: 1.0348630041789875e-07, test_RMSE: 0.00032169286659467405, erank: 4.951953887939453, s1: 53.55626678466797, s5: 36.51475143432617

depth: 2, iteration: 24000, test_MSE: 9.252224941747045e-08, test_RMSE: 0.00030417470213262384, erank: 4.952181339263916, s1: 53.556396484375, s5: 36.51271438598633

depth: 2, iteration: 25000, test_MSE: 5.8184916440495726e-08, test_RMSE: 0.00024121549792767405, erank: 4.951731204986572, s1: 53.546287536621094, s5: 36.513980865478516

depth: 2, iteration: 26000, test_MSE: 5.880466247276672e-08, test_RMSE: 0.00024249672672588125, erank: 4.951603889465332, s1: 53.541568756103516, s5: 36.51484680175781

depth: 2, iteration: 27000, test_MSE: 7.026333292969866e-08, test_RMSE: 0.0002650723164151599, erank: 4.95150899887085, s1: 53.55706787109375, s5: 36.5122184753418

depth: 2, iteration: 28000, test_MSE: 1.734368559880295e-08, test_RMSE: 0.00013169542740278778, erank: 4.950552463531494, s1: 53.55437469482422, s5: 36.51497268676758

depth: 2, iteration: 29000, test_MSE: 8.42737506445701e-08, test_RMSE: 0.00029029941550848856, erank: 4.951744556427002, s1: 53.56214904785156, s5: 36.51289367675781

