depth: 3, iteration: 0, test_MSE: 1.0109140872955322, test_RMSE: 1.0054422346885634, erank: 57.05797576904297, s1: 0.0028013507835566998, s5: 0.00238913856446743

depth: 3, iteration: 1000, test_MSE: 0.0014801734359934926, test_RMSE: 0.038473022184298086, erank: 5.222834587097168, s1: 53.90017318725586, s5: 35.99265670776367

depth: 3, iteration: 2000, test_MSE: 9.45627034525387e-05, test_RMSE: 0.009724335630393405, erank: 4.9634480476379395, s1: 53.8577995300293, s5: 36.2662353515625

depth: 3, iteration: 3000, test_MSE: 8.92924508661963e-05, test_RMSE: 0.009449468284839963, erank: 4.947474956512451, s1: 53.848533630371094, s5: 36.27942657470703

depth: 3, iteration: 4000, test_MSE: 8.553800580557436e-05, test_RMSE: 0.009248675894719977, erank: 4.946466445922852, s1: 53.84223556518555, s5: 36.28432083129883

depth: 3, iteration: 5000, test_MSE: 8.114429510897025e-05, test_RMSE: 0.00900801282797545, erank: 4.9465765953063965, s1: 53.834903717041016, s5: 36.290283203125

depth: 3, iteration: 6000, test_MSE: 7.623061537742615e-05, test_RMSE: 0.008731014567473024, erank: 4.946761608123779, s1: 53.82868957519531, s5: 36.29730987548828

depth: 3, iteration: 7000, test_MSE: 7.026592356851324e-05, test_RMSE: 0.008382477173754382, erank: 4.946972370147705, s1: 53.81098937988281, s5: 36.30412673950195

depth: 3, iteration: 8000, test_MSE: 6.739245873177424e-05, test_RMSE: 0.008209291000553839, erank: 4.946991443634033, s1: 53.7839241027832, s5: 36.31470489501953

depth: 3, iteration: 9000, test_MSE: 6.31205621175468e-05, test_RMSE: 0.007944845002738996, erank: 4.946804046630859, s1: 53.82809829711914, s5: 36.3169059753418

depth: 3, iteration: 10000, test_MSE: 5.173932731850073e-05, test_RMSE: 0.007193005444075566, erank: 4.9473137855529785, s1: 53.76218795776367, s5: 36.33610534667969

depth: 3, iteration: 11000, test_MSE: 4.585811257129535e-05, test_RMSE: 0.0067718618245867475, erank: 4.947376728057861, s1: 53.77149963378906, s5: 36.34333801269531

depth: 3, iteration: 12000, test_MSE: 3.907386417267844e-05, test_RMSE: 0.006250909067701948, erank: 4.947566986083984, s1: 53.75056076049805, s5: 36.35734939575195

depth: 3, iteration: 13000, test_MSE: 3.3037224056897685e-05, test_RMSE: 0.0057478016716739355, erank: 4.947773456573486, s1: 53.73085021972656, s5: 36.37403869628906

depth: 3, iteration: 14000, test_MSE: 2.7332574973115698e-05, test_RMSE: 0.0052280565196940725, erank: 4.948398590087891, s1: 53.61017608642578, s5: 36.3952522277832

depth: 3, iteration: 15000, test_MSE: 2.2932616047910415e-05, test_RMSE: 0.004788801107574882, erank: 4.94808292388916, s1: 53.7074089050293, s5: 36.40253829956055

depth: 3, iteration: 16000, test_MSE: 1.817627708078362e-05, test_RMSE: 0.00426336452590951, erank: 4.94812536239624, s1: 53.68523025512695, s5: 36.40534973144531

depth: 3, iteration: 17000, test_MSE: 1.715205689833965e-05, test_RMSE: 0.004141504183064367, erank: 4.947971343994141, s1: 53.752750396728516, s5: 36.41348648071289

depth: 3, iteration: 18000, test_MSE: 1.12944526335923e-05, test_RMSE: 0.0033607220405133626, erank: 4.9483418464660645, s1: 53.68974304199219, s5: 36.432064056396484

depth: 3, iteration: 19000, test_MSE: 8.357746082765516e-06, test_RMSE: 0.0028909766658977926, erank: 4.9485182762146, s1: 53.65471649169922, s5: 36.4434700012207

depth: 3, iteration: 20000, test_MSE: 6.53779261483578e-06, test_RMSE: 0.002556910756134398, erank: 4.948579788208008, s1: 53.64537811279297, s5: 36.451290130615234

depth: 3, iteration: 21000, test_MSE: 4.977848675480345e-06, test_RMSE: 0.0022311092925897526, erank: 4.949286460876465, s1: 53.53449630737305, s5: 36.46702575683594

depth: 3, iteration: 22000, test_MSE: 2.5998922410508385e-06, test_RMSE: 0.0016124181346818319, erank: 4.949037551879883, s1: 53.59038162231445, s5: 36.480018615722656

depth: 3, iteration: 23000, test_MSE: 3.544420223988709e-06, test_RMSE: 0.0018826630670379415, erank: 4.949207305908203, s1: 53.543495178222656, s5: 36.47576141357422

depth: 3, iteration: 24000, test_MSE: 1.3493947790266247e-06, test_RMSE: 0.0011616345290265027, erank: 4.949437618255615, s1: 53.54813003540039, s5: 36.49581527709961

depth: 3, iteration: 25000, test_MSE: 1.8729479052126408e-06, test_RMSE: 0.0013685568695573599, erank: 4.9496965408325195, s1: 53.50343704223633, s5: 36.501129150390625

depth: 3, iteration: 26000, test_MSE: 7.305187637030031e-07, test_RMSE: 0.0008547039041112443, erank: 4.949264049530029, s1: 53.601314544677734, s5: 36.49890899658203

depth: 3, iteration: 27000, test_MSE: 1.0339839491280145e-06, test_RMSE: 0.0010168500130933837, erank: 4.949235439300537, s1: 53.58848190307617, s5: 36.503292083740234

depth: 3, iteration: 28000, test_MSE: 1.0079529744189131e-07, test_RMSE: 0.00031748275140846833, erank: 4.949368953704834, s1: 53.5585823059082, s5: 36.50654983520508

depth: 3, iteration: 29000, test_MSE: 5.328659540282388e-07, test_RMSE: 0.0007299766804687933, erank: 4.949404716491699, s1: 53.585086822509766, s5: 36.51703643798828