depth: 4, iteration: 0, test_MSE: 1.0109140872955322, test_RMSE: 1.0054422346885634, erank: 49.46615982055664, s1: 0.00324996467679739, s5: 0.002395760966464877

depth: 4, iteration: 1000, test_MSE: 0.00013229488104116172, test_RMSE: 0.011501951184088798, erank: 5.0029497146606445, s1: 53.85984802246094, s5: 36.197349548339844

depth: 4, iteration: 2000, test_MSE: 9.503831824986264e-05, test_RMSE: 0.009748759831376637, erank: 4.96108865737915, s1: 53.853939056396484, s5: 36.26554870605469

depth: 4, iteration: 3000, test_MSE: 8.960648119682446e-05, test_RMSE: 0.009466069997460639, erank: 4.949808597564697, s1: 53.84848403930664, s5: 36.27842712402344

depth: 4, iteration: 4000, test_MSE: 8.566302858525887e-05, test_RMSE: 0.00925543238240434, erank: 4.947183132171631, s1: 53.842140197753906, s5: 36.28410339355469

depth: 4, iteration: 5000, test_MSE: 8.103183063212782e-05, test_RMSE: 0.009001768194756395, erank: 4.946584224700928, s1: 53.8338737487793, s5: 36.29036331176758

depth: 4, iteration: 6000, test_MSE: 7.072976586641744e-05, test_RMSE: 0.008410099040226425, erank: 4.9468560218811035, s1: 53.807472229003906, s5: 36.29461669921875

depth: 4, iteration: 7000, test_MSE: 6.933377881068736e-05, test_RMSE: 0.008326690747871412, erank: 4.946531772613525, s1: 53.823123931884766, s5: 36.30302047729492

depth: 4, iteration: 8000, test_MSE: 6.158833275549114e-05, test_RMSE: 0.00784782344064207, erank: 4.946987628936768, s1: 53.77751922607422, s5: 36.311683654785156

depth: 4, iteration: 9000, test_MSE: 6.987599044805393e-05, test_RMSE: 0.008359185991952442, erank: 4.946221828460693, s1: 53.92226028442383, s5: 36.32479476928711

depth: 4, iteration: 10000, test_MSE: 5.363700620364398e-05, test_RMSE: 0.007323728982126795, erank: 4.946805000305176, s1: 53.77098846435547, s5: 36.327125549316406

depth: 4, iteration: 11000, test_MSE: 4.2984851461369544e-05, test_RMSE: 0.006556283357312247, erank: 4.947415351867676, s1: 53.71111297607422, s5: 36.3515625

depth: 4, iteration: 12000, test_MSE: 4.058801641804166e-05, test_RMSE: 0.006370872500532534, erank: 4.947597503662109, s1: 53.715938568115234, s5: 36.36137771606445

depth: 4, iteration: 13000, test_MSE: 3.3067310141632333e-05, test_RMSE: 0.00575041825797327, erank: 4.947473049163818, s1: 53.738746643066406, s5: 36.37086486816406

depth: 4, iteration: 14000, test_MSE: 2.7513993700267747e-05, test_RMSE: 0.005245378318126133, erank: 4.947618007659912, s1: 53.71336364746094, s5: 36.37872314453125

depth: 4, iteration: 15000, test_MSE: 2.8601330996025354e-05, test_RMSE: 0.005348021222473351, erank: 4.947340965270996, s1: 53.779937744140625, s5: 36.384803771972656

depth: 4, iteration: 16000, test_MSE: 1.780807360773906e-05, test_RMSE: 0.004219961327753971, erank: 4.948044300079346, s1: 53.69100570678711, s5: 36.4139518737793

depth: 4, iteration: 17000, test_MSE: 1.671533755143173e-05, test_RMSE: 0.0040884395007669775, erank: 4.948074817657471, s1: 53.656978607177734, s5: 36.42375183105469

depth: 4, iteration: 18000, test_MSE: 1.058737234416185e-05, test_RMSE: 0.0032538242644866134, erank: 4.94842529296875, s1: 53.61982345581055, s5: 36.436012268066406

depth: 4, iteration: 19000, test_MSE: 7.521847237512702e-06, test_RMSE: 0.00274259862858434, erank: 4.9485321044921875, s1: 53.63364028930664, s5: 36.44716262817383

depth: 4, iteration: 20000, test_MSE: 6.043615940143354e-06, test_RMSE: 0.0024583766880084414, erank: 4.948818683624268, s1: 53.5695915222168, s5: 36.45327377319336

depth: 4, iteration: 21000, test_MSE: 3.999567979917629e-06, test_RMSE: 0.0019998919920629784, erank: 4.948813438415527, s1: 53.62879943847656, s5: 36.463375091552734

depth: 4, iteration: 22000, test_MSE: 5.637365575239528e-06, test_RMSE: 0.00237431370615585, erank: 4.949141025543213, s1: 53.51219940185547, s5: 36.49337387084961

depth: 4, iteration: 23000, test_MSE: 1.081843402062077e-05, test_RMSE: 0.0032891387961928227, erank: 4.949833869934082, s1: 53.515838623046875, s5: 36.47859191894531

depth: 4, iteration: 24000, test_MSE: 2.1964158349874197e-06, test_RMSE: 0.0014820309831401703, erank: 4.948974132537842, s1: 53.61080551147461, s5: 36.492774963378906

depth: 4, iteration: 25000, test_MSE: 7.494188025702897e-07, test_RMSE: 0.0008656897842589398, erank: 4.949314117431641, s1: 53.54603958129883, s5: 36.50428771972656

depth: 4, iteration: 26000, test_MSE: 2.0005957139801467e-06, test_RMSE: 0.0014144241633895212, erank: 4.949148654937744, s1: 53.57380676269531, s5: 36.5025634765625

depth: 4, iteration: 27000, test_MSE: 1.2773454045600374e-06, test_RMSE: 0.0011301970644803665, erank: 4.9496917724609375, s1: 53.50802993774414, s5: 36.50993347167969

depth: 4, iteration: 28000, test_MSE: 2.4518606096535223e-06, test_RMSE: 0.0015658418214026353, erank: 4.949446201324463, s1: 53.53774642944336, s5: 36.497501373291016

depth: 4, iteration: 29000, test_MSE: 1.012681764223089e-06, test_RMSE: 0.001006320905190332, erank: 4.949363708496094, s1: 53.600128173828125, s5: 36.503841400146484