depth: 5, iteration: 0, test_MSE: 1.010910987854004, test_RMSE: 1.005440693354911, erank: 44.68060302734375, s1: 0.003583217039704323, s5: 0.0023116213269531727

depth: 5, iteration: 1000, test_MSE: 1.6081615967777907e-06, test_RMSE: 0.0012681331147706028, erank: 4.989654541015625, s1: 53.546390533447266, s5: 36.48918533325195

depth: 5, iteration: 2000, test_MSE: 1.322152797911258e-06, test_RMSE: 0.001149849032660922, erank: 4.988149166107178, s1: 53.54653549194336, s5: 36.491458892822266

depth: 5, iteration: 3000, test_MSE: 1.0813753306138096e-06, test_RMSE: 0.0010398919802622818, erank: 4.985948085784912, s1: 53.54751968383789, s5: 36.493194580078125

depth: 5, iteration: 4000, test_MSE: 3.261536903664819e-06, test_RMSE: 0.001805972564482866, erank: 4.9839582443237305, s1: 53.422401428222656, s5: 36.501216888427734

depth: 5, iteration: 5000, test_MSE: 2.4707567717996426e-05, test_RMSE: 0.004970670751316811, erank: 4.982623100280762, s1: 53.14068603515625, s5: 36.50726318359375

depth: 5, iteration: 6000, test_MSE: 2.4916291749832453e-06, test_RMSE: 0.0015784895232415213, erank: 4.978642463684082, s1: 53.63552474975586, s5: 36.485382080078125

depth: 5, iteration: 7000, test_MSE: 3.0212413548724726e-06, test_RMSE: 0.0017381718427337592, erank: 4.977413654327393, s1: 53.58865737915039, s5: 36.50700759887695

depth: 5, iteration: 8000, test_MSE: 1.9182511096005328e-05, test_RMSE: 0.0043797843663821315, erank: 4.976297378540039, s1: 53.58772659301758, s5: 36.484046936035156

depth: 5, iteration: 9000, test_MSE: 8.808068741927855e-06, test_RMSE: 0.0029678390694119275, erank: 4.975288391113281, s1: 53.382328033447266, s5: 36.484222412109375

depth: 5, iteration: 10000, test_MSE: 9.129661521001253e-06, test_RMSE: 0.0030215329753291217, erank: 4.972951889038086, s1: 53.744510650634766, s5: 36.49736404418945

depth: 5, iteration: 11000, test_MSE: 1.7378949905832997e-06, test_RMSE: 0.0013182924526004463, erank: 4.972883701324463, s1: 53.5419921875, s5: 36.5064582824707

depth: 5, iteration: 12000, test_MSE: 1.1141711411255528e-06, test_RMSE: 0.001055543055079021, erank: 4.972254276275635, s1: 53.51325988769531, s5: 36.49559783935547

depth: 5, iteration: 13000, test_MSE: 6.274709107856324e-07, test_RMSE: 0.0007921306147256476, erank: 4.971117973327637, s1: 53.591819763183594, s5: 36.499969482421875

depth: 5, iteration: 14000, test_MSE: 2.029536290137912e-06, test_RMSE: 0.0014246179453235566, erank: 4.970691680908203, s1: 53.56564712524414, s5: 36.50519561767578

depth: 5, iteration: 15000, test_MSE: 6.405356543837115e-06, test_RMSE: 0.0025308805866411624, erank: 4.969575881958008, s1: 53.673744201660156, s5: 36.515464782714844

depth: 5, iteration: 16000, test_MSE: 3.94521748603438e-06, test_RMSE: 0.0019862571550618466, erank: 4.969095230102539, s1: 53.55673599243164, s5: 36.49542999267578

depth: 5, iteration: 17000, test_MSE: 1.7356689568259753e-05, test_RMSE: 0.00416613604773773, erank: 4.966930866241455, s1: 53.9277229309082, s5: 36.468990325927734

depth: 5, iteration: 18000, test_MSE: 1.2248842722328845e-05, test_RMSE: 0.0034998346707135817, erank: 4.968106746673584, s1: 53.5894775390625, s5: 36.525360107421875

depth: 5, iteration: 19000, test_MSE: 8.339169653481804e-06, test_RMSE: 0.002887762049318088, erank: 4.967147350311279, s1: 53.70741653442383, s5: 36.52223205566406

depth: 5, iteration: 20000, test_MSE: 3.688043216243386e-05, test_RMSE: 0.006072926161450826, erank: 4.9678826332092285, s1: 53.39161682128906, s5: 36.539581298828125

depth: 5, iteration: 21000, test_MSE: 2.2729918782715686e-05, test_RMSE: 0.0047675904587868795, erank: 4.967798709869385, s1: 53.234718322753906, s5: 36.511375427246094

depth: 5, iteration: 22000, test_MSE: 7.139414606172068e-07, test_RMSE: 0.0008449505669666166, erank: 4.966226100921631, s1: 53.534584045410156, s5: 36.49652862548828

depth: 5, iteration: 23000, test_MSE: 4.647948571800953e-06, test_RMSE: 0.0021559101492875238, erank: 4.965980052947998, s1: 53.435638427734375, s5: 36.49928665161133

depth: 5, iteration: 24000, test_MSE: 6.089722319302382e-06, test_RMSE: 0.002467736274260761, erank: 4.9654693603515625, s1: 53.51544189453125, s5: 36.50048828125

depth: 5, iteration: 25000, test_MSE: 1.446878172828292e-06, test_RMSE: 0.0012028624912384174, erank: 4.964639186859131, s1: 53.61368179321289, s5: 36.49547576904297

depth: 5, iteration: 26000, test_MSE: 1.133222895077779e-06, test_RMSE: 0.001064529424242364, erank: 4.964838027954102, s1: 53.538673400878906, s5: 36.50899124145508

depth: 5, iteration: 27000, test_MSE: 6.380671948136296e-06, test_RMSE: 0.002525999197968261, erank: 4.964728832244873, s1: 53.468017578125, s5: 36.512325286865234

depth: 5, iteration: 28000, test_MSE: 1.7651128700890695e-06, test_RMSE: 0.0013285755040979303, erank: 4.963954448699951, s1: 53.5153694152832, s5: 36.491416931152344

depth: 5, iteration: 29000, test_MSE: 3.965800715377554e-06, test_RMSE: 0.0019914318254405684, erank: 4.963021755218506, s1: 53.66314697265625, s5: 36.50341033935547

