depth: 2, iteration: 0, test_MSE: 1.0109117031097412, test_RMSE: 1.0054410490475019, erank: 66.73628997802734, s1: 0.0026257652789354324, s5: 0.002133142203092575

depth: 2, iteration: 1000, test_MSE: 0.3778369724750519, test_RMSE: 0.6146844495145878, erank: 25.486591339111328, s1: 35.97184753417969, s5: 19.735624313354492

depth: 2, iteration: 2000, test_MSE: 0.3755301833152771, test_RMSE: 0.6128051756596684, erank: 25.315793991088867, s1: 36.05415725708008, s5: 19.781936645507812

depth: 2, iteration: 3000, test_MSE: 0.3714994490146637, test_RMSE: 0.60950754631478, erank: 25.019392013549805, s1: 36.198699951171875, s5: 19.86373519897461

depth: 2, iteration: 4000, test_MSE: 0.36494654417037964, test_RMSE: 0.604108056700438, erank: 24.54399299621582, s1: 36.43496322631836, s5: 19.99886131286621

depth: 2, iteration: 5000, test_MSE: 0.35469338297843933, test_RMSE: 0.595561401518298, erank: 23.81479263305664, s1: 36.809120178222656, s5: 20.216537475585938

depth: 2, iteration: 6000, test_MSE: 0.33919039368629456, test_RMSE: 0.5824005440298752, erank: 22.745954513549805, s1: 37.38236999511719, s5: 20.559572219848633

depth: 2, iteration: 7000, test_MSE: 0.316677063703537, test_RMSE: 0.5627406718049949, erank: 21.25879669189453, s1: 38.22852325439453, s5: 21.086885452270508

depth: 2, iteration: 8000, test_MSE: 0.28567755222320557, test_RMSE: 0.5344881216857916, erank: 19.334529876708984, s1: 39.41816711425781, s5: 21.873531341552734

depth: 2, iteration: 9000, test_MSE: 0.24576500058174133, test_RMSE: 0.4957469118226974, erank: 17.03253746032715, s1: 40.977691650390625, s5: 23.002634048461914

depth: 2, iteration: 10000, test_MSE: 0.19998694956302643, test_RMSE: 0.44719900442982474, erank: 14.634651184082031, s1: 42.77217102050781, s5: 24.450881958007812

depth: 2, iteration: 11000, test_MSE: 0.1554247885942459, test_RMSE: 0.39423950663809165, erank: 12.531218528747559, s1: 44.500972747802734, s5: 26.002573013305664

depth: 2, iteration: 12000, test_MSE: 0.11753585189580917, test_RMSE: 0.3428350213963112, erank: 10.895956993103027, s1: 45.96952438354492, s5: 27.457904815673828

depth: 2, iteration: 13000, test_MSE: 0.08830275386571884, test_RMSE: 0.2971577928739525, erank: 9.697134017944336, s1: 47.15516662597656, s5: 28.73682975769043

depth: 2, iteration: 14000, test_MSE: 0.06684023141860962, test_RMSE: 0.25853477796731644, erank: 8.818367004394531, s1: 48.0841178894043, s5: 29.80994987487793

depth: 2, iteration: 15000, test_MSE: 0.05123663693666458, test_RMSE: 0.2263551124597467, erank: 8.162467002868652, s1: 48.88490676879883, s5: 30.705984115600586

depth: 2, iteration: 16000, test_MSE: 0.0399332270026207, test_RMSE: 0.19983299778219987, erank: 7.668003082275391, s1: 49.519596099853516, s5: 31.44468116760254

depth: 2, iteration: 17000, test_MSE: 0.03173073008656502, test_RMSE: 0.17813121592400646, erank: 7.290958404541016, s1: 50.02047348022461, s5: 32.04487609863281

depth: 2, iteration: 18000, test_MSE: 0.025754833593964577, test_RMSE: 0.16048312557388886, erank: 7.0015363693237305, s1: 50.44765853881836, s5: 32.53004455566406

depth: 2, iteration: 19000, test_MSE: 0.02135741524398327, test_RMSE: 0.14614176420169311, erank: 6.7772216796875, s1: 50.785133361816406, s5: 32.91807174682617

depth: 2, iteration: 20000, test_MSE: 0.018130917102098465, test_RMSE: 0.13465109395061914, erank: 6.604495525360107, s1: 51.051490783691406, s5: 33.233787536621094

depth: 2, iteration: 21000, test_MSE: 0.015765270218253136, test_RMSE: 0.12555982724682738, erank: 6.472530364990234, s1: 51.25578689575195, s5: 33.48198318481445

depth: 2, iteration: 22000, test_MSE: 0.014037341810762882, test_RMSE: 0.11847928853079294, erank: 6.37160587310791, s1: 51.40986633300781, s5: 33.672996520996094

depth: 2, iteration: 23000, test_MSE: 0.01278654858469963, test_RMSE: 0.11307762194483766, erank: 6.296467304229736, s1: 51.550071716308594, s5: 33.82147216796875

depth: 2, iteration: 24000, test_MSE: 0.011904727667570114, test_RMSE: 0.10910878822336043, erank: 6.242080211639404, s1: 51.633209228515625, s5: 33.93048858642578

depth: 2, iteration: 25000, test_MSE: 0.011318599805235863, test_RMSE: 0.1063889082810603, erank: 6.2046942710876465, s1: 51.679931640625, s5: 34.00387954711914

depth: 2, iteration: 26000, test_MSE: 0.010949809104204178, test_RMSE: 0.10464133554291143, erank: 6.180741786956787, s1: 51.692413330078125, s5: 34.051109313964844

depth: 2, iteration: 27000, test_MSE: 0.010730459354817867, test_RMSE: 0.10358793054607215, erank: 6.166143417358398, s1: 51.754234313964844, s5: 34.07548141479492

depth: 2, iteration: 28000, test_MSE: 0.010644810274243355, test_RMSE: 0.10317368983536139, erank: 6.159792900085449, s1: 51.75114059448242, s5: 34.08805465698242

depth: 2, iteration: 29000, test_MSE: 0.010634567588567734, test_RMSE: 0.10312403981888867, erank: 6.160036087036133, s1: 51.73858642578125, s5: 34.09141159057617

