depth: 4, iteration: 0, test_MSE: 1.0109140872955322, test_RMSE: 1.0054422346885634, erank: 49.46615982055664, s1: 0.00324996467679739, s5: 0.002395760966464877

depth: 4, iteration: 1000, test_MSE: 82.8604507446289, test_RMSE: 9.102771596861524, erank: 2.000293493270874, s1: 820.10546875, s5: 33.630794525146484

depth: 4, iteration: 2000, test_MSE: 1983.751953125, test_RMSE: 44.539330407236704, erank: 1.2627925872802734, s1: 3985.85888671875, s5: 35.797306060791016

depth: 4, iteration: 3000, test_MSE: 3993.678955078125, test_RMSE: 63.195561197588276, erank: 1.2014613151550293, s1: 5654.04736328125, s5: 36.004024505615234

depth: 4, iteration: 4000, test_MSE: 5795.6494140625, test_RMSE: 76.12916270433098, erank: 1.171612024307251, s1: 6810.85986328125, s5: 35.98027420043945

depth: 4, iteration: 5000, test_MSE: 7414.076171875, test_RMSE: 86.10502988719648, erank: 1.1542065143585205, s1: 7703.0341796875, s5: 35.984371185302734

depth: 4, iteration: 6000, test_MSE: 8923.0400390625, test_RMSE: 94.46184435560477, erank: 1.1423407793045044, s1: 8450.5185546875, s5: 36.006534576416016

depth: 4, iteration: 7000, test_MSE: 9903.38671875, test_RMSE: 99.51576115746691, erank: 1.136081576347351, s1: 8902.3564453125, s5: 36.01375961303711

depth: 4, iteration: 8000, test_MSE: 10551.8828125, test_RMSE: 102.72235789982626, erank: 1.1324470043182373, s1: 9189.244140625, s5: 36.021942138671875

depth: 4, iteration: 9000, test_MSE: 11462.375, test_RMSE: 107.06248175714964, erank: 1.127843976020813, s1: 9577.4638671875, s5: 36.03912353515625

depth: 4, iteration: 10000, test_MSE: 11994.1669921875, test_RMSE: 109.5178843485734, erank: 1.1253994703292847, s1: 9797.0732421875, s5: 36.03267288208008

depth: 4, iteration: 11000, test_MSE: 12754.7490234375, test_RMSE: 112.9369249777835, erank: 1.1222059726715088, s1: 10102.9404296875, s5: 36.04680252075195

depth: 4, iteration: 12000, test_MSE: 13032.552734375, test_RMSE: 114.16020643978794, erank: 1.1211153268814087, s1: 10212.1875, s5: 36.037376403808594

depth: 4, iteration: 13000, test_MSE: 13578.9677734375, test_RMSE: 116.5288280788814, erank: 1.1190317869186401, s1: 10424.1689453125, s5: 36.045143127441406

depth: 4, iteration: 14000, test_MSE: 14066.3046875, test_RMSE: 118.60145314244679, erank: 1.1173015832901, s1: 10609.544921875, s5: 36.04467010498047

depth: 4, iteration: 15000, test_MSE: 14434.505859375, test_RMSE: 120.14368838759279, erank: 1.1160805225372314, s1: 10747.484375, s5: 36.052154541015625

depth: 4, iteration: 16000, test_MSE: 14819.8486328125, test_RMSE: 121.73680065129237, erank: 1.1148192882537842, s1: 10889.9130859375, s5: 36.05342483520508

depth: 4, iteration: 17000, test_MSE: 15021.40234375, test_RMSE: 122.56183069679565, erank: 1.114208698272705, s1: 10963.646484375, s5: 36.05392837524414

depth: 4, iteration: 18000, test_MSE: 15213.93359375, test_RMSE: 123.34477529976695, erank: 1.113678216934204, s1: 11033.7802734375, s5: 36.04605484008789

depth: 4, iteration: 19000, test_MSE: 15301.05859375, test_RMSE: 123.69744780612896, erank: 1.1134289503097534, s1: 11065.306640625, s5: 36.03789138793945

depth: 4, iteration: 20000, test_MSE: 15827.1376953125, test_RMSE: 125.80595254324217, erank: 1.1118687391281128, s1: 11253.9228515625, s5: 36.04766082763672

depth: 4, iteration: 21000, test_MSE: 16359.7216796875, test_RMSE: 127.90512765205115, erank: 1.1103308200836182, s1: 11441.583984375, s5: 36.05231475830078

depth: 4, iteration: 22000, test_MSE: 16427.232421875, test_RMSE: 128.16876539108506, erank: 1.1101477146148682, s1: 11465.2373046875, s5: 36.01629638671875

depth: 4, iteration: 23000, test_MSE: 16682.47265625, test_RMSE: 129.16064670111405, erank: 1.1095118522644043, s1: 11553.9560546875, s5: 36.044342041015625

depth: 4, iteration: 24000, test_MSE: 17045.947265625, test_RMSE: 130.56012892772816, erank: 1.108553171157837, s1: 11679.0810546875, s5: 36.04482650756836

depth: 4, iteration: 25000, test_MSE: 17197.076171875, test_RMSE: 131.1376230220565, erank: 1.1082074642181396, s1: 11730.76953125, s5: 36.053462982177734

depth: 4, iteration: 26000, test_MSE: 17597.3125, test_RMSE: 132.6548623307868, erank: 1.1071516275405884, s1: 11866.34765625, s5: 36.05021286010742

depth: 4, iteration: 27000, test_MSE: 17985.48828125, test_RMSE: 134.1099857626195, erank: 1.1062039136886597, s1: 11996.5537109375, s5: 36.037593841552734

depth: 4, iteration: 28000, test_MSE: 18132.751953125, test_RMSE: 134.65790713183165, erank: 1.1058955192565918, s1: 12045.4111328125, s5: 36.050052642822266

depth: 4, iteration: 29000, test_MSE: 18390.62109375, test_RMSE: 135.61202414885636, erank: 1.1052711009979248, s1: 12130.98046875, s5: 36.00336837768555

