depth: 1, iteration: 0, test_MSE: 1.0109524726867676, test_RMSE: 1.0054613233171963, erank: 80.53600311279297, s1: 0.020121542736887932, s5: 0.017767420038580894

depth: 1, iteration: 1000, test_MSE: 0.9843137860298157, test_RMSE: 0.9921258922283077, erank: 64.17633056640625, s1: 7.684707164764404, s5: 5.761090278625488

depth: 1, iteration: 2000, test_MSE: 0.9613606333732605, test_RMSE: 0.9804899965697051, erank: 59.38714599609375, s1: 11.47546672821045, s5: 8.556964874267578

depth: 1, iteration: 3000, test_MSE: 0.9313035011291504, test_RMSE: 0.9650406733030222, erank: 53.611576080322266, s1: 13.795340538024902, s5: 10.135241508483887

depth: 1, iteration: 4000, test_MSE: 0.8899176716804504, test_RMSE: 0.9433544782744451, erank: 46.99781036376953, s1: 15.846288681030273, s5: 11.369241714477539

depth: 1, iteration: 5000, test_MSE: 0.8332077860832214, test_RMSE: 0.9128021615241834, erank: 40.45063400268555, s1: 18.184959411621094, s5: 12.662993431091309

depth: 1, iteration: 6000, test_MSE: 0.756616473197937, test_RMSE: 0.8698370382996674, erank: 33.8192024230957, s1: 21.131132125854492, s5: 14.195745468139648

depth: 1, iteration: 7000, test_MSE: 0.659122109413147, test_RMSE: 0.8118633563680202, erank: 27.500329971313477, s1: 24.96512222290039, s5: 16.046913146972656

depth: 1, iteration: 8000, test_MSE: 0.54176926612854, test_RMSE: 0.7360497715022674, erank: 21.89832878112793, s1: 29.58396339416504, s5: 18.259235382080078

depth: 1, iteration: 9000, test_MSE: 0.41421011090278625, test_RMSE: 0.6435915714976279, erank: 17.107967376708984, s1: 34.46564483642578, s5: 20.76932144165039

depth: 1, iteration: 10000, test_MSE: 0.28894925117492676, test_RMSE: 0.5375399996046124, erank: 13.446700096130371, s1: 39.12442398071289, s5: 23.581937789916992

depth: 1, iteration: 11000, test_MSE: 0.17847807705402374, test_RMSE: 0.4224666579199165, erank: 10.684093475341797, s1: 43.37763214111328, s5: 26.710248947143555

depth: 1, iteration: 12000, test_MSE: 0.09284672886133194, test_RMSE: 0.304707612083013, erank: 8.49057388305664, s1: 47.210269927978516, s5: 30.02855682373047

depth: 1, iteration: 13000, test_MSE: 0.038133569061756134, test_RMSE: 0.19527818378343273, erank: 6.799968242645264, s1: 50.441471099853516, s5: 33.07103729248047

depth: 1, iteration: 14000, test_MSE: 0.011159173212945461, test_RMSE: 0.10563698790170734, erank: 5.676156520843506, s1: 52.63662338256836, s5: 35.17930603027344

depth: 1, iteration: 15000, test_MSE: 0.002074932213872671, test_RMSE: 0.04555142384023436, erank: 5.107370376586914, s1: 53.50815200805664, s5: 36.23289108276367

depth: 1, iteration: 16000, test_MSE: 6.60126461298205e-05, test_RMSE: 0.00812481668284402, erank: 4.991827964782715, s1: 53.57899475097656, s5: 36.48571014404297

depth: 1, iteration: 17000, test_MSE: 2.8705952104246535e-07, test_RMSE: 0.0005357793585446021, erank: 4.9744133949279785, s1: 53.57280349731445, s5: 36.500606536865234

depth: 1, iteration: 18000, test_MSE: 2.3165570439687144e-07, test_RMSE: 0.00048130624803431696, erank: 4.973142623901367, s1: 53.57097244262695, s5: 36.5020751953125

depth: 1, iteration: 19000, test_MSE: 1.8743743623872433e-07, test_RMSE: 0.0004329404534560432, erank: 4.973071098327637, s1: 53.569793701171875, s5: 36.50298309326172

depth: 1, iteration: 20000, test_MSE: 1.4872861697767803e-07, test_RMSE: 0.00038565349340784926, erank: 4.972177028656006, s1: 53.568359375, s5: 36.50459289550781

depth: 1, iteration: 21000, test_MSE: 1.1662861965078264e-07, test_RMSE: 0.00034150932586209505, erank: 4.971614360809326, s1: 53.566707611083984, s5: 36.50542449951172

depth: 1, iteration: 22000, test_MSE: 8.72435208520983e-08, test_RMSE: 0.00029537014211341385, erank: 4.970345497131348, s1: 53.56532287597656, s5: 36.506492614746094

depth: 1, iteration: 23000, test_MSE: 6.361573667845732e-08, test_RMSE: 0.0002522216023231502, erank: 4.969199180603027, s1: 53.563724517822266, s5: 36.50778579711914

depth: 1, iteration: 24000, test_MSE: 4.4282614908297546e-08, test_RMSE: 0.00021043434821411058, erank: 4.967681884765625, s1: 53.56263732910156, s5: 36.50892639160156

depth: 1, iteration: 25000, test_MSE: 3.0032541786795264e-08, test_RMSE: 0.00017329899534271762, erank: 4.965757846832275, s1: 53.5613899230957, s5: 36.50978469848633

depth: 1, iteration: 26000, test_MSE: 1.797322468632956e-08, test_RMSE: 0.00013406425581164266, erank: 4.963105201721191, s1: 53.56028747558594, s5: 36.51074981689453

depth: 1, iteration: 27000, test_MSE: 9.310975990217685e-09, test_RMSE: 9.649339868725572e-05, erank: 4.959962844848633, s1: 53.558998107910156, s5: 36.51138687133789

depth: 1, iteration: 28000, test_MSE: 3.306271922909332e-09, test_RMSE: 5.750019063367818e-05, erank: 4.95633602142334, s1: 53.55831527709961, s5: 36.512237548828125

depth: 1, iteration: 29000, test_MSE: 4.392891050919445e-10, test_RMSE: 2.095922482087409e-05, erank: 4.952266216278076, s1: 53.557369232177734, s5: 36.51295852661133

