depth: 1, iteration: 0, test_MSE: 1.0109524726867676, test_RMSE: 1.0054613233171963, erank: 80.52301788330078, s1: 0.01973901316523552, s5: 0.017823003232479095

depth: 1, iteration: 1000, test_MSE: 0.9865087270736694, test_RMSE: 0.9932314569493202, erank: 65.4253158569336, s1: 7.805086612701416, s5: 5.830443382263184

depth: 1, iteration: 2000, test_MSE: 0.963529109954834, test_RMSE: 0.9815951863955089, erank: 59.937461853027344, s1: 11.485574722290039, s5: 8.507454872131348

depth: 1, iteration: 3000, test_MSE: 0.9332906603813171, test_RMSE: 0.9660696974759726, erank: 53.878475189208984, s1: 13.799129486083984, s5: 10.046590805053711

depth: 1, iteration: 4000, test_MSE: 0.8919311165809631, test_RMSE: 0.9444210483576503, erank: 47.23717498779297, s1: 15.87098217010498, s5: 11.25430965423584

depth: 1, iteration: 5000, test_MSE: 0.8355817794799805, test_RMSE: 0.9141016242628499, erank: 40.64263916015625, s1: 18.229677200317383, s5: 12.512323379516602

depth: 1, iteration: 6000, test_MSE: 0.7599923610687256, test_RMSE: 0.8717754074695647, erank: 34.0265998840332, s1: 21.180490493774414, s5: 13.98027229309082

depth: 1, iteration: 7000, test_MSE: 0.6643048524856567, test_RMSE: 0.8150489877827325, erank: 27.666378021240234, s1: 24.96942901611328, s5: 15.77358627319336

depth: 1, iteration: 8000, test_MSE: 0.5497860312461853, test_RMSE: 0.7414755769721517, erank: 22.101825714111328, s1: 29.505966186523438, s5: 17.935152053833008

depth: 1, iteration: 9000, test_MSE: 0.4257103502750397, test_RMSE: 0.6524648268489571, erank: 17.421606063842773, s1: 34.246517181396484, s5: 20.368860244750977

depth: 1, iteration: 10000, test_MSE: 0.30378010869026184, test_RMSE: 0.5511625066078623, erank: 13.82290267944336, s1: 38.7689208984375, s5: 23.077625274658203

depth: 1, iteration: 11000, test_MSE: 0.1956513524055481, test_RMSE: 0.4423249398412304, erank: 11.10981559753418, s1: 42.86709213256836, s5: 26.059358596801758

depth: 1, iteration: 12000, test_MSE: 0.10996042191982269, test_RMSE: 0.33160280746673826, erank: 8.997039794921875, s1: 46.48604202270508, s5: 29.175439834594727

depth: 1, iteration: 13000, test_MSE: 0.05194946750998497, test_RMSE: 0.22792425827450874, erank: 7.313553810119629, s1: 49.58009719848633, s5: 32.15682601928711

depth: 1, iteration: 14000, test_MSE: 0.019776323810219765, test_RMSE: 0.14062831795275005, erank: 6.118683338165283, s1: 51.86848831176758, s5: 34.41188049316406

depth: 1, iteration: 15000, test_MSE: 0.0057985237799584866, test_RMSE: 0.07614803858247753, erank: 5.360466480255127, s1: 53.20350646972656, s5: 35.79803466796875

depth: 1, iteration: 16000, test_MSE: 0.0013547356938943267, test_RMSE: 0.036806734355200904, erank: 5.055385112762451, s1: 53.5659065246582, s5: 36.374237060546875

depth: 1, iteration: 17000, test_MSE: 9.231038711732253e-05, test_RMSE: 0.00960782946962125, erank: 4.987982273101807, s1: 53.56611633300781, s5: 36.4946403503418

depth: 1, iteration: 18000, test_MSE: 2.7113708611636866e-08, test_RMSE: 0.0001646624080099549, erank: 4.967532157897949, s1: 53.5611457824707, s5: 36.51011657714844

depth: 1, iteration: 19000, test_MSE: 2.2400902466301886e-08, test_RMSE: 0.00014966931036889923, erank: 4.966444492340088, s1: 53.5605354309082, s5: 36.5108528137207

depth: 1, iteration: 20000, test_MSE: 1.9592684807889782e-08, test_RMSE: 0.00013997387187575323, erank: 4.965821266174316, s1: 53.56039810180664, s5: 36.51093673706055

depth: 1, iteration: 21000, test_MSE: 1.6465554253386472e-08, test_RMSE: 0.00012831817584966858, erank: 4.964519500732422, s1: 53.560123443603516, s5: 36.5112190246582

depth: 1, iteration: 22000, test_MSE: 1.3052428471382882e-08, test_RMSE: 0.00011424722522399781, erank: 4.963186740875244, s1: 53.55930709838867, s5: 36.51123046875

depth: 1, iteration: 23000, test_MSE: 1.057569232187916e-08, test_RMSE: 0.00010283818513509056, erank: 4.962052822113037, s1: 53.55923843383789, s5: 36.5116081237793

depth: 1, iteration: 24000, test_MSE: 7.885648578564997e-09, test_RMSE: 8.880117442109083e-05, erank: 4.960721015930176, s1: 53.55889892578125, s5: 36.511844635009766

depth: 1, iteration: 25000, test_MSE: 5.543119296902432e-09, test_RMSE: 7.44521275512153e-05, erank: 4.959010124206543, s1: 53.55879211425781, s5: 36.51215362548828

depth: 1, iteration: 26000, test_MSE: 3.518178193218091e-09, test_RMSE: 5.931423263617335e-05, erank: 4.957213401794434, s1: 53.558128356933594, s5: 36.51252746582031

depth: 1, iteration: 27000, test_MSE: 1.2222388656724092e-09, test_RMSE: 3.496053297180135e-05, erank: 4.954206943511963, s1: 53.55754470825195, s5: 36.51277160644531

depth: 1, iteration: 28000, test_MSE: 4.4500014784176756e-10, test_RMSE: 2.1095026613914655e-05, erank: 4.952250003814697, s1: 53.55746841430664, s5: 36.51308059692383

depth: 1, iteration: 29000, test_MSE: 2.0576278181305696e-10, test_RMSE: 1.4344433826856219e-05, erank: 4.951390743255615, s1: 53.55718231201172, s5: 36.51318359375

