depth: 5, iteration: 0, test_MSE: 1.010910987854004, test_RMSE: 1.005440693354911, erank: 44.68060302734375, s1: 0.003583217039704323, s5: 0.0023116213269531727

depth: 5, iteration: 1000, test_MSE: 97.3006362915039, test_RMSE: 9.864108489443124, erank: 1.977081537246704, s1: 885.1351318359375, s5: 35.91591262817383

depth: 5, iteration: 2000, test_MSE: 263.1329040527344, test_RMSE: 16.22137183017313, erank: 1.6665880680084229, s1: 1453.5518798828125, s5: 35.91979217529297

depth: 5, iteration: 3000, test_MSE: 413.8634033203125, test_RMSE: 20.343632992175035, erank: 1.5476264953613281, s1: 1822.043212890625, s5: 35.978885650634766

depth: 5, iteration: 4000, test_MSE: 447.2680358886719, test_RMSE: 21.148712393161713, erank: 1.5298488140106201, s1: 1893.9771728515625, s5: 36.017616271972656

depth: 5, iteration: 5000, test_MSE: 529.4671630859375, test_RMSE: 23.01015347810478, erank: 1.4928200244903564, s1: 2060.396240234375, s5: 36.03928756713867

depth: 5, iteration: 6000, test_MSE: 570.286865234375, test_RMSE: 23.880679748164102, erank: 1.4773622751235962, s1: 2138.22607421875, s5: 35.96541976928711

depth: 5, iteration: 7000, test_MSE: 630.3068237304688, test_RMSE: 25.10591212703631, erank: 1.4581879377365112, s1: 2247.7509765625, s5: 36.06065368652344

depth: 5, iteration: 8000, test_MSE: 678.0563354492188, test_RMSE: 26.039514885059184, erank: 1.444475531578064, s1: 2331.1953125, s5: 36.09834671020508

depth: 5, iteration: 9000, test_MSE: 681.1683349609375, test_RMSE: 26.099201806969834, erank: 1.4446567296981812, s1: 2336.508056640625, s5: 36.12909698486328

depth: 5, iteration: 10000, test_MSE: 621.9005126953125, test_RMSE: 24.9379332081733, erank: 1.4631984233856201, s1: 2232.675048828125, s5: 36.11255645751953

depth: 5, iteration: 11000, test_MSE: 645.721435546875, test_RMSE: 25.411049477478787, erank: 1.4564231634140015, s1: 2274.96484375, s5: 36.145606994628906

depth: 5, iteration: 12000, test_MSE: 618.0904541015625, test_RMSE: 24.861425021538135, erank: 1.4658989906311035, s1: 2225.778564453125, s5: 36.15903854370117

depth: 5, iteration: 13000, test_MSE: 640.0538940429688, test_RMSE: 25.29928643347414, erank: 1.4596260786056519, s1: 2264.88720703125, s5: 36.19504928588867

depth: 5, iteration: 14000, test_MSE: 644.82666015625, test_RMSE: 25.39343734424802, erank: 1.4585565328598022, s1: 2273.377685546875, s5: 36.150123596191406

depth: 5, iteration: 15000, test_MSE: 621.3792114257812, test_RMSE: 24.92747904273076, erank: 1.466987133026123, s1: 2231.682861328125, s5: 36.19502258300781

depth: 5, iteration: 16000, test_MSE: 574.8221435546875, test_RMSE: 23.9754487664921, erank: 1.484107494354248, s1: 2146.529541015625, s5: 36.202491760253906

depth: 5, iteration: 17000, test_MSE: 570.93115234375, test_RMSE: 23.894165654898895, erank: 1.4860141277313232, s1: 2139.2470703125, s5: 36.213191986083984

depth: 5, iteration: 18000, test_MSE: 543.5280151367188, test_RMSE: 23.313687291733128, erank: 1.4971215724945068, s1: 2087.35888671875, s5: 36.19925308227539

depth: 5, iteration: 19000, test_MSE: 497.47943115234375, test_RMSE: 22.304246930850272, erank: 1.5171912908554077, s1: 1997.091796875, s5: 36.21156692504883

depth: 5, iteration: 20000, test_MSE: 448.6831359863281, test_RMSE: 21.182141912146847, erank: 1.5416357517242432, s1: 1896.76904296875, s5: 36.18482971191406

depth: 5, iteration: 21000, test_MSE: 417.59490966796875, test_RMSE: 20.435139090986603, erank: 1.5594265460968018, s1: 1830.005859375, s5: 36.127986907958984

depth: 5, iteration: 22000, test_MSE: 358.9274597167969, test_RMSE: 18.945380959927853, erank: 1.5996220111846924, s1: 1696.7884521484375, s5: 36.22712707519531

depth: 5, iteration: 23000, test_MSE: 327.933837890625, test_RMSE: 18.108943588476524, erank: 1.624319076538086, s1: 1621.9705810546875, s5: 36.23576354980469

depth: 5, iteration: 24000, test_MSE: 285.4482421875, test_RMSE: 16.89521358809944, erank: 1.6642062664031982, s1: 1513.4864501953125, s5: 36.228355407714844

depth: 5, iteration: 25000, test_MSE: 237.15419006347656, test_RMSE: 15.399811364541987, erank: 1.7211730480194092, s1: 1379.8128662109375, s5: 36.18592834472656

depth: 5, iteration: 26000, test_MSE: 198.75001525878906, test_RMSE: 14.097872721045153, erank: 1.7806885242462158, s1: 1263.430419921875, s5: 36.244930267333984

depth: 5, iteration: 27000, test_MSE: 154.56857299804688, test_RMSE: 12.43256099916855, erank: 1.8729373216629028, s1: 1114.6307373046875, s5: 36.245506286621094

depth: 5, iteration: 28000, test_MSE: 119.37686920166016, test_RMSE: 10.925972231415388, erank: 1.9783062934875488, s1: 980.028076171875, s5: 36.24544906616211

depth: 5, iteration: 29000, test_MSE: 86.27516174316406, test_RMSE: 9.288442374433082, erank: 2.1272473335266113, s1: 833.8104248046875, s5: 36.22916030883789