depth: 5, iteration: 0, test_MSE: 1.010910987854004, test_RMSE: 1.005440693354911, erank: 44.68060302734375, s1: 0.003583217039704323, s5: 0.0023116213269531727

depth: 5, iteration: 1000, test_MSE: 98.98754119873047, test_RMSE: 9.949248273047088, erank: 1.973346471786499, s1: 892.8513793945312, s5: 35.91541290283203

depth: 5, iteration: 2000, test_MSE: 252.38121032714844, test_RMSE: 15.886510325655173, erank: 1.6787629127502441, s1: 1423.63525390625, s5: 35.91580581665039

depth: 5, iteration: 3000, test_MSE: 382.79998779296875, test_RMSE: 19.565275050276416, erank: 1.5663626194000244, s1: 1752.48583984375, s5: 35.964935302734375

depth: 5, iteration: 4000, test_MSE: 467.8599548339844, test_RMSE: 21.630070615557045, erank: 1.5194839239120483, s1: 1937.0107421875, s5: 35.99837875366211

depth: 5, iteration: 5000, test_MSE: 565.4335327148438, test_RMSE: 23.778846328508955, erank: 1.4788986444473267, s1: 2129.09228515625, s5: 36.04535675048828

depth: 5, iteration: 6000, test_MSE: 640.9071655273438, test_RMSE: 25.316144365352, erank: 1.453905463218689, s1: 2266.6435546875, s5: 36.03609085083008

depth: 5, iteration: 7000, test_MSE: 626.1276245117188, test_RMSE: 25.022542327104148, erank: 1.459529995918274, s1: 2240.26123046875, s5: 36.07878494262695

depth: 5, iteration: 8000, test_MSE: 680.4070434570312, test_RMSE: 26.084613155211468, erank: 1.443748116493225, s1: 2335.226806640625, s5: 36.09727478027344

depth: 5, iteration: 9000, test_MSE: 717.667236328125, test_RMSE: 26.789311979372016, erank: 1.434139370918274, s1: 2398.186767578125, s5: 36.103424072265625

depth: 5, iteration: 10000, test_MSE: 755.536865234375, test_RMSE: 27.487030855193783, erank: 1.4250891208648682, s1: 2460.577880859375, s5: 36.099021911621094

depth: 5, iteration: 11000, test_MSE: 741.529541015625, test_RMSE: 27.231040028166845, erank: 1.4294230937957764, s1: 2437.746826171875, s5: 36.121883392333984

depth: 5, iteration: 12000, test_MSE: 866.8894653320312, test_RMSE: 29.442986691774856, erank: 1.401526689529419, s1: 2635.46484375, s5: 36.15055847167969

depth: 5, iteration: 13000, test_MSE: 911.7089233398438, test_RMSE: 30.19451810080505, erank: 1.393041968345642, s1: 2702.608154296875, s5: 36.12091827392578

depth: 5, iteration: 14000, test_MSE: 919.252197265625, test_RMSE: 30.319172107193577, erank: 1.3922902345657349, s1: 2713.74951171875, s5: 36.152435302734375

depth: 5, iteration: 15000, test_MSE: 937.5614013671875, test_RMSE: 30.61962444850014, erank: 1.3890937566757202, s1: 2740.589599609375, s5: 36.137855529785156

depth: 5, iteration: 16000, test_MSE: 1008.2601928710938, test_RMSE: 31.75311312093814, erank: 1.3775196075439453, s1: 2841.96728515625, s5: 36.165279388427734

depth: 5, iteration: 17000, test_MSE: 1036.0367431640625, test_RMSE: 32.187524651082796, erank: 1.3733510971069336, s1: 2880.814208984375, s5: 36.14116668701172

depth: 5, iteration: 18000, test_MSE: 1090.68359375, test_RMSE: 33.025499144600374, erank: 1.365378737449646, s1: 2955.626953125, s5: 36.155357360839844

depth: 5, iteration: 19000, test_MSE: 1101.3515625, test_RMSE: 33.18661721989754, erank: 1.3641116619110107, s1: 2970.175537109375, s5: 36.14881134033203

depth: 5, iteration: 20000, test_MSE: 1162.0802001953125, test_RMSE: 34.08929744355716, erank: 1.3556991815567017, s1: 3050.8251953125, s5: 36.1309700012207

depth: 5, iteration: 21000, test_MSE: 1183.621337890625, test_RMSE: 34.40379830615546, erank: 1.3532993793487549, s1: 3078.9296875, s5: 36.1456413269043

depth: 5, iteration: 22000, test_MSE: 1226.1259765625, test_RMSE: 35.01608168488445, erank: 1.3479326963424683, s1: 3133.606201171875, s5: 36.127784729003906

depth: 5, iteration: 23000, test_MSE: 1241.10546875, test_RMSE: 35.22932682794266, erank: 1.3465300798416138, s1: 3152.75927734375, s5: 36.14670181274414

depth: 5, iteration: 24000, test_MSE: 1271.43896484375, test_RMSE: 35.657242810455074, erank: 1.3430685997009277, s1: 3190.872314453125, s5: 36.118316650390625

depth: 5, iteration: 25000, test_MSE: 1342.2408447265625, test_RMSE: 36.636605256581326, erank: 1.3351317644119263, s1: 3278.576904296875, s5: 36.13725662231445

depth: 5, iteration: 26000, test_MSE: 1339.4056396484375, test_RMSE: 36.59789119127545, erank: 1.3355679512023926, s1: 3275.08935546875, s5: 36.114437103271484

depth: 5, iteration: 27000, test_MSE: 1390.256103515625, test_RMSE: 37.286138222074236, erank: 1.3303734064102173, s1: 3336.60498046875, s5: 36.12520980834961

depth: 5, iteration: 28000, test_MSE: 1414.33984375, test_RMSE: 37.60770989770582, erank: 1.3280454874038696, s1: 3365.35205078125, s5: 36.11102294921875

depth: 5, iteration: 29000, test_MSE: 1400.3421630859375, test_RMSE: 37.42114593496487, erank: 1.3296236991882324, s1: 3348.64794921875, s5: 36.12812423706055

