depth: 1, iteration: 0, test_MSE: 1.0109522342681885, test_RMSE: 1.0054612047554041, erank: 80.75634765625, s1: 0.01949082314968109, s5: 0.017697155475616455

depth: 1, iteration: 1000, test_MSE: 0.9872651100158691, test_RMSE: 0.9936121527114437, erank: 65.61072540283203, s1: 7.768815040588379, s5: 5.820791721343994

depth: 1, iteration: 2000, test_MSE: 0.964790940284729, test_RMSE: 0.9822377208622813, erank: 60.1545295715332, s1: 11.415200233459473, s5: 8.492222785949707

depth: 1, iteration: 3000, test_MSE: 0.9356610178947449, test_RMSE: 0.9672957241168519, erank: 54.22006607055664, s1: 13.67663288116455, s5: 10.017757415771484

depth: 1, iteration: 4000, test_MSE: 0.8963951468467712, test_RMSE: 0.9467814673126905, erank: 47.81687927246094, s1: 15.649053573608398, s5: 11.186586380004883

depth: 1, iteration: 5000, test_MSE: 0.8436301946640015, test_RMSE: 0.9184934374637641, erank: 41.471771240234375, s1: 17.827869415283203, s5: 12.369606971740723

depth: 1, iteration: 6000, test_MSE: 0.7744773030281067, test_RMSE: 0.8800439210790031, erank: 35.10128402709961, s1: 20.462369918823242, s5: 13.720226287841797

depth: 1, iteration: 7000, test_MSE: 0.6890071630477905, test_RMSE: 0.8300645535425486, erank: 29.050395965576172, s1: 23.73790740966797, s5: 15.315827369689941

depth: 1, iteration: 8000, test_MSE: 0.5902009606361389, test_RMSE: 0.7682453778814025, erank: 23.825260162353516, s1: 27.580339431762695, s5: 17.15727996826172

depth: 1, iteration: 9000, test_MSE: 0.48626846075057983, test_RMSE: 0.6973295209229133, erank: 19.499780654907227, s1: 31.57813262939453, s5: 19.129417419433594

depth: 1, iteration: 10000, test_MSE: 0.3869115114212036, test_RMSE: 0.6220221148972146, erank: 16.16815185546875, s1: 35.317237854003906, s5: 21.164274215698242

depth: 1, iteration: 11000, test_MSE: 0.2990208864212036, test_RMSE: 0.5468280227102518, erank: 13.679414749145508, s1: 38.61080551147461, s5: 23.186845779418945

depth: 1, iteration: 12000, test_MSE: 0.22605708241462708, test_RMSE: 0.47545460605049045, erank: 11.819169044494629, s1: 41.41424560546875, s5: 25.153589248657227

depth: 1, iteration: 13000, test_MSE: 0.1680736243724823, test_RMSE: 0.40996783333876613, erank: 10.426864624023438, s1: 43.757022857666016, s5: 26.992612838745117

depth: 1, iteration: 14000, test_MSE: 0.12358981370925903, test_RMSE: 0.3515534293805979, erank: 9.32311725616455, s1: 45.69237518310547, s5: 28.651987075805664

depth: 1, iteration: 15000, test_MSE: 0.09039977937936783, test_RMSE: 0.3006655606805805, erank: 8.431879997253418, s1: 47.3094367980957, s5: 30.125972747802734

depth: 1, iteration: 16000, test_MSE: 0.06616629660129547, test_RMSE: 0.2572281022775223, erank: 7.727062702178955, s1: 48.66389846801758, s5: 31.38434410095215

depth: 1, iteration: 17000, test_MSE: 0.0487656332552433, test_RMSE: 0.22082942117218735, erank: 7.169162750244141, s1: 49.762630462646484, s5: 32.41841125488281

depth: 1, iteration: 18000, test_MSE: 0.03641529753804207, test_RMSE: 0.1908279265150729, erank: 6.7331438064575195, s1: 50.61463165283203, s5: 33.2428092956543

depth: 1, iteration: 19000, test_MSE: 0.02771739661693573, test_RMSE: 0.1664854246381218, erank: 6.397611141204834, s1: 51.2728157043457, s5: 33.886924743652344

depth: 1, iteration: 20000, test_MSE: 0.021623661741614342, test_RMSE: 0.14704986141310825, erank: 6.14060115814209, s1: 51.77582931518555, s5: 34.37840270996094

depth: 1, iteration: 21000, test_MSE: 0.017373692244291306, test_RMSE: 0.13180930257114368, erank: 5.9454755783081055, s1: 52.15663146972656, s5: 34.74821090698242

depth: 1, iteration: 22000, test_MSE: 0.014423998072743416, test_RMSE: 0.1200999503444669, erank: 5.797928333282471, s1: 52.436119079589844, s5: 35.02328109741211

depth: 1, iteration: 23000, test_MSE: 0.01239073183387518, test_RMSE: 0.11131366418313243, erank: 5.688347339630127, s1: 52.636409759521484, s5: 35.22589874267578

depth: 1, iteration: 24000, test_MSE: 0.011006663553416729, test_RMSE: 0.1049126472519721, erank: 5.609013557434082, s1: 52.7772216796875, s5: 35.37074661254883

depth: 1, iteration: 25000, test_MSE: 0.010086542926728725, test_RMSE: 0.10043178245320913, erank: 5.553187847137451, s1: 52.87268829345703, s5: 35.47074890136719

depth: 1, iteration: 26000, test_MSE: 0.009500774554908276, test_RMSE: 0.09747191674994535, erank: 5.516075134277344, s1: 52.93508529663086, s5: 35.53612518310547

depth: 1, iteration: 27000, test_MSE: 0.00915609486401081, test_RMSE: 0.09568748540959163, erank: 5.493797779083252, s1: 52.972137451171875, s5: 35.57508087158203

depth: 1, iteration: 28000, test_MSE: 0.008981310762465, test_RMSE: 0.09476977768500357, erank: 5.482248306274414, s1: 52.990814208984375, s5: 35.59501647949219

depth: 1, iteration: 29000, test_MSE: 0.008916816674172878, test_RMSE: 0.09442889745291363, erank: 5.477939605712891, s1: 52.99808120727539, s5: 35.60245895385742

