depth: 4, iteration: 0, test_MSE: 1.0109140872955322, test_RMSE: 1.0054422346885634, erank: 49.46615982055664, s1: 0.00324996467679739, s5: 0.002395760966464877

depth: 4, iteration: 1000, test_MSE: 0.00013280512939672917, test_RMSE: 0.011524110785510923, erank: 5.002889633178711, s1: 53.860939025878906, s5: 36.196903228759766

depth: 4, iteration: 2000, test_MSE: 9.713436884339899e-05, test_RMSE: 0.009855676985544879, erank: 4.960939884185791, s1: 53.8574333190918, s5: 36.26301193237305

depth: 4, iteration: 3000, test_MSE: 9.430226782569662e-05, test_RMSE: 0.009710935476342978, erank: 4.949636459350586, s1: 53.85611343383789, s5: 36.27238082885742

depth: 4, iteration: 4000, test_MSE: 9.386538295075297e-05, test_RMSE: 0.009688414883289887, erank: 4.946977138519287, s1: 53.855777740478516, s5: 36.273582458496094

depth: 4, iteration: 5000, test_MSE: 9.385029989061877e-05, test_RMSE: 0.009687636445006531, erank: 4.946291446685791, s1: 53.86349868774414, s5: 36.273712158203125

depth: 4, iteration: 6000, test_MSE: 9.732170292409137e-05, test_RMSE: 0.009865176274354725, erank: 4.9461164474487305, s1: 53.83292007446289, s5: 36.27642059326172

depth: 4, iteration: 7000, test_MSE: 9.043412865139544e-05, test_RMSE: 0.009509686043786904, erank: 4.946242332458496, s1: 53.8257942199707, s5: 36.27546310424805

depth: 4, iteration: 8000, test_MSE: 9.307043364970013e-05, test_RMSE: 0.009647301884449358, erank: 4.94621467590332, s1: 53.872581481933594, s5: 36.267513275146484

depth: 4, iteration: 9000, test_MSE: 9.407302422914654e-05, test_RMSE: 0.009699124920792935, erank: 4.946038246154785, s1: 53.84733963012695, s5: 36.27445602416992

depth: 4, iteration: 10000, test_MSE: 0.00012566654186230153, test_RMSE: 0.01121010891393574, erank: 4.944770336151123, s1: 54.10002517700195, s5: 36.26461410522461

depth: 4, iteration: 11000, test_MSE: 9.00024242582731e-05, test_RMSE: 0.0094869607492744, erank: 4.946285724639893, s1: 53.81049346923828, s5: 36.27534484863281

depth: 4, iteration: 12000, test_MSE: 9.596695599611849e-05, test_RMSE: 0.009796272556238852, erank: 4.945956707000732, s1: 53.89521026611328, s5: 36.27501678466797

depth: 4, iteration: 13000, test_MSE: 9.86881714197807e-05, test_RMSE: 0.009934192036586605, erank: 4.945764064788818, s1: 53.90178680419922, s5: 36.275333404541016

depth: 4, iteration: 14000, test_MSE: 9.948250954039395e-05, test_RMSE: 0.009974091915577776, erank: 4.9462127685546875, s1: 53.75687789916992, s5: 36.281028747558594

depth: 4, iteration: 15000, test_MSE: 9.843186853686348e-05, test_RMSE: 0.009921283613366945, erank: 4.945840835571289, s1: 53.862606048583984, s5: 36.2691650390625

depth: 4, iteration: 16000, test_MSE: 0.00010332859528716654, test_RMSE: 0.010165067401998205, erank: 4.945629119873047, s1: 53.977500915527344, s5: 36.26768493652344

depth: 4, iteration: 17000, test_MSE: 9.323474660050124e-05, test_RMSE: 0.009655814134525438, erank: 4.946155548095703, s1: 53.844730377197266, s5: 36.275611877441406

depth: 4, iteration: 18000, test_MSE: 9.706696437206119e-05, test_RMSE: 0.009852256816184868, erank: 4.945727348327637, s1: 53.92782974243164, s5: 36.25788879394531

depth: 4, iteration: 19000, test_MSE: 9.637702169129625e-05, test_RMSE: 0.009817179925584346, erank: 4.945934295654297, s1: 53.869503021240234, s5: 36.27297592163086

depth: 4, iteration: 20000, test_MSE: 0.0001027502294164151, test_RMSE: 0.010136578782627553, erank: 4.945579528808594, s1: 53.94847869873047, s5: 36.26091384887695

depth: 4, iteration: 21000, test_MSE: 8.837452332954854e-05, test_RMSE: 0.009400772485787991, erank: 4.946365833282471, s1: 53.797908782958984, s5: 36.27055740356445

depth: 4, iteration: 22000, test_MSE: 0.0001114844053518027, test_RMSE: 0.010558617587156129, erank: 4.946000576019287, s1: 53.79496383666992, s5: 36.296016693115234

depth: 4, iteration: 23000, test_MSE: 9.689594298833981e-05, test_RMSE: 0.009843573689892296, erank: 4.945799350738525, s1: 53.88584518432617, s5: 36.25740051269531

depth: 4, iteration: 24000, test_MSE: 9.874580428004265e-05, test_RMSE: 0.009937092345351464, erank: 4.9461350440979, s1: 53.78730773925781, s5: 36.2908821105957

depth: 4, iteration: 25000, test_MSE: 0.00011258335871389136, test_RMSE: 0.01061053055760603, erank: 4.945487976074219, s1: 53.92244338989258, s5: 36.28783416748047

depth: 4, iteration: 26000, test_MSE: 9.432114893570542e-05, test_RMSE: 0.009711907584800497, erank: 4.945984363555908, s1: 53.864871978759766, s5: 36.2711296081543

depth: 4, iteration: 27000, test_MSE: 0.00010093612218042836, test_RMSE: 0.010046697078165957, erank: 4.945656776428223, s1: 53.93952941894531, s5: 36.26726531982422

depth: 4, iteration: 28000, test_MSE: 9.569548274157569e-05, test_RMSE: 0.009782406796978732, erank: 4.94596529006958, s1: 53.86332702636719, s5: 36.270076751708984

depth: 4, iteration: 29000, test_MSE: 9.897218114929274e-05, test_RMSE: 0.009948476323000057, erank: 4.946201801300049, s1: 53.76469802856445, s5: 36.29133224487305

