depth: 1, iteration: 0, test_MSE: 1.0109524726867676, test_RMSE: 1.0054613233171963, erank: 80.53600311279297, s1: 0.020121542736887932, s5: 0.017767420038580894

depth: 1, iteration: 1000, test_MSE: 0.9842984080314636, test_RMSE: 0.9921181421743398, erank: 64.1681900024414, s1: 7.685328960418701, s5: 5.761500835418701

depth: 1, iteration: 2000, test_MSE: 0.9612057209014893, test_RMSE: 0.9804109959101281, erank: 59.345252990722656, s1: 11.480884552001953, s5: 8.55999755859375

depth: 1, iteration: 3000, test_MSE: 0.9306538701057434, test_RMSE: 0.9647040323880394, erank: 53.493804931640625, s1: 13.818413734436035, s5: 10.148170471191406

depth: 1, iteration: 4000, test_MSE: 0.887966513633728, test_RMSE: 0.9423197512700919, erank: 46.73649215698242, s1: 15.917497634887695, s5: 11.407726287841797

depth: 1, iteration: 5000, test_MSE: 0.8284955620765686, test_RMSE: 0.9102173158518622, erank: 39.96839904785156, s1: 18.358448028564453, s5: 12.756755828857422

depth: 1, iteration: 6000, test_MSE: 0.7466208934783936, test_RMSE: 0.8640722732956969, erank: 33.10918426513672, s1: 21.511363983154297, s5: 14.385519981384277

depth: 1, iteration: 7000, test_MSE: 0.6409021019935608, test_RMSE: 0.8005636152071619, erank: 26.511695861816406, s1: 25.685527801513672, s5: 16.386871337890625

depth: 1, iteration: 8000, test_MSE: 0.5128066539764404, test_RMSE: 0.7161051975627886, erank: 20.66529083251953, s1: 30.69917106628418, s5: 18.81097412109375

depth: 1, iteration: 9000, test_MSE: 0.37504592537879944, test_RMSE: 0.6124099324625617, erank: 15.850056648254395, s1: 35.919517517089844, s5: 21.59870147705078

depth: 1, iteration: 10000, test_MSE: 0.2432575523853302, test_RMSE: 0.4932114682216242, erank: 12.264900207519531, s1: 40.82899475097656, s5: 24.773117065429688

depth: 1, iteration: 11000, test_MSE: 0.13309672474861145, test_RMSE: 0.36482423815943404, erank: 9.538616180419922, s1: 45.29212188720703, s5: 28.315441131591797

depth: 1, iteration: 12000, test_MSE: 0.056771814823150635, test_RMSE: 0.23826836723146996, erank: 7.401876449584961, s1: 49.210201263427734, s5: 31.910402297973633

depth: 1, iteration: 13000, test_MSE: 0.016767719760537148, test_RMSE: 0.12949023036714835, erank: 5.932886123657227, s1: 52.102935791015625, s5: 34.65620040893555

depth: 1, iteration: 14000, test_MSE: 0.0028279167599976063, test_RMSE: 0.053178160554851896, erank: 5.149106979370117, s1: 53.46076965332031, s5: 36.106658935546875

depth: 1, iteration: 15000, test_MSE: 7.117974746506661e-05, test_RMSE: 0.008436809080752427, erank: 4.9929518699646, s1: 53.596527099609375, s5: 36.47261047363281

depth: 1, iteration: 16000, test_MSE: 1.2536287385955802e-06, test_RMSE: 0.0011196556339319605, erank: 4.978579521179199, s1: 53.591251373291016, s5: 36.48628234863281

depth: 1, iteration: 17000, test_MSE: 1.2540001534944167e-06, test_RMSE: 0.0011198214828687725, erank: 4.978829383850098, s1: 53.5911865234375, s5: 36.48621368408203

depth: 1, iteration: 18000, test_MSE: 1.258064230569289e-06, test_RMSE: 0.0011216346243627152, erank: 4.98011589050293, s1: 53.591270446777344, s5: 36.486061096191406

depth: 1, iteration: 19000, test_MSE: 1.2481885960369254e-06, test_RMSE: 0.0011172236105797826, erank: 4.978635787963867, s1: 53.5906982421875, s5: 36.48589324951172

depth: 1, iteration: 20000, test_MSE: 1.2537846032500966e-06, test_RMSE: 0.0011197252356047428, erank: 4.978586196899414, s1: 53.59086990356445, s5: 36.48631286621094

depth: 1, iteration: 21000, test_MSE: 1.2514389027273864e-06, test_RMSE: 0.0011186773005328152, erank: 4.978669166564941, s1: 53.59126281738281, s5: 36.48635482788086

depth: 1, iteration: 22000, test_MSE: 1.2493958365666913e-06, test_RMSE: 0.0011177637659929272, erank: 4.978600025177002, s1: 53.5909309387207, s5: 36.48632049560547

depth: 1, iteration: 23000, test_MSE: 1.255679308087565e-06, test_RMSE: 0.001120570974141114, erank: 4.978046417236328, s1: 53.591148376464844, s5: 36.48603439331055

depth: 1, iteration: 24000, test_MSE: 1.253187747352058e-06, test_RMSE: 0.0011194586849687924, erank: 4.978731155395508, s1: 53.59103012084961, s5: 36.48588943481445

depth: 1, iteration: 25000, test_MSE: 1.2570213812068687e-06, test_RMSE: 0.0011211696487181896, erank: 4.979603290557861, s1: 53.59108352661133, s5: 36.48600387573242

depth: 1, iteration: 26000, test_MSE: 1.2557742365970626e-06, test_RMSE: 0.0011206133305458501, erank: 4.97930908203125, s1: 53.59125518798828, s5: 36.485897064208984

depth: 1, iteration: 27000, test_MSE: 1.2479346196414554e-06, test_RMSE: 0.0011171099407137398, erank: 4.978461742401123, s1: 53.59105682373047, s5: 36.48597717285156

depth: 1, iteration: 28000, test_MSE: 1.254728204003186e-06, test_RMSE: 0.0011201465100616017, erank: 4.979616165161133, s1: 53.591407775878906, s5: 36.48587417602539

depth: 1, iteration: 29000, test_MSE: 1.2516366041381843e-06, test_RMSE: 0.001118765660957729, erank: 4.978433609008789, s1: 53.591182708740234, s5: 36.486083984375

