depth: 2, iteration: 0, test_MSE: 1.0109117031097412, test_RMSE: 1.0054410490475019, erank: 66.73628997802734, s1: 0.0026257652789354324, s5: 0.002133142203092575

depth: 2, iteration: 1000, test_MSE: 0.1690167635679245, test_RMSE: 0.41111648418413543, erank: 10.888526916503906, s1: 48.24955749511719, s5: 24.538549423217773

depth: 2, iteration: 2000, test_MSE: 0.013701220043003559, test_RMSE: 0.11705221075658315, erank: 5.912333011627197, s1: 51.96504211425781, s5: 33.80809020996094

depth: 2, iteration: 3000, test_MSE: 9.239190694643185e-05, test_RMSE: 0.009612070897909141, erank: 4.950166702270508, s1: 53.85133361816406, s5: 36.276065826416016

depth: 2, iteration: 4000, test_MSE: 8.606663323007524e-05, test_RMSE: 0.009277210422862857, erank: 4.950039386749268, s1: 53.843021392822266, s5: 36.28384780883789

depth: 2, iteration: 5000, test_MSE: 8.18289554445073e-05, test_RMSE: 0.009045935852332102, erank: 4.951769828796387, s1: 53.836055755615234, s5: 36.28940963745117

depth: 2, iteration: 6000, test_MSE: 7.69754042266868e-05, test_RMSE: 0.008773562801204924, erank: 4.954233169555664, s1: 53.82780838012695, s5: 36.29616928100586

depth: 2, iteration: 7000, test_MSE: 7.152401667553931e-05, test_RMSE: 0.008457187279204553, erank: 4.9567999839782715, s1: 53.81800842285156, s5: 36.30402755737305

depth: 2, iteration: 8000, test_MSE: 6.573239079443738e-05, test_RMSE: 0.008107551467270336, erank: 4.9594502449035645, s1: 53.806488037109375, s5: 36.3123664855957

depth: 2, iteration: 9000, test_MSE: 5.927635356783867e-05, test_RMSE: 0.007699113817046652, erank: 4.959786415100098, s1: 53.7945671081543, s5: 36.32307815551758

depth: 2, iteration: 10000, test_MSE: 5.283645441522822e-05, test_RMSE: 0.007268868853902113, erank: 4.959761142730713, s1: 53.781883239746094, s5: 36.33366012573242

depth: 2, iteration: 11000, test_MSE: 4.629130125977099e-05, test_RMSE: 0.006803771105774428, erank: 4.959442615509033, s1: 53.7668571472168, s5: 36.34423065185547

depth: 2, iteration: 12000, test_MSE: 3.990536424680613e-05, test_RMSE: 0.006317069276714173, erank: 4.9585466384887695, s1: 53.75252151489258, s5: 36.35663604736328

depth: 2, iteration: 13000, test_MSE: 3.3799948141677305e-05, test_RMSE: 0.005813772281546406, erank: 4.958158493041992, s1: 53.73649597167969, s5: 36.36919021606445

depth: 2, iteration: 14000, test_MSE: 2.8138554625911638e-05, test_RMSE: 0.005304578647349065, erank: 4.957580089569092, s1: 53.72109603881836, s5: 36.38180160522461

depth: 2, iteration: 15000, test_MSE: 2.297632090630941e-05, test_RMSE: 0.004793362171410524, erank: 4.956954002380371, s1: 53.70493698120117, s5: 36.39396286010742

depth: 2, iteration: 16000, test_MSE: 1.835556759033352e-05, test_RMSE: 0.004284339807990669, erank: 4.956295013427734, s1: 53.68947219848633, s5: 36.407196044921875

depth: 2, iteration: 17000, test_MSE: 1.4316362467070576e-05, test_RMSE: 0.003783696931186558, erank: 4.955554485321045, s1: 53.67369842529297, s5: 36.4188117980957

depth: 2, iteration: 18000, test_MSE: 1.0888707038247958e-05, test_RMSE: 0.003299804090889027, erank: 4.95473575592041, s1: 53.65927505493164, s5: 36.431148529052734

depth: 2, iteration: 19000, test_MSE: 7.981553608260583e-06, test_RMSE: 0.002825164350663618, erank: 4.954380989074707, s1: 53.64555740356445, s5: 36.443443298339844

depth: 2, iteration: 20000, test_MSE: 5.689160843758145e-06, test_RMSE: 0.0023851961855910608, erank: 4.95367431640625, s1: 53.632320404052734, s5: 36.45478057861328

depth: 2, iteration: 21000, test_MSE: 3.9473475226259325e-06, test_RMSE: 0.0019867932762685533, erank: 4.953259468078613, s1: 53.623130798339844, s5: 36.46260070800781

depth: 2, iteration: 22000, test_MSE: 2.400775429123314e-06, test_RMSE: 0.00154944358694446, erank: 4.952700138092041, s1: 53.60081100463867, s5: 36.47499465942383

depth: 2, iteration: 23000, test_MSE: 1.4993436252552783e-06, test_RMSE: 0.001224476878203618, erank: 4.951974868774414, s1: 53.595619201660156, s5: 36.4830207824707

depth: 2, iteration: 24000, test_MSE: 8.299296609948215e-07, test_RMSE: 0.0009110047535522641, erank: 4.951445579528809, s1: 53.579437255859375, s5: 36.49178695678711

depth: 2, iteration: 25000, test_MSE: 4.5789522573613795e-07, test_RMSE: 0.0006766795591239165, erank: 4.951007843017578, s1: 53.58558654785156, s5: 36.49728775024414

depth: 2, iteration: 26000, test_MSE: 2.722201486449194e-07, test_RMSE: 0.00052174720760625, erank: 4.9507670402526855, s1: 53.54680633544922, s5: 36.504112243652344

depth: 2, iteration: 27000, test_MSE: 7.693461157032289e-08, test_RMSE: 0.00027737089171418636, erank: 4.950188636779785, s1: 53.560882568359375, s5: 36.505550384521484

depth: 2, iteration: 28000, test_MSE: 5.968617244889174e-08, test_RMSE: 0.00024430753661909766, erank: 4.949995040893555, s1: 53.552947998046875, s5: 36.5119743347168

depth: 2, iteration: 29000, test_MSE: 9.194981487326004e-08, test_RMSE: 0.0003032322787456178, erank: 4.949978351593018, s1: 53.55248260498047, s5: 36.51603317260742