depth: 4, iteration: 0, test_MSE: 1.0109140872955322, test_RMSE: 1.0054422346885634, erank: 49.46615982055664, s1: 0.00324996467679739, s5: 0.002395760966464877

depth: 4, iteration: 1000, test_MSE: 5.02987859363202e-06, test_RMSE: 0.0022427390828252893, erank: 4.999011993408203, s1: 53.55592727661133, s5: 36.47046661376953

depth: 4, iteration: 2000, test_MSE: 2.2420247205445776e-06, test_RMSE: 0.001497339213586747, erank: 4.985959053039551, s1: 53.567684173583984, s5: 36.47579574584961

depth: 4, iteration: 3000, test_MSE: 1.2469515695556765e-06, test_RMSE: 0.001116669857010422, erank: 4.974228858947754, s1: 53.57634353637695, s5: 36.48091506958008

depth: 4, iteration: 4000, test_MSE: 7.321250450331718e-06, test_RMSE: 0.0027057809316963777, erank: 4.964872360229492, s1: 53.57030487060547, s5: 36.49214172363281

depth: 4, iteration: 5000, test_MSE: 2.0020017927890876e-06, test_RMSE: 0.0014149211259957524, erank: 4.959540843963623, s1: 53.575992584228516, s5: 36.48721694946289

depth: 4, iteration: 6000, test_MSE: 1.747652277117595e-06, test_RMSE: 0.0013219880018811045, erank: 4.955530166625977, s1: 53.592926025390625, s5: 36.48654556274414

depth: 4, iteration: 7000, test_MSE: 4.072437150171027e-06, test_RMSE: 0.002018028035030987, erank: 4.953266143798828, s1: 53.57329177856445, s5: 36.49342346191406

depth: 4, iteration: 8000, test_MSE: 2.608056774988654e-06, test_RMSE: 0.001614947917113321, erank: 4.951952934265137, s1: 53.660743713378906, s5: 36.48519515991211

depth: 4, iteration: 9000, test_MSE: 1.0789838142954977e-06, test_RMSE: 0.0010387414569061435, erank: 4.951770305633545, s1: 53.56647491455078, s5: 36.49312210083008

depth: 4, iteration: 10000, test_MSE: 2.0465483885345748e-06, test_RMSE: 0.0014305762435237678, erank: 4.950895309448242, s1: 53.61396789550781, s5: 36.494964599609375

depth: 4, iteration: 11000, test_MSE: 5.985331881674938e-06, test_RMSE: 0.0024464937935083624, erank: 4.951100826263428, s1: 53.586891174316406, s5: 36.499576568603516

depth: 4, iteration: 12000, test_MSE: 6.468475930887507e-06, test_RMSE: 0.002543319864053184, erank: 4.950704097747803, s1: 53.59661865234375, s5: 36.48604202270508

depth: 4, iteration: 13000, test_MSE: 1.9029338318432565e-06, test_RMSE: 0.0013794686773693908, erank: 4.950369358062744, s1: 53.55595016479492, s5: 36.50390625

depth: 4, iteration: 14000, test_MSE: 2.9600498692161636e-06, test_RMSE: 0.0017204795462940452, erank: 4.94994592666626, s1: 53.663143157958984, s5: 36.49088668823242

depth: 4, iteration: 15000, test_MSE: 4.055612521369767e-07, test_RMSE: 0.00063683691172621, erank: 4.950068473815918, s1: 53.57962417602539, s5: 36.50278854370117

depth: 4, iteration: 16000, test_MSE: 1.7148536244349089e-06, test_RMSE: 0.0013095241977279033, erank: 4.950064659118652, s1: 53.61720657348633, s5: 36.5040283203125

depth: 4, iteration: 17000, test_MSE: 4.979512141289888e-06, test_RMSE: 0.002231482050407282, erank: 4.949864864349365, s1: 53.57961654663086, s5: 36.48588562011719

depth: 4, iteration: 18000, test_MSE: 1.570181552779104e-06, test_RMSE: 0.0012530688539657763, erank: 4.950179576873779, s1: 53.5481071472168, s5: 36.49496841430664

depth: 4, iteration: 19000, test_MSE: 2.419184966129251e-06, test_RMSE: 0.0015553729347424208, erank: 4.949981689453125, s1: 53.614356994628906, s5: 36.50697326660156

depth: 4, iteration: 20000, test_MSE: 7.768193427182268e-06, test_RMSE: 0.002787147901920935, erank: 4.950634002685547, s1: 53.50197219848633, s5: 36.50883102416992

depth: 4, iteration: 21000, test_MSE: 8.891688025869371e-07, test_RMSE: 0.0009429574765528598, erank: 4.949713706970215, s1: 53.59163284301758, s5: 36.49764633178711

depth: 4, iteration: 22000, test_MSE: 1.8878926084653358e-06, test_RMSE: 0.001374006043824166, erank: 4.950087070465088, s1: 53.56520462036133, s5: 36.51405334472656

depth: 4, iteration: 23000, test_MSE: 6.992717658249603e-07, test_RMSE: 0.0008362247101257893, erank: 4.9501752853393555, s1: 53.514102935791016, s5: 36.50566482543945

depth: 4, iteration: 24000, test_MSE: 1.42316324058811e-07, test_RMSE: 0.00037724835858994935, erank: 4.949902057647705, s1: 53.56460952758789, s5: 36.511165618896484

depth: 4, iteration: 25000, test_MSE: 1.4537080232912558e-06, test_RMSE: 0.0012056981476685016, erank: 4.9503703117370605, s1: 53.485836029052734, s5: 36.52001190185547

depth: 4, iteration: 26000, test_MSE: 2.3740221877233125e-06, test_RMSE: 0.0015407862238880877, erank: 4.949821949005127, s1: 53.57266616821289, s5: 36.500953674316406

depth: 4, iteration: 27000, test_MSE: 1.3118508377374383e-06, test_RMSE: 0.0011453605710593665, erank: 4.949857711791992, s1: 53.58493423461914, s5: 36.50804901123047

depth: 4, iteration: 28000, test_MSE: 2.90056561880192e-07, test_RMSE: 0.0005385689945403393, erank: 4.949965953826904, s1: 53.56766128540039, s5: 36.51626968383789

depth: 4, iteration: 29000, test_MSE: 1.6820933979033725e-06, test_RMSE: 0.001296955434046742, erank: 4.950366020202637, s1: 53.531959533691406, s5: 36.51438903808594

