depth: 5, iteration: 0, test_MSE: 1.010910987854004, test_RMSE: 1.005440693354911, erank: 44.68060302734375, s1: 0.003583217039704323, s5: 0.0023116213269531727

depth: 5, iteration: 1000, test_MSE: 0.0016439356841146946, test_RMSE: 0.04054547674050331, erank: 5.088205337524414, s1: 53.53719711303711, s5: 36.423519134521484

depth: 5, iteration: 2000, test_MSE: 0.00019961778889410198, test_RMSE: 0.01412861595819286, erank: 5.016864776611328, s1: 53.57160949707031, s5: 36.4703254699707

depth: 5, iteration: 3000, test_MSE: 1.172088104794966e-05, test_RMSE: 0.003423577229733493, erank: 4.979763031005859, s1: 53.5826416015625, s5: 36.48305892944336

depth: 5, iteration: 4000, test_MSE: 4.925880602968391e-06, test_RMSE: 0.0022194324956998335, erank: 4.965953350067139, s1: 53.611328125, s5: 36.46805191040039

depth: 5, iteration: 5000, test_MSE: 9.69287157204235e-06, test_RMSE: 0.0031133376900108907, erank: 4.961073875427246, s1: 53.566925048828125, s5: 36.4680061340332

depth: 5, iteration: 6000, test_MSE: 3.916055902664084e-06, test_RMSE: 0.001978902701666781, erank: 4.958414554595947, s1: 53.59150314331055, s5: 36.48463439941406

depth: 5, iteration: 7000, test_MSE: 4.6649920477648266e-06, test_RMSE: 0.002159859265731179, erank: 4.956762790679932, s1: 53.586273193359375, s5: 36.49666976928711

depth: 5, iteration: 8000, test_MSE: 1.2468544809962623e-06, test_RMSE: 0.0011166263837991033, erank: 4.955283164978027, s1: 53.59796142578125, s5: 36.488197326660156

depth: 5, iteration: 9000, test_MSE: 4.579625056067016e-06, test_RMSE: 0.002140005854213258, erank: 4.954811096191406, s1: 53.51434326171875, s5: 36.493919372558594

depth: 5, iteration: 10000, test_MSE: 7.901242497609928e-06, test_RMSE: 0.002810914886226534, erank: 4.953415393829346, s1: 53.626827239990234, s5: 36.489498138427734

depth: 5, iteration: 11000, test_MSE: 7.061315955070313e-06, test_RMSE: 0.002657313672690959, erank: 4.953514575958252, s1: 53.54154968261719, s5: 36.510581970214844

depth: 5, iteration: 12000, test_MSE: 1.0527895028644707e-05, test_RMSE: 0.003244671790589105, erank: 4.952807426452637, s1: 53.46915817260742, s5: 36.474151611328125

depth: 5, iteration: 13000, test_MSE: 5.334393790690228e-06, test_RMSE: 0.0023096306610993515, erank: 4.952523231506348, s1: 53.49518966674805, s5: 36.501747131347656

depth: 5, iteration: 14000, test_MSE: 5.5119089665822685e-06, test_RMSE: 0.002347745507200955, erank: 4.951467037200928, s1: 53.586997985839844, s5: 36.485260009765625

depth: 5, iteration: 15000, test_MSE: 4.533537321549375e-06, test_RMSE: 0.002129210492541631, erank: 4.95167350769043, s1: 53.60028076171875, s5: 36.51042938232422

depth: 5, iteration: 16000, test_MSE: 4.667967914429028e-06, test_RMSE: 0.002160548058810317, erank: 4.951000690460205, s1: 53.62566375732422, s5: 36.47831726074219

depth: 5, iteration: 17000, test_MSE: 1.6530186258023605e-05, test_RMSE: 0.004065733175950385, erank: 4.950826644897461, s1: 53.6683464050293, s5: 36.47661590576172

depth: 5, iteration: 18000, test_MSE: 5.700047040591016e-06, test_RMSE: 0.0023874771288100367, erank: 4.951074600219727, s1: 53.519248962402344, s5: 36.50214385986328

depth: 5, iteration: 19000, test_MSE: 1.117285864893347e-05, test_RMSE: 0.0033425826315789816, erank: 4.949772834777832, s1: 53.7827033996582, s5: 36.465415954589844

depth: 5, iteration: 20000, test_MSE: 1.5505822375416756e-05, test_RMSE: 0.00393774330999581, erank: 4.950855255126953, s1: 53.53307342529297, s5: 36.54780197143555

depth: 5, iteration: 21000, test_MSE: 4.204778633720707e-06, test_RMSE: 0.002050555689007423, erank: 4.950240612030029, s1: 53.60190200805664, s5: 36.47325134277344

depth: 5, iteration: 22000, test_MSE: 2.901816515077371e-06, test_RMSE: 0.001703471900289926, erank: 4.950094223022461, s1: 53.631717681884766, s5: 36.48031234741211

depth: 5, iteration: 23000, test_MSE: 8.606732080806978e-06, test_RMSE: 0.002933723245435223, erank: 4.9504714012146, s1: 53.605167388916016, s5: 36.492034912109375

depth: 5, iteration: 24000, test_MSE: 5.2561481425073e-06, test_RMSE: 0.0022926290896059264, erank: 4.950506210327148, s1: 53.47185134887695, s5: 36.49523162841797

depth: 5, iteration: 25000, test_MSE: 2.478548367434996e-06, test_RMSE: 0.0015743406135379334, erank: 4.950039386749268, s1: 53.620155334472656, s5: 36.4925422668457

depth: 5, iteration: 26000, test_MSE: 1.4653935068054125e-05, test_RMSE: 0.0038280458550093315, erank: 4.950654029846191, s1: 53.49517822265625, s5: 36.514373779296875

depth: 5, iteration: 27000, test_MSE: 7.3022379183385056e-06, test_RMSE: 0.00270226533085456, erank: 4.949803829193115, s1: 53.61177444458008, s5: 36.488555908203125

depth: 5, iteration: 28000, test_MSE: 1.6883698208403075e-06, test_RMSE: 0.0012993728567429394, erank: 4.94969367980957, s1: 53.62246322631836, s5: 36.488338470458984

depth: 5, iteration: 29000, test_MSE: 2.9287889447005e-06, test_RMSE: 0.0017113704872705091, erank: 4.949555397033691, s1: 53.62385559082031, s5: 36.47740173339844

