depth: 5, iteration: 0, test_MSE: 1.010910987854004, test_RMSE: 1.005440693354911, erank: 44.68060302734375, s1: 0.003583217039704323, s5: 0.0023116213269531727

depth: 5, iteration: 1000, test_MSE: 1.7846594346337952e-05, test_RMSE: 0.0042245229726370235, erank: 5.041600227355957, s1: 53.51117706298828, s5: 36.45117950439453

depth: 5, iteration: 2000, test_MSE: 9.765257345861755e-06, test_RMSE: 0.0031249411747842157, erank: 5.031007289886475, s1: 53.5181770324707, s5: 36.462894439697266

depth: 5, iteration: 3000, test_MSE: 6.059816769266035e-06, test_RMSE: 0.002461669508538064, erank: 5.022862434387207, s1: 53.52339553833008, s5: 36.47136306762695

depth: 5, iteration: 4000, test_MSE: 4.110642748855753e-06, test_RMSE: 0.002027472009388971, erank: 5.016224384307861, s1: 53.529396057128906, s5: 36.47724533081055

depth: 5, iteration: 5000, test_MSE: 1.3239622603578027e-05, test_RMSE: 0.0036386292204040284, erank: 5.012264251708984, s1: 53.356590270996094, s5: 36.49058532714844

depth: 5, iteration: 6000, test_MSE: 3.179162376909517e-05, test_RMSE: 0.00563840613729582, erank: 5.009298801422119, s1: 53.42048263549805, s5: 36.48282241821289

depth: 5, iteration: 7000, test_MSE: 7.6134115261083934e-06, test_RMSE: 0.002759241114166791, erank: 5.006446361541748, s1: 53.499080657958984, s5: 36.49817657470703

depth: 5, iteration: 8000, test_MSE: 2.7804826459032483e-06, test_RMSE: 0.0016674779296600144, erank: 5.004032135009766, s1: 53.51716613769531, s5: 36.4898567199707

depth: 5, iteration: 9000, test_MSE: 2.9892096335970564e-06, test_RMSE: 0.0017289330911278945, erank: 5.002581596374512, s1: 53.579097747802734, s5: 36.50642013549805

depth: 5, iteration: 10000, test_MSE: 3.817739980149781e-06, test_RMSE: 0.00195390377965492, erank: 5.001506328582764, s1: 53.53245544433594, s5: 36.481201171875

depth: 5, iteration: 11000, test_MSE: 1.2870648788521066e-05, test_RMSE: 0.0035875686458270127, erank: 4.999631404876709, s1: 53.738121032714844, s5: 36.46710968017578

depth: 5, iteration: 12000, test_MSE: 2.360091639275197e-05, test_RMSE: 0.004858077437912242, erank: 4.998599529266357, s1: 53.61064147949219, s5: 36.516807556152344

depth: 5, iteration: 13000, test_MSE: 1.6449199620183208e-06, test_RMSE: 0.001282544331404697, erank: 4.998836040496826, s1: 53.52033233642578, s5: 36.49053192138672

depth: 5, iteration: 14000, test_MSE: 1.5095512935658917e-05, test_RMSE: 0.0038852944464556243, erank: 4.9994378089904785, s1: 53.409976959228516, s5: 36.49749755859375

depth: 5, iteration: 15000, test_MSE: 1.0354009646107443e-05, test_RMSE: 0.003217764697131759, erank: 4.997611045837402, s1: 53.63571548461914, s5: 36.476863861083984

depth: 5, iteration: 16000, test_MSE: 1.178906768473098e-05, test_RMSE: 0.003433521178721777, erank: 4.997352123260498, s1: 53.560325622558594, s5: 36.466705322265625

depth: 5, iteration: 17000, test_MSE: 2.6201732907793485e-06, test_RMSE: 0.0016186949344392688, erank: 4.99666690826416, s1: 53.539302825927734, s5: 36.478389739990234

depth: 5, iteration: 18000, test_MSE: 1.2219658856338356e-05, test_RMSE: 0.0034956628636552403, erank: 4.9964423179626465, s1: 53.448638916015625, s5: 36.494590759277344

depth: 5, iteration: 19000, test_MSE: 1.7736235804477474e-06, test_RMSE: 0.0013317745982138823, erank: 4.996021270751953, s1: 53.54302978515625, s5: 36.49071502685547

depth: 5, iteration: 20000, test_MSE: 3.7883523873460945e-06, test_RMSE: 0.001946369026507074, erank: 4.9959259033203125, s1: 53.478919982910156, s5: 36.490684509277344

depth: 5, iteration: 21000, test_MSE: 9.192352990794461e-06, test_RMSE: 0.0030318893434283616, erank: 4.995523452758789, s1: 53.471900939941406, s5: 36.50562286376953

depth: 5, iteration: 22000, test_MSE: 1.1162714145029895e-05, test_RMSE: 0.0033410648220335228, erank: 4.995284080505371, s1: 53.44912338256836, s5: 36.502708435058594

depth: 5, iteration: 23000, test_MSE: 1.8499442376196384e-05, test_RMSE: 0.004301097810582362, erank: 4.994675636291504, s1: 53.66081619262695, s5: 36.507301330566406

depth: 5, iteration: 24000, test_MSE: 8.065845577220898e-06, test_RMSE: 0.002840043235097117, erank: 4.9953131675720215, s1: 53.452091217041016, s5: 36.517982482910156

depth: 5, iteration: 25000, test_MSE: 1.764538865245413e-05, test_RMSE: 0.004200641457260323, erank: 4.995114803314209, s1: 53.33917999267578, s5: 36.521419525146484

depth: 5, iteration: 26000, test_MSE: 7.399758487736108e-06, test_RMSE: 0.002720249710547932, erank: 4.995250225067139, s1: 53.456790924072266, s5: 36.52678680419922

depth: 5, iteration: 27000, test_MSE: 1.1752622413041536e-05, test_RMSE: 0.003428209797115914, erank: 4.995469093322754, s1: 53.4146842956543, s5: 36.497493743896484

depth: 5, iteration: 28000, test_MSE: 6.070443760108901e-06, test_RMSE: 0.0024638270556410612, erank: 4.993919849395752, s1: 53.644344329833984, s5: 36.47079849243164

depth: 5, iteration: 29000, test_MSE: 1.5538574871243327e-06, test_RMSE: 0.001246538201229442, erank: 4.994243144989014, s1: 53.52454376220703, s5: 36.49215316772461

