depth: 5, iteration: 0, test_MSE: 1.010910987854004, test_RMSE: 1.005440693354911, erank: 44.68060302734375, s1: 0.003583217039704323, s5: 0.0023116213269531727

depth: 5, iteration: 1000, test_MSE: 598.5956420898438, test_RMSE: 24.46621429828987, erank: 1.3294821977615356, s1: 2183.59423828125, s5: 0.9466041922569275

depth: 5, iteration: 2000, test_MSE: 2706.499267578125, test_RMSE: 52.0240258686131, erank: 1.2239983081817627, s1: 4650.1025390625, s5: 35.14565658569336

depth: 5, iteration: 3000, test_MSE: 4272.109375, test_RMSE: 65.36137525327936, erank: 1.1941914558410645, s1: 5844.23095703125, s5: 35.482364654541016

depth: 5, iteration: 4000, test_MSE: 4859.7353515625, test_RMSE: 69.71180209665003, erank: 1.1838916540145874, s1: 6233.39892578125, s5: 35.363887786865234

depth: 5, iteration: 5000, test_MSE: 6833.77490234375, test_RMSE: 82.66664927492677, erank: 1.1588010787963867, s1: 7392.0283203125, s5: 35.425743103027344

depth: 5, iteration: 6000, test_MSE: 6794.32373046875, test_RMSE: 82.42768788743713, erank: 1.1594045162200928, s1: 7370.744140625, s5: 35.420204162597656

depth: 5, iteration: 7000, test_MSE: 7744.28759765625, test_RMSE: 88.00163406242096, erank: 1.150835394859314, s1: 7869.3759765625, s5: 35.397151947021484

depth: 5, iteration: 8000, test_MSE: 8082.03955078125, test_RMSE: 89.90016435347185, erank: 1.147937536239624, s1: 8039.1962890625, s5: 35.35520935058594

depth: 5, iteration: 9000, test_MSE: 8286.224609375, test_RMSE: 91.0287021184802, erank: 1.1466301679611206, s1: 8140.13720703125, s5: 35.296485900878906

depth: 5, iteration: 10000, test_MSE: 8930.880859375, test_RMSE: 94.50333782134365, erank: 1.1422338485717773, s1: 8450.90625, s5: 35.289817810058594

depth: 5, iteration: 11000, test_MSE: 9051.9248046875, test_RMSE: 95.14160396318479, erank: 1.141636848449707, s1: 8508.03125, s5: 35.311668395996094

depth: 5, iteration: 12000, test_MSE: 8699.8671875, test_RMSE: 93.27307857844085, erank: 1.1440850496292114, s1: 8340.9482421875, s5: 35.22919464111328

depth: 5, iteration: 13000, test_MSE: 8507.515625, test_RMSE: 92.23619476647983, erank: 1.1458910703659058, s1: 8248.20703125, s5: 35.330810546875

depth: 5, iteration: 14000, test_MSE: 8778.634765625, test_RMSE: 93.69436891097031, erank: 1.1441130638122559, s1: 8378.6533203125, s5: 35.312191009521484

depth: 5, iteration: 15000, test_MSE: 8705.703125, test_RMSE: 93.30435748130952, erank: 1.144205927848816, s1: 8343.7626953125, s5: 34.90176010131836

depth: 5, iteration: 16000, test_MSE: 8166.0673828125, test_RMSE: 90.36629561298007, erank: 1.1489616632461548, s1: 8080.9345703125, s5: 35.224727630615234

depth: 5, iteration: 17000, test_MSE: 7957.79345703125, test_RMSE: 89.20646533201084, erank: 1.150740623474121, s1: 7977.2607421875, s5: 35.14391326904297

depth: 5, iteration: 18000, test_MSE: 7328.2490234375, test_RMSE: 85.60519273640764, erank: 1.156531572341919, s1: 7655.1240234375, s5: 35.21832275390625

depth: 5, iteration: 19000, test_MSE: 6979.93994140625, test_RMSE: 83.54603486345866, erank: 1.1602343320846558, s1: 7470.9970703125, s5: 35.2580451965332

depth: 5, iteration: 20000, test_MSE: 6517.4990234375, test_RMSE: 80.73102887637133, erank: 1.1652591228485107, s1: 7219.25732421875, s5: 35.21568298339844

depth: 5, iteration: 21000, test_MSE: 5762.03076171875, test_RMSE: 75.90804148256461, erank: 1.1746187210083008, s1: 6787.86083984375, s5: 35.17259979248047

depth: 5, iteration: 22000, test_MSE: 4989.6435546875, test_RMSE: 70.63740903152875, erank: 1.1862634420394897, s1: 6316.33203125, s5: 35.1987419128418

depth: 5, iteration: 23000, test_MSE: 4783.31640625, test_RMSE: 69.16152403070656, erank: 1.1898374557495117, s1: 6184.35986328125, s5: 35.08414840698242

depth: 5, iteration: 24000, test_MSE: 3964.4130859375, test_RMSE: 62.963585396143856, erank: 1.206342101097107, s1: 5630.09375, s5: 35.12044906616211

depth: 5, iteration: 25000, test_MSE: 3461.83447265625, test_RMSE: 58.837356098453725, erank: 1.2195347547531128, s1: 5261.0986328125, s5: 35.110652923583984

depth: 5, iteration: 26000, test_MSE: 2808.53076171875, test_RMSE: 52.99557303887514, erank: 1.2410597801208496, s1: 4738.61181640625, s5: 35.08266067504883

depth: 5, iteration: 27000, test_MSE: 2097.16748046875, test_RMSE: 45.79484119929613, erank: 1.274695634841919, s1: 4094.51123046875, s5: 35.069705963134766

depth: 5, iteration: 28000, test_MSE: 1636.7735595703125, test_RMSE: 40.4570582169578, erank: 1.3070194721221924, s1: 3617.209228515625, s5: 35.03227615356445

depth: 5, iteration: 29000, test_MSE: 1128.8543701171875, test_RMSE: 33.5984280899745, erank: 1.3627889156341553, s1: 3003.786865234375, s5: 34.980690002441406

