depth: 5, iteration: 0, test_MSE: 1.010910987854004, test_RMSE: 1.005440693354911, erank: 44.68060302734375, s1: 0.003583217039704323, s5: 0.0023116213269531727

depth: 5, iteration: 1000, test_MSE: 0.0016453384887427092, test_RMSE: 0.040562772202386625, erank: 5.088247299194336, s1: 53.53703308105469, s5: 36.42347717285156

depth: 5, iteration: 2000, test_MSE: 0.00020181412401143461, test_RMSE: 0.014206129804117468, erank: 5.017110347747803, s1: 53.57085418701172, s5: 36.469913482666016

depth: 5, iteration: 3000, test_MSE: 1.2791146218660288e-05, test_RMSE: 0.003576471196397405, erank: 4.980254650115967, s1: 53.57084274291992, s5: 36.48332214355469

depth: 5, iteration: 4000, test_MSE: 2.096947810059646e-06, test_RMSE: 0.001448084186109235, erank: 4.966325283050537, s1: 53.60798263549805, s5: 36.47861099243164

depth: 5, iteration: 5000, test_MSE: 1.4670659993498703e-06, test_RMSE: 0.0012112249994736199, erank: 4.961474418640137, s1: 53.603519439697266, s5: 36.492496490478516

depth: 5, iteration: 6000, test_MSE: 1.6707670511095785e-05, test_RMSE: 0.004087501744476176, erank: 4.95783805847168, s1: 53.6996955871582, s5: 36.46993637084961

depth: 5, iteration: 7000, test_MSE: 7.1291319727606606e-06, test_RMSE: 0.002670043440238503, erank: 4.956624984741211, s1: 53.6778564453125, s5: 36.47316360473633

depth: 5, iteration: 8000, test_MSE: 3.5415487218415365e-06, test_RMSE: 0.0018819002954039664, erank: 4.955684661865234, s1: 53.63296127319336, s5: 36.48299789428711

depth: 5, iteration: 9000, test_MSE: 1.2664480664170696e-06, test_RMSE: 0.0011253657478424823, erank: 4.955094337463379, s1: 53.55369186401367, s5: 36.48754119873047

depth: 5, iteration: 10000, test_MSE: 1.6187072105822153e-05, test_RMSE: 0.004023316058405324, erank: 4.953482627868652, s1: 53.813358306884766, s5: 36.47195816040039

depth: 5, iteration: 11000, test_MSE: 1.614293250895571e-05, test_RMSE: 0.004017826839095447, erank: 4.953269004821777, s1: 53.71120071411133, s5: 36.47463607788086

depth: 5, iteration: 12000, test_MSE: 1.4160054888634477e-06, test_RMSE: 0.0011899602887758263, erank: 4.953578472137451, s1: 53.54928970336914, s5: 36.50027084350586

depth: 5, iteration: 13000, test_MSE: 3.0089449865045026e-06, test_RMSE: 0.0017346310808078191, erank: 4.9527459144592285, s1: 53.65907669067383, s5: 36.49031066894531

depth: 5, iteration: 14000, test_MSE: 7.1605900302529335e-06, test_RMSE: 0.002675927882109855, erank: 4.952736854553223, s1: 53.588134765625, s5: 36.49960708618164

depth: 5, iteration: 15000, test_MSE: 1.8629646092449548e-06, test_RMSE: 0.0013649046154383664, erank: 4.95263147354126, s1: 53.52907943725586, s5: 36.49542236328125

depth: 5, iteration: 16000, test_MSE: 2.7647087335935794e-05, test_RMSE: 0.005258049765448763, erank: 4.952761650085449, s1: 53.45953369140625, s5: 36.48031997680664

depth: 5, iteration: 17000, test_MSE: 1.478077956562629e-05, test_RMSE: 0.0038445779437574538, erank: 4.952181816101074, s1: 53.577850341796875, s5: 36.488834381103516

depth: 5, iteration: 18000, test_MSE: 3.5972657315141987e-06, test_RMSE: 0.0018966459162200516, erank: 4.952240467071533, s1: 53.55854415893555, s5: 36.518707275390625

depth: 5, iteration: 19000, test_MSE: 1.2927526768180542e-05, test_RMSE: 0.0035954870001406684, erank: 4.952266216278076, s1: 53.47993469238281, s5: 36.49510192871094

depth: 5, iteration: 20000, test_MSE: 1.5601701306877658e-05, test_RMSE: 0.0039498988983109, erank: 4.952508449554443, s1: 53.47703170776367, s5: 36.54196548461914

depth: 5, iteration: 21000, test_MSE: 1.8812186226568883e-06, test_RMSE: 0.0013715752340491163, erank: 4.952072620391846, s1: 53.53437423706055, s5: 36.506046295166016

depth: 5, iteration: 22000, test_MSE: 7.67217261454789e-06, test_RMSE: 0.0027698686998751205, erank: 4.952581882476807, s1: 53.44126510620117, s5: 36.536983489990234

depth: 5, iteration: 23000, test_MSE: 1.087545456357475e-06, test_RMSE: 0.0010428544751581953, erank: 4.951963424682617, s1: 53.55620193481445, s5: 36.520606994628906

depth: 5, iteration: 24000, test_MSE: 1.9296967366244644e-06, test_RMSE: 0.0013891352477798785, erank: 4.952279090881348, s1: 53.491451263427734, s5: 36.52389907836914

depth: 5, iteration: 25000, test_MSE: 8.26144173515786e-07, test_RMSE: 0.000908924734791493, erank: 4.9517669677734375, s1: 53.589141845703125, s5: 36.499759674072266

depth: 5, iteration: 26000, test_MSE: 6.694333933410235e-06, test_RMSE: 0.0025873410933640417, erank: 4.95159912109375, s1: 53.579288482666016, s5: 36.50563049316406

depth: 5, iteration: 27000, test_MSE: 2.5405961423530243e-06, test_RMSE: 0.0015939247605683978, erank: 4.95217227935791, s1: 53.554954528808594, s5: 36.51408767700195

depth: 5, iteration: 28000, test_MSE: 5.6101625887095e-06, test_RMSE: 0.0023685781787202, erank: 4.951635360717773, s1: 53.702762603759766, s5: 36.4965705871582

depth: 5, iteration: 29000, test_MSE: 3.2646171348460484e-06, test_RMSE: 0.0018068251533687615, erank: 4.952123165130615, s1: 53.6103401184082, s5: 36.51128005981445

