depth: 1, iteration: 0, test_MSE: 1.0109152793884277, test_RMSE: 1.0054428275085698, erank: 80.2417984008789, s1: 0.0019284685840830207, s5: 0.0017753241118043661

depth: 1, iteration: 20000, test_MSE: 1.0109152793884277, test_RMSE: 1.0054428275085698, erank: 70.31210327148438, s1: 0.2520705759525299, s5: 0.18604685366153717

depth: 1, iteration: 40000, test_MSE: 1.0109152793884277, test_RMSE: 1.0054428275085698, erank: 70.31404876708984, s1: 0.49913790822029114, s5: 0.36836305260658264

depth: 1, iteration: 60000, test_MSE: 1.0109152793884277, test_RMSE: 1.0054428275085698, erank: 70.31549072265625, s1: 0.7413155436515808, s5: 0.5470744371414185

depth: 1, iteration: 80000, test_MSE: 1.0109152793884277, test_RMSE: 1.0054428275085698, erank: 70.31632995605469, s1: 0.9786916375160217, s5: 0.7222380042076111

depth: 1, iteration: 100000, test_MSE: 1.0109152793884277, test_RMSE: 1.0054428275085698, erank: 70.31683349609375, s1: 1.2113652229309082, s5: 0.8939515948295593

depth: 1, iteration: 120000, test_MSE: 1.0109152793884277, test_RMSE: 1.0054428275085698, erank: 70.31716918945312, s1: 1.4394543170928955, s5: 1.0622484683990479

depth: 1, iteration: 140000, test_MSE: 1.0109152793884277, test_RMSE: 1.0054428275085698, erank: 70.31763458251953, s1: 1.6629793643951416, s5: 1.2272286415100098

depth: 1, iteration: 160000, test_MSE: 1.0109152793884277, test_RMSE: 1.0054428275085698, erank: 70.31784057617188, s1: 1.8821028470993042, s5: 1.3889166116714478

depth: 1, iteration: 180000, test_MSE: 1.0109152793884277, test_RMSE: 1.0054428275085698, erank: 70.31806945800781, s1: 2.096884250640869, s5: 1.547404408454895

depth: 1, iteration: 200000, test_MSE: 1.0109152793884277, test_RMSE: 1.0054428275085698, erank: 70.31810760498047, s1: 2.307422637939453, s5: 1.702781081199646

depth: 1, iteration: 220000, test_MSE: 1.0109152793884277, test_RMSE: 1.0054428275085698, erank: 70.31827545166016, s1: 2.5137646198272705, s5: 1.8551043272018433

depth: 1, iteration: 240000, test_MSE: 1.0109152793884277, test_RMSE: 1.0054428275085698, erank: 70.31847381591797, s1: 2.716012716293335, s5: 2.0043833255767822

depth: 1, iteration: 260000, test_MSE: 1.0109152793884277, test_RMSE: 1.0054428275085698, erank: 70.31847381591797, s1: 2.914295196533203, s5: 2.15067720413208

depth: 1, iteration: 280000, test_MSE: 1.0109152793884277, test_RMSE: 1.0054428275085698, erank: 70.31834411621094, s1: 3.1086671352386475, s5: 2.2941431999206543

depth: 1, iteration: 300000, test_MSE: 1.0109152793884277, test_RMSE: 1.0054428275085698, erank: 70.31874084472656, s1: 3.2990927696228027, s5: 2.4346463680267334

depth: 1, iteration: 320000, test_MSE: 1.0109152793884277, test_RMSE: 1.0054428275085698, erank: 70.31887817382812, s1: 3.485792636871338, s5: 2.572503089904785

depth: 1, iteration: 340000, test_MSE: 1.0109152793884277, test_RMSE: 1.0054428275085698, erank: 70.31874084472656, s1: 3.6687521934509277, s5: 2.7074828147888184

depth: 1, iteration: 360000, test_MSE: 1.0109152793884277, test_RMSE: 1.0054428275085698, erank: 70.3189468383789, s1: 3.84820294380188, s5: 2.839979648590088

depth: 1, iteration: 380000, test_MSE: 1.0109152793884277, test_RMSE: 1.0054428275085698, erank: 70.31880950927734, s1: 4.023958206176758, s5: 2.969637870788574

depth: 1, iteration: 400000, test_MSE: 1.0109152793884277, test_RMSE: 1.0054428275085698, erank: 70.31871032714844, s1: 4.196346282958984, s5: 3.09686541557312

depth: 1, iteration: 420000, test_MSE: 1.0109152793884277, test_RMSE: 1.0054428275085698, erank: 70.31887817382812, s1: 4.3652191162109375, s5: 3.221557140350342

depth: 1, iteration: 440000, test_MSE: 1.0109152793884277, test_RMSE: 1.0054428275085698, erank: 70.31861114501953, s1: 4.531009674072266, s5: 3.3437204360961914

depth: 1, iteration: 460000, test_MSE: 1.0109152793884277, test_RMSE: 1.0054428275085698, erank: 70.3193130493164, s1: 4.693269729614258, s5: 3.4635190963745117

depth: 1, iteration: 480000, test_MSE: 1.0109152793884277, test_RMSE: 1.0054428275085698, erank: 70.31907653808594, s1: 4.8523383140563965, s5: 3.580840587615967

depth: 1, iteration: 500000, test_MSE: 1.0109152793884277, test_RMSE: 1.0054428275085698, erank: 70.31874084472656, s1: 5.008285999298096, s5: 3.6959874629974365

depth: 1, iteration: 520000, test_MSE: 1.0109152793884277, test_RMSE: 1.0054428275085698, erank: 70.31974792480469, s1: 5.160953521728516, s5: 3.8085429668426514

depth: 1, iteration: 540000, test_MSE: 1.0109152793884277, test_RMSE: 1.0054428275085698, erank: 70.31945037841797, s1: 5.310939788818359, s5: 3.91933536529541

depth: 1, iteration: 560000, test_MSE: 1.0109152793884277, test_RMSE: 1.0054428275085698, erank: 70.31887817382812, s1: 5.457884311676025, s5: 4.027711868286133

depth: 1, iteration: 580000, test_MSE: 1.0109152793884277, test_RMSE: 1.0054428275085698, erank: 70.31904602050781, s1: 5.601468563079834, s5: 4.1337432861328125

depth: 1, iteration: 600000, test_MSE: 1.0109152793884277, test_RMSE: 1.0054428275085698, erank: 70.3194808959961, s1: 5.742647171020508, s5: 4.238046646118164

depth: 1, iteration: 620000, test_MSE: 1.0109152793884277, test_RMSE: 1.0054428275085698, erank: 70.3194808959961, s1: 5.88111686706543, s5: 4.340150833129883

depth: 1, iteration: 640000, test_MSE: 1.0109152793884277, test_RMSE: 1.0054428275085698, erank: 70.31887817382812, s1: 6.016850471496582, s5: 4.440211772918701

depth: 1, iteration: 660000, test_MSE: 1.0109152793884277, test_RMSE: 1.0054428275085698, erank: 70.31887817382812, s1: 6.149341106414795, s5: 4.537981986999512

depth: 1, iteration: 680000, test_MSE: 1.0109152793884277, test_RMSE: 1.0054428275085698, erank: 70.31971740722656, s1: 6.279338836669922, s5: 4.634022235870361

depth: 1, iteration: 700000, test_MSE: 1.0109152793884277, test_RMSE: 1.0054428275085698, erank: 70.31904602050781, s1: 6.407468318939209, s5: 4.7286553382873535

depth: 1, iteration: 720000, test_MSE: 1.0109152793884277, test_RMSE: 1.0054428275085698, erank: 70.31914520263672, s1: 6.53214693069458, s5: 4.821156024932861

depth: 1, iteration: 740000, test_MSE: 1.0109152793884277, test_RMSE: 1.0054428275085698, erank: 70.31954956054688, s1: 6.654265880584717, s5: 4.911398410797119

depth: 1, iteration: 760000, test_MSE: 1.0109152793884277, test_RMSE: 1.0054428275085698, erank: 70.32051849365234, s1: 6.7744646072387695, s5: 4.999859809875488

depth: 1, iteration: 780000, test_MSE: 1.0109152793884277, test_RMSE: 1.0054428275085698, erank: 70.31985473632812, s1: 6.892764568328857, s5: 5.086822032928467

