depth: 1, iteration: 0, test_MSE: 1.0109163522720337, test_RMSE: 1.0054433610462767, erank: 76.27904510498047, s1: 0.002560113091021776, s5: 0.002277524909004569

depth: 1, iteration: 20000, test_MSE: 1.011001467704773, test_RMSE: 1.0054856874688833, erank: 1.1462374925613403, s1: 0.18839475512504578, s5: 5.2708652219735086e-05

depth: 1, iteration: 40000, test_MSE: 1.010798454284668, test_RMSE: 1.0053847294865126, erank: 1.0522353649139404, s1: 0.32175540924072266, s5: 3.1444476917386055e-05

depth: 1, iteration: 60000, test_MSE: 1.0103201866149902, test_RMSE: 1.0051468482838666, erank: 1.0246522426605225, s1: 0.4825614094734192, s5: 2.1431704226415604e-05

depth: 1, iteration: 80000, test_MSE: 1.0096564292907715, test_RMSE: 1.0048166147565294, erank: 1.0137587785720825, s1: 0.6610342860221863, s5: 1.6477502867928706e-05

depth: 1, iteration: 100000, test_MSE: 1.0088657140731812, test_RMSE: 1.0044230752393044, erank: 1.0214961767196655, s1: 0.850516676902771, s5: 1.4597832887375262e-05

depth: 1, iteration: 120000, test_MSE: 1.0076813697814941, test_RMSE: 1.0038333376519701, erank: 1.2415611743927002, s1: 1.0507047176361084, s5: 1.461700776417274e-05

depth: 1, iteration: 140000, test_MSE: 1.0057493448257446, test_RMSE: 1.0028705523773966, erank: 1.936437964439392, s1: 1.2690528631210327, s5: 0.01710624061524868

depth: 1, iteration: 160000, test_MSE: 1.0031166076660156, test_RMSE: 1.0015570915659355, erank: 3.337874412536621, s1: 1.512071967124939, s5: 0.06743139773607254

depth: 1, iteration: 180000, test_MSE: 1.0000497102737427, test_RMSE: 1.0000248548279902, erank: 5.587304592132568, s1: 1.77903413772583, s5: 0.14743921160697937

depth: 1, iteration: 200000, test_MSE: 0.9968059062957764, test_RMSE: 0.9984016758278085, erank: 8.5294828414917, s1: 2.0632660388946533, s5: 0.25286412239074707

depth: 1, iteration: 220000, test_MSE: 0.9935942888259888, test_RMSE: 0.9967919987770713, erank: 11.850135803222656, s1: 2.3556907176971436, s5: 0.37857553362846375

depth: 1, iteration: 240000, test_MSE: 0.9905589818954468, test_RMSE: 0.9952682964384261, erank: 15.311973571777344, s1: 2.648404836654663, s5: 0.5192532539367676

depth: 1, iteration: 260000, test_MSE: 0.987769365310669, test_RMSE: 0.9938658688729928, erank: 18.674489974975586, s1: 2.9361586570739746, s5: 0.670199453830719

depth: 1, iteration: 280000, test_MSE: 0.9852386713027954, test_RMSE: 0.9925918956463403, erank: 21.80321502685547, s1: 3.2160120010375977, s5: 0.8276524543762207

depth: 1, iteration: 300000, test_MSE: 0.9829562902450562, test_RMSE: 0.9914415213440761, erank: 24.65648651123047, s1: 3.4868228435516357, s5: 0.988818347454071

depth: 1, iteration: 320000, test_MSE: 0.9808976054191589, test_RMSE: 0.9904027490971332, erank: 27.207172393798828, s1: 3.7482504844665527, s5: 1.1517202854156494

depth: 1, iteration: 340000, test_MSE: 0.9790382981300354, test_RMSE: 0.9894636416412861, erank: 29.50261878967285, s1: 4.000661373138428, s5: 1.3149561882019043

depth: 1, iteration: 360000, test_MSE: 0.9773533344268799, test_RMSE: 0.9886118219133736, erank: 31.56452751159668, s1: 4.244499206542969, s5: 1.477550983428955

depth: 1, iteration: 380000, test_MSE: 0.9758185148239136, test_RMSE: 0.9878352670480608, erank: 33.40504837036133, s1: 4.480327606201172, s5: 1.6388819217681885

depth: 1, iteration: 400000, test_MSE: 0.9744135737419128, test_RMSE: 0.9871238897635458, erank: 35.05332565307617, s1: 4.708760738372803, s5: 1.7984659671783447

depth: 1, iteration: 420000, test_MSE: 0.9731212854385376, test_RMSE: 0.9864691000931238, erank: 36.5364875793457, s1: 4.930325984954834, s5: 1.9559876918792725

depth: 1, iteration: 440000, test_MSE: 0.9719265699386597, test_RMSE: 0.9858633627124297, erank: 37.871368408203125, s1: 5.145413398742676, s5: 2.111252784729004

depth: 1, iteration: 460000, test_MSE: 0.9708171486854553, test_RMSE: 0.9853005372400115, erank: 39.07318115234375, s1: 5.354435920715332, s5: 2.264065742492676

depth: 1, iteration: 480000, test_MSE: 0.9697821140289307, test_RMSE: 0.9847751591246251, erank: 40.16033935546875, s1: 5.558013439178467, s5: 2.414463996887207

depth: 1, iteration: 500000, test_MSE: 0.968812882900238, test_RMSE: 0.9842829282783675, erank: 41.149742126464844, s1: 5.756083965301514, s5: 2.5621848106384277

depth: 1, iteration: 520000, test_MSE: 0.9679020047187805, test_RMSE: 0.9838201079052921, erank: 42.050010681152344, s1: 5.949287414550781, s5: 2.707470655441284

depth: 1, iteration: 540000, test_MSE: 0.9670427441596985, test_RMSE: 0.9833833149691419, erank: 42.87268829345703, s1: 6.137578010559082, s5: 2.850064516067505

depth: 1, iteration: 560000, test_MSE: 0.9662297964096069, test_RMSE: 0.9829698858101437, erank: 43.62507629394531, s1: 6.321342468261719, s5: 2.990172863006592

depth: 1, iteration: 580000, test_MSE: 0.9654582738876343, test_RMSE: 0.9825773628003214, erank: 44.3160514831543, s1: 6.500743389129639, s5: 3.127603769302368

depth: 1, iteration: 600000, test_MSE: 0.9647240042686462, test_RMSE: 0.982203647045075, erank: 44.952884674072266, s1: 6.676064968109131, s5: 3.262598752975464

depth: 1, iteration: 620000, test_MSE: 0.9640233516693115, test_RMSE: 0.9818469084685817, erank: 45.541351318359375, s1: 6.847517490386963, s5: 3.395002841949463

depth: 1, iteration: 640000, test_MSE: 0.9633538722991943, test_RMSE: 0.9815059206643607, erank: 46.08769226074219, s1: 7.014886856079102, s5: 3.5249340534210205

depth: 1, iteration: 660000, test_MSE: 0.9627123475074768, test_RMSE: 0.981179059859859, erank: 46.59608459472656, s1: 7.1785993576049805, s5: 3.6523077487945557

depth: 1, iteration: 680000, test_MSE: 0.962096095085144, test_RMSE: 0.9808649729117378, erank: 47.06915283203125, s1: 7.338845729827881, s5: 3.777416467666626

depth: 1, iteration: 700000, test_MSE: 0.9615033268928528, test_RMSE: 0.9805627603029052, erank: 47.51108932495117, s1: 7.495674133300781, s5: 3.900094509124756

depth: 1, iteration: 720000, test_MSE: 0.960932195186615, test_RMSE: 0.9802714905507632, erank: 47.92418670654297, s1: 7.648723602294922, s5: 4.020431995391846

depth: 1, iteration: 740000, test_MSE: 0.9603809118270874, test_RMSE: 0.979990261087878, erank: 48.310760498046875, s1: 7.7989277839660645, s5: 4.138382434844971

depth: 1, iteration: 760000, test_MSE: 0.9598478078842163, test_RMSE: 0.9797182288210301, erank: 48.67359161376953, s1: 7.945950508117676, s5: 4.254326820373535

depth: 1, iteration: 780000, test_MSE: 0.9593318700790405, test_RMSE: 0.9794548841468098, erank: 49.01430892944336, s1: 8.089818954467773, s5: 4.367941379547119

