depth: 4, iteration: 0, test_MSE: 1.0109140872955322, test_RMSE: 1.0054422346885634, erank: 49.46615982055664, s1: 0.00324996467679739, s5: 0.002395760966464877

depth: 4, iteration: 20000, test_MSE: 1.0109140872955322, test_RMSE: 1.0054422346885634, erank: 48.44454574584961, s1: 0.003514051204547286, s5: 0.0024682460352778435

depth: 4, iteration: 40000, test_MSE: 1.0109143257141113, test_RMSE: 1.0054423532525927, erank: 47.36601257324219, s1: 0.003822113387286663, s5: 0.0025391916278749704

depth: 4, iteration: 60000, test_MSE: 1.0109143257141113, test_RMSE: 1.0054423532525927, erank: 46.226097106933594, s1: 0.004181873984634876, s5: 0.002607412403449416

depth: 4, iteration: 80000, test_MSE: 1.0109144449234009, test_RMSE: 1.005442412534602, erank: 45.02041244506836, s1: 0.004603961016982794, s5: 0.002671311842277646

depth: 4, iteration: 100000, test_MSE: 1.0109145641326904, test_RMSE: 1.005442471816608, erank: 43.744144439697266, s1: 0.005099841859191656, s5: 0.002729845931753516

depth: 4, iteration: 120000, test_MSE: 1.01091468334198, test_RMSE: 1.0054425310986104, erank: 42.394981384277344, s1: 0.005683992523699999, s5: 0.0027808479499071836

depth: 4, iteration: 140000, test_MSE: 1.0109148025512695, test_RMSE: 1.0054425903806092, erank: 40.9720344543457, s1: 0.006373629439622164, s5: 0.0028231856413185596

depth: 4, iteration: 160000, test_MSE: 1.010914921760559, test_RMSE: 1.0054426496626045, erank: 39.473812103271484, s1: 0.00718688266351819, s5: 0.0028561793733388186

depth: 4, iteration: 180000, test_MSE: 1.0109150409698486, test_RMSE: 1.0054427089445965, erank: 37.90251541137695, s1: 0.008144805207848549, s5: 0.002879374660551548

depth: 4, iteration: 200000, test_MSE: 1.0109150409698486, test_RMSE: 1.0054427089445965, erank: 36.26276397705078, s1: 0.009268751367926598, s5: 0.0028930925764143467

depth: 4, iteration: 220000, test_MSE: 1.0109151601791382, test_RMSE: 1.005442768226585, erank: 34.56212615966797, s1: 0.010579542256891727, s5: 0.002897679340094328

depth: 4, iteration: 240000, test_MSE: 1.0109151601791382, test_RMSE: 1.005442768226585, erank: 32.809303283691406, s1: 0.012096503749489784, s5: 0.0028951482381671667

depth: 4, iteration: 260000, test_MSE: 1.0109151601791382, test_RMSE: 1.005442768226585, erank: 31.018280029296875, s1: 0.013831928372383118, s5: 0.00288686016574502

depth: 4, iteration: 280000, test_MSE: 1.0109151601791382, test_RMSE: 1.005442768226585, erank: 29.20863914489746, s1: 0.01579016074538231, s5: 0.0028748316690325737

depth: 4, iteration: 300000, test_MSE: 1.0109150409698486, test_RMSE: 1.0054427089445965, erank: 27.399341583251953, s1: 0.01797460950911045, s5: 0.002860838547348976

depth: 4, iteration: 320000, test_MSE: 1.010914921760559, test_RMSE: 1.0054426496626045, erank: 25.610164642333984, s1: 0.020384550094604492, s5: 0.002846403978765011

depth: 4, iteration: 340000, test_MSE: 1.01091468334198, test_RMSE: 1.0054425310986104, erank: 23.86213493347168, s1: 0.023016471415758133, s5: 0.002832970581948757

depth: 4, iteration: 360000, test_MSE: 1.0109143257141113, test_RMSE: 1.0054423532525927, erank: 22.170562744140625, s1: 0.025876782834529877, s5: 0.0028212659526616335

depth: 4, iteration: 380000, test_MSE: 1.0109138488769531, test_RMSE: 1.0054421161245202, erank: 20.54301643371582, s1: 0.028985654935240746, s5: 0.0028118391055613756

depth: 4, iteration: 400000, test_MSE: 1.0109130144119263, test_RMSE: 1.0054417011502588, erank: 18.983861923217773, s1: 0.032374512404203415, s5: 0.0028053612913936377

depth: 4, iteration: 420000, test_MSE: 1.0109119415283203, test_RMSE: 1.005441167611671, erank: 17.493648529052734, s1: 0.03608951345086098, s5: 0.002801683498546481

depth: 4, iteration: 440000, test_MSE: 1.0109105110168457, test_RMSE: 1.005440456226447, erank: 16.07036018371582, s1: 0.04019540175795555, s5: 0.0028009044472128153

depth: 4, iteration: 460000, test_MSE: 1.0109087228775024, test_RMSE: 1.0054395669942089, erank: 14.710004806518555, s1: 0.044784944504499435, s5: 0.0028035929426550865

depth: 4, iteration: 480000, test_MSE: 1.0109061002731323, test_RMSE: 1.005438262785504, erank: 13.405434608459473, s1: 0.049992047250270844, s5: 0.0028098970651626587

depth: 4, iteration: 500000, test_MSE: 1.0109026432037354, test_RMSE: 1.0054365435987174, erank: 12.152168273925781, s1: 0.055988144129514694, s5: 0.0028194242622703314

depth: 4, iteration: 520000, test_MSE: 1.0108981132507324, test_RMSE: 1.005434290866754, erank: 10.946237564086914, s1: 0.06300625950098038, s5: 0.002832582453265786

depth: 4, iteration: 540000, test_MSE: 1.0108916759490967, test_RMSE: 1.0054310896073866, erank: 9.784037590026855, s1: 0.0713873878121376, s5: 0.00284888525493443

depth: 4, iteration: 560000, test_MSE: 1.0108829736709595, test_RMSE: 1.0054267619627795, erank: 8.664639472961426, s1: 0.0816124677658081, s5: 0.00286896456964314

depth: 4, iteration: 580000, test_MSE: 1.0108705759048462, test_RMSE: 1.0054205965191116, erank: 7.589263916015625, s1: 0.09439310431480408, s5: 0.0028927531093358994

depth: 4, iteration: 600000, test_MSE: 1.0108528137207031, test_RMSE: 1.005411763269509, erank: 6.560986518859863, s1: 0.11083033680915833, s5: 0.0029201575089246035

depth: 4, iteration: 620000, test_MSE: 1.010826587677002, test_RMSE: 1.0053987207456563, erank: 5.586342811584473, s1: 0.13268686830997467, s5: 0.0029513565823435783

depth: 4, iteration: 640000, test_MSE: 1.0107864141464233, test_RMSE: 1.0053787416423838, erank: 4.674402713775635, s1: 0.16296498477458954, s5: 0.0029863060917705297

depth: 4, iteration: 660000, test_MSE: 1.0107214450836182, test_RMSE: 1.0053464303828896, erank: 3.836744785308838, s1: 0.2070929855108261, s5: 0.003025415353477001

depth: 4, iteration: 680000, test_MSE: 1.0106096267700195, test_RMSE: 1.0052908170126789, erank: 3.086543321609497, s1: 0.27582937479019165, s5: 0.003068596590310335

depth: 4, iteration: 700000, test_MSE: 1.0103983879089355, test_RMSE: 1.0051857479634974, erank: 2.4369351863861084, s1: 0.39309728145599365, s5: 0.0031156372278928757

depth: 4, iteration: 720000, test_MSE: 1.0099408626556396, test_RMSE: 1.004958139752915, erank: 1.8994276523590088, s1: 0.6216016411781311, s5: 0.003166983602568507

depth: 4, iteration: 740000, test_MSE: 1.0087131261825562, test_RMSE: 1.0043471143895202, erank: 1.4823064804077148, s1: 1.172153353691101, s5: 0.0032221758738160133

depth: 4, iteration: 760000, test_MSE: 1.0039491653442383, test_RMSE: 1.0019726370237054, erank: 1.1925987005233765, s1: 3.112489700317383, s5: 0.0032808328978717327

depth: 4, iteration: 780000, test_MSE: 0.9770091772079468, test_RMSE: 0.9884377457422125, erank: 1.0454586744308472, s1: 15.196414947509766, s5: 0.0033412636257708073

