depth: 4, iteration: 0, test_MSE: 1.0109140872955322, test_RMSE: 1.0054422346885634, erank: 49.46615982055664, s1: 0.00324996467679739, s5: 0.002395760966464877

depth: 4, iteration: 20000, test_MSE: 1.0109140872955322, test_RMSE: 1.0054422346885634, erank: 48.44501876831055, s1: 0.0035139278043061495, s5: 0.0024682125076651573

depth: 4, iteration: 40000, test_MSE: 1.0109143257141113, test_RMSE: 1.0054423532525927, erank: 47.3703498840332, s1: 0.0038208479527384043, s5: 0.0025389608927071095

depth: 4, iteration: 60000, test_MSE: 1.0109143257141113, test_RMSE: 1.0054423532525927, erank: 46.24135971069336, s1: 0.004176855552941561, s5: 0.0026065174024552107

depth: 4, iteration: 80000, test_MSE: 1.0109144449234009, test_RMSE: 1.005442412534602, erank: 45.058040618896484, s1: 0.0045903585851192474, s5: 0.0026695760898292065

depth: 4, iteration: 100000, test_MSE: 1.0109145641326904, test_RMSE: 1.005442471816608, erank: 43.8218994140625, s1: 0.005068828817456961, s5: 0.002727191662415862

depth: 4, iteration: 120000, test_MSE: 1.01091468334198, test_RMSE: 1.0054425310986104, erank: 42.536888122558594, s1: 0.005621131043881178, s5: 0.0027773610781878233

depth: 4, iteration: 140000, test_MSE: 1.0109148025512695, test_RMSE: 1.0054425903806092, erank: 41.20663833618164, s1: 0.0062569607980549335, s5: 0.0028194175101816654

depth: 4, iteration: 160000, test_MSE: 1.0109148025512695, test_RMSE: 1.0054425903806092, erank: 39.83726119995117, s1: 0.006985446438193321, s5: 0.002853651298210025

depth: 4, iteration: 180000, test_MSE: 1.010914921760559, test_RMSE: 1.0054426496626045, erank: 38.439186096191406, s1: 0.007813316769897938, s5: 0.00287981447763741

depth: 4, iteration: 200000, test_MSE: 1.0109150409698486, test_RMSE: 1.0054427089445965, erank: 37.01956558227539, s1: 0.008747254498302937, s5: 0.002898609498515725

depth: 4, iteration: 220000, test_MSE: 1.0109151601791382, test_RMSE: 1.005442768226585, erank: 35.590126037597656, s1: 0.009789654985070229, s5: 0.002910740440711379

depth: 4, iteration: 240000, test_MSE: 1.0109151601791382, test_RMSE: 1.005442768226585, erank: 34.16091537475586, s1: 0.010942745953798294, s5: 0.002918026875704527

depth: 4, iteration: 260000, test_MSE: 1.0109151601791382, test_RMSE: 1.005442768226585, erank: 32.74250793457031, s1: 0.012203081510961056, s5: 0.002921933075413108

depth: 4, iteration: 280000, test_MSE: 1.0109151601791382, test_RMSE: 1.005442768226585, erank: 31.345319747924805, s1: 0.01356573961675167, s5: 0.0029241805896162987

depth: 4, iteration: 300000, test_MSE: 1.0109151601791382, test_RMSE: 1.005442768226585, erank: 29.978721618652344, s1: 0.015025187283754349, s5: 0.0029262839816510677

depth: 4, iteration: 320000, test_MSE: 1.0109150409698486, test_RMSE: 1.0054427089445965, erank: 28.651084899902344, s1: 0.016573278233408928, s5: 0.002929065842181444

depth: 4, iteration: 340000, test_MSE: 1.010914921760559, test_RMSE: 1.0054426496626045, erank: 27.36634635925293, s1: 0.01820574700832367, s5: 0.002933025360107422

depth: 4, iteration: 360000, test_MSE: 1.01091468334198, test_RMSE: 1.0054425310986104, erank: 26.128238677978516, s1: 0.01991995796561241, s5: 0.002939218422397971

depth: 4, iteration: 380000, test_MSE: 1.0109144449234009, test_RMSE: 1.005442412534602, erank: 24.935171127319336, s1: 0.021720701828598976, s5: 0.0029478624928742647

depth: 4, iteration: 400000, test_MSE: 1.0109139680862427, test_RMSE: 1.0054421754065435, erank: 23.7851619720459, s1: 0.023616624996066093, s5: 0.002959607169032097

depth: 4, iteration: 420000, test_MSE: 1.010913372039795, test_RMSE: 1.0054418789963917, erank: 22.674022674560547, s1: 0.025621166452765465, s5: 0.0029747055377811193

depth: 4, iteration: 440000, test_MSE: 1.0109126567840576, test_RMSE: 1.0054415233040943, erank: 21.595352172851562, s1: 0.02775745838880539, s5: 0.0029928679578006268

depth: 4, iteration: 460000, test_MSE: 1.0109117031097412, test_RMSE: 1.0054410490475019, erank: 20.542583465576172, s1: 0.030054494738578796, s5: 0.003014628542587161

depth: 4, iteration: 480000, test_MSE: 1.0109103918075562, test_RMSE: 1.0054403969443222, erank: 19.50850486755371, s1: 0.0325496643781662, s5: 0.0030400282703340054

depth: 4, iteration: 500000, test_MSE: 1.0109089612960815, test_RMSE: 1.0054396855585528, erank: 18.48430633544922, s1: 0.03529353812336922, s5: 0.0030690503772348166

depth: 4, iteration: 520000, test_MSE: 1.0109069347381592, test_RMSE: 1.0054386777611846, erank: 17.460372924804688, s1: 0.03835567459464073, s5: 0.003101591719314456

depth: 4, iteration: 540000, test_MSE: 1.0109044313430786, test_RMSE: 1.0054374328336293, erank: 16.430023193359375, s1: 0.04181902855634689, s5: 0.0031371957156807184

depth: 4, iteration: 560000, test_MSE: 1.0109013319015503, test_RMSE: 1.0054358914926154, erank: 15.385340690612793, s1: 0.04579930752515793, s5: 0.0031758882105350494

depth: 4, iteration: 580000, test_MSE: 1.0108970403671265, test_RMSE: 1.0054337573242338, erank: 14.320959091186523, s1: 0.05044212564826012, s5: 0.003217946970835328

depth: 4, iteration: 600000, test_MSE: 1.0108917951583862, test_RMSE: 1.00543114889006, erank: 13.231279373168945, s1: 0.055954284965991974, s5: 0.003263328690081835

depth: 4, iteration: 620000, test_MSE: 1.0108846426010132, test_RMSE: 1.0054275919234628, erank: 12.11341381072998, s1: 0.06261663138866425, s5: 0.0033122922759503126

depth: 4, iteration: 640000, test_MSE: 1.0108752250671387, test_RMSE: 1.0054229085649176, erank: 10.967549324035645, s1: 0.07083361595869064, s5: 0.0033643958158791065

depth: 4, iteration: 660000, test_MSE: 1.010862112045288, test_RMSE: 1.00541638739643, erank: 9.7979736328125, s1: 0.08119384944438934, s5: 0.0034195263870060444

depth: 4, iteration: 680000, test_MSE: 1.010844111442566, test_RMSE: 1.005407435541714, erank: 8.613286972045898, s1: 0.09459168463945389, s5: 0.003477484453469515

depth: 4, iteration: 700000, test_MSE: 1.0108182430267334, test_RMSE: 1.005394570816221, erank: 7.428072929382324, s1: 0.11244171112775803, s5: 0.0035385030787438154

depth: 4, iteration: 720000, test_MSE: 1.010779619216919, test_RMSE: 1.005375362348272, erank: 6.263200759887695, s1: 0.13710615038871765, s5: 0.003602956421673298

depth: 4, iteration: 740000, test_MSE: 1.0107190608978271, test_RMSE: 1.0053452446288424, erank: 5.145900726318359, s1: 0.17277073860168457, s5: 0.0036706598475575447

depth: 4, iteration: 760000, test_MSE: 1.0106184482574463, test_RMSE: 1.0052952045331989, erank: 4.108205318450928, s1: 0.22747641801834106, s5: 0.0037422566674649715

depth: 4, iteration: 780000, test_MSE: 1.0104368925094604, test_RMSE: 1.0052049007587758, erank: 3.1840245723724365, s1: 0.3183836340904236, s5: 0.003817032091319561

