depth: 2, iteration: 0, test_MSE: 1.0109117031097412, test_RMSE: 1.0054410490475019, erank: 66.73628997802734, s1: 0.0026257652789354324, s5: 0.002133142203092575

depth: 2, iteration: 20000, test_MSE: 1.0109120607376099, test_RMSE: 1.0054412268937503, erank: 51.7667350769043, s1: 0.00440417742356658, s5: 0.002885157009586692

depth: 2, iteration: 40000, test_MSE: 1.010908603668213, test_RMSE: 1.0054395077120317, erank: 38.7194938659668, s1: 0.008015431463718414, s5: 0.003677935805171728

depth: 2, iteration: 60000, test_MSE: 1.010896921157837, test_RMSE: 1.0054336980417142, erank: 29.43391990661621, s1: 0.014148431830108166, s5: 0.004288895521312952

depth: 2, iteration: 80000, test_MSE: 1.010872721672058, test_RMSE: 1.0054216636178366, erank: 23.25315284729004, s1: 0.022642625495791435, s5: 0.004857630468904972

depth: 2, iteration: 100000, test_MSE: 1.010828971862793, test_RMSE: 1.0053999064366343, erank: 19.29622459411621, s1: 0.03355121240019798, s5: 0.005408769939094782

depth: 2, iteration: 120000, test_MSE: 1.0107545852661133, test_RMSE: 1.0053629122193206, erank: 16.666549682617188, s1: 0.04791375249624252, s5: 0.006145189516246319

depth: 2, iteration: 140000, test_MSE: 1.0106308460235596, test_RMSE: 1.005301370745887, erank: 14.746874809265137, s1: 0.06764306128025055, s5: 0.00723814545199275

depth: 2, iteration: 160000, test_MSE: 1.0104281902313232, test_RMSE: 1.005200572140368, erank: 13.191845893859863, s1: 0.09564089775085449, s5: 0.008932836353778839

depth: 2, iteration: 180000, test_MSE: 1.010099172592163, test_RMSE: 1.0050369011096871, erank: 11.842844009399414, s1: 0.13625356554985046, s5: 0.011945238336920738

depth: 2, iteration: 200000, test_MSE: 1.0095690488815308, test_RMSE: 1.0047731330412506, erank: 10.642366409301758, s1: 0.19602975249290466, s5: 0.016461346298456192

depth: 2, iteration: 220000, test_MSE: 1.0087193250656128, test_RMSE: 1.0043502004109985, erank: 9.57742691040039, s1: 0.28486326336860657, s5: 0.02297081984579563

depth: 2, iteration: 240000, test_MSE: 1.0073635578155518, test_RMSE: 1.0036750259997265, erank: 8.646425247192383, s1: 0.4177348017692566, s5: 0.032293081283569336

depth: 2, iteration: 260000, test_MSE: 1.0052111148834229, test_RMSE: 1.002602171792692, erank: 7.846790313720703, s1: 0.6170957684516907, s5: 0.04560079425573349

depth: 2, iteration: 280000, test_MSE: 1.0018155574798584, test_RMSE: 1.000907367082418, erank: 7.170509338378906, s1: 0.9163792133331299, s5: 0.06454945355653763

depth: 2, iteration: 300000, test_MSE: 0.9965054988861084, test_RMSE: 0.9982512203278834, erank: 6.605958938598633, s1: 1.3644235134124756, s5: 0.0914350152015686

depth: 2, iteration: 320000, test_MSE: 0.9883069396018982, test_RMSE: 0.9941362781841825, erank: 6.140164852142334, s1: 2.0304534435272217, s5: 0.12939491868019104

depth: 2, iteration: 340000, test_MSE: 0.9758880734443665, test_RMSE: 0.9878704740219573, erank: 5.7606377601623535, s1: 3.008111000061035, s5: 0.18258190155029297

depth: 2, iteration: 360000, test_MSE: 0.9575983285903931, test_RMSE: 0.9785695318118142, erank: 5.456820964813232, s1: 4.414058685302734, s5: 0.256259560585022

depth: 2, iteration: 380000, test_MSE: 0.9317309856414795, test_RMSE: 0.9652621331231633, erank: 5.220524787902832, s1: 6.374276161193848, s5: 0.3566471338272095

depth: 2, iteration: 400000, test_MSE: 0.8971270322799683, test_RMSE: 0.9471679007863222, erank: 5.0460052490234375, s1: 8.987787246704102, s5: 0.4903933107852936

depth: 2, iteration: 420000, test_MSE: 0.8540347218513489, test_RMSE: 0.9241399903972065, erank: 4.929287910461426, s1: 12.266372680664062, s5: 0.6636004447937012

depth: 2, iteration: 440000, test_MSE: 0.804701566696167, test_RMSE: 0.89705159645149, erank: 4.867040157318115, s1: 16.074440002441406, s5: 0.8808971047401428

depth: 2, iteration: 460000, test_MSE: 0.7529731392860413, test_RMSE: 0.8677402487415466, erank: 4.855357646942139, s1: 20.130216598510742, s5: 1.1453341245651245

depth: 2, iteration: 480000, test_MSE: 0.7028698325157166, test_RMSE: 0.8383733252648945, erank: 4.889429569244385, s1: 24.100299835205078, s5: 1.4598567485809326

depth: 2, iteration: 500000, test_MSE: 0.657127320766449, test_RMSE: 0.8106339005780901, erank: 4.963771820068359, s1: 27.726917266845703, s5: 1.8299683332443237

depth: 2, iteration: 520000, test_MSE: 0.6166874170303345, test_RMSE: 0.7852944779064313, erank: 5.0725297927856445, s1: 30.883514404296875, s5: 2.265688180923462

depth: 2, iteration: 540000, test_MSE: 0.5811452865600586, test_RMSE: 0.762328857226367, erank: 5.209611415863037, s1: 33.53966522216797, s5: 2.781127691268921

depth: 2, iteration: 560000, test_MSE: 0.549498975276947, test_RMSE: 0.7412819809471609, erank: 5.368561744689941, s1: 35.709251403808594, s5: 3.3907630443573

depth: 2, iteration: 580000, test_MSE: 0.5207135081291199, test_RMSE: 0.7216048143749596, erank: 5.542749881744385, s1: 37.43479919433594, s5: 4.1055402755737305

depth: 2, iteration: 600000, test_MSE: 0.49398350715637207, test_RMSE: 0.7028396027233895, erank: 5.725592136383057, s1: 38.7790641784668, s5: 4.929877281188965

depth: 2, iteration: 620000, test_MSE: 0.46878957748413086, test_RMSE: 0.684682099579163, erank: 5.910989284515381, s1: 39.81471633911133, s5: 5.860456943511963

depth: 2, iteration: 640000, test_MSE: 0.44484516978263855, test_RMSE: 0.6669671429558119, erank: 6.093596458435059, s1: 40.612735748291016, s5: 6.8859968185424805

depth: 2, iteration: 660000, test_MSE: 0.4220370650291443, test_RMSE: 0.6496437985766849, erank: 6.269309043884277, s1: 41.22957229614258, s5: 7.988986015319824

depth: 2, iteration: 680000, test_MSE: 0.4003562927246094, test_RMSE: 0.6327371434684465, erank: 6.435109615325928, s1: 41.71329116821289, s5: 9.146502494812012

depth: 2, iteration: 700000, test_MSE: 0.37982895970344543, test_RMSE: 0.6163026526824669, erank: 6.589141845703125, s1: 42.098609924316406, s5: 10.333199501037598

depth: 2, iteration: 720000, test_MSE: 0.3604975640773773, test_RMSE: 0.6004144935603881, erank: 6.730594158172607, s1: 42.41160202026367, s5: 11.523494720458984

depth: 2, iteration: 740000, test_MSE: 0.34239649772644043, test_RMSE: 0.5851465608943117, erank: 6.859192371368408, s1: 42.67139434814453, s5: 12.69401741027832

depth: 2, iteration: 760000, test_MSE: 0.3255365788936615, test_RMSE: 0.5705581292854055, erank: 6.975385665893555, s1: 42.89189910888672, s5: 13.826135635375977

depth: 2, iteration: 780000, test_MSE: 0.30990418791770935, test_RMSE: 0.556690387843826, erank: 7.079814910888672, s1: 43.08253479003906, s5: 14.90372371673584

