depth: 5, iteration: 0, test_MSE: 1.010910987854004, test_RMSE: 1.005440693354911, erank: 44.68060302734375, s1: 0.003583217039704323, s5: 0.0023116213269531727

depth: 5, iteration: 20000, test_MSE: 1.0109111070632935, test_RMSE: 1.0054407526370182, erank: 43.89250183105469, s1: 0.0038779915776103735, s5: 0.0023513028863817453

depth: 5, iteration: 40000, test_MSE: 1.0109111070632935, test_RMSE: 1.0054407526370182, erank: 43.05591583251953, s1: 0.004222087096422911, s5: 0.0023877564817667007

depth: 5, iteration: 60000, test_MSE: 1.010911226272583, test_RMSE: 1.0054408119191218, erank: 42.16221618652344, s1: 0.004626748152077198, s5: 0.0024208275135606527

depth: 5, iteration: 80000, test_MSE: 1.0109113454818726, test_RMSE: 1.0054408712012222, erank: 41.20496368408203, s1: 0.005104056093841791, s5: 0.0024509343784302473

depth: 5, iteration: 100000, test_MSE: 1.0109113454818726, test_RMSE: 1.0054408712012222, erank: 40.17402648925781, s1: 0.005670023616403341, s5: 0.0024808254092931747

depth: 5, iteration: 120000, test_MSE: 1.0109113454818726, test_RMSE: 1.0054408712012222, erank: 39.060054779052734, s1: 0.006342636421322823, s5: 0.0025081541389226913

depth: 5, iteration: 140000, test_MSE: 1.010911464691162, test_RMSE: 1.005440930483319, erank: 37.852447509765625, s1: 0.007142435759305954, s5: 0.002529181307181716

depth: 5, iteration: 160000, test_MSE: 1.0109115839004517, test_RMSE: 1.0054409897654122, erank: 36.5413818359375, s1: 0.008091231808066368, s5: 0.0025430216919630766

depth: 5, iteration: 180000, test_MSE: 1.0109115839004517, test_RMSE: 1.0054409897654122, erank: 35.12302017211914, s1: 0.009207403287291527, s5: 0.0025493567809462547

depth: 5, iteration: 200000, test_MSE: 1.0109115839004517, test_RMSE: 1.0054409897654122, erank: 33.60129165649414, s1: 0.01050549279898405, s5: 0.0025485772639513016

depth: 5, iteration: 220000, test_MSE: 1.0109115839004517, test_RMSE: 1.0054409897654122, erank: 31.992952346801758, s1: 0.011988358572125435, s5: 0.0025421115569770336

depth: 5, iteration: 240000, test_MSE: 1.0109117031097412, test_RMSE: 1.0054410490475019, erank: 30.321531295776367, s1: 0.013652556575834751, s5: 0.002531526843085885

depth: 5, iteration: 260000, test_MSE: 1.0109117031097412, test_RMSE: 1.0054410490475019, erank: 28.618648529052734, s1: 0.015484464354813099, s5: 0.0025180012453347445

depth: 5, iteration: 280000, test_MSE: 1.0109117031097412, test_RMSE: 1.0054410490475019, erank: 26.918970108032227, s1: 0.017465896904468536, s5: 0.0025032158009707928

depth: 5, iteration: 300000, test_MSE: 1.0109117031097412, test_RMSE: 1.0054410490475019, erank: 25.253339767456055, s1: 0.019580038264393806, s5: 0.002488484838977456

depth: 5, iteration: 320000, test_MSE: 1.0109117031097412, test_RMSE: 1.0054410490475019, erank: 23.64461898803711, s1: 0.021815422922372818, s5: 0.0024744451511651278

depth: 5, iteration: 340000, test_MSE: 1.0109117031097412, test_RMSE: 1.0054410490475019, erank: 22.107316970825195, s1: 0.02416529692709446, s5: 0.0024610753171145916

depth: 5, iteration: 360000, test_MSE: 1.0109115839004517, test_RMSE: 1.0054409897654122, erank: 20.64752769470215, s1: 0.02663298137485981, s5: 0.00244925357401371

depth: 5, iteration: 380000, test_MSE: 1.010911464691162, test_RMSE: 1.005440930483319, erank: 19.267578125, s1: 0.02922753058373928, s5: 0.0024391182232648134

depth: 5, iteration: 400000, test_MSE: 1.010911226272583, test_RMSE: 1.0054408119191218, erank: 17.964244842529297, s1: 0.031966682523489, s5: 0.002430930733680725

depth: 5, iteration: 420000, test_MSE: 1.010910987854004, test_RMSE: 1.005440693354911, erank: 16.732330322265625, s1: 0.034877579659223557, s5: 0.0024245341774076223

depth: 5, iteration: 440000, test_MSE: 1.0109105110168457, test_RMSE: 1.005440456226447, erank: 15.565956115722656, s1: 0.03799299895763397, s5: 0.002419608412310481

depth: 5, iteration: 460000, test_MSE: 1.010909914970398, test_RMSE: 1.0054401598157883, erank: 14.458090782165527, s1: 0.04136013239622116, s5: 0.0024165764916688204

depth: 5, iteration: 480000, test_MSE: 1.0109091997146606, test_RMSE: 1.0054398041228827, erank: 13.404143333435059, s1: 0.04502764344215393, s5: 0.0024157261941581964

depth: 5, iteration: 500000, test_MSE: 1.0109082460403442, test_RMSE: 1.0054393298654793, erank: 12.396316528320312, s1: 0.049072012305259705, s5: 0.0024167916271835566

depth: 5, iteration: 520000, test_MSE: 1.0109070539474487, test_RMSE: 1.0054387370434106, erank: 11.429290771484375, s1: 0.05358753725886345, s5: 0.0024192286655306816

depth: 5, iteration: 540000, test_MSE: 1.0109052658081055, test_RMSE: 1.0054378478096522, erank: 10.498994827270508, s1: 0.058691225945949554, s5: 0.0024235008750110865

depth: 5, iteration: 560000, test_MSE: 1.010903000831604, test_RMSE: 1.0054367214457627, erank: 9.600940704345703, s1: 0.0645437091588974, s5: 0.002429564716294408

depth: 5, iteration: 580000, test_MSE: 1.0109000205993652, test_RMSE: 1.0054352393860906, erank: 8.731661796569824, s1: 0.0713658332824707, s5: 0.0024374728091061115

depth: 5, iteration: 600000, test_MSE: 1.01089608669281, test_RMSE: 1.0054332830639783, erank: 7.890656471252441, s1: 0.07944273948669434, s5: 0.0024474693927913904

depth: 5, iteration: 620000, test_MSE: 1.0108906030654907, test_RMSE: 1.0054305560631678, erank: 7.075946807861328, s1: 0.08920673280954361, s5: 0.0024596976581960917

depth: 5, iteration: 640000, test_MSE: 1.010883092880249, test_RMSE: 1.005426821245708, erank: 6.288094997406006, s1: 0.10126788169145584, s5: 0.0024738311767578125

depth: 5, iteration: 660000, test_MSE: 1.010872483253479, test_RMSE: 1.0054215450513675, erank: 5.5288825035095215, s1: 0.11655537784099579, s5: 0.002489244332537055

depth: 5, iteration: 680000, test_MSE: 1.0108568668365479, test_RMSE: 1.0054137789171917, erank: 4.801525592803955, s1: 0.13655516505241394, s5: 0.00250660115852952

depth: 5, iteration: 700000, test_MSE: 1.0108333826065063, test_RMSE: 1.0054020999612574, erank: 4.111128330230713, s1: 0.1637226939201355, s5: 0.0025259340181946754

depth: 5, iteration: 720000, test_MSE: 1.0107961893081665, test_RMSE: 1.0053836030631127, erank: 3.4636242389678955, s1: 0.2024916708469391, s5: 0.002547526266425848

depth: 5, iteration: 740000, test_MSE: 1.0107327699661255, test_RMSE: 1.0053520626955144, erank: 2.867002487182617, s1: 0.26148471236228943, s5: 0.0025712130591273308

depth: 5, iteration: 760000, test_MSE: 1.010614037513733, test_RMSE: 1.0052930107753326, erank: 2.3299405574798584, s1: 0.359823614358902, s5: 0.0025970435235649347

depth: 5, iteration: 780000, test_MSE: 1.010357141494751, test_RMSE: 1.0051652309420331, erank: 1.8618566989898682, s1: 0.5479812026023865, s5: 0.0026247058995068073

