depth: 5, iteration: 0, test_MSE: 1.010910987854004, test_RMSE: 1.005440693354911, erank: 44.68060302734375, s1: 0.003583217039704323, s5: 0.0023116213269531727

depth: 5, iteration: 20000, test_MSE: 1.0109111070632935, test_RMSE: 1.0054407526370182, erank: 43.89292907714844, s1: 0.0038778502494096756, s5: 0.0023512798361480236

depth: 5, iteration: 40000, test_MSE: 1.0109111070632935, test_RMSE: 1.0054407526370182, erank: 43.05945587158203, s1: 0.004220528062433004, s5: 0.0023876128252595663

depth: 5, iteration: 60000, test_MSE: 1.010911226272583, test_RMSE: 1.0054408119191218, erank: 42.17464065551758, s1: 0.004620836582034826, s5: 0.0024204172659665346

depth: 5, iteration: 80000, test_MSE: 1.010911226272583, test_RMSE: 1.0054408119191218, erank: 41.2359619140625, s1: 0.00508785480633378, s5: 0.0024500717408955097

depth: 5, iteration: 100000, test_MSE: 1.0109113454818726, test_RMSE: 1.0054408712012222, erank: 40.239688873291016, s1: 0.005632239859551191, s5: 0.00247948314063251

depth: 5, iteration: 120000, test_MSE: 1.0109113454818726, test_RMSE: 1.0054408712012222, erank: 39.18049240112305, s1: 0.006266416981816292, s5: 0.0025066076777875423

depth: 5, iteration: 140000, test_MSE: 1.010911464691162, test_RMSE: 1.005440930483319, erank: 38.05712127685547, s1: 0.007000780664384365, s5: 0.0025283913128077984

depth: 5, iteration: 160000, test_MSE: 1.010911464691162, test_RMSE: 1.005440930483319, erank: 36.86893844604492, s1: 0.007843793369829655, s5: 0.0025440712925046682

depth: 5, iteration: 180000, test_MSE: 1.0109115839004517, test_RMSE: 1.0054409897654122, erank: 35.62055969238281, s1: 0.008800939656794071, s5: 0.0025536385364830494

depth: 5, iteration: 200000, test_MSE: 1.0109115839004517, test_RMSE: 1.0054409897654122, erank: 34.32186508178711, s1: 0.009872209280729294, s5: 0.0025579198263585567

depth: 5, iteration: 220000, test_MSE: 1.0109117031097412, test_RMSE: 1.0054410490475019, erank: 32.98830795288086, s1: 0.011050211265683174, s5: 0.002558171283453703

depth: 5, iteration: 240000, test_MSE: 1.0109117031097412, test_RMSE: 1.0054410490475019, erank: 31.642515182495117, s1: 0.012320196256041527, s5: 0.002555758459493518

depth: 5, iteration: 260000, test_MSE: 1.0109117031097412, test_RMSE: 1.0054410490475019, erank: 30.303462982177734, s1: 0.013667797669768333, s5: 0.002551732352003455

depth: 5, iteration: 280000, test_MSE: 1.0109117031097412, test_RMSE: 1.0054410490475019, erank: 28.9901123046875, s1: 0.015076026320457458, s5: 0.0025474883150309324

depth: 5, iteration: 300000, test_MSE: 1.0109117031097412, test_RMSE: 1.0054410490475019, erank: 27.719654083251953, s1: 0.01652863621711731, s5: 0.0025441066827625036

depth: 5, iteration: 320000, test_MSE: 1.0109117031097412, test_RMSE: 1.0054410490475019, erank: 26.50397300720215, s1: 0.018012020736932755, s5: 0.0025418675504624844

depth: 5, iteration: 340000, test_MSE: 1.0109115839004517, test_RMSE: 1.0054409897654122, erank: 25.34861183166504, s1: 0.01951901987195015, s5: 0.0025410691741853952

depth: 5, iteration: 360000, test_MSE: 1.0109115839004517, test_RMSE: 1.0054409897654122, erank: 24.256576538085938, s1: 0.021043982356786728, s5: 0.0025416542775928974

depth: 5, iteration: 380000, test_MSE: 1.010911464691162, test_RMSE: 1.005440930483319, erank: 23.226821899414062, s1: 0.02258538454771042, s5: 0.0025440047029405832

depth: 5, iteration: 400000, test_MSE: 1.0109113454818726, test_RMSE: 1.0054408712012222, erank: 22.2562198638916, s1: 0.024145904928445816, s5: 0.0025485961232334375

depth: 5, iteration: 420000, test_MSE: 1.0109111070632935, test_RMSE: 1.0054407526370182, erank: 21.337173461914062, s1: 0.025735748931765556, s5: 0.0025551600847393274

depth: 5, iteration: 440000, test_MSE: 1.0109108686447144, test_RMSE: 1.0054406340728002, erank: 20.463794708251953, s1: 0.027364609763026237, s5: 0.002563823014497757

depth: 5, iteration: 460000, test_MSE: 1.0109103918075562, test_RMSE: 1.0054403969443222, erank: 19.628761291503906, s1: 0.029047412797808647, s5: 0.00257471832446754

depth: 5, iteration: 480000, test_MSE: 1.010909914970398, test_RMSE: 1.0054401598157883, erank: 18.823881149291992, s1: 0.03080407902598381, s5: 0.002587529132142663

depth: 5, iteration: 500000, test_MSE: 1.0109094381332397, test_RMSE: 1.0054399226871986, erank: 18.04412078857422, s1: 0.03265056014060974, s5: 0.00260230153799057

depth: 5, iteration: 520000, test_MSE: 1.010908842086792, test_RMSE: 1.0054396262763827, erank: 17.2824764251709, s1: 0.03461284562945366, s5: 0.002618884202092886

depth: 5, iteration: 540000, test_MSE: 1.0109080076217651, test_RMSE: 1.0054392113010937, erank: 16.53154945373535, s1: 0.0367237851023674, s5: 0.002637511119246483

depth: 5, iteration: 560000, test_MSE: 1.0109071731567383, test_RMSE: 1.0054387963256333, erank: 15.784924507141113, s1: 0.0390215739607811, s5: 0.0026580023113638163

depth: 5, iteration: 580000, test_MSE: 1.0109058618545532, test_RMSE: 1.0054381442209925, erank: 15.037323951721191, s1: 0.04154983535408974, s5: 0.002679919358342886

depth: 5, iteration: 600000, test_MSE: 1.0109044313430786, test_RMSE: 1.0054374328336293, erank: 14.283027648925781, s1: 0.04436669498682022, s5: 0.002703817328438163

depth: 5, iteration: 620000, test_MSE: 1.0109026432037354, test_RMSE: 1.0054365435987174, erank: 13.515839576721191, s1: 0.04755277931690216, s5: 0.002729704137891531

depth: 5, iteration: 640000, test_MSE: 1.0109004974365234, test_RMSE: 1.005435476515785, erank: 12.73238468170166, s1: 0.05119699239730835, s5: 0.00275702984072268

depth: 5, iteration: 660000, test_MSE: 1.0108976364135742, test_RMSE: 1.00543405373678, erank: 11.929424285888672, s1: 0.055420394986867905, s5: 0.002785836812108755

depth: 5, iteration: 680000, test_MSE: 1.0108941793441772, test_RMSE: 1.0054323345427962, erank: 11.106348991394043, s1: 0.06037578731775284, s5: 0.002816353924572468

depth: 5, iteration: 700000, test_MSE: 1.0108897686004639, test_RMSE: 1.005430141084135, erank: 10.262406349182129, s1: 0.06627946346998215, s5: 0.002848338568583131

depth: 5, iteration: 720000, test_MSE: 1.010884165763855, test_RMSE: 1.0054273547919088, erank: 9.397536277770996, s1: 0.07343277335166931, s5: 0.002881720196455717

depth: 5, iteration: 740000, test_MSE: 1.0108767747879028, test_RMSE: 1.0054236792456714, erank: 8.51500129699707, s1: 0.08225397020578384, s5: 0.0029164603911340237

depth: 5, iteration: 760000, test_MSE: 1.0108667612075806, test_RMSE: 1.0054186994519152, erank: 7.619923114776611, s1: 0.09336613118648529, s5: 0.0029523184057325125

depth: 5, iteration: 780000, test_MSE: 1.0108530521392822, test_RMSE: 1.0054118818371316, erank: 6.719894886016846, s1: 0.10772085934877396, s5: 0.002989088883623481

