depth: 2, iteration: 0, test_MSE: 1.0109117031097412, test_RMSE: 1.0054410490475019, erank: 66.73628997802734, s1: 0.0026257652789354324, s5: 0.002133142203092575

depth: 2, iteration: 20000, test_MSE: 1.0109120607376099, test_RMSE: 1.0054412268937503, erank: 51.75908279418945, s1: 0.004405342508107424, s5: 0.0028854848351329565

depth: 2, iteration: 40000, test_MSE: 1.0109084844589233, test_RMSE: 1.0054394484298512, erank: 38.66973876953125, s1: 0.008032809011638165, s5: 0.0036792350001633167

depth: 2, iteration: 60000, test_MSE: 1.010896921157837, test_RMSE: 1.0054336980417142, erank: 29.3104190826416, s1: 0.014231769368052483, s5: 0.0042870440520346165

depth: 2, iteration: 80000, test_MSE: 1.010872483253479, test_RMSE: 1.0054215450513675, erank: 23.04983139038086, s1: 0.022863008081912994, s5: 0.004845995921641588

depth: 2, iteration: 100000, test_MSE: 1.0108286142349243, test_RMSE: 1.0053997285830767, erank: 19.024980545043945, s1: 0.033988986164331436, s5: 0.005382621195167303

depth: 2, iteration: 120000, test_MSE: 1.0107539892196655, test_RMSE: 1.0053626157857998, erank: 16.344614028930664, s1: 0.04868198186159134, s5: 0.006097231525927782

depth: 2, iteration: 140000, test_MSE: 1.0106298923492432, test_RMSE: 1.0053008964231769, erank: 14.39725399017334, s1: 0.06891371309757233, s5: 0.007159784436225891

depth: 2, iteration: 160000, test_MSE: 1.010426640510559, test_RMSE: 1.0051998012885592, erank: 12.836291313171387, s1: 0.09767746925354004, s5: 0.008805022574961185

depth: 2, iteration: 180000, test_MSE: 1.0100966691970825, test_RMSE: 1.005035655684455, erank: 11.500625610351562, s1: 0.13944794237613678, s5: 0.011735492385923862

depth: 2, iteration: 200000, test_MSE: 1.0095653533935547, test_RMSE: 1.0047712940732108, erank: 10.326299667358398, s1: 0.20097118616104126, s5: 0.01613505557179451

depth: 2, iteration: 220000, test_MSE: 1.008713960647583, test_RMSE: 1.004347529816041, erank: 9.294522285461426, s1: 0.2924276888370514, s5: 0.02247389405965805

depth: 2, iteration: 240000, test_MSE: 1.0073565244674683, test_RMSE: 1.0036715221961159, erank: 8.399026870727539, s1: 0.42919251322746277, s5: 0.03154759854078293

depth: 2, iteration: 260000, test_MSE: 1.005203127861023, test_RMSE: 1.002598188638411, erank: 7.633640766143799, s1: 0.6343321204185486, s5: 0.04449690878391266

depth: 2, iteration: 280000, test_MSE: 1.0018086433410645, test_RMSE: 1.0009039131410489, erank: 6.988644123077393, s1: 0.9421027898788452, s5: 0.06293234974145889

depth: 2, iteration: 300000, test_MSE: 0.9965049624443054, test_RMSE: 0.9982509516370648, erank: 6.451742172241211, s1: 1.4023762941360474, s5: 0.08908869326114655

depth: 2, iteration: 320000, test_MSE: 0.9883247017860413, test_RMSE: 0.9941452116195306, erank: 6.009826183319092, s1: 2.0855960845947266, s5: 0.12601937353610992

depth: 2, iteration: 340000, test_MSE: 0.975946307182312, test_RMSE: 0.9878999479614886, erank: 5.6506266593933105, s1: 3.0863659381866455, s5: 0.17777059972286224

depth: 2, iteration: 360000, test_MSE: 0.9577358961105347, test_RMSE: 0.9786398193975834, erank: 5.3639349937438965, s1: 4.5211992263793945, s5: 0.2494761049747467

depth: 2, iteration: 380000, test_MSE: 0.9320064187049866, test_RMSE: 0.9654047952568843, erank: 5.1418609619140625, s1: 6.513433933258057, s5: 0.34720978140830994

depth: 2, iteration: 400000, test_MSE: 0.8976129293441772, test_RMSE: 0.9474243660283269, erank: 4.9788384437561035, s1: 9.156098365783691, s5: 0.4774875044822693

depth: 2, iteration: 420000, test_MSE: 0.8547950983047485, test_RMSE: 0.924551295659007, erank: 4.871033668518066, s1: 12.452327728271484, s5: 0.6462904810905457

depth: 2, iteration: 440000, test_MSE: 0.8057574033737183, test_RMSE: 0.8976399074092675, erank: 4.815258979797363, s1: 16.260196685791016, s5: 0.8581905961036682

depth: 2, iteration: 460000, test_MSE: 0.7542877197265625, test_RMSE: 0.8684973918939323, erank: 4.807913303375244, s1: 20.296653747558594, s5: 1.1162147521972656

depth: 2, iteration: 480000, test_MSE: 0.7043647766113281, test_RMSE: 0.8392644259179154, erank: 4.844473838806152, s1: 24.231430053710938, s5: 1.4232491254806519

depth: 2, iteration: 500000, test_MSE: 0.6587234735488892, test_RMSE: 0.811617812488667, erank: 4.919851779937744, s1: 27.812440872192383, s5: 1.7845816612243652

depth: 2, iteration: 520000, test_MSE: 0.61833655834198, test_RMSE: 0.7863437914436535, erank: 5.028614044189453, s1: 30.921720504760742, s5: 2.210085868835449

depth: 2, iteration: 540000, test_MSE: 0.582831084728241, test_RMSE: 0.7634337461287921, erank: 5.1651082038879395, s1: 33.54039001464844, s5: 2.7137863636016846

depth: 2, iteration: 560000, test_MSE: 0.5512223839759827, test_RMSE: 0.7424435224149933, erank: 5.323263168334961, s1: 35.68935775756836, s5: 3.31052827835083

depth: 2, iteration: 580000, test_MSE: 0.5224805474281311, test_RMSE: 0.722828158989487, erank: 5.496679306030273, s1: 37.40919876098633, s5: 4.011574745178223

depth: 2, iteration: 600000, test_MSE: 0.49579182267189026, test_RMSE: 0.704124862983754, erank: 5.6789727210998535, s1: 38.75675964355469, s5: 4.822073936462402

depth: 2, iteration: 620000, test_MSE: 0.4706254005432129, test_RMSE: 0.6860214286326725, erank: 5.864142894744873, s1: 39.800148010253906, s5: 5.739526271820068

depth: 2, iteration: 640000, test_MSE: 0.44668832421302795, test_RMSE: 0.668347457699233, erank: 6.04694128036499, s1: 40.6049690246582, s5: 6.753767013549805

depth: 2, iteration: 660000, test_MSE: 0.4238646328449249, test_RMSE: 0.6510488713183711, erank: 6.223128795623779, s1: 41.229427337646484, s5: 7.847873687744141

depth: 2, iteration: 680000, test_MSE: 0.4021402597427368, test_RMSE: 0.6341452986049307, erank: 6.389676570892334, s1: 41.719886779785156, s5: 8.999388694763184

depth: 2, iteration: 700000, test_MSE: 0.3815489709377289, test_RMSE: 0.6176965039060274, erank: 6.5446014404296875, s1: 42.11070251464844, s5: 10.183155059814453

depth: 2, iteration: 720000, test_MSE: 0.3621266782283783, test_RMSE: 0.6017696222213101, erank: 6.687004566192627, s1: 42.428768157958984, s5: 11.373756408691406

depth: 2, iteration: 740000, test_MSE: 0.3439224660396576, test_RMSE: 0.5864490310671999, erank: 6.816603660583496, s1: 42.69304275512695, s5: 12.54774284362793

depth: 2, iteration: 760000, test_MSE: 0.3269473612308502, test_RMSE: 0.5717931105136282, erank: 6.933803081512451, s1: 42.916259765625, s5: 13.685402870178223

depth: 2, iteration: 780000, test_MSE: 0.31119504570961, test_RMSE: 0.5578485867236825, erank: 7.039170742034912, s1: 43.10990524291992, s5: 14.770486831665039

