depth: 3, iteration: 0, test_MSE: 1.0109140872955322, test_RMSE: 1.0054422346885634, erank: 57.05797576904297, s1: 0.0028013507835566998, s5: 0.00238913856446743

depth: 3, iteration: 1000, test_MSE: 0.006709756329655647, test_RMSE: 0.08191310230760185, erank: 5.9701361656188965, s1: 52.9284553527832, s5: 34.877132415771484

depth: 3, iteration: 2000, test_MSE: 0.005061742849647999, test_RMSE: 0.0711459264445126, erank: 5.874988555908203, s1: 53.03311538696289, s5: 35.12641525268555

depth: 3, iteration: 3000, test_MSE: 0.004164023324847221, test_RMSE: 0.06452924395068659, erank: 5.797107219696045, s1: 53.11013412475586, s5: 35.262508392333984

depth: 3, iteration: 4000, test_MSE: 0.0032050632871687412, test_RMSE: 0.05661327836443268, erank: 5.694655895233154, s1: 53.19515609741211, s5: 35.41655731201172

depth: 3, iteration: 5000, test_MSE: 0.002141182543709874, test_RMSE: 0.046272913715367806, erank: 5.558988571166992, s1: 53.297550201416016, s5: 35.6151237487793

depth: 3, iteration: 6000, test_MSE: 0.001136163016781211, test_RMSE: 0.03370701732252812, erank: 5.394479751586914, s1: 53.40652084350586, s5: 35.8577766418457

depth: 3, iteration: 7000, test_MSE: 0.0004457788891158998, test_RMSE: 0.021113476481051142, erank: 5.228214263916016, s1: 53.4997673034668, s5: 36.105472564697266

depth: 3, iteration: 8000, test_MSE: 0.00013364407641347498, test_RMSE: 0.011560453123190068, erank: 5.102242946624756, s1: 53.5832633972168, s5: 36.29567337036133

depth: 3, iteration: 9000, test_MSE: 3.0015198717592284e-05, test_RMSE: 0.005478612846112808, erank: 5.02668571472168, s1: 53.5871467590332, s5: 36.411800384521484

depth: 3, iteration: 10000, test_MSE: 4.509848622546997e-06, test_RMSE: 0.0021236404174311144, erank: 4.989985466003418, s1: 53.56752014160156, s5: 36.46928024291992

depth: 3, iteration: 11000, test_MSE: 2.651298700584448e-06, test_RMSE: 0.0016282809034636647, erank: 4.974164009094238, s1: 53.46953582763672, s5: 36.49885940551758

depth: 3, iteration: 12000, test_MSE: 1.1148217708978336e-06, test_RMSE: 0.0010558512067984928, erank: 4.9657368659973145, s1: 53.61653518676758, s5: 36.49781799316406

depth: 3, iteration: 13000, test_MSE: 1.4793282616665238e-06, test_RMSE: 0.001216276391971218, erank: 4.961835861206055, s1: 53.52015686035156, s5: 36.512603759765625

depth: 3, iteration: 14000, test_MSE: 1.2455429896363057e-06, test_RMSE: 0.0011160389731708772, erank: 4.958950519561768, s1: 53.588409423828125, s5: 36.51148986816406

depth: 3, iteration: 15000, test_MSE: 1.040107463268214e-06, test_RMSE: 0.001019856589559637, erank: 4.957103729248047, s1: 53.57030487060547, s5: 36.512550354003906

depth: 3, iteration: 16000, test_MSE: 1.032025579661422e-06, test_RMSE: 0.0010158865978353204, erank: 4.955735206604004, s1: 53.602439880371094, s5: 36.50837326049805

depth: 3, iteration: 17000, test_MSE: 5.562368983191845e-07, test_RMSE: 0.0007458129110703197, erank: 4.954624176025391, s1: 53.603275299072266, s5: 36.50437927246094

depth: 3, iteration: 18000, test_MSE: 9.048617926055158e-07, test_RMSE: 0.0009512422365546622, erank: 4.954011917114258, s1: 53.592044830322266, s5: 36.509002685546875

depth: 3, iteration: 19000, test_MSE: 6.131144800747279e-07, test_RMSE: 0.0007830162706321804, erank: 4.953822612762451, s1: 53.54255294799805, s5: 36.52155303955078

depth: 3, iteration: 20000, test_MSE: 1.5301849316529115e-06, test_RMSE: 0.0012370064396165896, erank: 4.953100681304932, s1: 53.6168212890625, s5: 36.49803161621094

depth: 3, iteration: 21000, test_MSE: 1.4972565622883849e-06, test_RMSE: 0.001223624355056888, erank: 4.953327178955078, s1: 53.52472686767578, s5: 36.51963806152344

depth: 3, iteration: 22000, test_MSE: 9.205143669532845e-08, test_RMSE: 0.00030339979679513377, erank: 4.95275354385376, s1: 53.559871673583984, s5: 36.50811767578125

depth: 3, iteration: 23000, test_MSE: 5.792724095954327e-07, test_RMSE: 0.0007610994741789228, erank: 4.95260763168335, s1: 53.58499526977539, s5: 36.514503479003906

depth: 3, iteration: 24000, test_MSE: 6.92373532729107e-07, test_RMSE: 0.0008320898585664333, erank: 4.952515125274658, s1: 53.5565071105957, s5: 36.509490966796875

depth: 3, iteration: 25000, test_MSE: 9.539072607367416e-07, test_RMSE: 0.0009766817602150362, erank: 4.9527716636657715, s1: 53.52754211425781, s5: 36.51796340942383

depth: 3, iteration: 26000, test_MSE: 1.478675130783813e-06, test_RMSE: 0.0012160078662507958, erank: 4.952750205993652, s1: 53.52452087402344, s5: 36.515018463134766

depth: 3, iteration: 27000, test_MSE: 8.921192602429073e-07, test_RMSE: 0.0009445206510409962, erank: 4.95276403427124, s1: 53.562435150146484, s5: 36.51076126098633

depth: 3, iteration: 28000, test_MSE: 9.977959081197696e-08, test_RMSE: 0.0003158790762490877, erank: 4.9528985023498535, s1: 53.57089614868164, s5: 36.50742721557617

depth: 3, iteration: 29000, test_MSE: 2.341138724659686e-06, test_RMSE: 0.0015300780126057906, erank: 4.953225612640381, s1: 53.63617706298828, s5: 36.50342559814453

