depth: 5, iteration: 0, test_MSE: 1.010910987854004, test_RMSE: 1.005440693354911, erank: 44.68060302734375, s1: 0.003583217039704323, s5: 0.0023116213269531727

depth: 5, iteration: 1000, test_MSE: 1.6080452951428015e-06, test_RMSE: 0.0012680872584892578, erank: 4.989653587341309, s1: 53.5463981628418, s5: 36.489227294921875

depth: 5, iteration: 2000, test_MSE: 1.32208583636384e-06, test_RMSE: 0.0011498199147535408, erank: 4.988154411315918, s1: 53.546085357666016, s5: 36.491455078125

depth: 5, iteration: 3000, test_MSE: 1.0817991551448358e-06, test_RMSE: 0.0010400957432586846, erank: 4.985966205596924, s1: 53.547325134277344, s5: 36.49311828613281

depth: 5, iteration: 4000, test_MSE: 2.068061803583987e-05, test_RMSE: 0.004547594752816028, erank: 4.982414245605469, s1: 53.81104278564453, s5: 36.475196838378906

depth: 5, iteration: 5000, test_MSE: 9.034270078700501e-07, test_RMSE: 0.0009504877736562687, erank: 4.980964183807373, s1: 53.591941833496094, s5: 36.49470901489258

depth: 5, iteration: 6000, test_MSE: 1.2730176422337536e-05, test_RMSE: 0.0035679372783637238, erank: 4.978018760681152, s1: 53.83049011230469, s5: 36.48561477661133

depth: 5, iteration: 7000, test_MSE: 1.2432728908606805e-06, test_RMSE: 0.001115021475515463, erank: 4.977635383605957, s1: 53.550148010253906, s5: 36.49515914916992

depth: 5, iteration: 8000, test_MSE: 9.585572115611285e-06, test_RMSE: 0.0030960575116769527, erank: 4.976250171661377, s1: 53.581764221191406, s5: 36.47732925415039

depth: 5, iteration: 9000, test_MSE: 1.1806084330601152e-05, test_RMSE: 0.0034359983018914827, erank: 4.974392890930176, s1: 53.790138244628906, s5: 36.483001708984375

depth: 5, iteration: 10000, test_MSE: 6.511600986414123e-06, test_RMSE: 0.0025517838831715595, erank: 4.97409200668335, s1: 53.700843811035156, s5: 36.51792907714844

depth: 5, iteration: 11000, test_MSE: 8.965467714006081e-06, test_RMSE: 0.002994239087649161, erank: 4.973453044891357, s1: 53.633155822753906, s5: 36.49565505981445

depth: 5, iteration: 12000, test_MSE: 2.702993333514314e-05, test_RMSE: 0.005199031961350415, erank: 4.97128438949585, s1: 53.867313385009766, s5: 36.48434829711914

depth: 5, iteration: 13000, test_MSE: 1.8400698536424898e-05, test_RMSE: 0.004289603540704537, erank: 4.972875595092773, s1: 53.53683853149414, s5: 36.51404571533203

depth: 5, iteration: 14000, test_MSE: 1.0044595001090784e-05, test_RMSE: 0.0031693209053503535, erank: 4.971739292144775, s1: 53.5325813293457, s5: 36.50473403930664

depth: 5, iteration: 15000, test_MSE: 1.3756533917330671e-05, test_RMSE: 0.0037089801721404054, erank: 4.971020221710205, s1: 53.52927017211914, s5: 36.497711181640625

depth: 5, iteration: 16000, test_MSE: 1.1683479897328652e-05, test_RMSE: 0.0034181105741811005, erank: 4.971603870391846, s1: 53.36142349243164, s5: 36.509456634521484

depth: 5, iteration: 17000, test_MSE: 4.883511905973137e-07, test_RMSE: 0.0006988212865943007, erank: 4.970519542694092, s1: 53.535247802734375, s5: 36.50288009643555

depth: 5, iteration: 18000, test_MSE: 2.3620982574357186e-06, test_RMSE: 0.00153691192247172, erank: 4.969940185546875, s1: 53.591732025146484, s5: 36.48817443847656

depth: 5, iteration: 19000, test_MSE: 8.948205504566431e-06, test_RMSE: 0.0029913551284604157, erank: 4.970483303070068, s1: 53.38089370727539, s5: 36.504154205322266

depth: 5, iteration: 20000, test_MSE: 4.999385055270977e-06, test_RMSE: 0.0022359304674499556, erank: 4.969334125518799, s1: 53.60784912109375, s5: 36.493751525878906

depth: 5, iteration: 21000, test_MSE: 1.083650113287149e-05, test_RMSE: 0.0032918841311430588, erank: 4.9696478843688965, s1: 53.48677444458008, s5: 36.501033782958984

depth: 5, iteration: 22000, test_MSE: 3.368391162439366e-06, test_RMSE: 0.0018353177279259757, erank: 4.969661235809326, s1: 53.47982406616211, s5: 36.49234390258789

depth: 5, iteration: 23000, test_MSE: 3.66237259186164e-06, test_RMSE: 0.0019137326333272472, erank: 4.969221591949463, s1: 53.518287658691406, s5: 36.499446868896484

depth: 5, iteration: 24000, test_MSE: 8.373950208806491e-07, test_RMSE: 0.0009150929028686919, erank: 4.968984127044678, s1: 53.53915023803711, s5: 36.50615310668945

depth: 5, iteration: 25000, test_MSE: 1.8573604165794677e-06, test_RMSE: 0.0013628501078913513, erank: 4.968831539154053, s1: 53.517059326171875, s5: 36.494388580322266

depth: 5, iteration: 26000, test_MSE: 1.96201790458872e-06, test_RMSE: 0.0014007204948128372, erank: 4.968462944030762, s1: 53.643524169921875, s5: 36.50788497924805

depth: 5, iteration: 27000, test_MSE: 1.3410507563094143e-05, test_RMSE: 0.0036620359860457604, erank: 4.968014240264893, s1: 53.772151947021484, s5: 36.48355484008789

depth: 5, iteration: 28000, test_MSE: 6.019918146193959e-06, test_RMSE: 0.0024535521486599705, erank: 4.967936992645264, s1: 53.730255126953125, s5: 36.502933502197266

depth: 5, iteration: 29000, test_MSE: 9.569835128786508e-06, test_RMSE: 0.003093515011889632, erank: 4.968605995178223, s1: 53.52062225341797, s5: 36.49032974243164

