depth: 3, iteration: 0, test_MSE: 1.0109140872955322, test_RMSE: 1.0054422346885634, erank: 57.05797576904297, s1: 0.0028013507835566998, s5: 0.00238913856446743

depth: 3, iteration: 20000, test_MSE: 1.0109139680862427, test_RMSE: 1.0054421754065435, erank: 54.9695930480957, s1: 0.003120309906080365, s5: 0.0025705969892442226

depth: 3, iteration: 40000, test_MSE: 1.0109137296676636, test_RMSE: 1.0054420568424933, erank: 52.74024200439453, s1: 0.003521290607750416, s5: 0.0027602436020970345

depth: 3, iteration: 60000, test_MSE: 1.0109134912490845, test_RMSE: 1.0054419382784292, erank: 50.392539978027344, s1: 0.004008872900158167, s5: 0.002951406640931964

depth: 3, iteration: 80000, test_MSE: 1.0109132528305054, test_RMSE: 1.0054418197143509, erank: 47.95863342285156, s1: 0.0045928992331027985, s5: 0.003137382911518216

depth: 3, iteration: 100000, test_MSE: 1.0109128952026367, test_RMSE: 1.0054416418682075, erank: 45.47530746459961, s1: 0.005286148749291897, s5: 0.003311723005026579

depth: 3, iteration: 120000, test_MSE: 1.010912537574768, test_RMSE: 1.0054414640220326, erank: 42.9802131652832, s1: 0.006103480234742165, s5: 0.0034686012659221888

depth: 3, iteration: 140000, test_MSE: 1.0109119415283203, test_RMSE: 1.005441167611671, erank: 40.51582336425781, s1: 0.007058935239911079, s5: 0.003604720113798976

depth: 3, iteration: 160000, test_MSE: 1.0109113454818726, test_RMSE: 1.0054408712012222, erank: 38.11520004272461, s1: 0.008169467560946941, s5: 0.0037204225081950426

depth: 3, iteration: 180000, test_MSE: 1.0109105110168457, test_RMSE: 1.005440456226447, erank: 35.80706024169922, s1: 0.00945202261209488, s5: 0.003817993449047208

depth: 3, iteration: 200000, test_MSE: 1.0109094381332397, test_RMSE: 1.0054399226871986, erank: 33.60504913330078, s1: 0.010929131880402565, s5: 0.003902871161699295

depth: 3, iteration: 220000, test_MSE: 1.0109081268310547, test_RMSE: 1.0054392705832882, erank: 31.520715713500977, s1: 0.012623625807464123, s5: 0.003981068264693022

depth: 3, iteration: 240000, test_MSE: 1.0109063386917114, test_RMSE: 1.0054383813500016, erank: 29.557491302490234, s1: 0.01456303521990776, s5: 0.004058848600834608

depth: 3, iteration: 260000, test_MSE: 1.0109039545059204, test_RMSE: 1.0054371957043962, erank: 27.699068069458008, s1: 0.01678413152694702, s5: 0.004143426660448313

depth: 3, iteration: 280000, test_MSE: 1.010900855064392, test_RMSE: 1.005435654363019, erank: 25.93338394165039, s1: 0.0193291287869215, s5: 0.004241414368152618

depth: 3, iteration: 300000, test_MSE: 1.0108968019485474, test_RMSE: 1.005433638759191, erank: 24.244909286499023, s1: 0.022253066301345825, s5: 0.004359004087746143

depth: 3, iteration: 320000, test_MSE: 1.0108915567398071, test_RMSE: 1.0054310303247096, erank: 22.615190505981445, s1: 0.02563363127410412, s5: 0.004502083640545607

depth: 3, iteration: 340000, test_MSE: 1.0108846426010132, test_RMSE: 1.0054275919234628, erank: 21.0251407623291, s1: 0.029579300433397293, s5: 0.00467671686783433

depth: 3, iteration: 360000, test_MSE: 1.0108757019042969, test_RMSE: 1.0054231456975202, erank: 19.45891571044922, s1: 0.03423970937728882, s5: 0.00488895270973444

depth: 3, iteration: 380000, test_MSE: 1.0108637809753418, test_RMSE: 1.0054172173656775, erank: 17.898637771606445, s1: 0.03983750939369202, s5: 0.005144298076629639

depth: 3, iteration: 400000, test_MSE: 1.010848045349121, test_RMSE: 1.0054093919141203, erank: 16.33027458190918, s1: 0.04668998345732689, s5: 0.0054487669840455055

depth: 3, iteration: 420000, test_MSE: 1.0108270645141602, test_RMSE: 1.0053989578839637, erank: 14.741724967956543, s1: 0.055271606892347336, s5: 0.005808349698781967

depth: 3, iteration: 440000, test_MSE: 1.0107979774475098, test_RMSE: 1.005384492344849, erank: 13.127840042114258, s1: 0.06629380583763123, s5: 0.006230001803487539

depth: 3, iteration: 460000, test_MSE: 1.0107576847076416, test_RMSE: 1.0053644536722202, erank: 11.491528511047363, s1: 0.08086080849170685, s5: 0.006721905432641506

depth: 3, iteration: 480000, test_MSE: 1.0106996297836304, test_RMSE: 1.0053355806812123, erank: 9.847143173217773, s1: 0.10074608027935028, s5: 0.007291906047612429

depth: 3, iteration: 500000, test_MSE: 1.0106137990951538, test_RMSE: 1.00529289219369, erank: 8.224247932434082, s1: 0.12890666723251343, s5: 0.007946480996906757

depth: 3, iteration: 520000, test_MSE: 1.010481357574463, test_RMSE: 1.0052270179290164, erank: 6.667182922363281, s1: 0.1705479472875595, s5: 0.00868789479136467

depth: 3, iteration: 540000, test_MSE: 1.0102667808532715, test_RMSE: 1.0051202817838627, erank: 5.232039451599121, s1: 0.23539242148399353, s5: 0.009497436694800854

depth: 3, iteration: 560000, test_MSE: 1.0098966360092163, test_RMSE: 1.0049361352888133, erank: 3.9775454998016357, s1: 0.34304505586624146, s5: 0.010332407429814339

depth: 3, iteration: 580000, test_MSE: 1.0092051029205322, test_RMSE: 1.0045920081906545, erank: 2.9502153396606445, s1: 0.5370042324066162, s5: 0.011172574944794178

depth: 3, iteration: 600000, test_MSE: 1.0077710151672363, test_RMSE: 1.0038779881874274, erank: 2.170902967453003, s1: 0.9262109994888306, s5: 0.01204722747206688

depth: 3, iteration: 620000, test_MSE: 1.0043673515319824, test_RMSE: 1.002181296738261, erank: 1.6295509338378906, s1: 1.8288682699203491, s5: 0.012994106858968735

depth: 3, iteration: 640000, test_MSE: 0.9949681162834167, test_RMSE: 0.9974808851719499, erank: 1.2932437658309937, s1: 4.346577167510986, s5: 0.01403726264834404

depth: 3, iteration: 660000, test_MSE: 0.969132125377655, test_RMSE: 0.9844450849984752, erank: 1.1201974153518677, s1: 12.298887252807617, s5: 0.015180853195488453

depth: 3, iteration: 680000, test_MSE: 0.939418613910675, test_RMSE: 0.9692360981260836, erank: 1.0594861507415771, s1: 28.853111267089844, s5: 0.01638985425233841

depth: 3, iteration: 700000, test_MSE: 0.941266655921936, test_RMSE: 0.9701889794890148, erank: 1.0461679697036743, s1: 41.37302780151367, s5: 0.017666632309556007

depth: 3, iteration: 720000, test_MSE: 0.9493645429611206, test_RMSE: 0.9743533973672595, erank: 1.0444198846817017, s1: 46.9831657409668, s5: 0.019085295498371124

depth: 3, iteration: 740000, test_MSE: 0.9534615874290466, test_RMSE: 0.9764535766891566, erank: 1.0460045337677002, s1: 49.53076934814453, s5: 0.02069968171417713

depth: 3, iteration: 760000, test_MSE: 0.9547439217567444, test_RMSE: 0.977109984472958, erank: 1.0491663217544556, s1: 50.91172790527344, s5: 0.022552212700247765

depth: 3, iteration: 780000, test_MSE: 0.954710841178894, test_RMSE: 0.9770930565605785, erank: 1.053567886352539, s1: 51.83744430541992, s5: 0.024689804762601852

