depth: 4, iteration: 0, test_MSE: 1.0109140872955322, test_RMSE: 1.0054422346885634, erank: 49.46615982055664, s1: 0.00324996467679739, s5: 0.002395760966464877

depth: 4, iteration: 1000, test_MSE: 0.003784127999097109, test_RMSE: 0.061515266390523814, erank: 5.216463088989258, s1: 53.12245559692383, s5: 36.85858154296875

depth: 4, iteration: 2000, test_MSE: 0.0019852325785905123, test_RMSE: 0.044555948857481556, erank: 5.151875972747803, s1: 53.269630432128906, s5: 36.77873229980469

depth: 4, iteration: 3000, test_MSE: 0.0013324582250788808, test_RMSE: 0.03650285228689507, erank: 5.1166300773620605, s1: 53.33644485473633, s5: 36.7373161315918

depth: 4, iteration: 4000, test_MSE: 0.000870378571562469, test_RMSE: 0.029502179098542348, erank: 5.087907791137695, s1: 53.386417388916016, s5: 36.696144104003906

depth: 4, iteration: 5000, test_MSE: 0.0005287977401167154, test_RMSE: 0.022995602625648134, erank: 5.063742637634277, s1: 53.36503982543945, s5: 36.6562385559082

depth: 4, iteration: 6000, test_MSE: 0.0003010746440850198, test_RMSE: 0.01735150264631337, erank: 5.044145584106445, s1: 53.44198226928711, s5: 36.61647415161133

depth: 4, iteration: 7000, test_MSE: 0.00017671121167950332, test_RMSE: 0.013293276935334768, erank: 5.02952241897583, s1: 53.4971809387207, s5: 36.57638168334961

depth: 4, iteration: 8000, test_MSE: 0.0001052433144650422, test_RMSE: 0.010258816426130366, erank: 5.018852233886719, s1: 53.47601318359375, s5: 36.56584548950195

depth: 4, iteration: 9000, test_MSE: 6.231844599824399e-05, test_RMSE: 0.007894203316246927, erank: 5.009864807128906, s1: 53.52223587036133, s5: 36.54243469238281

depth: 4, iteration: 10000, test_MSE: 4.406353036756627e-05, test_RMSE: 0.0066380366349972995, erank: 5.003035068511963, s1: 53.47512435913086, s5: 36.54536056518555

depth: 4, iteration: 11000, test_MSE: 2.6212786906398833e-05, test_RMSE: 0.005119842468904569, erank: 4.998189926147461, s1: 53.520164489746094, s5: 36.53656768798828

depth: 4, iteration: 12000, test_MSE: 1.7779319023247808e-05, test_RMSE: 0.004216552978826165, erank: 4.993759632110596, s1: 53.50529098510742, s5: 36.519615173339844

depth: 4, iteration: 13000, test_MSE: 1.2858510672231205e-05, test_RMSE: 0.0035858765556319983, erank: 4.990030765533447, s1: 53.528560638427734, s5: 36.52109146118164

depth: 4, iteration: 14000, test_MSE: 1.1443587936810218e-05, test_RMSE: 0.0033828372613547665, erank: 4.987048149108887, s1: 53.52851486206055, s5: 36.52301025390625

depth: 4, iteration: 15000, test_MSE: 7.728875971224625e-06, test_RMSE: 0.002780085605017339, erank: 4.9849090576171875, s1: 53.53581237792969, s5: 36.535438537597656

depth: 4, iteration: 16000, test_MSE: 6.452598427131306e-06, test_RMSE: 0.0025401965331704763, erank: 4.982875347137451, s1: 53.53432083129883, s5: 36.52371597290039

depth: 4, iteration: 17000, test_MSE: 4.421506218932336e-06, test_RMSE: 0.002102737791293136, erank: 4.981250762939453, s1: 53.556026458740234, s5: 36.51445388793945

depth: 4, iteration: 18000, test_MSE: 1.1737555723811965e-05, test_RMSE: 0.0034260116350958245, erank: 4.980575084686279, s1: 53.42056655883789, s5: 36.4980354309082

depth: 4, iteration: 19000, test_MSE: 3.832429683825467e-06, test_RMSE: 0.001957659235879796, erank: 4.978692054748535, s1: 53.60340118408203, s5: 36.52400207519531

depth: 4, iteration: 20000, test_MSE: 4.725525741378078e-06, test_RMSE: 0.002173827440570681, erank: 4.977441310882568, s1: 53.644649505615234, s5: 36.51033401489258

depth: 4, iteration: 21000, test_MSE: 1.0078448212880176e-05, test_RMSE: 0.0031746571803708467, erank: 4.977317810058594, s1: 53.512420654296875, s5: 36.49760818481445

depth: 4, iteration: 22000, test_MSE: 8.583266208006535e-06, test_RMSE: 0.0029297211826394905, erank: 4.976587772369385, s1: 53.6363410949707, s5: 36.51316833496094

depth: 4, iteration: 23000, test_MSE: 2.7778778530773707e-06, test_RMSE: 0.0016666966889861427, erank: 4.976302146911621, s1: 53.53915786743164, s5: 36.50075912475586

depth: 4, iteration: 24000, test_MSE: 1.8685519535210915e-05, test_RMSE: 0.004322675043906367, erank: 4.976219654083252, s1: 53.663570404052734, s5: 36.50725173950195

depth: 4, iteration: 25000, test_MSE: 6.973278232180746e-06, test_RMSE: 0.002640696542994054, erank: 4.976423263549805, s1: 53.530513763427734, s5: 36.51737594604492

depth: 4, iteration: 26000, test_MSE: 2.3102806153474376e-05, test_RMSE: 0.004806537855200391, erank: 4.976587772369385, s1: 53.57869338989258, s5: 36.53724670410156

depth: 4, iteration: 27000, test_MSE: 2.7245000637776684e-06, test_RMSE: 0.0016506059686605002, erank: 4.975868225097656, s1: 53.51879119873047, s5: 36.50923156738281

depth: 4, iteration: 28000, test_MSE: 1.8733197748588282e-06, test_RMSE: 0.0013686927247774892, erank: 4.976073265075684, s1: 53.546329498291016, s5: 36.51519012451172

depth: 4, iteration: 29000, test_MSE: 2.7577145829127403e-06, test_RMSE: 0.0016606368004210734, erank: 4.975698947906494, s1: 53.6087646484375, s5: 36.49763870239258

