depth: 4, iteration: 0, test_MSE: 1.0109140872955322, test_RMSE: 1.0054422346885634, erank: 49.46615982055664, s1: 0.00324996467679739, s5: 0.002395760966464877

depth: 4, iteration: 1000, test_MSE: 0.0037839715369045734, test_RMSE: 0.06151399464271991, erank: 5.21645450592041, s1: 53.12226104736328, s5: 36.85833740234375

depth: 4, iteration: 2000, test_MSE: 0.001983775058761239, test_RMSE: 0.04453958979111998, erank: 5.151824474334717, s1: 53.26960754394531, s5: 36.778656005859375

depth: 4, iteration: 3000, test_MSE: 0.0013269642367959023, test_RMSE: 0.0364275203218103, erank: 5.116404056549072, s1: 53.33686828613281, s5: 36.73683166503906

depth: 4, iteration: 4000, test_MSE: 0.0008572178776375949, test_RMSE: 0.029278283379282927, erank: 5.087247371673584, s1: 53.38718032836914, s5: 36.69424057006836

depth: 4, iteration: 5000, test_MSE: 0.0004913961165584624, test_RMSE: 0.022167456249160895, erank: 5.061866760253906, s1: 53.375823974609375, s5: 36.65386199951172

depth: 4, iteration: 6000, test_MSE: 0.00027890532510355115, test_RMSE: 0.016700458829132545, erank: 5.042542457580566, s1: 53.302452087402344, s5: 36.61902618408203

depth: 4, iteration: 7000, test_MSE: 0.00016712438082322478, test_RMSE: 0.012927659526117819, erank: 5.026303291320801, s1: 53.48323440551758, s5: 36.580421447753906

depth: 4, iteration: 8000, test_MSE: 8.636980055598542e-05, test_RMSE: 0.009293535417481628, erank: 5.0148186683654785, s1: 53.524330139160156, s5: 36.55561447143555

depth: 4, iteration: 9000, test_MSE: 4.638870450435206e-05, test_RMSE: 0.006810925377975599, erank: 5.0054497718811035, s1: 53.52861785888672, s5: 36.54399490356445

depth: 4, iteration: 10000, test_MSE: 2.5966824978240766e-05, test_RMSE: 0.0050957653967034985, erank: 4.997899055480957, s1: 53.52468490600586, s5: 36.52291488647461

depth: 4, iteration: 11000, test_MSE: 1.8845637896447442e-05, test_RMSE: 0.004341156285651029, erank: 4.992104530334473, s1: 53.52444839477539, s5: 36.541778564453125

depth: 4, iteration: 12000, test_MSE: 1.192878062283853e-05, test_RMSE: 0.0034538066857944627, erank: 4.9864821434021, s1: 53.595455169677734, s5: 36.50105667114258

depth: 4, iteration: 13000, test_MSE: 9.016321200761013e-06, test_RMSE: 0.003002718967995675, erank: 4.983024597167969, s1: 53.44566345214844, s5: 36.55332565307617

depth: 4, iteration: 14000, test_MSE: 1.2380744010442868e-05, test_RMSE: 0.0035186281432460107, erank: 4.978697299957275, s1: 53.49769592285156, s5: 36.523441314697266

depth: 4, iteration: 15000, test_MSE: 3.060745484617655e-06, test_RMSE: 0.001749498638072535, erank: 4.975494861602783, s1: 53.59426498413086, s5: 36.51051330566406

depth: 4, iteration: 16000, test_MSE: 1.4209147138899425e-06, test_RMSE: 0.001192021272415028, erank: 4.972957134246826, s1: 53.53080368041992, s5: 36.511314392089844

depth: 4, iteration: 17000, test_MSE: 6.099575330154039e-06, test_RMSE: 0.0024697318336519935, erank: 4.9705986976623535, s1: 53.50229263305664, s5: 36.50611877441406

depth: 4, iteration: 18000, test_MSE: 5.944854819972534e-06, test_RMSE: 0.002438207296349622, erank: 4.969221591949463, s1: 53.51470947265625, s5: 36.514434814453125

depth: 4, iteration: 19000, test_MSE: 2.3130323825171217e-06, test_RMSE: 0.0015208656687942961, erank: 4.966466426849365, s1: 53.6164665222168, s5: 36.49599838256836

depth: 4, iteration: 20000, test_MSE: 4.4501871343527455e-06, test_RMSE: 0.0021095466656020543, erank: 4.965363025665283, s1: 53.686763763427734, s5: 36.50640869140625

depth: 4, iteration: 21000, test_MSE: 1.1034871022275183e-05, test_RMSE: 0.003321877635054486, erank: 4.96470308303833, s1: 53.46057891845703, s5: 36.513545989990234

depth: 4, iteration: 22000, test_MSE: 6.8740855567739345e-06, test_RMSE: 0.002621847737145301, erank: 4.963377952575684, s1: 53.54954147338867, s5: 36.54146957397461

depth: 4, iteration: 23000, test_MSE: 1.5626027334292303e-06, test_RMSE: 0.0012500410926962482, erank: 4.962866306304932, s1: 53.49802780151367, s5: 36.510005950927734

depth: 4, iteration: 24000, test_MSE: 1.4381778328242945e-06, test_RMSE: 0.0011992405233414581, erank: 4.9616899490356445, s1: 53.54143524169922, s5: 36.5110969543457

depth: 4, iteration: 25000, test_MSE: 3.2855616609595018e-06, test_RMSE: 0.0018126118340559022, erank: 4.960714340209961, s1: 53.5889778137207, s5: 36.50722122192383

depth: 4, iteration: 26000, test_MSE: 1.0119043736267486e-06, test_RMSE: 0.0010059345772100432, erank: 4.960103511810303, s1: 53.55844497680664, s5: 36.518341064453125

depth: 4, iteration: 27000, test_MSE: 4.814333806280047e-06, test_RMSE: 0.0021941590202809017, erank: 4.959750175476074, s1: 53.4942626953125, s5: 36.50471115112305

depth: 4, iteration: 28000, test_MSE: 4.532594175543636e-07, test_RMSE: 0.0006732454363412823, erank: 4.95885705947876, s1: 53.5526008605957, s5: 36.506099700927734

depth: 4, iteration: 29000, test_MSE: 1.3274614047986688e-06, test_RMSE: 0.001152155113167784, erank: 4.958348274230957, s1: 53.58892059326172, s5: 36.51005172729492

