depth: 3, iteration: 0, test_MSE: 1.0109140872955322, test_RMSE: 1.0054422346885634, erank: 57.05797576904297, s1: 0.0028013507835566998, s5: 0.00238913856446743

depth: 3, iteration: 1000, test_MSE: 0.0067095085978507996, test_RMSE: 0.08191159013137762, erank: 5.970114707946777, s1: 52.927982330322266, s5: 34.87718200683594

depth: 3, iteration: 2000, test_MSE: 0.005058661103248596, test_RMSE: 0.07112426522115077, erank: 5.8746724128723145, s1: 53.03377151489258, s5: 35.126930236816406

depth: 3, iteration: 3000, test_MSE: 0.004150212276726961, test_RMSE: 0.0644221411994895, erank: 5.795641899108887, s1: 53.11140441894531, s5: 35.26475524902344

depth: 3, iteration: 4000, test_MSE: 0.003166754962876439, test_RMSE: 0.0562739279140566, erank: 5.690090179443359, s1: 53.199222564697266, s5: 35.42324447631836

depth: 3, iteration: 5000, test_MSE: 0.002067319117486477, test_RMSE: 0.04546778109262071, erank: 5.548335075378418, s1: 53.30540084838867, s5: 35.63051986694336

depth: 3, iteration: 6000, test_MSE: 0.001037504756823182, test_RMSE: 0.032210320656944444, erank: 5.37466287612915, s1: 53.422882080078125, s5: 35.8860969543457

depth: 3, iteration: 7000, test_MSE: 0.0003587621613405645, test_RMSE: 0.018941017959459426, erank: 5.198887348175049, s1: 53.514747619628906, s5: 36.14765548706055

depth: 3, iteration: 8000, test_MSE: 8.300197805510834e-05, test_RMSE: 0.0091105421383751, erank: 5.069549083709717, s1: 53.597476959228516, s5: 36.338531494140625

depth: 3, iteration: 9000, test_MSE: 1.0723779269028455e-05, test_RMSE: 0.0032747181968878565, erank: 5.0012664794921875, s1: 53.553680419921875, s5: 36.452606201171875

depth: 3, iteration: 10000, test_MSE: 9.51418826389272e-07, test_RMSE: 0.0009754070055055336, erank: 4.9745564460754395, s1: 53.562198638916016, s5: 36.49748992919922

depth: 3, iteration: 11000, test_MSE: 2.745098584000516e-07, test_RMSE: 0.0005239368839851338, erank: 4.963878154754639, s1: 53.55526351928711, s5: 36.50654602050781

depth: 3, iteration: 12000, test_MSE: 7.673703521504649e-07, test_RMSE: 0.0008759967763356581, erank: 4.95871639251709, s1: 53.56892395019531, s5: 36.50288772583008

depth: 3, iteration: 13000, test_MSE: 1.5940538560244022e-06, test_RMSE: 0.0012625584564781157, erank: 4.955897331237793, s1: 53.5711555480957, s5: 36.51063537597656

depth: 3, iteration: 14000, test_MSE: 2.0399670574988704e-07, test_RMSE: 0.0004516599448145552, erank: 4.953787326812744, s1: 53.55634307861328, s5: 36.5158805847168

depth: 3, iteration: 15000, test_MSE: 2.537689454129577e-07, test_RMSE: 0.0005037548465404156, erank: 4.9526190757751465, s1: 53.55339050292969, s5: 36.50388717651367

depth: 3, iteration: 16000, test_MSE: 8.863560196914477e-07, test_RMSE: 0.0009414648265821978, erank: 4.951815128326416, s1: 53.55304718017578, s5: 36.5037841796875

depth: 3, iteration: 17000, test_MSE: 4.012715351109364e-07, test_RMSE: 0.0006334599711986041, erank: 4.951196193695068, s1: 53.5762939453125, s5: 36.51490020751953

depth: 3, iteration: 18000, test_MSE: 1.3096537543333397e-07, test_RMSE: 0.0003618913862381004, erank: 4.950745582580566, s1: 53.5650520324707, s5: 36.50932312011719

depth: 3, iteration: 19000, test_MSE: 4.193745439806662e-07, test_RMSE: 0.0006475913402607127, erank: 4.95072078704834, s1: 53.53104019165039, s5: 36.51124572753906

depth: 3, iteration: 20000, test_MSE: 5.928475275140954e-07, test_RMSE: 0.0007699659262032934, erank: 4.950519561767578, s1: 53.53993606567383, s5: 36.51647186279297

depth: 3, iteration: 21000, test_MSE: 1.4462398212344851e-06, test_RMSE: 0.0012025971150948622, erank: 4.950151443481445, s1: 53.57355499267578, s5: 36.512393951416016

depth: 3, iteration: 22000, test_MSE: 2.952561715119373e-07, test_RMSE: 0.0005433747983776367, erank: 4.950074195861816, s1: 53.56357955932617, s5: 36.511451721191406

depth: 3, iteration: 23000, test_MSE: 2.6421323582326295e-06, test_RMSE: 0.0016254637363634506, erank: 4.950666904449463, s1: 53.44614028930664, s5: 36.526676177978516

depth: 3, iteration: 24000, test_MSE: 8.003918310350855e-07, test_RMSE: 0.0008946462043931587, erank: 4.949796199798584, s1: 53.60928726196289, s5: 36.51191711425781

depth: 3, iteration: 25000, test_MSE: 2.173944153582852e-07, test_RMSE: 0.00046625574029526454, erank: 4.949851036071777, s1: 53.55878448486328, s5: 36.511322021484375

depth: 3, iteration: 26000, test_MSE: 3.89666274713818e-06, test_RMSE: 0.0019739966431425813, erank: 4.950314044952393, s1: 53.523860931396484, s5: 36.51168441772461

depth: 3, iteration: 27000, test_MSE: 1.8495072708901716e-06, test_RMSE: 0.0013599659079882008, erank: 4.949708461761475, s1: 53.61945343017578, s5: 36.50815963745117

depth: 3, iteration: 28000, test_MSE: 5.236777269601589e-07, test_RMSE: 0.0007236558069691412, erank: 4.9499192237854, s1: 53.54173278808594, s5: 36.51826858520508

depth: 3, iteration: 29000, test_MSE: 1.6831614857437671e-06, test_RMSE: 0.0012973671360658736, erank: 4.949650287628174, s1: 53.598541259765625, s5: 36.49575424194336

