depth: 3, iteration: 0, test_MSE: 1.0109140872955322, test_RMSE: 1.0054422346885634, erank: 57.05797576904297, s1: 0.0028013507835566998, s5: 0.00238913856446743

depth: 3, iteration: 20000, test_MSE: 1.0109139680862427, test_RMSE: 1.0054421754065435, erank: 54.96851348876953, s1: 0.003120495704934001, s5: 0.0025706845335662365

depth: 3, iteration: 40000, test_MSE: 1.0109137296676636, test_RMSE: 1.0054420568424933, erank: 52.730812072753906, s1: 0.003523109946399927, s5: 0.002761018229648471

depth: 3, iteration: 60000, test_MSE: 1.0109134912490845, test_RMSE: 1.0054419382784292, erank: 50.358951568603516, s1: 0.004015982151031494, s5: 0.0029539011884480715

depth: 3, iteration: 80000, test_MSE: 1.0109132528305054, test_RMSE: 1.0054418197143509, erank: 47.877315521240234, s1: 0.0046126339584589005, s5: 0.003142954083159566

depth: 3, iteration: 100000, test_MSE: 1.0109128952026367, test_RMSE: 1.0054416418682075, erank: 45.31353759765625, s1: 0.005332122556865215, s5: 0.0033208865206688643

depth: 3, iteration: 120000, test_MSE: 1.0109124183654785, test_RMSE: 1.0054414047399671, erank: 42.7009391784668, s1: 0.006195633206516504, s5: 0.0034807948395609856

depth: 3, iteration: 140000, test_MSE: 1.0109119415283203, test_RMSE: 1.005441167611671, erank: 40.07512664794922, s1: 0.007228610571473837, s5: 0.0036179751623421907

depth: 3, iteration: 160000, test_MSE: 1.0109113454818726, test_RMSE: 1.0054408712012222, erank: 37.47384262084961, s1: 0.008460519835352898, s5: 0.00373091665096581

depth: 3, iteration: 180000, test_MSE: 1.0109102725982666, test_RMSE: 1.0054403376621939, erank: 34.92640686035156, s1: 0.009924852289259434, s5: 0.0038210295606404543

depth: 3, iteration: 200000, test_MSE: 1.0109091997146606, test_RMSE: 1.0054398041228827, erank: 32.45266342163086, s1: 0.01166208554059267, s5: 0.0038924063555896282

depth: 3, iteration: 220000, test_MSE: 1.0109076499938965, test_RMSE: 1.0054390334544887, erank: 30.079702377319336, s1: 0.013719537295401096, s5: 0.003951791673898697

depth: 3, iteration: 240000, test_MSE: 1.0109056234359741, test_RMSE: 1.0054380256564668, erank: 27.80672264099121, s1: 0.016151124611496925, s5: 0.0040059476159513

depth: 3, iteration: 260000, test_MSE: 1.0109028816223145, test_RMSE: 1.0054366621634176, erank: 25.627090454101562, s1: 0.019021380692720413, s5: 0.004062263295054436

depth: 3, iteration: 280000, test_MSE: 1.0108991861343384, test_RMSE: 1.005434824408991, erank: 23.53742218017578, s1: 0.022402292117476463, s5: 0.004127056337893009

depth: 3, iteration: 300000, test_MSE: 1.0108942985534668, test_RMSE: 1.0054323938253964, erank: 21.529481887817383, s1: 0.026387976482510567, s5: 0.004207015968859196

depth: 3, iteration: 320000, test_MSE: 1.010887622833252, test_RMSE: 1.0054290739944076, erank: 19.59557342529297, s1: 0.031099660322070122, s5: 0.0043082525953650475

depth: 3, iteration: 340000, test_MSE: 1.0108788013458252, test_RMSE: 1.0054246870580736, erank: 17.7288761138916, s1: 0.03671117126941681, s5: 0.00443671690300107

depth: 3, iteration: 360000, test_MSE: 1.0108669996261597, test_RMSE: 1.0054188180187198, erank: 15.923583984375, s1: 0.04347427934408188, s5: 0.004597797989845276

depth: 3, iteration: 380000, test_MSE: 1.0108509063720703, test_RMSE: 1.0054108147280247, erank: 14.175430297851562, s1: 0.05176452174782753, s5: 0.0047962842509150505

depth: 3, iteration: 400000, test_MSE: 1.0108288526535034, test_RMSE: 1.0053998471521186, erank: 12.481087684631348, s1: 0.062147945165634155, s5: 0.005037387832999229

depth: 3, iteration: 420000, test_MSE: 1.0107980966567993, test_RMSE: 1.0053845516302702, erank: 10.84121036529541, s1: 0.07549355924129486, s5: 0.005326520651578903

depth: 3, iteration: 440000, test_MSE: 1.0107544660568237, test_RMSE: 1.0053628529326233, erank: 9.262068748474121, s1: 0.09316909313201904, s5: 0.005669421050697565

depth: 3, iteration: 460000, test_MSE: 1.0106903314590454, test_RMSE: 1.0053309561826123, erank: 7.758542537689209, s1: 0.11740005761384964, s5: 0.006072751246392727

depth: 3, iteration: 480000, test_MSE: 1.0105934143066406, test_RMSE: 1.005282753411517, erank: 6.3530449867248535, s1: 0.15197336673736572, s5: 0.006543348077684641

depth: 3, iteration: 500000, test_MSE: 1.0104402303695679, test_RMSE: 1.005206561045822, erank: 5.074683666229248, s1: 0.20368973910808563, s5: 0.007088875863701105

depth: 3, iteration: 520000, test_MSE: 1.01018488407135, test_RMSE: 1.0050795411664442, erank: 3.9550211429595947, s1: 0.28560003638267517, s5: 0.007714440580457449

depth: 3, iteration: 540000, test_MSE: 1.0097293853759766, test_RMSE: 1.0048529172849012, erank: 3.0207552909851074, s1: 0.42490458488464355, s5: 0.008417467586696148

depth: 3, iteration: 560000, test_MSE: 1.008841633796692, test_RMSE: 1.004411088049456, erank: 2.285874128341675, s1: 0.6845247149467468, s5: 0.009176305495202541

depth: 3, iteration: 580000, test_MSE: 1.0069007873535156, test_RMSE: 1.0034444615191793, erank: 1.7466566562652588, s1: 1.2308695316314697, s5: 0.00995500199496746

depth: 3, iteration: 600000, test_MSE: 1.0019985437393188, test_RMSE: 1.000998773095811, erank: 1.3837339878082275, s1: 2.5820112228393555, s5: 0.010745678097009659

depth: 3, iteration: 620000, test_MSE: 0.9879568219184875, test_RMSE: 0.9939601711932363, erank: 1.1690016984939575, s1: 6.602246284484863, s5: 0.011567529290914536

depth: 3, iteration: 640000, test_MSE: 0.9564286470413208, test_RMSE: 0.9779717005319329, erank: 1.070409893989563, s1: 18.402538299560547, s5: 0.012422450818121433

depth: 3, iteration: 660000, test_MSE: 0.9411429762840271, test_RMSE: 0.970125237422482, erank: 1.0418013334274292, s1: 35.00782775878906, s5: 0.013288084417581558

depth: 3, iteration: 680000, test_MSE: 0.9488157033920288, test_RMSE: 0.9740717136802756, erank: 1.035977840423584, s1: 44.27613830566406, s5: 0.014202199876308441

depth: 3, iteration: 700000, test_MSE: 0.9551140069961548, test_RMSE: 0.9772993435975258, erank: 1.0355347394943237, s1: 48.279022216796875, s5: 0.015215284191071987

depth: 3, iteration: 720000, test_MSE: 0.957560122013092, test_RMSE: 0.9785500099704113, erank: 1.036833643913269, s1: 50.190879821777344, s5: 0.01635664515197277

depth: 3, iteration: 740000, test_MSE: 0.9580034017562866, test_RMSE: 0.9787764820204288, erank: 1.0390205383300781, s1: 51.30640411376953, s5: 0.01765028014779091

depth: 3, iteration: 760000, test_MSE: 0.9575809836387634, test_RMSE: 0.9785606693704604, erank: 1.0419127941131592, s1: 52.10393524169922, s5: 0.01912560872733593

depth: 3, iteration: 780000, test_MSE: 0.9568367600440979, test_RMSE: 0.9781803310454049, erank: 1.0455543994903564, s1: 52.77838134765625, s5: 0.020814063027501106

